2015-04-10 16:21:04 INFO  InputDataRemoveOverlaps:319 - *****************************************************************
2015-04-10 16:21:04 INFO  InputDataRemoveOverlaps:320 - GLANET Parameters starts
2015-04-10 16:21:04 INFO  InputDataRemoveOverlaps:324 - C:\Users\Burçak\Google Drive\Data\demo_input_data\UmutToprak_eDMRs2_05.bed\
2015-04-10 16:21:04 INFO  InputDataRemoveOverlaps:324 - GRCh37.p13
2015-04-10 16:21:04 INFO  InputDataRemoveOverlaps:324 - C:\Users\Burçak\Google Drive\
2015-04-10 16:21:04 INFO  InputDataRemoveOverlaps:324 - BED
2015-04-10 16:21:04 INFO  InputDataRemoveOverlaps:324 - 1
2015-04-10 16:21:04 INFO  InputDataRemoveOverlaps:324 - DO_ENRICH
2015-04-10 16:21:04 INFO  InputDataRemoveOverlaps:324 - With GC and Mappability
2015-04-10 16:21:04 INFO  InputDataRemoveOverlaps:324 - Benjamini Hochberg FDR
2015-04-10 16:21:04 INFO  InputDataRemoveOverlaps:324 - 0.05
2015-04-10 16:21:04 INFO  InputDataRemoveOverlaps:324 - 0.05
2015-04-10 16:21:04 INFO  InputDataRemoveOverlaps:324 - 10000
2015-04-10 16:21:04 INFO  InputDataRemoveOverlaps:324 - DO_DNASE_ANNOTATION
2015-04-10 16:21:04 INFO  InputDataRemoveOverlaps:324 - DO_HISTONE_ANNOTATION
2015-04-10 16:21:04 INFO  InputDataRemoveOverlaps:324 - DO_TF_ANNOTATION
2015-04-10 16:21:04 INFO  InputDataRemoveOverlaps:324 - DO_NOT_GENE_ANNOTATION
2015-04-10 16:21:04 INFO  InputDataRemoveOverlaps:324 - DO_NOT_KEGGPATHWAY_ANNOTATION
2015-04-10 16:21:04 INFO  InputDataRemoveOverlaps:324 - DO_NOT_TF_KEGGPATHWAY_ANNOTATION
2015-04-10 16:21:04 INFO  InputDataRemoveOverlaps:324 - DO_NOT_TF_CELLLINE_KEGGPATHWAY_ANNOTATION
2015-04-10 16:21:04 INFO  InputDataRemoveOverlaps:324 - DO_NOT_REGULATORY_SEQUENCE_ANALYSIS_USING_RSAT
2015-04-10 16:21:04 INFO  InputDataRemoveOverlaps:324 - testUMUT
2015-04-10 16:21:04 INFO  InputDataRemoveOverlaps:324 - DO_NOT_WRITE_ELEMENT_BASED_ANNOTATION_FOUND_OVERLAPS
2015-04-10 16:21:04 INFO  InputDataRemoveOverlaps:324 - DO_NOT_WRITE_ANNOTATION_BINARY_MATRIX
2015-04-10 16:21:04 INFO  InputDataRemoveOverlaps:324 - DO_NOT_WRITE_GENERATED_RANDOM_DATA
2015-04-10 16:21:04 INFO  InputDataRemoveOverlaps:324 - DO_NOT_WRITE_PERMUTATION_BASED_AND_PARAMETRIC_BASED_ANNOTATION_RESULT
2015-04-10 16:21:04 INFO  InputDataRemoveOverlaps:324 - DO_NOT_WRITE_PERMUTATION_BASED_ANNOTATION_RESULT
2015-04-10 16:21:04 INFO  InputDataRemoveOverlaps:324 - 10000
2015-04-10 16:21:04 INFO  InputDataRemoveOverlaps:324 - DO_NOT_USER_DEFINED_GENESET_ANNOTATION
2015-04-10 16:21:04 INFO  InputDataRemoveOverlaps:324 - 
2015-04-10 16:21:04 INFO  InputDataRemoveOverlaps:324 - GENE SYMBOL
2015-04-10 16:21:04 INFO  InputDataRemoveOverlaps:324 - NoName
2015-04-10 16:21:04 INFO  InputDataRemoveOverlaps:324 - NO_OPTIONAL_USERDEFINEDGENESET_DESCRIPTION_FILE_PROVIDED
2015-04-10 16:21:04 INFO  InputDataRemoveOverlaps:324 - DO_NOT_USER_DEFINED_LIBRARY_ANNOTATION
2015-04-10 16:21:04 INFO  InputDataRemoveOverlaps:324 - 
2015-04-10 16:21:04 INFO  InputDataRemoveOverlaps:324 - 0-based coordinates (End Exclusive)
2015-04-10 16:21:04 INFO  InputDataRemoveOverlaps:324 - GIVEN_INPUT_DATA_CONSISTS_OF_MIXED_LENGTH_INTERVALS
2015-04-10 16:21:04 INFO  InputDataRemoveOverlaps:327 - GLANET Parameters ends
2015-04-10 16:21:04 INFO  InputDataRemoveOverlaps:328 - *****************************************************************
2015-04-10 16:21:58 INFO  Enrichment:2950 - Java runtime max memory: 4094	MBs
2015-04-10 16:21:58 INFO  Enrichment:2951 - Java runtime total memory: 4094	MBs
2015-04-10 16:21:58 INFO  Enrichment:2952 - Java runtime free memory: 4045	MBs
2015-04-10 16:21:58 INFO  Enrichment:2953 - Java runtime available processors: 8
2015-04-10 16:21:58 INFO  Enrichment:889 - Input data file name is: C:\Users\Burçak\Google Drive\Output\testUMUT\GivenInputData\Input_Data_Processed_OverlapsRemoved_0Based_Start_End_GRCh37_p13_coordinates.txt
2015-04-10 16:21:58 INFO  Enrichment:3261 - **************	1. Run	******************	starts
2015-04-10 16:21:58 INFO  Enrichment:3462 - Concurrent programming has started.
2015-04-10 16:21:58 INFO  Enrichment:1833 - Run Number: 1
2015-04-10 16:21:58 INFO  Enrichment:1841 - PermutationNumberList is filled.
2015-04-10 16:21:58 INFO  Enrichment:1871 - chromosome name:chr1 chromosome size: 249250621
2015-04-10 16:21:58 INFO  Enrichment:1900 - Filling of gcByteList, mapabilityChromosomePositionList, mapabilityShortValueList  has started.
2015-04-10 16:22:05 INFO  ChromosomeBasedGCTroveList:132 - nthBase must be written once: 0 GCByteList construction has ended.
2015-04-10 16:22:09 INFO  ChromosomeBasedGCIntervalTree:129 - nthBase must be written once: 254235634 GCIntervalTree construction has ended.
2015-04-10 16:22:09 INFO  ChromosomeBasedMappabilityTroveList:62 - CHROMOSOME1
2015-04-10 16:22:10 INFO  ChromosomeBasedMappabilityTroveList:117 - numberofGaps:43
2015-04-10 16:22:10 INFO  Enrichment:1920 - Filling of gcByteList, mapabilityChromosomePositionList, mapabilityShortValueList  has taken 12.0 seconds.
2015-04-10 16:22:10 INFO  Enrichment:1933 - Generate Random Data for permutations has started.
2015-04-10 16:22:19 INFO  Enrichment:1975 - Generate Random Data for permutations has taken 9.0 seconds.
2015-04-10 16:22:20 INFO  Enrichment:2012 - Annotation of Permutations has started.
2015-04-10 16:22:32 INFO  Enrichment:2371 - Annotation of Permutations has took 12.0 seconds.
2015-04-10 16:22:32 INFO  Enrichment:2380 - RunNumber: 1 For Chromosome: chr1 Annotation of 10000 permutations where each of them has 156  intervals took  34.0 seconds.
2015-04-10 16:22:32 INFO  Enrichment:2381 - ******************************************************************************************
2015-04-10 16:22:32 INFO  Enrichment:1871 - chromosome name:chr2 chromosome size: 243199373
2015-04-10 16:22:32 INFO  Enrichment:1900 - Filling of gcByteList, mapabilityChromosomePositionList, mapabilityShortValueList  has started.
2015-04-10 16:22:39 INFO  ChromosomeBasedGCTroveList:132 - nthBase must be written once: 0 GCByteList construction has ended.
2015-04-10 16:22:43 INFO  ChromosomeBasedGCIntervalTree:129 - nthBase must be written once: 248063361 GCIntervalTree construction has ended.
2015-04-10 16:22:43 INFO  ChromosomeBasedMappabilityTroveList:62 - CHROMOSOME2
2015-04-10 16:22:44 INFO  ChromosomeBasedMappabilityTroveList:117 - numberofGaps:26
2015-04-10 16:22:44 INFO  Enrichment:1920 - Filling of gcByteList, mapabilityChromosomePositionList, mapabilityShortValueList  has taken 11.0 seconds.
2015-04-10 16:22:44 INFO  Enrichment:1933 - Generate Random Data for permutations has started.
2015-04-10 16:22:51 INFO  Enrichment:1975 - Generate Random Data for permutations has taken 6.0 seconds.
2015-04-10 16:22:51 INFO  Enrichment:2012 - Annotation of Permutations has started.
2015-04-10 16:23:00 INFO  Enrichment:2371 - Annotation of Permutations has took 8.0 seconds.
2015-04-10 16:23:00 INFO  Enrichment:2380 - RunNumber: 1 For Chromosome: chr2 Annotation of 10000 permutations where each of them has 98  intervals took  27.0 seconds.
2015-04-10 16:23:00 INFO  Enrichment:2381 - ******************************************************************************************
2015-04-10 16:23:00 INFO  Enrichment:1871 - chromosome name:chr3 chromosome size: 198022430
2015-04-10 16:23:00 INFO  Enrichment:1900 - Filling of gcByteList, mapabilityChromosomePositionList, mapabilityShortValueList  has started.
2015-04-10 16:23:06 INFO  ChromosomeBasedGCTroveList:132 - nthBase must be written once: 0 GCByteList construction has ended.
2015-04-10 16:23:08 INFO  ChromosomeBasedGCIntervalTree:129 - nthBase must be written once: 201982879 GCIntervalTree construction has ended.
2015-04-10 16:23:09 INFO  ChromosomeBasedMappabilityTroveList:62 - CHROMOSOME3
2015-04-10 16:23:11 INFO  ChromosomeBasedMappabilityTroveList:117 - numberofGaps:7
2015-04-10 16:23:11 INFO  Enrichment:1920 - Filling of gcByteList, mapabilityChromosomePositionList, mapabilityShortValueList  has taken 11.0 seconds.
2015-04-10 16:23:11 INFO  Enrichment:1933 - Generate Random Data for permutations has started.
2015-04-10 16:23:16 INFO  Enrichment:1975 - Generate Random Data for permutations has taken 5.0 seconds.
2015-04-10 16:23:17 INFO  Enrichment:2012 - Annotation of Permutations has started.
2015-04-10 16:23:25 INFO  Enrichment:2371 - Annotation of Permutations has took 7.0 seconds.
2015-04-10 16:23:25 INFO  Enrichment:2380 - RunNumber: 1 For Chromosome: chr3 Annotation of 10000 permutations where each of them has 117  intervals took  25.0 seconds.
2015-04-10 16:23:25 INFO  Enrichment:2381 - ******************************************************************************************
2015-04-10 16:23:25 INFO  Enrichment:1871 - chromosome name:chr4 chromosome size: 191154276
2015-04-10 16:23:25 INFO  Enrichment:1900 - Filling of gcByteList, mapabilityChromosomePositionList, mapabilityShortValueList  has started.
2015-04-10 16:23:31 INFO  ChromosomeBasedGCTroveList:132 - nthBase must be written once: 0 GCByteList construction has ended.
2015-04-10 16:23:33 INFO  ChromosomeBasedGCIntervalTree:129 - nthBase must be written once: 194977362 GCIntervalTree construction has ended.
2015-04-10 16:23:33 INFO  ChromosomeBasedMappabilityTroveList:62 - CHROMOSOME4
2015-04-10 16:23:36 INFO  ChromosomeBasedMappabilityTroveList:117 - numberofGaps:16
2015-04-10 16:23:36 INFO  Enrichment:1920 - Filling of gcByteList, mapabilityChromosomePositionList, mapabilityShortValueList  has taken 10.0 seconds.
2015-04-10 16:23:36 INFO  Enrichment:1933 - Generate Random Data for permutations has started.
2015-04-10 16:23:39 INFO  Enrichment:1975 - Generate Random Data for permutations has taken 3.0 seconds.
2015-04-10 16:23:39 INFO  Enrichment:2012 - Annotation of Permutations has started.
2015-04-10 16:23:45 INFO  Enrichment:2371 - Annotation of Permutations has took 5.0 seconds.
2015-04-10 16:23:45 INFO  Enrichment:2380 - RunNumber: 1 For Chromosome: chr4 Annotation of 10000 permutations where each of them has 98  intervals took  20.0 seconds.
2015-04-10 16:23:45 INFO  Enrichment:2381 - ******************************************************************************************
2015-04-10 16:23:45 INFO  Enrichment:1871 - chromosome name:chr5 chromosome size: 180915260
2015-04-10 16:23:45 INFO  Enrichment:1900 - Filling of gcByteList, mapabilityChromosomePositionList, mapabilityShortValueList  has started.
2015-04-10 16:23:51 INFO  ChromosomeBasedGCTroveList:132 - nthBase must be written once: 0 GCByteList construction has ended.
2015-04-10 16:23:53 INFO  ChromosomeBasedGCIntervalTree:129 - nthBase must be written once: 184533566 GCIntervalTree construction has ended.
2015-04-10 16:23:53 INFO  ChromosomeBasedMappabilityTroveList:62 - CHROMOSOME5
2015-04-10 16:23:56 INFO  ChromosomeBasedMappabilityTroveList:117 - numberofGaps:10
2015-04-10 16:23:56 INFO  Enrichment:1920 - Filling of gcByteList, mapabilityChromosomePositionList, mapabilityShortValueList  has taken 10.0 seconds.
2015-04-10 16:23:56 INFO  Enrichment:1933 - Generate Random Data for permutations has started.
2015-04-10 16:24:03 INFO  Enrichment:1975 - Generate Random Data for permutations has taken 6.0 seconds.
2015-04-10 16:24:03 INFO  Enrichment:2012 - Annotation of Permutations has started.
2015-04-10 16:24:10 INFO  Enrichment:2371 - Annotation of Permutations has took 6.0 seconds.
2015-04-10 16:24:10 INFO  Enrichment:2380 - RunNumber: 1 For Chromosome: chr5 Annotation of 10000 permutations where each of them has 86  intervals took  24.0 seconds.
2015-04-10 16:24:10 INFO  Enrichment:2381 - ******************************************************************************************
2015-04-10 16:24:10 INFO  Enrichment:1871 - chromosome name:chr6 chromosome size: 171115067
2015-04-10 16:24:10 INFO  Enrichment:1900 - Filling of gcByteList, mapabilityChromosomePositionList, mapabilityShortValueList  has started.
2015-04-10 16:24:16 INFO  ChromosomeBasedGCTroveList:132 - nthBase must be written once: 0 GCByteList construction has ended.
2015-04-10 16:24:18 INFO  ChromosomeBasedGCIntervalTree:129 - nthBase must be written once: 174537369 GCIntervalTree construction has ended.
2015-04-10 16:24:18 INFO  ChromosomeBasedMappabilityTroveList:62 - CHROMOSOME6
2015-04-10 16:24:20 INFO  ChromosomeBasedMappabilityTroveList:117 - numberofGaps:9
2015-04-10 16:24:20 INFO  Enrichment:1920 - Filling of gcByteList, mapabilityChromosomePositionList, mapabilityShortValueList  has taken 10.0 seconds.
2015-04-10 16:24:20 INFO  Enrichment:1933 - Generate Random Data for permutations has started.
2015-04-10 16:24:25 INFO  Enrichment:1975 - Generate Random Data for permutations has taken 4.0 seconds.
2015-04-10 16:24:25 INFO  Enrichment:2012 - Annotation of Permutations has started.
2015-04-10 16:24:33 INFO  Enrichment:2371 - Annotation of Permutations has took 7.0 seconds.
2015-04-10 16:24:33 INFO  Enrichment:2380 - RunNumber: 1 For Chromosome: chr6 Annotation of 10000 permutations where each of them has 114  intervals took  23.0 seconds.
2015-04-10 16:24:33 INFO  Enrichment:2381 - ******************************************************************************************
2015-04-10 16:24:33 INFO  Enrichment:1871 - chromosome name:chr7 chromosome size: 159138663
2015-04-10 16:24:33 INFO  Enrichment:1900 - Filling of gcByteList, mapabilityChromosomePositionList, mapabilityShortValueList  has started.
2015-04-10 16:24:38 INFO  ChromosomeBasedGCTroveList:132 - nthBase must be written once: 0 GCByteList construction has ended.
2015-04-10 16:24:40 INFO  ChromosomeBasedGCIntervalTree:129 - nthBase must be written once: 162321437 GCIntervalTree construction has ended.
2015-04-10 16:24:40 INFO  ChromosomeBasedMappabilityTroveList:62 - CHROMOSOME7
2015-04-10 16:24:42 INFO  ChromosomeBasedMappabilityTroveList:117 - numberofGaps:21
2015-04-10 16:24:42 INFO  Enrichment:1920 - Filling of gcByteList, mapabilityChromosomePositionList, mapabilityShortValueList  has taken 8.0 seconds.
2015-04-10 16:24:42 INFO  Enrichment:1933 - Generate Random Data for permutations has started.
2015-04-10 16:24:59 INFO  Enrichment:1975 - Generate Random Data for permutations has taken 17.0 seconds.
2015-04-10 16:25:00 INFO  Enrichment:2012 - Annotation of Permutations has started.
2015-04-10 16:25:07 INFO  Enrichment:2371 - Annotation of Permutations has took 7.0 seconds.
2015-04-10 16:25:07 INFO  Enrichment:2380 - RunNumber: 1 For Chromosome: chr7 Annotation of 10000 permutations where each of them has 163  intervals took  33.0 seconds.
2015-04-10 16:25:07 INFO  Enrichment:2381 - ******************************************************************************************
2015-04-10 16:25:07 INFO  Enrichment:1871 - chromosome name:chr8 chromosome size: 146364022
2015-04-10 16:25:07 INFO  Enrichment:1900 - Filling of gcByteList, mapabilityChromosomePositionList, mapabilityShortValueList  has started.
2015-04-10 16:25:12 INFO  ChromosomeBasedGCTroveList:132 - nthBase must be written once: 0 GCByteList construction has ended.
2015-04-10 16:25:14 INFO  ChromosomeBasedGCIntervalTree:129 - nthBase must be written once: 149291303 GCIntervalTree construction has ended.
2015-04-10 16:25:14 INFO  ChromosomeBasedMappabilityTroveList:62 - CHROMOSOME8
2015-04-10 16:25:15 INFO  ChromosomeBasedMappabilityTroveList:117 - numberofGaps:7
2015-04-10 16:25:15 INFO  Enrichment:1920 - Filling of gcByteList, mapabilityChromosomePositionList, mapabilityShortValueList  has taken 8.0 seconds.
2015-04-10 16:25:15 INFO  Enrichment:1933 - Generate Random Data for permutations has started.
2015-04-10 16:25:22 INFO  Enrichment:1975 - Generate Random Data for permutations has taken 6.0 seconds.
2015-04-10 16:25:23 INFO  Enrichment:2012 - Annotation of Permutations has started.
2015-04-10 16:25:28 INFO  Enrichment:2371 - Annotation of Permutations has took 5.0 seconds.
2015-04-10 16:25:28 INFO  Enrichment:2380 - RunNumber: 1 For Chromosome: chr8 Annotation of 10000 permutations where each of them has 90  intervals took  21.0 seconds.
2015-04-10 16:25:28 INFO  Enrichment:2381 - ******************************************************************************************
2015-04-10 16:25:28 INFO  Enrichment:1871 - chromosome name:chr9 chromosome size: 141213431
2015-04-10 16:25:28 INFO  Enrichment:1900 - Filling of gcByteList, mapabilityChromosomePositionList, mapabilityShortValueList  has started.
2015-04-10 16:25:33 INFO  ChromosomeBasedGCTroveList:132 - nthBase must be written once: 0 GCByteList construction has ended.
2015-04-10 16:25:34 INFO  ChromosomeBasedGCIntervalTree:129 - nthBase must be written once: 144037700 GCIntervalTree construction has ended.
2015-04-10 16:25:34 INFO  ChromosomeBasedMappabilityTroveList:62 - CHROMOSOME9
2015-04-10 16:25:36 INFO  ChromosomeBasedMappabilityTroveList:117 - numberofGaps:42
2015-04-10 16:25:36 INFO  Enrichment:1920 - Filling of gcByteList, mapabilityChromosomePositionList, mapabilityShortValueList  has taken 7.0 seconds.
2015-04-10 16:25:36 INFO  Enrichment:1933 - Generate Random Data for permutations has started.
2015-04-10 16:25:42 INFO  Enrichment:1975 - Generate Random Data for permutations has taken 5.0 seconds.
2015-04-10 16:25:42 INFO  Enrichment:2012 - Annotation of Permutations has started.
2015-04-10 16:25:48 INFO  Enrichment:2371 - Annotation of Permutations has took 5.0 seconds.
2015-04-10 16:25:48 INFO  Enrichment:2380 - RunNumber: 1 For Chromosome: chr9 Annotation of 10000 permutations where each of them has 62  intervals took  19.0 seconds.
2015-04-10 16:25:48 INFO  Enrichment:2381 - ******************************************************************************************
2015-04-10 16:25:48 INFO  Enrichment:1871 - chromosome name:chr10 chromosome size: 135534747
2015-04-10 16:25:48 INFO  Enrichment:1900 - Filling of gcByteList, mapabilityChromosomePositionList, mapabilityShortValueList  has started.
2015-04-10 16:25:52 INFO  ChromosomeBasedGCTroveList:132 - nthBase must be written once: 0 GCByteList construction has ended.
2015-04-10 16:25:54 INFO  ChromosomeBasedGCIntervalTree:129 - nthBase must be written once: 138245442 GCIntervalTree construction has ended.
2015-04-10 16:25:54 INFO  ChromosomeBasedMappabilityTroveList:62 - CHROMOSOME10
2015-04-10 16:25:56 INFO  ChromosomeBasedMappabilityTroveList:117 - numberofGaps:27
2015-04-10 16:25:56 INFO  Enrichment:1920 - Filling of gcByteList, mapabilityChromosomePositionList, mapabilityShortValueList  has taken 8.0 seconds.
2015-04-10 16:25:56 INFO  Enrichment:1933 - Generate Random Data for permutations has started.
2015-04-10 16:26:00 INFO  Enrichment:1975 - Generate Random Data for permutations has taken 3.0 seconds.
2015-04-10 16:26:00 INFO  Enrichment:2012 - Annotation of Permutations has started.
2015-04-10 16:26:08 INFO  Enrichment:2371 - Annotation of Permutations has took 7.0 seconds.
2015-04-10 16:26:08 INFO  Enrichment:2380 - RunNumber: 1 For Chromosome: chr10 Annotation of 10000 permutations where each of them has 153  intervals took  19.0 seconds.
2015-04-10 16:26:08 INFO  Enrichment:2381 - ******************************************************************************************
2015-04-10 16:26:08 INFO  Enrichment:1871 - chromosome name:chr11 chromosome size: 135006516
2015-04-10 16:26:08 INFO  Enrichment:1900 - Filling of gcByteList, mapabilityChromosomePositionList, mapabilityShortValueList  has started.
2015-04-10 16:26:12 INFO  ChromosomeBasedGCTroveList:132 - nthBase must be written once: 0 GCByteList construction has ended.
2015-04-10 16:26:14 INFO  ChromosomeBasedGCIntervalTree:129 - nthBase must be written once: 137706647 GCIntervalTree construction has ended.
2015-04-10 16:26:14 INFO  ChromosomeBasedMappabilityTroveList:62 - CHROMOSOME11
2015-04-10 16:26:16 INFO  ChromosomeBasedMappabilityTroveList:117 - numberofGaps:8
2015-04-10 16:26:16 INFO  Enrichment:1920 - Filling of gcByteList, mapabilityChromosomePositionList, mapabilityShortValueList  has taken 8.0 seconds.
2015-04-10 16:26:16 INFO  Enrichment:1933 - Generate Random Data for permutations has started.
2015-04-10 16:26:20 INFO  Enrichment:1975 - Generate Random Data for permutations has taken 4.0 seconds.
2015-04-10 16:26:20 INFO  Enrichment:2012 - Annotation of Permutations has started.
2015-04-10 16:26:29 INFO  Enrichment:2371 - Annotation of Permutations has took 8.0 seconds.
2015-04-10 16:26:29 INFO  Enrichment:2380 - RunNumber: 1 For Chromosome: chr11 Annotation of 10000 permutations where each of them has 208  intervals took  21.0 seconds.
2015-04-10 16:26:29 INFO  Enrichment:2381 - ******************************************************************************************
2015-04-10 16:26:30 INFO  Enrichment:1871 - chromosome name:chr12 chromosome size: 133851895
2015-04-10 16:26:30 INFO  Enrichment:1900 - Filling of gcByteList, mapabilityChromosomePositionList, mapabilityShortValueList  has started.
