2015-04-11 00:25:47 INFO  InputDataRemoveOverlaps:319 - *****************************************************************
2015-04-11 00:25:47 INFO  InputDataRemoveOverlaps:320 - GLANET Parameters starts
2015-04-11 00:25:47 INFO  InputDataRemoveOverlaps:324 - C:\Users\Burçak\Google Drive\Data\demo_input_data\UmutToprak_eDMRs2_05.bed\
2015-04-11 00:25:47 INFO  InputDataRemoveOverlaps:324 - GRCh37.p13
2015-04-11 00:25:47 INFO  InputDataRemoveOverlaps:324 - C:\Users\Burçak\Google Drive\
2015-04-11 00:25:47 INFO  InputDataRemoveOverlaps:324 - BED
2015-04-11 00:25:47 INFO  InputDataRemoveOverlaps:324 - 1
2015-04-11 00:25:47 INFO  InputDataRemoveOverlaps:324 - DO_ENRICH
2015-04-11 00:25:47 INFO  InputDataRemoveOverlaps:324 - With GC and Mappability
2015-04-11 00:25:47 INFO  InputDataRemoveOverlaps:324 - Benjamini Hochberg FDR
2015-04-11 00:25:47 INFO  InputDataRemoveOverlaps:324 - 0.05
2015-04-11 00:25:47 INFO  InputDataRemoveOverlaps:324 - 0.05
2015-04-11 00:25:47 INFO  InputDataRemoveOverlaps:324 - 10000
2015-04-11 00:25:47 INFO  InputDataRemoveOverlaps:324 - DO_DNASE_ANNOTATION
2015-04-11 00:25:47 INFO  InputDataRemoveOverlaps:324 - DO_HISTONE_ANNOTATION
2015-04-11 00:25:47 INFO  InputDataRemoveOverlaps:324 - DO_TF_ANNOTATION
2015-04-11 00:25:47 INFO  InputDataRemoveOverlaps:324 - DO_NOT_GENE_ANNOTATION
2015-04-11 00:25:47 INFO  InputDataRemoveOverlaps:324 - DO_NOT_KEGGPATHWAY_ANNOTATION
2015-04-11 00:25:47 INFO  InputDataRemoveOverlaps:324 - DO_NOT_TF_KEGGPATHWAY_ANNOTATION
2015-04-11 00:25:47 INFO  InputDataRemoveOverlaps:324 - DO_NOT_TF_CELLLINE_KEGGPATHWAY_ANNOTATION
2015-04-11 00:25:47 INFO  InputDataRemoveOverlaps:324 - DO_NOT_REGULATORY_SEQUENCE_ANALYSIS_USING_RSAT
2015-04-11 00:25:47 INFO  InputDataRemoveOverlaps:324 - testUmut5
2015-04-11 00:25:47 INFO  InputDataRemoveOverlaps:324 - DO_NOT_WRITE_ELEMENT_BASED_ANNOTATION_FOUND_OVERLAPS
2015-04-11 00:25:47 INFO  InputDataRemoveOverlaps:324 - DO_NOT_WRITE_ANNOTATION_BINARY_MATRIX
2015-04-11 00:25:47 INFO  InputDataRemoveOverlaps:324 - DO_NOT_WRITE_GENERATED_RANDOM_DATA
2015-04-11 00:25:47 INFO  InputDataRemoveOverlaps:324 - DO_NOT_WRITE_PERMUTATION_BASED_AND_PARAMETRIC_BASED_ANNOTATION_RESULT
2015-04-11 00:25:47 INFO  InputDataRemoveOverlaps:324 - DO_NOT_WRITE_PERMUTATION_BASED_ANNOTATION_RESULT
2015-04-11 00:25:47 INFO  InputDataRemoveOverlaps:324 - 10000
2015-04-11 00:25:47 INFO  InputDataRemoveOverlaps:324 - DO_NOT_USER_DEFINED_GENESET_ANNOTATION
2015-04-11 00:25:47 INFO  InputDataRemoveOverlaps:324 - 
2015-04-11 00:25:47 INFO  InputDataRemoveOverlaps:324 - GENE SYMBOL
2015-04-11 00:25:47 INFO  InputDataRemoveOverlaps:324 - NoName
2015-04-11 00:25:47 INFO  InputDataRemoveOverlaps:324 - NO_OPTIONAL_USERDEFINEDGENESET_DESCRIPTION_FILE_PROVIDED
2015-04-11 00:25:47 INFO  InputDataRemoveOverlaps:324 - DO_NOT_USER_DEFINED_LIBRARY_ANNOTATION
2015-04-11 00:25:47 INFO  InputDataRemoveOverlaps:324 - 
2015-04-11 00:25:47 INFO  InputDataRemoveOverlaps:324 - 0-based coordinates (End Exclusive)
2015-04-11 00:25:47 INFO  InputDataRemoveOverlaps:324 - GIVEN_INPUT_DATA_CONSISTS_OF_MIXED_LENGTH_INTERVALS
2015-04-11 00:25:47 INFO  InputDataRemoveOverlaps:327 - GLANET Parameters ends
2015-04-11 00:25:47 INFO  InputDataRemoveOverlaps:328 - *****************************************************************
2015-04-11 00:27:29 INFO  Enrichment:2951 - Java runtime max memory: 4094	MBs
2015-04-11 00:27:29 INFO  Enrichment:2952 - Java runtime total memory: 4094	MBs
2015-04-11 00:27:29 INFO  Enrichment:2953 - Java runtime free memory: 4049	MBs
2015-04-11 00:27:29 INFO  Enrichment:2954 - Java runtime available processors: 8
2015-04-11 00:27:29 INFO  Enrichment:889 - Input data file name is: C:\Users\Burçak\Google Drive\Output\testUmut5\GivenInputData\Input_Data_Processed_OverlapsRemoved_0Based_Start_End_GRCh37_p13_coordinates.txt
2015-04-11 00:27:29 INFO  Enrichment:3262 - **************	1. Run	******************	starts
2015-04-11 00:27:29 INFO  Enrichment:3463 - Concurrent programming has started.
2015-04-11 00:27:30 INFO  Enrichment:1833 - Run Number: 1
2015-04-11 00:27:30 INFO  Enrichment:1841 - PermutationNumberList is filled.
2015-04-11 00:27:30 INFO  Enrichment:1871 - chromosome name:chr1 chromosome size: 249250621
2015-04-11 00:27:30 INFO  Enrichment:1900 - Filling of gcByteList, mapabilityChromosomePositionList, mapabilityShortValueList  has started.
2015-04-11 00:27:31 INFO  ChromosomeBasedMappabilityTroveList:62 - CHROMOSOME1
2015-04-11 00:27:36 INFO  ChromosomeBasedMappabilityTroveList:117 - numberofGaps:43
2015-04-11 00:27:36 INFO  Enrichment:1921 - Filling of gcByteList, mapabilityChromosomePositionList, mapabilityShortValueList  has taken 6.0 seconds.
2015-04-11 00:27:36 INFO  Enrichment:1934 - Generate Random Data for permutations has started.
2015-04-11 00:28:31 INFO  Enrichment:1976 - Generate Random Data for permutations has taken 55.0 seconds.
2015-04-11 00:28:32 INFO  Enrichment:2013 - Annotation of Permutations has started.
2015-04-11 00:28:43 INFO  Enrichment:2372 - Annotation of Permutations has took 11.0 seconds.
2015-04-11 00:28:43 INFO  Enrichment:2381 - RunNumber: 1 For Chromosome: chr1 Annotation of 10000 permutations where each of them has 156  intervals took  73.0 seconds.
2015-04-11 00:28:43 INFO  Enrichment:2382 - ******************************************************************************************
2015-04-11 00:28:44 INFO  Enrichment:1871 - chromosome name:chr2 chromosome size: 243199373
2015-04-11 00:28:44 INFO  Enrichment:1900 - Filling of gcByteList, mapabilityChromosomePositionList, mapabilityShortValueList  has started.
2015-04-11 00:28:45 INFO  ChromosomeBasedMappabilityTroveList:62 - CHROMOSOME2
2015-04-11 00:28:49 INFO  ChromosomeBasedMappabilityTroveList:117 - numberofGaps:26
2015-04-11 00:28:49 INFO  Enrichment:1921 - Filling of gcByteList, mapabilityChromosomePositionList, mapabilityShortValueList  has taken 5.0 seconds.
2015-04-11 00:28:49 INFO  Enrichment:1934 - Generate Random Data for permutations has started.
2015-04-11 00:29:31 INFO  Enrichment:1976 - Generate Random Data for permutations has taken 41.0 seconds.
2015-04-11 00:29:31 INFO  Enrichment:2013 - Annotation of Permutations has started.
2015-04-11 00:29:40 INFO  Enrichment:2372 - Annotation of Permutations has took 8.0 seconds.
2015-04-11 00:29:40 INFO  Enrichment:2381 - RunNumber: 1 For Chromosome: chr2 Annotation of 10000 permutations where each of them has 98  intervals took  56.0 seconds.
2015-04-11 00:29:40 INFO  Enrichment:2382 - ******************************************************************************************
2015-04-11 00:29:40 INFO  Enrichment:1871 - chromosome name:chr3 chromosome size: 198022430
2015-04-11 00:29:40 INFO  Enrichment:1900 - Filling of gcByteList, mapabilityChromosomePositionList, mapabilityShortValueList  has started.
2015-04-11 00:29:41 INFO  ChromosomeBasedMappabilityTroveList:62 - CHROMOSOME3
2015-04-11 00:29:44 INFO  ChromosomeBasedMappabilityTroveList:117 - numberofGaps:7
2015-04-11 00:29:44 INFO  Enrichment:1921 - Filling of gcByteList, mapabilityChromosomePositionList, mapabilityShortValueList  has taken 4.0 seconds.
2015-04-11 00:29:44 INFO  Enrichment:1934 - Generate Random Data for permutations has started.
2015-04-11 00:30:23 INFO  Enrichment:1976 - Generate Random Data for permutations has taken 38.0 seconds.
2015-04-11 00:30:23 INFO  Enrichment:2013 - Annotation of Permutations has started.
2015-04-11 00:30:30 INFO  Enrichment:2372 - Annotation of Permutations has took 7.0 seconds.
2015-04-11 00:30:30 INFO  Enrichment:2381 - RunNumber: 1 For Chromosome: chr3 Annotation of 10000 permutations where each of them has 117  intervals took  50.0 seconds.
2015-04-11 00:30:30 INFO  Enrichment:2382 - ******************************************************************************************
2015-04-11 00:30:30 INFO  Enrichment:1871 - chromosome name:chr4 chromosome size: 191154276
2015-04-11 00:30:30 INFO  Enrichment:1900 - Filling of gcByteList, mapabilityChromosomePositionList, mapabilityShortValueList  has started.
2015-04-11 00:30:32 INFO  ChromosomeBasedMappabilityTroveList:62 - CHROMOSOME4
2015-04-11 00:30:34 INFO  ChromosomeBasedMappabilityTroveList:117 - numberofGaps:16
2015-04-11 00:30:34 INFO  Enrichment:1921 - Filling of gcByteList, mapabilityChromosomePositionList, mapabilityShortValueList  has taken 4.0 seconds.
2015-04-11 00:30:34 INFO  Enrichment:1934 - Generate Random Data for permutations has started.
2015-04-11 00:31:00 INFO  Enrichment:1976 - Generate Random Data for permutations has taken 25.0 seconds.
2015-04-11 00:31:01 INFO  Enrichment:2013 - Annotation of Permutations has started.
2015-04-11 00:31:06 INFO  Enrichment:2372 - Annotation of Permutations has took 5.0 seconds.
2015-04-11 00:31:06 INFO  Enrichment:2381 - RunNumber: 1 For Chromosome: chr4 Annotation of 10000 permutations where each of them has 98  intervals took  35.0 seconds.
2015-04-11 00:31:06 INFO  Enrichment:2382 - ******************************************************************************************
2015-04-11 00:31:06 INFO  Enrichment:1871 - chromosome name:chr5 chromosome size: 180915260
2015-04-11 00:31:06 INFO  Enrichment:1900 - Filling of gcByteList, mapabilityChromosomePositionList, mapabilityShortValueList  has started.
2015-04-11 00:31:08 INFO  ChromosomeBasedMappabilityTroveList:62 - CHROMOSOME5
2015-04-11 00:31:10 INFO  ChromosomeBasedMappabilityTroveList:117 - numberofGaps:10
2015-04-11 00:31:10 INFO  Enrichment:1921 - Filling of gcByteList, mapabilityChromosomePositionList, mapabilityShortValueList  has taken 3.0 seconds.
2015-04-11 00:31:10 INFO  Enrichment:1934 - Generate Random Data for permutations has started.
2015-04-11 00:31:57 INFO  Enrichment:1976 - Generate Random Data for permutations has taken 46.0 seconds.
2015-04-11 00:31:57 INFO  Enrichment:2013 - Annotation of Permutations has started.
2015-04-11 00:32:03 INFO  Enrichment:2372 - Annotation of Permutations has took 6.0 seconds.
2015-04-11 00:32:03 INFO  Enrichment:2381 - RunNumber: 1 For Chromosome: chr5 Annotation of 10000 permutations where each of them has 86  intervals took  57.0 seconds.
2015-04-11 00:32:03 INFO  Enrichment:2382 - ******************************************************************************************
2015-04-11 00:32:04 INFO  Enrichment:1871 - chromosome name:chr6 chromosome size: 171115067
2015-04-11 00:32:04 INFO  Enrichment:1900 - Filling of gcByteList, mapabilityChromosomePositionList, mapabilityShortValueList  has started.
2015-04-11 00:32:05 INFO  ChromosomeBasedMappabilityTroveList:62 - CHROMOSOME6
2015-04-11 00:32:08 INFO  ChromosomeBasedMappabilityTroveList:117 - numberofGaps:9
2015-04-11 00:32:08 INFO  Enrichment:1921 - Filling of gcByteList, mapabilityChromosomePositionList, mapabilityShortValueList  has taken 3.0 seconds.
2015-04-11 00:32:08 INFO  Enrichment:1934 - Generate Random Data for permutations has started.
2015-04-11 00:32:36 INFO  Enrichment:1976 - Generate Random Data for permutations has taken 28.0 seconds.
2015-04-11 00:32:36 INFO  Enrichment:2013 - Annotation of Permutations has started.
2015-04-11 00:32:43 INFO  Enrichment:2372 - Annotation of Permutations has took 7.0 seconds.
2015-04-11 00:32:43 INFO  Enrichment:2381 - RunNumber: 1 For Chromosome: chr6 Annotation of 10000 permutations where each of them has 114  intervals took  39.0 seconds.
2015-04-11 00:32:43 INFO  Enrichment:2382 - ******************************************************************************************
2015-04-11 00:32:43 INFO  Enrichment:1871 - chromosome name:chr7 chromosome size: 159138663
2015-04-11 00:32:43 INFO  Enrichment:1900 - Filling of gcByteList, mapabilityChromosomePositionList, mapabilityShortValueList  has started.
2015-04-11 00:32:44 INFO  ChromosomeBasedMappabilityTroveList:62 - CHROMOSOME7
2015-04-11 00:32:46 INFO  ChromosomeBasedMappabilityTroveList:117 - numberofGaps:21
2015-04-11 00:32:46 INFO  Enrichment:1921 - Filling of gcByteList, mapabilityChromosomePositionList, mapabilityShortValueList  has taken 2.0 seconds.
2015-04-11 00:32:46 INFO  Enrichment:1934 - Generate Random Data for permutations has started.
2015-04-11 00:34:05 INFO  Enrichment:1976 - Generate Random Data for permutations has taken 78.0 seconds.
2015-04-11 00:34:05 INFO  Enrichment:2013 - Annotation of Permutations has started.
2015-04-11 00:34:12 INFO  Enrichment:2372 - Annotation of Permutations has took 7.0 seconds.
2015-04-11 00:34:12 INFO  Enrichment:2381 - RunNumber: 1 For Chromosome: chr7 Annotation of 10000 permutations where each of them has 163  intervals took  88.0 seconds.
2015-04-11 00:34:12 INFO  Enrichment:2382 - ******************************************************************************************
2015-04-11 00:34:13 INFO  Enrichment:1871 - chromosome name:chr8 chromosome size: 146364022
2015-04-11 00:34:13 INFO  Enrichment:1900 - Filling of gcByteList, mapabilityChromosomePositionList, mapabilityShortValueList  has started.
2015-04-11 00:34:13 INFO  ChromosomeBasedMappabilityTroveList:62 - CHROMOSOME8
2015-04-11 00:34:15 INFO  ChromosomeBasedMappabilityTroveList:117 - numberofGaps:7
2015-04-11 00:34:15 INFO  Enrichment:1921 - Filling of gcByteList, mapabilityChromosomePositionList, mapabilityShortValueList  has taken 2.0 seconds.
2015-04-11 00:34:15 INFO  Enrichment:1934 - Generate Random Data for permutations has started.
2015-04-11 00:34:46 INFO  Enrichment:1976 - Generate Random Data for permutations has taken 30.0 seconds.
2015-04-11 00:34:46 INFO  Enrichment:2013 - Annotation of Permutations has started.
2015-04-11 00:34:52 INFO  Enrichment:2372 - Annotation of Permutations has took 5.0 seconds.
2015-04-11 00:34:52 INFO  Enrichment:2381 - RunNumber: 1 For Chromosome: chr8 Annotation of 10000 permutations where each of them has 90  intervals took  39.0 seconds.
2015-04-11 00:34:52 INFO  Enrichment:2382 - ******************************************************************************************
2015-04-11 00:34:52 INFO  Enrichment:1871 - chromosome name:chr9 chromosome size: 141213431
2015-04-11 00:34:52 INFO  Enrichment:1900 - Filling of gcByteList, mapabilityChromosomePositionList, mapabilityShortValueList  has started.
2015-04-11 00:34:53 INFO  ChromosomeBasedMappabilityTroveList:62 - CHROMOSOME9
2015-04-11 00:34:55 INFO  ChromosomeBasedMappabilityTroveList:117 - numberofGaps:42
2015-04-11 00:34:55 INFO  Enrichment:1921 - Filling of gcByteList, mapabilityChromosomePositionList, mapabilityShortValueList  has taken 2.0 seconds.
2015-04-11 00:34:55 INFO  Enrichment:1934 - Generate Random Data for permutations has started.
2015-04-11 00:35:21 INFO  Enrichment:1976 - Generate Random Data for permutations has taken 26.0 seconds.
2015-04-11 00:35:22 INFO  Enrichment:2013 - Annotation of Permutations has started.
2015-04-11 00:35:28 INFO  Enrichment:2372 - Annotation of Permutations has took 5.0 seconds.
2015-04-11 00:35:28 INFO  Enrichment:2381 - RunNumber: 1 For Chromosome: chr9 Annotation of 10000 permutations where each of them has 62  intervals took  35.0 seconds.
2015-04-11 00:35:28 INFO  Enrichment:2382 - ******************************************************************************************
2015-04-11 00:35:28 INFO  Enrichment:1871 - chromosome name:chr10 chromosome size: 135534747
2015-04-11 00:35:28 INFO  Enrichment:1900 - Filling of gcByteList, mapabilityChromosomePositionList, mapabilityShortValueList  has started.
2015-04-11 00:35:28 INFO  ChromosomeBasedMappabilityTroveList:62 - CHROMOSOME10
2015-04-11 00:35:31 INFO  ChromosomeBasedMappabilityTroveList:117 - numberofGaps:27
2015-04-11 00:35:31 INFO  Enrichment:1921 - Filling of gcByteList, mapabilityChromosomePositionList, mapabilityShortValueList  has taken 3.0 seconds.
2015-04-11 00:35:31 INFO  Enrichment:1934 - Generate Random Data for permutations has started.
2015-04-11 00:36:02 INFO  Enrichment:1976 - Generate Random Data for permutations has taken 30.0 seconds.
2015-04-11 00:36:02 INFO  Enrichment:2013 - Annotation of Permutations has started.
2015-04-11 00:36:09 INFO  Enrichment:2372 - Annotation of Permutations has took 7.0 seconds.
2015-04-11 00:36:09 INFO  Enrichment:2381 - RunNumber: 1 For Chromosome: chr10 Annotation of 10000 permutations where each of them has 153  intervals took  41.0 seconds.
2015-04-11 00:36:09 INFO  Enrichment:2382 - ******************************************************************************************
2015-04-11 00:36:09 INFO  Enrichment:1871 - chromosome name:chr11 chromosome size: 135006516
2015-04-11 00:36:09 INFO  Enrichment:1900 - Filling of gcByteList, mapabilityChromosomePositionList, mapabilityShortValueList  has started.
2015-04-11 00:36:10 INFO  ChromosomeBasedMappabilityTroveList:62 - CHROMOSOME11
2015-04-11 00:36:13 INFO  ChromosomeBasedMappabilityTroveList:117 - numberofGaps:8
2015-04-11 00:36:13 INFO  Enrichment:1921 - Filling of gcByteList, mapabilityChromosomePositionList, mapabilityShortValueList  has taken 3.0 seconds.
2015-04-11 00:36:13 INFO  Enrichment:1934 - Generate Random Data for permutations has started.
2015-04-11 00:36:50 INFO  Enrichment:1976 - Generate Random Data for permutations has taken 37.0 seconds.
2015-04-11 00:36:50 INFO  Enrichment:2013 - Annotation of Permutations has started.
2015-04-11 00:36:59 INFO  Enrichment:2372 - Annotation of Permutations has took 8.0 seconds.
2015-04-11 00:36:59 INFO  Enrichment:2381 - RunNumber: 1 For Chromosome: chr11 Annotation of 10000 permutations where each of them has 208  intervals took  49.0 seconds.
2015-04-11 00:36:59 INFO  Enrichment:2382 - ******************************************************************************************
2015-04-11 00:36:59 INFO  Enrichment:1871 - chromosome name:chr12 chromosome size: 133851895
2015-04-11 00:36:59 INFO  Enrichment:1900 - Filling of gcByteList, mapabilityChromosomePositionList, mapabilityShortValueList  has started.
2015-04-11 00:36:59 INFO  ChromosomeBasedMappabilityTroveList:62 - CHROMOSOME12
2015-04-11 00:37:02 INFO  ChromosomeBasedMappabilityTroveList:117 - numberofGaps:17
2015-04-11 00:37:02 INFO  Enrichment:1921 - Filling of gcByteList, mapabilityChromosomePositionList, mapabilityShortValueList  has taken 3.0 seconds.
2015-04-11 00:37:02 INFO  Enrichment:1934 - Generate Random Data for permutations has started.
2015-04-11 00:37:41 INFO  Enrichment:1976 - Generate Random Data for permutations has taken 38.0 seconds.
2015-04-11 00:37:41 INFO  Enrichment:2013 - Annotation of Permutations has started.
2015-04-11 00:37:49 INFO  Enrichment:2372 - Annotation of Permutations has took 7.0 seconds.
2015-04-11 00:37:49 INFO  Enrichment:2381 - RunNumber: 1 For Chromosome: chr12 Annotation of 10000 permutations where each of them has 146  intervals took  50.0 seconds.
2015-04-11 00:37:49 INFO  Enrichment:2382 - ******************************************************************************************
2015-04-11 00:37:49 INFO  Enrichment:1871 - chromosome name:chr13 chromosome size: 115169878
2015-04-11 00:37:49 INFO  Enrichment:1900 - Filling of gcByteList, mapabilityChromosomePositionList, mapabilityShortValueList  has started.
2015-04-11 00:37:50 INFO  ChromosomeBasedMappabilityTroveList:62 - CHROMOSOME13
2015-04-11 00:37:51 INFO  ChromosomeBasedMappabilityTroveList:117 - numberofGaps:4
2015-04-11 00:37:51 INFO  Enrichment:1921 - Filling of gcByteList, mapabilityChromosomePositionList, mapabilityShortValueList  has taken 2.0 seconds.
2015-04-11 00:37:51 INFO  Enrichment:1934 - Generate Random Data for permutations has started.
2015-04-11 00:37:59 INFO  Enrichment:1976 - Generate Random Data for permutations has taken 7.0 seconds.
2015-04-11 00:37:59 INFO  Enrichment:2013 - Annotation of Permutations has started.
2015-04-11 00:38:03 INFO  Enrichment:2372 - Annotation of Permutations has took 3.0 seconds.
2015-04-11 00:38:03 INFO  Enrichment:2381 - RunNumber: 1 For Chromosome: chr13 Annotation of 10000 permutations where each of them has 58  intervals took  13.0 seconds.
2015-04-11 00:38:03 INFO  Enrichment:2382 - ******************************************************************************************
2015-04-11 00:38:03 INFO  Enrichment:1871 - chromosome name:chr14 chromosome size: 107349540
2015-04-11 00:38:03 INFO  Enrichment:1900 - Filling of gcByteList, mapabilityChromosomePositionList, mapabilityShortValueList  has started.
2015-04-11 00:38:03 INFO  ChromosomeBasedMappabilityTroveList:62 - CHROMOSOME14
2015-04-11 00:38:05 INFO  ChromosomeBasedMappabilityTroveList:117 - numberofGaps:0
2015-04-11 00:38:05 INFO  Enrichment:1921 - Filling of gcByteList, mapabilityChromosomePositionList, mapabilityShortValueList  has taken 2.0 seconds.
2015-04-11 00:38:05 INFO  Enrichment:1934 - Generate Random Data for permutations has started.
2015-04-11 00:39:09 INFO  Enrichment:1976 - Generate Random Data for permutations has taken 63.0 seconds.
2015-04-11 00:39:10 INFO  Enrichment:2013 - Annotation of Permutations has started.
2015-04-11 00:39:14 INFO  Enrichment:2372 - Annotation of Permutations has took 4.0 seconds.
2015-04-11 00:39:14 INFO  Enrichment:2381 - RunNumber: 1 For Chromosome: chr14 Annotation of 10000 permutations where each of them has 80  intervals took  71.0 seconds.
2015-04-11 00:39:14 INFO  Enrichment:2382 - ******************************************************************************************
2015-04-11 00:39:14 INFO  Enrichment:1871 - chromosome name:chr15 chromosome size: 102531392
2015-04-11 00:39:14 INFO  Enrichment:1900 - Filling of gcByteList, mapabilityChromosomePositionList, mapabilityShortValueList  has started.
2015-04-11 00:39:15 INFO  ChromosomeBasedMappabilityTroveList:62 - CHROMOSOME15
2015-04-11 00:39:17 INFO  ChromosomeBasedMappabilityTroveList:117 - numberofGaps:10
2015-04-11 00:39:17 INFO  Enrichment:1921 - Filling of gcByteList, mapabilityChromosomePositionList, mapabilityShortValueList  has taken 2.0 seconds.
2015-04-11 00:39:17 INFO  Enrichment:1934 - Generate Random Data for permutations has started.
2015-04-11 00:39:56 INFO  Enrichment:1976 - Generate Random Data for permutations has taken 39.0 seconds.
2015-04-11 00:39:56 INFO  Enrichment:2013 - Annotation of Permutations has started.
2015-04-11 00:40:01 INFO  Enrichment:2372 - Annotation of Permutations has took 4.0 seconds.
2015-04-11 00:40:01 INFO  Enrichment:2381 - RunNumber: 1 For Chromosome: chr15 Annotation of 10000 permutations where each of them has 70  intervals took  47.0 seconds.
2015-04-11 00:40:01 INFO  Enrichment:2382 - ******************************************************************************************
2015-04-11 00:40:01 INFO  Enrichment:1871 - chromosome name:chr16 chromosome size: 90354753
2015-04-11 00:40:01 INFO  Enrichment:1900 - Filling of gcByteList, mapabilityChromosomePositionList, mapabilityShortValueList  has started.
2015-04-11 00:40:02 INFO  ChromosomeBasedMappabilityTroveList:62 - CHROMOSOME16
2015-04-11 00:40:03 INFO  ChromosomeBasedMappabilityTroveList:117 - numberofGaps:4
2015-04-11 00:40:03 INFO  Enrichment:1921 - Filling of gcByteList, mapabilityChromosomePositionList, mapabilityShortValueList  has taken 2.0 seconds.
2015-04-11 00:40:03 INFO  Enrichment:1934 - Generate Random Data for permutations has started.
2015-04-11 00:41:14 INFO  Enrichment:1976 - Generate Random Data for permutations has taken 70.0 seconds.
2015-04-11 00:41:14 INFO  Enrichment:2013 - Annotation of Permutations has started.
2015-04-11 00:41:21 INFO  Enrichment:2372 - Annotation of Permutations has took 6.0 seconds.
2015-04-11 00:41:21 INFO  Enrichment:2381 - RunNumber: 1 For Chromosome: chr16 Annotation of 10000 permutations where each of them has 125  intervals took  79.0 seconds.
2015-04-11 00:41:21 INFO  Enrichment:2382 - ******************************************************************************************
2015-04-11 00:41:21 INFO  Enrichment:1871 - chromosome name:chr17 chromosome size: 81195210
2015-04-11 00:41:21 INFO  Enrichment:1900 - Filling of gcByteList, mapabilityChromosomePositionList, mapabilityShortValueList  has started.
2015-04-11 00:41:22 INFO  ChromosomeBasedMappabilityTroveList:62 - CHROMOSOME17
2015-04-11 00:41:23 INFO  ChromosomeBasedMappabilityTroveList:117 - numberofGaps:7
2015-04-11 00:41:23 INFO  Enrichment:1921 - Filling of gcByteList, mapabilityChromosomePositionList, mapabilityShortValueList  has taken 1.0 seconds.
2015-04-11 00:41:23 INFO  Enrichment:1934 - Generate Random Data for permutations has started.
2015-04-11 00:42:42 INFO  Enrichment:1976 - Generate Random Data for permutations has taken 78.0 seconds.
2015-04-11 00:42:42 INFO  Enrichment:2013 - Annotation of Permutations has started.
2015-04-11 00:42:51 INFO  Enrichment:2372 - Annotation of Permutations has took 8.0 seconds.
2015-04-11 00:42:51 INFO  Enrichment:2381 - RunNumber: 1 For Chromosome: chr17 Annotation of 10000 permutations where each of them has 181  intervals took  89.0 seconds.
2015-04-11 00:42:51 INFO  Enrichment:2382 - ******************************************************************************************
2015-04-11 00:42:51 INFO  Enrichment:1871 - chromosome name:chr18 chromosome size: 78077248
2015-04-11 00:42:51 INFO  Enrichment:1900 - Filling of gcByteList, mapabilityChromosomePositionList, mapabilityShortValueList  has started.
2015-04-11 00:42:51 INFO  ChromosomeBasedMappabilityTroveList:62 - CHROMOSOME18
2015-04-11 00:42:52 INFO  ChromosomeBasedMappabilityTroveList:117 - numberofGaps:5
2015-04-11 00:42:52 INFO  Enrichment:1921 - Filling of gcByteList, mapabilityChromosomePositionList, mapabilityShortValueList  has taken 1.0 seconds.
2015-04-11 00:42:52 INFO  Enrichment:1934 - Generate Random Data for permutations has started.
2015-04-11 00:42:55 INFO  Enrichment:1976 - Generate Random Data for permutations has taken 2.0 seconds.
2015-04-11 00:42:55 INFO  Enrichment:2013 - Annotation of Permutations has started.
2015-04-11 00:42:57 INFO  Enrichment:2372 - Annotation of Permutations has took 2.0 seconds.
2015-04-11 00:42:57 INFO  Enrichment:2381 - RunNumber: 1 For Chromosome: chr18 Annotation of 10000 permutations where each of them has 22  intervals took  6.0 seconds.
2015-04-11 00:42:57 INFO  Enrichment:2382 - ******************************************************************************************
2015-04-11 00:42:57 INFO  Enrichment:1871 - chromosome name:chr19 chromosome size: 59128983
2015-04-11 00:42:57 INFO  Enrichment:1900 - Filling of gcByteList, mapabilityChromosomePositionList, mapabilityShortValueList  has started.
2015-04-11 00:42:57 INFO  ChromosomeBasedMappabilityTroveList:62 - CHROMOSOME19
2015-04-11 00:42:58 INFO  ChromosomeBasedMappabilityTroveList:117 - numberofGaps:6
2015-04-11 00:42:58 INFO  Enrichment:1921 - Filling of gcByteList, mapabilityChromosomePositionList, mapabilityShortValueList  has taken 1.0 seconds.
2015-04-11 00:42:58 INFO  Enrichment:1934 - Generate Random Data for permutations has started.
2015-04-11 00:43:18 INFO  Enrichment:1976 - Generate Random Data for permutations has taken 20.0 seconds.
2015-04-11 00:43:19 INFO  Enrichment:2013 - Annotation of Permutations has started.
2015-04-11 00:43:25 INFO  Enrichment:2372 - Annotation of Permutations has took 5.0 seconds.
2015-04-11 00:43:25 INFO  Enrichment:2381 - RunNumber: 1 For Chromosome: chr19 Annotation of 10000 permutations where each of them has 66  intervals took  27.0 seconds.
2015-04-11 00:43:25 INFO  Enrichment:2382 - ******************************************************************************************
2015-04-11 00:43:25 INFO  Enrichment:1871 - chromosome name:chr20 chromosome size: 63025520
2015-04-11 00:43:25 INFO  Enrichment:1900 - Filling of gcByteList, mapabilityChromosomePositionList, mapabilityShortValueList  has started.
2015-04-11 00:43:25 INFO  ChromosomeBasedMappabilityTroveList:62 - CHROMOSOME20
2015-04-11 00:43:26 INFO  ChromosomeBasedMappabilityTroveList:117 - numberofGaps:5
2015-04-11 00:43:26 INFO  Enrichment:1921 - Filling of gcByteList, mapabilityChromosomePositionList, mapabilityShortValueList  has taken 1.0 seconds.
2015-04-11 00:43:26 INFO  Enrichment:1934 - Generate Random Data for permutations has started.
2015-04-11 00:43:47 INFO  Enrichment:1976 - Generate Random Data for permutations has taken 21.0 seconds.
2015-04-11 00:43:48 INFO  Enrichment:2013 - Annotation of Permutations has started.
2015-04-11 00:43:51 INFO  Enrichment:2372 - Annotation of Permutations has took 2.0 seconds.
2015-04-11 00:43:51 INFO  Enrichment:2381 - RunNumber: 1 For Chromosome: chr20 Annotation of 10000 permutations where each of them has 31  intervals took  25.0 seconds.
2015-04-11 00:43:51 INFO  Enrichment:2382 - ******************************************************************************************
2015-04-11 00:43:51 INFO  Enrichment:1871 - chromosome name:chr21 chromosome size: 48129895
2015-04-11 00:43:51 INFO  Enrichment:1900 - Filling of gcByteList, mapabilityChromosomePositionList, mapabilityShortValueList  has started.
2015-04-11 00:43:51 INFO  ChromosomeBasedMappabilityTroveList:62 - CHROMOSOME21
2015-04-11 00:43:52 INFO  ChromosomeBasedMappabilityTroveList:117 - numberofGaps:17
2015-04-11 00:43:52 INFO  Enrichment:1921 - Filling of gcByteList, mapabilityChromosomePositionList, mapabilityShortValueList  has taken 0.0 seconds.
2015-04-11 00:43:52 INFO  Enrichment:1934 - Generate Random Data for permutations has started.
2015-04-11 00:44:08 INFO  Enrichment:1976 - Generate Random Data for permutations has taken 16.0 seconds.
2015-04-11 00:44:08 INFO  Enrichment:2013 - Annotation of Permutations has started.
2015-04-11 00:44:10 INFO  Enrichment:2372 - Annotation of Permutations has took 2.0 seconds.
2015-04-11 00:44:10 INFO  Enrichment:2381 - RunNumber: 1 For Chromosome: chr21 Annotation of 10000 permutations where each of them has 32  intervals took  19.0 seconds.
2015-04-11 00:44:10 INFO  Enrichment:2382 - ******************************************************************************************
2015-04-11 00:44:10 INFO  Enrichment:1871 - chromosome name:chr22 chromosome size: 51304566
2015-04-11 00:44:10 INFO  Enrichment:1900 - Filling of gcByteList, mapabilityChromosomePositionList, mapabilityShortValueList  has started.
2015-04-11 00:44:10 INFO  ChromosomeBasedMappabilityTroveList:62 - CHROMOSOME22
2015-04-11 00:44:11 INFO  ChromosomeBasedMappabilityTroveList:117 - numberofGaps:16
2015-04-11 00:44:11 INFO  Enrichment:1921 - Filling of gcByteList, mapabilityChromosomePositionList, mapabilityShortValueList  has taken 0.0 seconds.
2015-04-11 00:44:11 INFO  Enrichment:1934 - Generate Random Data for permutations has started.
2015-04-11 00:44:31 INFO  Enrichment:1976 - Generate Random Data for permutations has taken 19.0 seconds.
2015-04-11 00:44:31 INFO  Enrichment:2013 - Annotation of Permutations has started.
2015-04-11 00:44:35 INFO  Enrichment:2372 - Annotation of Permutations has took 3.0 seconds.
2015-04-11 00:44:35 INFO  Enrichment:2381 - RunNumber: 1 For Chromosome: chr22 Annotation of 10000 permutations where each of them has 57  intervals took  24.0 seconds.
2015-04-11 00:44:35 INFO  Enrichment:2382 - ******************************************************************************************
2015-04-11 00:44:35 INFO  Enrichment:1871 - chromosome name:chrX chromosome size: 155270560
2015-04-11 00:44:35 INFO  Enrichment:1871 - chromosome name:chrY chromosome size: 59373566
2015-04-11 00:44:35 INFO  Enrichment:2416 - RUN_NUMBER: 1 NUMBER_OF_PERMUTATIONS:  10000 took 1025.0 seconds.
2015-04-11 00:44:36 INFO  Enrichment:3474 - Concurrent programming has ended.
2015-04-11 00:44:36 INFO  Enrichment:3679 - **************	1. Run	******************	ends
