2014-12-10 13:29:33 INFO  FileOperations:122 - Deleting C:\Users\Burçak\Google Drive\Output\NoName\Annotation\Hg19RefSeqGene\Hg19RefSeqGene.txt
2014-12-10 13:29:33 INFO  FileOperations:122 - Deleting C:\Users\Burçak\Google Drive\Output\NoName\Annotation\Results\number_of_k_out_of_n_search_input_lines_Gene_Alternate_Name_results.txt
2014-12-10 13:29:33 INFO  FileOperations:122 - Deleting C:\Users\Burçak\Google Drive\Output\NoName\GivenInputData\chr10_input_file.txt
2014-12-10 13:29:33 INFO  FileOperations:122 - Deleting C:\Users\Burçak\Google Drive\Output\NoName\GivenInputData\chr11_input_file.txt
2014-12-10 13:29:33 INFO  FileOperations:122 - Deleting C:\Users\Burçak\Google Drive\Output\NoName\GivenInputData\chr12_input_file.txt
2014-12-10 13:29:33 INFO  FileOperations:122 - Deleting C:\Users\Burçak\Google Drive\Output\NoName\GivenInputData\chr13_input_file.txt
2014-12-10 13:29:33 INFO  FileOperations:122 - Deleting C:\Users\Burçak\Google Drive\Output\NoName\GivenInputData\chr14_input_file.txt
2014-12-10 13:29:33 INFO  FileOperations:122 - Deleting C:\Users\Burçak\Google Drive\Output\NoName\GivenInputData\chr15_input_file.txt
2014-12-10 13:29:33 INFO  FileOperations:122 - Deleting C:\Users\Burçak\Google Drive\Output\NoName\GivenInputData\chr16_input_file.txt
2014-12-10 13:29:33 INFO  FileOperations:122 - Deleting C:\Users\Burçak\Google Drive\Output\NoName\GivenInputData\chr17_input_file.txt
2014-12-10 13:29:33 INFO  FileOperations:122 - Deleting C:\Users\Burçak\Google Drive\Output\NoName\GivenInputData\chr18_input_file.txt
2014-12-10 13:29:33 INFO  FileOperations:122 - Deleting C:\Users\Burçak\Google Drive\Output\NoName\GivenInputData\chr19_input_file.txt
2014-12-10 13:29:33 INFO  FileOperations:122 - Deleting C:\Users\Burçak\Google Drive\Output\NoName\GivenInputData\chr1_input_file.txt
2014-12-10 13:29:33 INFO  FileOperations:122 - Deleting C:\Users\Burçak\Google Drive\Output\NoName\GivenInputData\chr20_input_file.txt
2014-12-10 13:29:33 INFO  FileOperations:122 - Deleting C:\Users\Burçak\Google Drive\Output\NoName\GivenInputData\chr21_input_file.txt
2014-12-10 13:29:33 INFO  FileOperations:122 - Deleting C:\Users\Burçak\Google Drive\Output\NoName\GivenInputData\chr22_input_file.txt
2014-12-10 13:29:33 INFO  FileOperations:122 - Deleting C:\Users\Burçak\Google Drive\Output\NoName\GivenInputData\chr2_input_file.txt
2014-12-10 13:29:33 INFO  FileOperations:122 - Deleting C:\Users\Burçak\Google Drive\Output\NoName\GivenInputData\chr3_input_file.txt
2014-12-10 13:29:33 INFO  FileOperations:122 - Deleting C:\Users\Burçak\Google Drive\Output\NoName\GivenInputData\chr4_input_file.txt
2014-12-10 13:29:33 INFO  FileOperations:122 - Deleting C:\Users\Burçak\Google Drive\Output\NoName\GivenInputData\chr5_input_file.txt
2014-12-10 13:29:33 INFO  FileOperations:122 - Deleting C:\Users\Burçak\Google Drive\Output\NoName\GivenInputData\chr6_input_file.txt
2014-12-10 13:29:33 INFO  FileOperations:122 - Deleting C:\Users\Burçak\Google Drive\Output\NoName\GivenInputData\chr7_input_file.txt
2014-12-10 13:29:33 INFO  FileOperations:122 - Deleting C:\Users\Burçak\Google Drive\Output\NoName\GivenInputData\chr8_input_file.txt
2014-12-10 13:29:33 INFO  FileOperations:122 - Deleting C:\Users\Burçak\Google Drive\Output\NoName\GivenInputData\chr9_input_file.txt
2014-12-10 13:29:33 INFO  FileOperations:122 - Deleting C:\Users\Burçak\Google Drive\Output\NoName\GivenInputData\chrName_0Based_Start_EndExclusive_hg19_coordinates.bed
2014-12-10 13:29:33 INFO  FileOperations:122 - Deleting C:\Users\Burçak\Google Drive\Output\NoName\GivenInputData\chrName_0Based_Start_EndExclusive_hg38_coordinates.bed
2014-12-10 13:29:33 INFO  FileOperations:122 - Deleting C:\Users\Burçak\Google Drive\Output\NoName\GivenInputData\chrName_1Based_Start_End_hg19_coordinates_using_remap_report.txt
2014-12-10 13:29:33 INFO  FileOperations:122 - Deleting C:\Users\Burçak\Google Drive\Output\NoName\GivenInputData\chrX_input_file.txt
2014-12-10 13:29:33 INFO  FileOperations:122 - Deleting C:\Users\Burçak\Google Drive\Output\NoName\GivenInputData\chrY_input_file.txt
2014-12-10 13:29:33 INFO  FileOperations:122 - Deleting C:\Users\Burçak\Google Drive\Output\NoName\GivenInputData\Input_Data_Processed_0_Based_hg19_coordinates.txt
2014-12-10 13:29:33 INFO  FileOperations:122 - Deleting C:\Users\Burçak\Google Drive\Output\NoName\GivenInputData\Input_Data_Processed_OverlapsRemoved_0_Based_hg19_coordinates.txt
2014-12-10 13:29:33 INFO  FileOperations:122 - Deleting C:\Users\Burçak\Google Drive\Output\NoName\GivenInputData\REMAP_REPORT_chrName_1Based_Start_End_coordinates.xls
2014-12-10 13:29:33 INFO  FileOperations:122 - Deleting C:\Users\Burçak\Google Drive\Output\NoName\GivenInputData\rsID_chrName_0Based_Start_End_hg38_coordinates.txt
