2015-03-30 15:59:06 INFO  InputDataRemoveOverlaps:319 - *****************************************************************
2015-03-30 15:59:06 INFO  InputDataRemoveOverlaps:320 - GLANET Parameters starts
2015-03-30 15:59:06 INFO  InputDataRemoveOverlaps:324 - C:\Users\Burçak\Google Drive\Data\demo_input_data\OCD_GWAS_chrNumber_1Based_GRCh37_p13_Coordinates.txt\
2015-03-30 15:59:06 INFO  InputDataRemoveOverlaps:324 - GRCh37.p13
2015-03-30 15:59:06 INFO  InputDataRemoveOverlaps:324 - C:\Users\Burçak\Google Drive\
2015-03-30 15:59:06 INFO  InputDataRemoveOverlaps:324 - 1-based coordinates (End Inclusive)
2015-03-30 15:59:06 INFO  InputDataRemoveOverlaps:324 - 1
2015-03-30 15:59:06 INFO  InputDataRemoveOverlaps:324 - DO_NOT_ENRICH
2015-03-30 15:59:06 INFO  InputDataRemoveOverlaps:324 - With GC and Mappability
2015-03-30 15:59:06 INFO  InputDataRemoveOverlaps:324 - Benjamini Hochberg FDR
2015-03-30 15:59:06 INFO  InputDataRemoveOverlaps:324 - 0.05
2015-03-30 15:59:06 INFO  InputDataRemoveOverlaps:324 - 0.05
2015-03-30 15:59:06 INFO  InputDataRemoveOverlaps:324 - 10000
2015-03-30 15:59:06 INFO  InputDataRemoveOverlaps:324 - DO_DNASE_ANNOTATION
2015-03-30 15:59:06 INFO  InputDataRemoveOverlaps:324 - DO_NOT_HISTONE_ANNOTATION
2015-03-30 15:59:06 INFO  InputDataRemoveOverlaps:324 - DO_NOT_TF_ANNOTATION
2015-03-30 15:59:06 INFO  InputDataRemoveOverlaps:324 - DO_GENE_ANNOTATION
2015-03-30 15:59:06 INFO  InputDataRemoveOverlaps:324 - DO_NOT_KEGGPATHWAY_ANNOTATION
2015-03-30 15:59:06 INFO  InputDataRemoveOverlaps:324 - DO_NOT_TF_KEGGPATHWAY_ANNOTATION
2015-03-30 15:59:06 INFO  InputDataRemoveOverlaps:324 - DO_NOT_TF_CELLLINE_KEGGPATHWAY_ANNOTATION
2015-03-30 15:59:06 INFO  InputDataRemoveOverlaps:324 - DO_NOT_REGULATORY_SEQUENCE_ANALYSIS_USING_RSAT
2015-03-30 15:59:06 INFO  InputDataRemoveOverlaps:324 - NoName
2015-03-30 15:59:06 INFO  InputDataRemoveOverlaps:324 - DO_WRITE_ELEMENT_BASED_ANNOTATION_FOUND_OVERLAPS
2015-03-30 15:59:06 INFO  InputDataRemoveOverlaps:324 - DO_NOT_WRITE_ANNOTATION_BINARY_MATRIX
2015-03-30 15:59:06 INFO  InputDataRemoveOverlaps:324 - DO_NOT_WRITE_GENERATED_RANDOM_DATA
2015-03-30 15:59:06 INFO  InputDataRemoveOverlaps:324 - DO_NOT_WRITE_PERMUTATION_BASED_AND_PARAMETRIC_BASED_ANNOTATION_RESULT
2015-03-30 15:59:06 INFO  InputDataRemoveOverlaps:324 - DO_NOT_WRITE_PERMUTATION_BASED_ANNOTATION_RESULT
2015-03-30 15:59:06 INFO  InputDataRemoveOverlaps:324 - 5000
2015-03-30 15:59:06 INFO  InputDataRemoveOverlaps:324 - DO_NOT_USER_DEFINED_GENESET_ANNOTATION
2015-03-30 15:59:06 INFO  InputDataRemoveOverlaps:324 - 
2015-03-30 15:59:06 INFO  InputDataRemoveOverlaps:324 - GENE SYMBOL
2015-03-30 15:59:06 INFO  InputDataRemoveOverlaps:324 - NoName
2015-03-30 15:59:06 INFO  InputDataRemoveOverlaps:324 - NO_OPTIONAL_USERDEFINEDGENESET_DESCRIPTION_FILE_PROVIDED
2015-03-30 15:59:06 INFO  InputDataRemoveOverlaps:324 - DO_NOT_USER_DEFINED_LIBRARY_ANNOTATION
2015-03-30 15:59:06 INFO  InputDataRemoveOverlaps:324 - 
2015-03-30 15:59:06 INFO  InputDataRemoveOverlaps:324 - 0-based coordinates (End Exclusive)
2015-03-30 15:59:06 INFO  InputDataRemoveOverlaps:324 - GIVEN_INPUT_DATA_CONSISTS_OF_SNPS
2015-03-30 15:59:06 INFO  InputDataRemoveOverlaps:327 - GLANET Parameters ends
2015-03-30 15:59:06 INFO  InputDataRemoveOverlaps:328 - *****************************************************************
2015-03-30 15:59:06 INFO  Annotation:7162 - Memory Used Before Annotation	696	MBs
2015-03-30 15:59:06 INFO  Annotation:7532 - durationofCharArray	durationofCharSequenceMap	durationofStringBuilderMap	durationofStringMap
2015-03-30 16:02:20 INFO  Annotation:7686 - 47.0	47.0	48.0	48.0
2015-03-30 16:05:40 INFO  Annotation:7686 - 48.0	49.0	50.0	50.0
2015-03-30 16:09:40 INFO  Annotation:7686 - 53.0	52.0	82.0	51.0
2015-03-30 16:13:23 INFO  Annotation:7686 - 54.0	56.0	56.0	55.0
2015-03-30 16:17:09 INFO  Annotation:7686 - 56.0	56.0	57.0	56.0
2015-03-30 16:21:05 INFO  Annotation:7686 - 57.0	57.0	59.0	61.0
2015-03-30 16:25:36 INFO  Annotation:7686 - 64.0	72.0	65.0	67.0
2015-03-30 16:29:59 INFO  Annotation:7686 - 66.0	65.0	64.0	65.0
