2015-04-06 12:55:27 INFO  InputDataRemoveOverlaps:319 - *****************************************************************
2015-04-06 12:55:27 INFO  InputDataRemoveOverlaps:320 - GLANET Parameters starts
2015-04-06 12:55:27 INFO  InputDataRemoveOverlaps:324 - C:\Users\Burçak\Google Drive\Data\demo_input_data\UmutToprak_eDMRs2_05.bed\
2015-04-06 12:55:27 INFO  InputDataRemoveOverlaps:324 - GRCh37.p13
2015-04-06 12:55:27 INFO  InputDataRemoveOverlaps:324 - C:\Users\Burçak\Google Drive\
2015-04-06 12:55:27 INFO  InputDataRemoveOverlaps:324 - BED
2015-04-06 12:55:27 INFO  InputDataRemoveOverlaps:324 - 1
2015-04-06 12:55:27 INFO  InputDataRemoveOverlaps:324 - DO_ENRICH
2015-04-06 12:55:27 INFO  InputDataRemoveOverlaps:324 - With GC and Mappability
2015-04-06 12:55:27 INFO  InputDataRemoveOverlaps:324 - Benjamini Hochberg FDR
2015-04-06 12:55:27 INFO  InputDataRemoveOverlaps:324 - 0.05
2015-04-06 12:55:27 INFO  InputDataRemoveOverlaps:324 - 0.05
2015-04-06 12:55:27 INFO  InputDataRemoveOverlaps:324 - 10000
2015-04-06 12:55:27 INFO  InputDataRemoveOverlaps:324 - DO_DNASE_ANNOTATION
2015-04-06 12:55:27 INFO  InputDataRemoveOverlaps:324 - DO_HISTONE_ANNOTATION
2015-04-06 12:55:27 INFO  InputDataRemoveOverlaps:324 - DO_TF_ANNOTATION
2015-04-06 12:55:27 INFO  InputDataRemoveOverlaps:324 - DO_NOT_GENE_ANNOTATION
2015-04-06 12:55:27 INFO  InputDataRemoveOverlaps:324 - DO_NOT_KEGGPATHWAY_ANNOTATION
2015-04-06 12:55:27 INFO  InputDataRemoveOverlaps:324 - DO_NOT_TF_KEGGPATHWAY_ANNOTATION
2015-04-06 12:55:27 INFO  InputDataRemoveOverlaps:324 - DO_NOT_TF_CELLLINE_KEGGPATHWAY_ANNOTATION
2015-04-06 12:55:27 INFO  InputDataRemoveOverlaps:324 - DO_NOT_REGULATORY_SEQUENCE_ANALYSIS_USING_RSAT
2015-04-06 12:55:27 INFO  InputDataRemoveOverlaps:324 - testUMUTAllMaps
2015-04-06 12:55:27 INFO  InputDataRemoveOverlaps:324 - DO_NOT_WRITE_ELEMENT_BASED_ANNOTATION_FOUND_OVERLAPS
2015-04-06 12:55:27 INFO  InputDataRemoveOverlaps:324 - DO_NOT_WRITE_ANNOTATION_BINARY_MATRIX
2015-04-06 12:55:27 INFO  InputDataRemoveOverlaps:324 - DO_NOT_WRITE_GENERATED_RANDOM_DATA
2015-04-06 12:55:27 INFO  InputDataRemoveOverlaps:324 - DO_NOT_WRITE_PERMUTATION_BASED_AND_PARAMETRIC_BASED_ANNOTATION_RESULT
2015-04-06 12:55:27 INFO  InputDataRemoveOverlaps:324 - DO_NOT_WRITE_PERMUTATION_BASED_ANNOTATION_RESULT
2015-04-06 12:55:27 INFO  InputDataRemoveOverlaps:324 - 10000
2015-04-06 12:55:27 INFO  InputDataRemoveOverlaps:324 - DO_NOT_USER_DEFINED_GENESET_ANNOTATION
2015-04-06 12:55:27 INFO  InputDataRemoveOverlaps:324 - 
2015-04-06 12:55:27 INFO  InputDataRemoveOverlaps:324 - GENE SYMBOL
2015-04-06 12:55:27 INFO  InputDataRemoveOverlaps:324 - NoName
2015-04-06 12:55:27 INFO  InputDataRemoveOverlaps:324 - NO_OPTIONAL_USERDEFINEDGENESET_DESCRIPTION_FILE_PROVIDED
2015-04-06 12:55:27 INFO  InputDataRemoveOverlaps:324 - DO_NOT_USER_DEFINED_LIBRARY_ANNOTATION
2015-04-06 12:55:27 INFO  InputDataRemoveOverlaps:324 - 
2015-04-06 12:55:27 INFO  InputDataRemoveOverlaps:324 - 0-based coordinates (End Exclusive)
2015-04-06 12:55:27 INFO  InputDataRemoveOverlaps:324 - GIVEN_INPUT_DATA_CONSISTS_OF_MIXED_LENGTH_INTERVALS
2015-04-06 12:55:27 INFO  InputDataRemoveOverlaps:327 - GLANET Parameters ends
2015-04-06 12:55:27 INFO  InputDataRemoveOverlaps:328 - *****************************************************************
2015-04-06 12:56:16 INFO  Enrichment:2930 - Java runtime max memory: 4094	MBs
2015-04-06 12:56:16 INFO  Enrichment:2931 - Java runtime total memory: 4094	MBs
2015-04-06 12:56:16 INFO  Enrichment:2932 - Java runtime free memory: 4038	MBs
2015-04-06 12:56:16 INFO  Enrichment:2933 - Java runtime available processors: 8
2015-04-06 12:56:16 INFO  Enrichment:3241 - **************	1. Run	******************	starts
2015-04-06 12:56:16 INFO  Enrichment:1864 - chromosome name:chr1 chromosome size: 249250621
2015-04-06 12:56:22 INFO  ChromosomeBasedGCTroveList:132 - nthBase must be written once: 0 GCByteList construction has ended.
2015-04-06 12:56:22 INFO  ChromosomeBasedMappabilityTroveList:62 - CHROMOSOME1
2015-04-06 12:56:23 INFO  ChromosomeBasedMappabilityTroveList:117 - numberofGaps:43
2015-04-06 12:56:23 INFO  Enrichment:1918 - Generate Random Data for permutations has started.
2015-04-06 12:57:30 INFO  Enrichment:1960 - Generate Random Data for permutations has taken 66.0 seconds.
2015-04-06 12:57:30 INFO  Enrichment:1997 - Annotation of Permutations has started.
2015-04-06 12:57:42 INFO  Enrichment:1864 - chromosome name:chr2 chromosome size: 243199373
2015-04-06 12:57:49 INFO  ChromosomeBasedGCTroveList:132 - nthBase must be written once: 0 GCByteList construction has ended.
2015-04-06 12:57:49 INFO  ChromosomeBasedMappabilityTroveList:62 - CHROMOSOME2
2015-04-06 12:57:50 INFO  ChromosomeBasedMappabilityTroveList:117 - numberofGaps:26
2015-04-06 12:57:50 INFO  Enrichment:1918 - Generate Random Data for permutations has started.
2015-04-06 12:59:01 INFO  Enrichment:1960 - Generate Random Data for permutations has taken 71.0 seconds.
2015-04-06 12:59:01 INFO  Enrichment:1997 - Annotation of Permutations has started.
2015-04-06 12:59:10 INFO  Enrichment:1864 - chromosome name:chr3 chromosome size: 198022430
2015-04-06 12:59:15 INFO  ChromosomeBasedGCTroveList:132 - nthBase must be written once: 0 GCByteList construction has ended.
2015-04-06 12:59:15 INFO  ChromosomeBasedMappabilityTroveList:62 - CHROMOSOME3
2015-04-06 12:59:16 INFO  ChromosomeBasedMappabilityTroveList:117 - numberofGaps:7
2015-04-06 12:59:16 INFO  Enrichment:1918 - Generate Random Data for permutations has started.
2015-04-06 13:00:07 INFO  Enrichment:1960 - Generate Random Data for permutations has taken 50.0 seconds.
2015-04-06 13:00:07 INFO  Enrichment:1997 - Annotation of Permutations has started.
2015-04-06 13:00:15 INFO  Enrichment:1864 - chromosome name:chr4 chromosome size: 191154276
2015-04-06 13:00:20 INFO  ChromosomeBasedGCTroveList:132 - nthBase must be written once: 0 GCByteList construction has ended.
2015-04-06 13:00:20 INFO  ChromosomeBasedMappabilityTroveList:62 - CHROMOSOME4
2015-04-06 13:00:21 INFO  ChromosomeBasedMappabilityTroveList:117 - numberofGaps:16
2015-04-06 13:00:21 INFO  Enrichment:1918 - Generate Random Data for permutations has started.
2015-04-06 13:01:21 INFO  Enrichment:1960 - Generate Random Data for permutations has taken 60.0 seconds.
2015-04-06 13:01:22 INFO  Enrichment:1997 - Annotation of Permutations has started.
2015-04-06 13:01:28 INFO  Enrichment:1864 - chromosome name:chr5 chromosome size: 180915260
2015-04-06 13:01:33 INFO  ChromosomeBasedGCTroveList:132 - nthBase must be written once: 0 GCByteList construction has ended.
2015-04-06 13:01:33 INFO  ChromosomeBasedMappabilityTroveList:62 - CHROMOSOME5
2015-04-06 13:01:34 INFO  ChromosomeBasedMappabilityTroveList:117 - numberofGaps:10
2015-04-06 13:01:34 INFO  Enrichment:1918 - Generate Random Data for permutations has started.
2015-04-06 13:02:54 INFO  Enrichment:1960 - Generate Random Data for permutations has taken 80.0 seconds.
2015-04-06 13:02:54 INFO  Enrichment:1997 - Annotation of Permutations has started.
2015-04-06 13:03:02 INFO  Enrichment:1864 - chromosome name:chr6 chromosome size: 171115067
2015-04-06 13:03:07 INFO  ChromosomeBasedGCTroveList:132 - nthBase must be written once: 0 GCByteList construction has ended.
2015-04-06 13:03:07 INFO  ChromosomeBasedMappabilityTroveList:62 - CHROMOSOME6
2015-04-06 13:03:07 INFO  ChromosomeBasedMappabilityTroveList:117 - numberofGaps:9
2015-04-06 13:03:07 INFO  Enrichment:1918 - Generate Random Data for permutations has started.
2015-04-06 13:04:11 INFO  Enrichment:1960 - Generate Random Data for permutations has taken 63.0 seconds.
2015-04-06 13:04:11 INFO  Enrichment:1997 - Annotation of Permutations has started.
2015-04-06 13:04:20 INFO  Enrichment:1864 - chromosome name:chr7 chromosome size: 159138663
2015-04-06 13:04:24 INFO  ChromosomeBasedGCTroveList:132 - nthBase must be written once: 0 GCByteList construction has ended.
2015-04-06 13:04:24 INFO  ChromosomeBasedMappabilityTroveList:62 - CHROMOSOME7
2015-04-06 13:04:25 INFO  ChromosomeBasedMappabilityTroveList:117 - numberofGaps:21
2015-04-06 13:04:25 INFO  Enrichment:1918 - Generate Random Data for permutations has started.
2015-04-06 13:06:03 INFO  Enrichment:1960 - Generate Random Data for permutations has taken 97.0 seconds.
2015-04-06 13:06:03 INFO  Enrichment:1997 - Annotation of Permutations has started.
2015-04-06 13:06:11 INFO  Enrichment:1864 - chromosome name:chr8 chromosome size: 146364022
2015-04-06 13:06:15 INFO  ChromosomeBasedGCTroveList:132 - nthBase must be written once: 0 GCByteList construction has ended.
2015-04-06 13:06:15 INFO  ChromosomeBasedMappabilityTroveList:62 - CHROMOSOME8
2015-04-06 13:06:15 INFO  ChromosomeBasedMappabilityTroveList:117 - numberofGaps:7
2015-04-06 13:06:15 INFO  Enrichment:1918 - Generate Random Data for permutations has started.
2015-04-06 13:07:03 INFO  Enrichment:1960 - Generate Random Data for permutations has taken 47.0 seconds.
2015-04-06 13:07:03 INFO  Enrichment:1997 - Annotation of Permutations has started.
2015-04-06 13:07:10 INFO  Enrichment:1864 - chromosome name:chr9 chromosome size: 141213431
2015-04-06 13:07:14 INFO  ChromosomeBasedGCTroveList:132 - nthBase must be written once: 0 GCByteList construction has ended.
2015-04-06 13:07:14 INFO  ChromosomeBasedMappabilityTroveList:62 - CHROMOSOME9
2015-04-06 13:07:14 INFO  ChromosomeBasedMappabilityTroveList:117 - numberofGaps:42
2015-04-06 13:07:14 INFO  Enrichment:1918 - Generate Random Data for permutations has started.
2015-04-06 13:07:53 INFO  Enrichment:1960 - Generate Random Data for permutations has taken 38.0 seconds.
2015-04-06 13:07:53 INFO  Enrichment:1997 - Annotation of Permutations has started.
2015-04-06 13:07:59 INFO  Enrichment:1864 - chromosome name:chr10 chromosome size: 135534747
2015-04-06 13:08:03 INFO  ChromosomeBasedGCTroveList:132 - nthBase must be written once: 0 GCByteList construction has ended.
2015-04-06 13:08:03 INFO  ChromosomeBasedMappabilityTroveList:62 - CHROMOSOME10
2015-04-06 13:08:03 INFO  ChromosomeBasedMappabilityTroveList:117 - numberofGaps:27
2015-04-06 13:08:03 INFO  Enrichment:1918 - Generate Random Data for permutations has started.
2015-04-06 13:09:57 INFO  Enrichment:1960 - Generate Random Data for permutations has taken 113.0 seconds.
2015-04-06 13:09:57 INFO  Enrichment:1997 - Annotation of Permutations has started.
2015-04-06 13:10:06 INFO  Enrichment:1864 - chromosome name:chr11 chromosome size: 135006516
2015-04-06 13:10:09 INFO  ChromosomeBasedGCTroveList:132 - nthBase must be written once: 0 GCByteList construction has ended.
2015-04-06 13:10:09 INFO  ChromosomeBasedMappabilityTroveList:62 - CHROMOSOME11
2015-04-06 13:10:12 INFO  ChromosomeBasedMappabilityTroveList:117 - numberofGaps:8
2015-04-06 13:10:12 INFO  Enrichment:1918 - Generate Random Data for permutations has started.
2015-04-06 13:11:31 INFO  Enrichment:1960 - Generate Random Data for permutations has taken 79.0 seconds.
2015-04-06 13:11:31 INFO  Enrichment:1997 - Annotation of Permutations has started.
2015-04-06 13:11:42 INFO  Enrichment:1864 - chromosome name:chr12 chromosome size: 133851895
2015-04-06 13:11:45 INFO  ChromosomeBasedGCTroveList:132 - nthBase must be written once: 0 GCByteList construction has ended.
2015-04-06 13:11:45 INFO  ChromosomeBasedMappabilityTroveList:62 - CHROMOSOME12
2015-04-06 13:11:46 INFO  ChromosomeBasedMappabilityTroveList:117 - numberofGaps:17
2015-04-06 13:11:46 INFO  Enrichment:1918 - Generate Random Data for permutations has started.
2015-04-06 13:13:55 INFO  Enrichment:1960 - Generate Random Data for permutations has taken 128.0 seconds.
2015-04-06 13:13:55 INFO  Enrichment:1997 - Annotation of Permutations has started.
2015-04-06 13:14:04 INFO  Enrichment:1864 - chromosome name:chr13 chromosome size: 115169878
2015-04-06 13:14:07 INFO  ChromosomeBasedGCTroveList:132 - nthBase must be written once: 0 GCByteList construction has ended.
2015-04-06 13:14:07 INFO  ChromosomeBasedMappabilityTroveList:62 - CHROMOSOME13
2015-04-06 13:14:08 INFO  ChromosomeBasedMappabilityTroveList:117 - numberofGaps:4
2015-04-06 13:14:08 INFO  Enrichment:1918 - Generate Random Data for permutations has started.
2015-04-06 13:14:48 INFO  Enrichment:1960 - Generate Random Data for permutations has taken 39.0 seconds.
2015-04-06 13:14:48 INFO  Enrichment:1997 - Annotation of Permutations has started.
2015-04-06 13:14:53 INFO  Enrichment:1864 - chromosome name:chr14 chromosome size: 107349540
2015-04-06 13:14:56 INFO  ChromosomeBasedGCTroveList:132 - nthBase must be written once: 0 GCByteList construction has ended.
2015-04-06 13:14:56 INFO  ChromosomeBasedMappabilityTroveList:62 - CHROMOSOME14
2015-04-06 13:14:57 INFO  ChromosomeBasedMappabilityTroveList:117 - numberofGaps:0
2015-04-06 13:14:57 INFO  Enrichment:1918 - Generate Random Data for permutations has started.
2015-04-06 13:16:16 INFO  Enrichment:1960 - Generate Random Data for permutations has taken 78.0 seconds.
2015-04-06 13:16:16 INFO  Enrichment:1997 - Annotation of Permutations has started.
2015-04-06 13:16:22 INFO  Enrichment:1864 - chromosome name:chr15 chromosome size: 102531392
2015-04-06 13:16:25 INFO  ChromosomeBasedGCTroveList:132 - nthBase must be written once: 0 GCByteList construction has ended.
2015-04-06 13:16:25 INFO  ChromosomeBasedMappabilityTroveList:62 - CHROMOSOME15
2015-04-06 13:16:27 INFO  ChromosomeBasedMappabilityTroveList:117 - numberofGaps:10
2015-04-06 13:16:27 INFO  Enrichment:1918 - Generate Random Data for permutations has started.
2015-04-06 13:17:34 INFO  Enrichment:1960 - Generate Random Data for permutations has taken 67.0 seconds.
2015-04-06 13:17:34 INFO  Enrichment:1997 - Annotation of Permutations has started.
2015-04-06 13:17:41 INFO  Enrichment:1864 - chromosome name:chr16 chromosome size: 90354753
2015-04-06 13:17:43 INFO  ChromosomeBasedGCTroveList:132 - nthBase must be written once: 0 GCByteList construction has ended.
2015-04-06 13:17:43 INFO  ChromosomeBasedMappabilityTroveList:62 - CHROMOSOME16
2015-04-06 13:17:44 INFO  ChromosomeBasedMappabilityTroveList:117 - numberofGaps:4
2015-04-06 13:17:44 INFO  Enrichment:1918 - Generate Random Data for permutations has started.
2015-04-06 13:19:15 INFO  Enrichment:1960 - Generate Random Data for permutations has taken 90.0 seconds.
2015-04-06 13:19:15 INFO  Enrichment:1997 - Annotation of Permutations has started.
2015-04-06 13:19:23 INFO  Enrichment:1864 - chromosome name:chr17 chromosome size: 81195210
2015-04-06 13:19:26 INFO  ChromosomeBasedGCTroveList:132 - nthBase must be written once: 0 GCByteList construction has ended.
2015-04-06 13:19:26 INFO  ChromosomeBasedMappabilityTroveList:62 - CHROMOSOME17
2015-04-06 13:19:27 INFO  ChromosomeBasedMappabilityTroveList:117 - numberofGaps:7
2015-04-06 13:19:27 INFO  Enrichment:1918 - Generate Random Data for permutations has started.
2015-04-06 13:21:24 INFO  Enrichment:1960 - Generate Random Data for permutations has taken 117.0 seconds.
2015-04-06 13:21:25 INFO  Enrichment:1997 - Annotation of Permutations has started.
2015-04-06 13:21:36 INFO  Enrichment:1864 - chromosome name:chr18 chromosome size: 78077248
2015-04-06 13:21:38 INFO  ChromosomeBasedGCTroveList:132 - nthBase must be written once: 0 GCByteList construction has ended.
2015-04-06 13:21:38 INFO  ChromosomeBasedMappabilityTroveList:62 - CHROMOSOME18
2015-04-06 13:21:39 INFO  ChromosomeBasedMappabilityTroveList:117 - numberofGaps:5
2015-04-06 13:21:39 INFO  Enrichment:1918 - Generate Random Data for permutations has started.
2015-04-06 13:21:59 INFO  Enrichment:1960 - Generate Random Data for permutations has taken 19.0 seconds.
2015-04-06 13:21:59 INFO  Enrichment:1997 - Annotation of Permutations has started.
2015-04-06 13:22:02 INFO  Enrichment:1864 - chromosome name:chr19 chromosome size: 59128983
2015-04-06 13:22:04 INFO  ChromosomeBasedGCTroveList:132 - nthBase must be written once: 0 GCByteList construction has ended.
2015-04-06 13:22:04 INFO  ChromosomeBasedMappabilityTroveList:62 - CHROMOSOME19
2015-04-06 13:22:05 INFO  ChromosomeBasedMappabilityTroveList:117 - numberofGaps:6
2015-04-06 13:22:05 INFO  Enrichment:1918 - Generate Random Data for permutations has started.
2015-04-06 13:22:26 INFO  Enrichment:1960 - Generate Random Data for permutations has taken 21.0 seconds.
2015-04-06 13:22:26 INFO  Enrichment:1997 - Annotation of Permutations has started.
2015-04-06 13:22:33 INFO  Enrichment:1864 - chromosome name:chr20 chromosome size: 63025520
2015-04-06 13:22:35 INFO  ChromosomeBasedGCTroveList:132 - nthBase must be written once: 0 GCByteList construction has ended.
2015-04-06 13:22:35 INFO  ChromosomeBasedMappabilityTroveList:62 - CHROMOSOME20
2015-04-06 13:22:35 INFO  ChromosomeBasedMappabilityTroveList:117 - numberofGaps:5
2015-04-06 13:22:35 INFO  Enrichment:1918 - Generate Random Data for permutations has started.
2015-04-06 13:22:44 INFO  Enrichment:1960 - Generate Random Data for permutations has taken 8.0 seconds.
2015-04-06 13:22:44 INFO  Enrichment:1997 - Annotation of Permutations has started.
2015-04-06 13:22:47 INFO  Enrichment:1864 - chromosome name:chr21 chromosome size: 48129895
2015-04-06 13:22:48 INFO  ChromosomeBasedGCTroveList:132 - nthBase must be written once: 0 GCByteList construction has ended.
2015-04-06 13:22:48 INFO  ChromosomeBasedMappabilityTroveList:62 - CHROMOSOME21
2015-04-06 13:22:49 INFO  ChromosomeBasedMappabilityTroveList:117 - numberofGaps:17
2015-04-06 13:22:49 INFO  Enrichment:1918 - Generate Random Data for permutations has started.
2015-04-06 13:23:14 INFO  Enrichment:1960 - Generate Random Data for permutations has taken 25.0 seconds.
2015-04-06 13:23:14 INFO  Enrichment:1997 - Annotation of Permutations has started.
2015-04-06 13:23:17 INFO  Enrichment:1864 - chromosome name:chr22 chromosome size: 51304566
2015-04-06 13:23:18 INFO  ChromosomeBasedGCTroveList:132 - nthBase must be written once: 0 GCByteList construction has ended.
2015-04-06 13:23:18 INFO  ChromosomeBasedMappabilityTroveList:62 - CHROMOSOME22
2015-04-06 13:23:19 INFO  ChromosomeBasedMappabilityTroveList:117 - numberofGaps:16
2015-04-06 13:23:19 INFO  Enrichment:1918 - Generate Random Data for permutations has started.
2015-04-06 13:23:52 INFO  Enrichment:1960 - Generate Random Data for permutations has taken 32.0 seconds.
2015-04-06 13:23:52 INFO  Enrichment:1997 - Annotation of Permutations has started.
2015-04-06 13:23:58 INFO  Enrichment:1864 - chromosome name:chrX chromosome size: 155270560
2015-04-06 13:23:58 INFO  Enrichment:1864 - chromosome name:chrY chromosome size: 59373566
2015-04-06 13:23:58 INFO  Enrichment:2395 - RUN_NUMBER: 1 NUMBER_OF_PERMUTATIONS:  10000 took 1662.0 seconds.
