2015-04-14 16:52:43 INFO  InputDataRemoveOverlaps:319 - *****************************************************************
2015-04-14 16:52:43 INFO  InputDataRemoveOverlaps:320 - GLANET Parameters starts
2015-04-14 16:52:43 INFO  InputDataRemoveOverlaps:324 - C:\Users\Burçak\Google Drive\Data\demo_input_data\NonExpressingGenesIntervals_EndInclusive.txt\
2015-04-14 16:52:43 INFO  InputDataRemoveOverlaps:324 - GRCh37.p13
2015-04-14 16:52:43 INFO  InputDataRemoveOverlaps:324 - C:\Users\Burçak\Google Drive\
2015-04-14 16:52:43 INFO  InputDataRemoveOverlaps:324 - 0-based coordinates (End Inclusive)
2015-04-14 16:52:43 INFO  InputDataRemoveOverlaps:324 - 1
2015-04-14 16:52:43 INFO  InputDataRemoveOverlaps:324 - DO_ENRICH
2015-04-14 16:52:43 INFO  InputDataRemoveOverlaps:324 - With GC and Mappability
2015-04-14 16:52:43 INFO  InputDataRemoveOverlaps:324 - Benjamini Hochberg FDR
2015-04-14 16:52:43 INFO  InputDataRemoveOverlaps:324 - 0.05
2015-04-14 16:52:43 INFO  InputDataRemoveOverlaps:324 - 0.05
2015-04-14 16:52:43 INFO  InputDataRemoveOverlaps:324 - 10000
2015-04-14 16:52:43 INFO  InputDataRemoveOverlaps:324 - DO_DNASE_ANNOTATION
2015-04-14 16:52:43 INFO  InputDataRemoveOverlaps:324 - DO_HISTONE_ANNOTATION
2015-04-14 16:52:43 INFO  InputDataRemoveOverlaps:324 - DO_TF_ANNOTATION
2015-04-14 16:52:43 INFO  InputDataRemoveOverlaps:324 - DO_NOT_GENE_ANNOTATION
2015-04-14 16:52:43 INFO  InputDataRemoveOverlaps:324 - DO_NOT_KEGGPATHWAY_ANNOTATION
2015-04-14 16:52:43 INFO  InputDataRemoveOverlaps:324 - DO_NOT_TF_KEGGPATHWAY_ANNOTATION
2015-04-14 16:52:43 INFO  InputDataRemoveOverlaps:324 - DO_NOT_TF_CELLLINE_KEGGPATHWAY_ANNOTATION
2015-04-14 16:52:43 INFO  InputDataRemoveOverlaps:324 - DO_NOT_REGULATORY_SEQUENCE_ANALYSIS_USING_RSAT
2015-04-14 16:52:43 INFO  InputDataRemoveOverlaps:324 - testNonExpressingGenes
2015-04-14 16:52:43 INFO  InputDataRemoveOverlaps:324 - DO_NOT_WRITE_ELEMENT_BASED_ANNOTATION_FOUND_OVERLAPS
2015-04-14 16:52:43 INFO  InputDataRemoveOverlaps:324 - DO_NOT_WRITE_ANNOTATION_BINARY_MATRIX
2015-04-14 16:52:43 INFO  InputDataRemoveOverlaps:324 - DO_NOT_WRITE_GENERATED_RANDOM_DATA
2015-04-14 16:52:43 INFO  InputDataRemoveOverlaps:324 - DO_NOT_WRITE_PERMUTATION_BASED_AND_PARAMETRIC_BASED_ANNOTATION_RESULT
2015-04-14 16:52:43 INFO  InputDataRemoveOverlaps:324 - DO_NOT_WRITE_PERMUTATION_BASED_ANNOTATION_RESULT
2015-04-14 16:52:43 INFO  InputDataRemoveOverlaps:324 - 10000
2015-04-14 16:52:43 INFO  InputDataRemoveOverlaps:324 - DO_NOT_USER_DEFINED_GENESET_ANNOTATION
2015-04-14 16:52:43 INFO  InputDataRemoveOverlaps:324 - 
2015-04-14 16:52:43 INFO  InputDataRemoveOverlaps:324 - GENE SYMBOL
2015-04-14 16:52:43 INFO  InputDataRemoveOverlaps:324 - NoName
2015-04-14 16:52:43 INFO  InputDataRemoveOverlaps:324 - NO_OPTIONAL_USERDEFINEDGENESET_DESCRIPTION_FILE_PROVIDED
2015-04-14 16:52:43 INFO  InputDataRemoveOverlaps:324 - DO_NOT_USER_DEFINED_LIBRARY_ANNOTATION
2015-04-14 16:52:43 INFO  InputDataRemoveOverlaps:324 - 
2015-04-14 16:52:43 INFO  InputDataRemoveOverlaps:324 - 0-based coordinates (End Exclusive)
2015-04-14 16:52:43 INFO  InputDataRemoveOverlaps:324 - GIVEN_INPUT_DATA_CONSISTS_OF_MIXED_LENGTH_INTERVALS
2015-04-14 16:52:43 INFO  InputDataRemoveOverlaps:327 - GLANET Parameters ends
2015-04-14 16:52:43 INFO  InputDataRemoveOverlaps:328 - *****************************************************************
2015-04-14 16:53:33 INFO  Enrichment:2975 - Java runtime max memory: 3925	MBs
2015-04-14 16:53:33 INFO  Enrichment:2976 - Java runtime total memory: 3925	MBs
2015-04-14 16:53:33 INFO  Enrichment:2977 - Java runtime free memory: 3870	MBs
2015-04-14 16:53:33 INFO  Enrichment:2978 - Java runtime available processors: 8
2015-04-14 16:53:33 INFO  Enrichment:894 - Input data file name is: C:\Users\Burçak\Google Drive\Output\testNonExpressingGenes\GivenInputData\Input_Data_Processed_OverlapsRemoved_0Based_Start_End_GRCh37_p13_coordinates.txt
2015-04-14 16:53:33 INFO  Enrichment:3287 - **************	1. Run	******************	starts
2015-04-14 16:53:33 INFO  Enrichment:3488 - Concurrent programming has started.
2015-04-14 16:53:33 INFO  Enrichment:1844 - Run Number: 1
2015-04-14 16:53:33 INFO  Enrichment:1852 - PermutationNumberList is filled.
2015-04-14 16:53:33 INFO  Enrichment:1882 - chromosome name:chr1 chromosome size: 249250621
2015-04-14 16:53:33 INFO  Enrichment:1916 - Filling of gcIntervalTree, mapabilityChromosomePositionList, mapabilityShortValueList  has started.
2015-04-14 16:53:35 INFO  ChromosomeBasedMappabilityTroveList:62 - CHROMOSOME1
2015-04-14 16:53:36 INFO  ChromosomeBasedMappabilityTroveList:117 - numberofGaps:43
2015-04-14 16:53:36 INFO  Enrichment:1942 - Filling of gcIntervalTree, mapabilityChromosomePositionList, mapabilityShortValueList  has taken 2.0 seconds.
2015-04-14 16:53:36 INFO  Enrichment:1955 - Generate Random Data for permutations has started.
