2015-04-10 16:46:26 INFO  InputDataRemoveOverlaps:319 - *****************************************************************
2015-04-10 16:46:26 INFO  InputDataRemoveOverlaps:320 - GLANET Parameters starts
2015-04-10 16:46:26 INFO  InputDataRemoveOverlaps:324 - C:\Users\Burçak\Google Drive\Data\demo_input_data\UmutToprak_eDMRs2_05.bed\
2015-04-10 16:46:26 INFO  InputDataRemoveOverlaps:324 - GRCh37.p13
2015-04-10 16:46:26 INFO  InputDataRemoveOverlaps:324 - C:\Users\Burçak\Google Drive\
2015-04-10 16:46:26 INFO  InputDataRemoveOverlaps:324 - BED
2015-04-10 16:46:26 INFO  InputDataRemoveOverlaps:324 - 1
2015-04-10 16:46:26 INFO  InputDataRemoveOverlaps:324 - DO_ENRICH
2015-04-10 16:46:26 INFO  InputDataRemoveOverlaps:324 - With GC and Mappability
2015-04-10 16:46:26 INFO  InputDataRemoveOverlaps:324 - Benjamini Hochberg FDR
2015-04-10 16:46:26 INFO  InputDataRemoveOverlaps:324 - 0.05
2015-04-10 16:46:26 INFO  InputDataRemoveOverlaps:324 - 0.05
2015-04-10 16:46:26 INFO  InputDataRemoveOverlaps:324 - 10000
2015-04-10 16:46:26 INFO  InputDataRemoveOverlaps:324 - DO_DNASE_ANNOTATION
2015-04-10 16:46:26 INFO  InputDataRemoveOverlaps:324 - DO_NOT_HISTONE_ANNOTATION
2015-04-10 16:46:26 INFO  InputDataRemoveOverlaps:324 - DO_NOT_TF_ANNOTATION
2015-04-10 16:46:26 INFO  InputDataRemoveOverlaps:324 - DO_NOT_GENE_ANNOTATION
2015-04-10 16:46:26 INFO  InputDataRemoveOverlaps:324 - DO_NOT_KEGGPATHWAY_ANNOTATION
2015-04-10 16:46:26 INFO  InputDataRemoveOverlaps:324 - DO_NOT_TF_KEGGPATHWAY_ANNOTATION
2015-04-10 16:46:26 INFO  InputDataRemoveOverlaps:324 - DO_NOT_TF_CELLLINE_KEGGPATHWAY_ANNOTATION
2015-04-10 16:46:26 INFO  InputDataRemoveOverlaps:324 - DO_NOT_REGULATORY_SEQUENCE_ANALYSIS_USING_RSAT
2015-04-10 16:46:26 INFO  InputDataRemoveOverlaps:324 - test
2015-04-10 16:46:26 INFO  InputDataRemoveOverlaps:324 - DO_NOT_WRITE_ELEMENT_BASED_ANNOTATION_FOUND_OVERLAPS
2015-04-10 16:46:26 INFO  InputDataRemoveOverlaps:324 - DO_NOT_WRITE_ANNOTATION_BINARY_MATRIX
2015-04-10 16:46:26 INFO  InputDataRemoveOverlaps:324 - DO_NOT_WRITE_GENERATED_RANDOM_DATA
2015-04-10 16:46:26 INFO  InputDataRemoveOverlaps:324 - DO_NOT_WRITE_PERMUTATION_BASED_AND_PARAMETRIC_BASED_ANNOTATION_RESULT
2015-04-10 16:46:26 INFO  InputDataRemoveOverlaps:324 - DO_NOT_WRITE_PERMUTATION_BASED_ANNOTATION_RESULT
2015-04-10 16:46:26 INFO  InputDataRemoveOverlaps:324 - 5000
2015-04-10 16:46:26 INFO  InputDataRemoveOverlaps:324 - DO_NOT_USER_DEFINED_GENESET_ANNOTATION
2015-04-10 16:46:26 INFO  InputDataRemoveOverlaps:324 - 
2015-04-10 16:46:26 INFO  InputDataRemoveOverlaps:324 - GENE SYMBOL
2015-04-10 16:46:26 INFO  InputDataRemoveOverlaps:324 - NoName
2015-04-10 16:46:26 INFO  InputDataRemoveOverlaps:324 - NO_OPTIONAL_USERDEFINEDGENESET_DESCRIPTION_FILE_PROVIDED
2015-04-10 16:46:26 INFO  InputDataRemoveOverlaps:324 - DO_NOT_USER_DEFINED_LIBRARY_ANNOTATION
2015-04-10 16:46:26 INFO  InputDataRemoveOverlaps:324 - 
2015-04-10 16:46:26 INFO  InputDataRemoveOverlaps:324 - 0-based coordinates (End Exclusive)
2015-04-10 16:46:26 INFO  InputDataRemoveOverlaps:324 - GIVEN_INPUT_DATA_CONSISTS_OF_MIXED_LENGTH_INTERVALS
2015-04-10 16:46:26 INFO  InputDataRemoveOverlaps:327 - GLANET Parameters ends
2015-04-10 16:46:26 INFO  InputDataRemoveOverlaps:328 - *****************************************************************
2015-04-10 16:47:02 INFO  Enrichment:2950 - Java runtime max memory: 3925	MBs
2015-04-10 16:47:02 INFO  Enrichment:2951 - Java runtime total memory: 3925	MBs
2015-04-10 16:47:02 INFO  Enrichment:2952 - Java runtime free memory: 3887	MBs
2015-04-10 16:47:02 INFO  Enrichment:2953 - Java runtime available processors: 8
2015-04-10 16:47:02 INFO  Enrichment:889 - Input data file name is: C:\Users\Burçak\Google Drive\Output\test\GivenInputData\Input_Data_Processed_OverlapsRemoved_0Based_Start_End_GRCh37_p13_coordinates.txt
2015-04-10 16:47:02 INFO  Enrichment:3261 - **************	1. Run	******************	starts
2015-04-10 16:47:02 INFO  Enrichment:3462 - Concurrent programming has started.
2015-04-10 16:47:02 INFO  Enrichment:1833 - Run Number: 1
2015-04-10 16:47:02 INFO  Enrichment:1841 - PermutationNumberList is filled.
2015-04-10 16:47:02 INFO  Enrichment:1871 - chromosome name:chr1 chromosome size: 249250621
2015-04-10 16:47:02 INFO  Enrichment:1900 - Filling of gcByteList, mapabilityChromosomePositionList, mapabilityShortValueList  has started.
2015-04-10 16:47:10 INFO  ChromosomeBasedGCTroveList:132 - nthBase must be written once: 0 GCByteList construction has ended.
2015-04-10 16:47:14 INFO  ChromosomeBasedGCIntervalTree:129 - nthBase must be written once: 254235634 GCIntervalTree construction has ended.
2015-04-10 16:47:14 INFO  ChromosomeBasedMappabilityTroveList:62 - CHROMOSOME1
2015-04-10 16:47:15 INFO  ChromosomeBasedMappabilityTroveList:117 - numberofGaps:43
2015-04-10 16:47:15 INFO  Enrichment:1920 - Filling of gcByteList, mapabilityChromosomePositionList, mapabilityShortValueList  has taken 12.0 seconds.
2015-04-10 16:47:15 INFO  Enrichment:1933 - Generate Random Data for permutations has started.
2015-04-10 16:47:44 INFO  Enrichment:1975 - Generate Random Data for permutations has taken 29.0 seconds.
2015-04-10 16:47:45 INFO  Enrichment:2012 - Annotation of Permutations has started.
2015-04-10 16:47:52 INFO  Enrichment:2371 - Annotation of Permutations has took 7.0 seconds.
2015-04-10 16:47:52 INFO  Enrichment:2380 - RunNumber: 1 For Chromosome: chr1 Annotation of 5000 permutations where each of them has 156  intervals took  49.0 seconds.
2015-04-10 16:47:52 INFO  Enrichment:2381 - ******************************************************************************************
2015-04-10 16:47:52 INFO  Enrichment:1871 - chromosome name:chr2 chromosome size: 243199373
2015-04-10 16:47:52 INFO  Enrichment:1900 - Filling of gcByteList, mapabilityChromosomePositionList, mapabilityShortValueList  has started.
2015-04-10 16:47:59 INFO  ChromosomeBasedGCTroveList:132 - nthBase must be written once: 0 GCByteList construction has ended.
2015-04-10 16:48:03 INFO  ChromosomeBasedGCIntervalTree:129 - nthBase must be written once: 248063361 GCIntervalTree construction has ended.
2015-04-10 16:48:03 INFO  ChromosomeBasedMappabilityTroveList:62 - CHROMOSOME2
2015-04-10 16:48:04 INFO  ChromosomeBasedMappabilityTroveList:117 - numberofGaps:26
2015-04-10 16:48:04 INFO  Enrichment:1920 - Filling of gcByteList, mapabilityChromosomePositionList, mapabilityShortValueList  has taken 12.0 seconds.
2015-04-10 16:48:04 INFO  Enrichment:1933 - Generate Random Data for permutations has started.
2015-04-10 16:48:28 INFO  Enrichment:1975 - Generate Random Data for permutations has taken 23.0 seconds.
2015-04-10 16:48:29 INFO  Enrichment:2012 - Annotation of Permutations has started.
2015-04-10 16:48:33 INFO  Enrichment:2371 - Annotation of Permutations has took 4.0 seconds.
2015-04-10 16:48:33 INFO  Enrichment:2380 - RunNumber: 1 For Chromosome: chr2 Annotation of 5000 permutations where each of them has 98  intervals took  40.0 seconds.
2015-04-10 16:48:33 INFO  Enrichment:2381 - ******************************************************************************************
2015-04-10 16:48:33 INFO  Enrichment:1871 - chromosome name:chr3 chromosome size: 198022430
2015-04-10 16:48:33 INFO  Enrichment:1900 - Filling of gcByteList, mapabilityChromosomePositionList, mapabilityShortValueList  has started.
2015-04-10 16:48:39 INFO  ChromosomeBasedGCTroveList:132 - nthBase must be written once: 0 GCByteList construction has ended.
2015-04-10 16:48:41 INFO  ChromosomeBasedGCIntervalTree:129 - nthBase must be written once: 201982879 GCIntervalTree construction has ended.
2015-04-10 16:48:41 INFO  ChromosomeBasedMappabilityTroveList:62 - CHROMOSOME3
2015-04-10 16:48:42 INFO  ChromosomeBasedMappabilityTroveList:117 - numberofGaps:7
2015-04-10 16:48:42 INFO  Enrichment:1920 - Filling of gcByteList, mapabilityChromosomePositionList, mapabilityShortValueList  has taken 9.0 seconds.
2015-04-10 16:48:42 INFO  Enrichment:1933 - Generate Random Data for permutations has started.
2015-04-10 16:49:03 INFO  Enrichment:1975 - Generate Random Data for permutations has taken 20.0 seconds.
2015-04-10 16:49:03 INFO  Enrichment:2012 - Annotation of Permutations has started.
2015-04-10 16:49:07 INFO  Enrichment:2371 - Annotation of Permutations has took 3.0 seconds.
2015-04-10 16:49:07 INFO  Enrichment:2380 - RunNumber: 1 For Chromosome: chr3 Annotation of 5000 permutations where each of them has 117  intervals took  34.0 seconds.
2015-04-10 16:49:07 INFO  Enrichment:2381 - ******************************************************************************************
2015-04-10 16:49:07 INFO  Enrichment:1871 - chromosome name:chr4 chromosome size: 191154276
2015-04-10 16:49:07 INFO  Enrichment:1900 - Filling of gcByteList, mapabilityChromosomePositionList, mapabilityShortValueList  has started.
2015-04-10 16:49:13 INFO  ChromosomeBasedGCTroveList:132 - nthBase must be written once: 0 GCByteList construction has ended.
2015-04-10 16:49:15 INFO  ChromosomeBasedGCIntervalTree:129 - nthBase must be written once: 194977362 GCIntervalTree construction has ended.
2015-04-10 16:49:15 INFO  ChromosomeBasedMappabilityTroveList:62 - CHROMOSOME4
2015-04-10 16:49:16 INFO  ChromosomeBasedMappabilityTroveList:117 - numberofGaps:16
2015-04-10 16:49:16 INFO  Enrichment:1920 - Filling of gcByteList, mapabilityChromosomePositionList, mapabilityShortValueList  has taken 8.0 seconds.
2015-04-10 16:49:16 INFO  Enrichment:1933 - Generate Random Data for permutations has started.
2015-04-10 16:49:31 INFO  Enrichment:1975 - Generate Random Data for permutations has taken 15.0 seconds.
2015-04-10 16:49:31 INFO  Enrichment:2012 - Annotation of Permutations has started.
2015-04-10 16:49:34 INFO  Enrichment:2371 - Annotation of Permutations has took 3.0 seconds.
2015-04-10 16:49:34 INFO  Enrichment:2380 - RunNumber: 1 For Chromosome: chr4 Annotation of 5000 permutations where each of them has 98  intervals took  27.0 seconds.
2015-04-10 16:49:34 INFO  Enrichment:2381 - ******************************************************************************************
2015-04-10 16:49:35 INFO  Enrichment:1871 - chromosome name:chr5 chromosome size: 180915260
2015-04-10 16:49:35 INFO  Enrichment:1900 - Filling of gcByteList, mapabilityChromosomePositionList, mapabilityShortValueList  has started.
2015-04-10 16:49:40 INFO  ChromosomeBasedGCTroveList:132 - nthBase must be written once: 0 GCByteList construction has ended.
2015-04-10 16:49:43 INFO  ChromosomeBasedGCIntervalTree:129 - nthBase must be written once: 184533566 GCIntervalTree construction has ended.
2015-04-10 16:49:43 INFO  ChromosomeBasedMappabilityTroveList:62 - CHROMOSOME5
2015-04-10 16:49:43 INFO  ChromosomeBasedMappabilityTroveList:117 - numberofGaps:10
2015-04-10 16:49:43 INFO  Enrichment:1920 - Filling of gcByteList, mapabilityChromosomePositionList, mapabilityShortValueList  has taken 8.0 seconds.
2015-04-10 16:49:43 INFO  Enrichment:1933 - Generate Random Data for permutations has started.
2015-04-10 16:50:15 INFO  Enrichment:1975 - Generate Random Data for permutations has taken 31.0 seconds.
2015-04-10 16:50:15 INFO  Enrichment:2012 - Annotation of Permutations has started.
2015-04-10 16:50:18 INFO  Enrichment:2371 - Annotation of Permutations has took 3.0 seconds.
2015-04-10 16:50:18 INFO  Enrichment:2380 - RunNumber: 1 For Chromosome: chr5 Annotation of 5000 permutations where each of them has 86  intervals took  43.0 seconds.
2015-04-10 16:50:18 INFO  Enrichment:2381 - ******************************************************************************************
2015-04-10 16:50:18 INFO  Enrichment:1871 - chromosome name:chr6 chromosome size: 171115067
2015-04-10 16:50:18 INFO  Enrichment:1900 - Filling of gcByteList, mapabilityChromosomePositionList, mapabilityShortValueList  has started.
2015-04-10 16:50:23 INFO  ChromosomeBasedGCTroveList:132 - nthBase must be written once: 0 GCByteList construction has ended.
2015-04-10 16:50:26 INFO  ChromosomeBasedGCIntervalTree:129 - nthBase must be written once: 174537369 GCIntervalTree construction has ended.
2015-04-10 16:50:26 INFO  ChromosomeBasedMappabilityTroveList:62 - CHROMOSOME6
2015-04-10 16:50:26 INFO  ChromosomeBasedMappabilityTroveList:117 - numberofGaps:9
2015-04-10 16:50:26 INFO  Enrichment:1920 - Filling of gcByteList, mapabilityChromosomePositionList, mapabilityShortValueList  has taken 7.0 seconds.
2015-04-10 16:50:26 INFO  Enrichment:1933 - Generate Random Data for permutations has started.
2015-04-10 16:50:48 INFO  Enrichment:1975 - Generate Random Data for permutations has taken 21.0 seconds.
2015-04-10 16:50:48 INFO  Enrichment:2012 - Annotation of Permutations has started.
2015-04-10 16:50:52 INFO  Enrichment:2371 - Annotation of Permutations has took 3.0 seconds.
2015-04-10 16:50:52 INFO  Enrichment:2380 - RunNumber: 1 For Chromosome: chr6 Annotation of 5000 permutations where each of them has 114  intervals took  33.0 seconds.
2015-04-10 16:50:52 INFO  Enrichment:2381 - ******************************************************************************************
2015-04-10 16:50:52 INFO  Enrichment:1871 - chromosome name:chr7 chromosome size: 159138663
2015-04-10 16:50:52 INFO  Enrichment:1900 - Filling of gcByteList, mapabilityChromosomePositionList, mapabilityShortValueList  has started.
2015-04-10 16:50:57 INFO  ChromosomeBasedGCTroveList:132 - nthBase must be written once: 0 GCByteList construction has ended.
2015-04-10 16:50:59 INFO  ChromosomeBasedGCIntervalTree:129 - nthBase must be written once: 162321437 GCIntervalTree construction has ended.
2015-04-10 16:50:59 INFO  ChromosomeBasedMappabilityTroveList:62 - CHROMOSOME7
2015-04-10 16:51:00 INFO  ChromosomeBasedMappabilityTroveList:117 - numberofGaps:21
2015-04-10 16:51:00 INFO  Enrichment:1920 - Filling of gcByteList, mapabilityChromosomePositionList, mapabilityShortValueList  has taken 7.0 seconds.
2015-04-10 16:51:00 INFO  Enrichment:1933 - Generate Random Data for permutations has started.
