2015-02-19 14:57:33 INFO  InputDataProcess:173 - ******************************************************************************
2015-02-19 14:57:33 INFO  InputDataProcess:174 - Number of rsIds in the given rsID input file: 1054
2015-02-19 14:57:33 INFO  InputDataProcess:175 - Number of unique rsIds in the given rsID input file: 121
2015-02-19 14:57:33 INFO  InputDataProcess:176 - ******************************************************************************
2015-02-19 14:57:44 INFO  InputDataProcess:192 - ******************************************************************************
2015-02-19 14:57:44 INFO  InputDataProcess:208 - ******************************************************************************
2015-02-19 14:57:44 INFO  InputDataProcess:224 - ******************************************************************************
2015-02-19 14:57:44 INFO  InputDataProcess:225 - We have 121 rsIds at hand before NCBI EUTIL EFETCH
2015-02-19 14:57:44 INFO  InputDataProcess:227 - Number of given rsIds that are lost 0
2015-02-19 14:57:44 INFO  InputDataProcess:228 - Number of NCBI EUTIL returned rsIds that are gained 0
2015-02-19 14:57:44 INFO  InputDataProcess:230 - Number of given rsIds  does not map to any assembly 0
2015-02-19 14:57:44 INFO  InputDataProcess:231 - Number of given rsIds  does not return any rsID 0
2015-02-19 14:57:44 INFO  InputDataProcess:233 - We have 121 rsIds remained after NCBI EUTIL EFETCH
2015-02-19 14:57:44 INFO  InputDataProcess:237 - We might have lost 0 rsIDs after NCBI EUTIL
2015-02-19 14:57:44 INFO  InputDataProcess:238 - ******************************************************************************
2015-02-19 14:57:44 INFO  InputDataProcess:274 - ******************************************************************************
2015-02-19 14:57:44 INFO  InputDataProcess:275 - Number of genomic loci is 121 in NCBI REMAP input file in sourceAssembly GRCh38
2015-02-19 14:57:44 INFO  InputDataProcess:276 - ******************************************************************************
2015-02-19 14:57:49 INFO  Remap:155 - NCBI REMAP Show Batches Exit status = 1
2015-02-19 14:57:49 INFO  InputDataProcess:317 - ******************************************************************************
2015-02-19 14:58:02 INFO  Remap:356 - NCBI REMAP Exit status = 0	REMAP_DBSNP_IDS_COORDINATES_FROM_LATEST_ASSEMBLY_TO_GRCH37P13
2015-02-19 14:58:02 INFO  Remap:665 - Number of Lines In lineNumber2SourceGenomicLociMap : 121 for file: remap_reportFile_chrName_1Based_Start_End_coordinates.xls
2015-02-19 14:58:02 INFO  Remap:666 - Number of Lines In lineNumber2TargetGenomicLociMap : 121 for file: remap_reportFile_chrName_1Based_Start_End_coordinates.xls
2015-02-19 14:58:02 WARN  Remap:437 - Number of unremapped lines is: 0
2015-02-19 14:58:02 INFO  InputDataProcess:325 - ******************************************************************************
2015-02-19 14:58:02 INFO  FileOperations:731 - ******************************************************************************
2015-02-19 14:58:02 INFO  FileOperations:732 - Number of given input lines ready for GLANET execution: 121
2015-02-19 14:58:02 INFO  FileOperations:733 - ******************************************************************************
2015-02-19 14:58:02 INFO  InputDataRemoveOverlaps:319 - *****************************************************************
2015-02-19 14:58:02 INFO  InputDataRemoveOverlaps:320 - GLANET Parameters starts
2015-02-19 14:58:02 INFO  InputDataRemoveOverlaps:324 - C:\Users\Burçak\Google Drive\Data\demo_input_data\CVD_rsIDs_Mediation.txt\
2015-02-19 14:58:02 INFO  InputDataRemoveOverlaps:324 - GRCh37.p13
2015-02-19 14:58:02 INFO  InputDataRemoveOverlaps:324 - C:\Users\Burçak\Google Drive\
2015-02-19 14:58:02 INFO  InputDataRemoveOverlaps:324 - dbSNP IDs
2015-02-19 14:58:02 INFO  InputDataRemoveOverlaps:324 - 1
2015-02-19 14:58:02 INFO  InputDataRemoveOverlaps:324 - DO_NOT_ENRICH
2015-02-19 14:58:02 INFO  InputDataRemoveOverlaps:324 - With GC and Mappability
2015-02-19 14:58:02 INFO  InputDataRemoveOverlaps:324 - Benjamini Hochberg FDR
2015-02-19 14:58:02 INFO  InputDataRemoveOverlaps:324 - 0.05
2015-02-19 14:58:02 INFO  InputDataRemoveOverlaps:324 - 0.05
2015-02-19 14:58:02 INFO  InputDataRemoveOverlaps:324 - 10000
2015-02-19 14:58:02 INFO  InputDataRemoveOverlaps:324 - DO_DNASE_ANNOTATION
2015-02-19 14:58:02 INFO  InputDataRemoveOverlaps:324 - DO_NOT_HISTONE_ANNOTATION
2015-02-19 14:58:02 INFO  InputDataRemoveOverlaps:324 - DO_NOT_TF_ANNOTATION
2015-02-19 14:58:02 INFO  InputDataRemoveOverlaps:324 - DO_NOT_KEGGPATHWAY_ANNOTATION
2015-02-19 14:58:02 INFO  InputDataRemoveOverlaps:324 - DO_NOT_TF_KEGGPATHWAY_ANNOTATION
2015-02-19 14:58:02 INFO  InputDataRemoveOverlaps:324 - DO_NOT_TF_CELLLINE_KEGGPATHWAY_ANNOTATION
2015-02-19 14:58:02 INFO  InputDataRemoveOverlaps:324 - DO_NOT_REGULATORY_SEQUENCE_ANALYSIS_USING_RSAT
2015-02-19 14:58:02 INFO  InputDataRemoveOverlaps:324 - test_CVD_MED
2015-02-19 14:58:02 INFO  InputDataRemoveOverlaps:324 - DO_NOT_WRITE_GENERATED_RANDOM_DATA
2015-02-19 14:58:02 INFO  InputDataRemoveOverlaps:324 - DO_NOT_WRITE_PERMUTATION_BASED_AND_PARAMETRIC_BASED_ANNOTATION_RESULT
2015-02-19 14:58:02 INFO  InputDataRemoveOverlaps:324 - DO_NOT_WRITE_PERMUTATION_BASED_ANNOTATION_RESULT
2015-02-19 14:58:02 INFO  InputDataRemoveOverlaps:324 - 5000
2015-02-19 14:58:02 INFO  InputDataRemoveOverlaps:324 - DO_NOT_USER_DEFINED_GENESET_ANNOTATION
2015-02-19 14:58:02 INFO  InputDataRemoveOverlaps:324 - 
2015-02-19 14:58:02 INFO  InputDataRemoveOverlaps:324 - GENE SYMBOL
2015-02-19 14:58:02 INFO  InputDataRemoveOverlaps:324 - NoName
2015-02-19 14:58:02 INFO  InputDataRemoveOverlaps:324 - NO_OPTIONAL_USERDEFINEDGENESET_DESCRIPTION_FILE_PROVIDED
2015-02-19 14:58:02 INFO  InputDataRemoveOverlaps:324 - DO_NOT_USER_DEFINED_LIBRARY_ANNOTATION
2015-02-19 14:58:02 INFO  InputDataRemoveOverlaps:324 - 
2015-02-19 14:58:02 INFO  InputDataRemoveOverlaps:324 - 0-based coordinates (End Exclusive)
2015-02-19 14:58:02 INFO  InputDataRemoveOverlaps:324 - GIVEN_INPUT_DATA_CONSISTS_OF_SNPS
2015-02-19 14:58:02 INFO  InputDataRemoveOverlaps:327 - GLANET Parameters ends
2015-02-19 14:58:02 INFO  InputDataRemoveOverlaps:328 - *****************************************************************
