2015-04-16 15:10:13 INFO  InputDataRemoveOverlaps:319 - *****************************************************************
2015-04-16 15:10:13 INFO  InputDataRemoveOverlaps:320 - GLANET Parameters starts
2015-04-16 15:10:13 INFO  InputDataRemoveOverlaps:324 - C:\Users\Burçak\Google Drive\Data\demo_input_data\OCD_GWAS_chrNumber_1Based_GRCh37_p13_Coordinates.txt\
2015-04-16 15:10:13 INFO  InputDataRemoveOverlaps:324 - GRCh37.p13
2015-04-16 15:10:13 INFO  InputDataRemoveOverlaps:324 - C:\Users\Burçak\Google Drive\
2015-04-16 15:10:13 INFO  InputDataRemoveOverlaps:324 - 1-based coordinates (End Inclusive)
2015-04-16 15:10:13 INFO  InputDataRemoveOverlaps:324 - 1
2015-04-16 15:10:13 INFO  InputDataRemoveOverlaps:324 - DO_ENRICH
2015-04-16 15:10:13 INFO  InputDataRemoveOverlaps:324 - With GC and Mappability
2015-04-16 15:10:13 INFO  InputDataRemoveOverlaps:324 - Benjamini Hochberg FDR
2015-04-16 15:10:13 INFO  InputDataRemoveOverlaps:324 - 0.05
2015-04-16 15:10:13 INFO  InputDataRemoveOverlaps:324 - 0.05
2015-04-16 15:10:13 INFO  InputDataRemoveOverlaps:324 - 10000
2015-04-16 15:10:13 INFO  InputDataRemoveOverlaps:324 - DO_NOT_DNASE_ANNOTATION
2015-04-16 15:10:13 INFO  InputDataRemoveOverlaps:324 - DO_NOT_HISTONE_ANNOTATION
2015-04-16 15:10:13 INFO  InputDataRemoveOverlaps:324 - DO_NOT_TF_ANNOTATION
2015-04-16 15:10:13 INFO  InputDataRemoveOverlaps:324 - DO_NOT_GENE_ANNOTATION
2015-04-16 15:10:13 INFO  InputDataRemoveOverlaps:324 - DO_NOT_KEGGPATHWAY_ANNOTATION
2015-04-16 15:10:13 INFO  InputDataRemoveOverlaps:324 - DO_NOT_TF_KEGGPATHWAY_ANNOTATION
2015-04-16 15:10:13 INFO  InputDataRemoveOverlaps:324 - DO_NOT_TF_CELLLINE_KEGGPATHWAY_ANNOTATION
2015-04-16 15:10:13 INFO  InputDataRemoveOverlaps:324 - DO_NOT_REGULATORY_SEQUENCE_ANALYSIS_USING_RSAT
2015-04-16 15:10:13 INFO  InputDataRemoveOverlaps:324 - testOCDUDLRandomChanged
2015-04-16 15:10:13 INFO  InputDataRemoveOverlaps:324 - DO_NOT_WRITE_ELEMENT_BASED_ANNOTATION_FOUND_OVERLAPS
2015-04-16 15:10:13 INFO  InputDataRemoveOverlaps:324 - DO_NOT_WRITE_ANNOTATION_BINARY_MATRIX
2015-04-16 15:10:13 INFO  InputDataRemoveOverlaps:324 - DO_NOT_WRITE_GENERATED_RANDOM_DATA
2015-04-16 15:10:13 INFO  InputDataRemoveOverlaps:324 - DO_NOT_WRITE_PERMUTATION_BASED_AND_PARAMETRIC_BASED_ANNOTATION_RESULT
2015-04-16 15:10:13 INFO  InputDataRemoveOverlaps:324 - DO_NOT_WRITE_PERMUTATION_BASED_ANNOTATION_RESULT
2015-04-16 15:10:13 INFO  InputDataRemoveOverlaps:324 - 10000
2015-04-16 15:10:13 INFO  InputDataRemoveOverlaps:324 - DO_NOT_USER_DEFINED_GENESET_ANNOTATION
2015-04-16 15:10:13 INFO  InputDataRemoveOverlaps:324 - 
2015-04-16 15:10:13 INFO  InputDataRemoveOverlaps:324 - GENE SYMBOL
2015-04-16 15:10:13 INFO  InputDataRemoveOverlaps:324 - NoName
2015-04-16 15:10:13 INFO  InputDataRemoveOverlaps:324 - NO_OPTIONAL_USERDEFINEDGENESET_DESCRIPTION_FILE_PROVIDED
2015-04-16 15:10:13 INFO  InputDataRemoveOverlaps:324 - DO_USER_DEFINED_LIBRARY_ANNOTATION
2015-04-16 15:10:13 INFO  InputDataRemoveOverlaps:324 - C:\Users\Burçak\Google Drive\Data\demo_input_data\UserDefinedLibrary\UserDefinedLibraryInputFile.txt\
2015-04-16 15:10:13 INFO  InputDataRemoveOverlaps:324 - 0-based coordinates (End Exclusive)
2015-04-16 15:10:13 INFO  InputDataRemoveOverlaps:324 - GIVEN_INPUT_DATA_CONSISTS_OF_SNPS
2015-04-16 15:10:13 INFO  InputDataRemoveOverlaps:327 - GLANET Parameters ends
2015-04-16 15:10:13 INFO  InputDataRemoveOverlaps:328 - *****************************************************************
2015-04-16 15:11:49 INFO  Enrichment:3042 - Java runtime max memory: 4023	MBs
2015-04-16 15:11:49 INFO  Enrichment:3043 - Java runtime total memory: 4023	MBs
2015-04-16 15:11:49 INFO  Enrichment:3044 - Java runtime free memory: 3977	MBs
2015-04-16 15:11:49 INFO  Enrichment:3045 - Java runtime available processors: 8
2015-04-16 15:11:49 INFO  Enrichment:908 - Input data file name is: C:\Users\Burçak\Google Drive\Output\testOCDUDLRandomChanged\GivenInputData\Input_Data_Processed_OverlapsRemoved_0Based_Start_End_GRCh37_p13_coordinates.txt
2015-04-16 15:11:49 INFO  Enrichment:3355 - **************	1. Run	******************	starts
2015-04-16 15:11:49 INFO  Enrichment:3556 - Concurrent programming has started.
2015-04-16 15:11:49 INFO  Enrichment:1874 - Run Number: 1
2015-04-16 15:11:49 INFO  Enrichment:1882 - PermutationNumberList is filled.
2015-04-16 15:11:49 INFO  Enrichment:1912 - chromosome name:chr1 chromosome size: 249250621
2015-04-16 15:11:49 INFO  Enrichment:1963 - Filling of gcByteList or gcIntervalTree, mapabilityChromosomePositionList, mapabilityShortValueList  has started.
2015-04-16 15:12:04 INFO  ChromosomeBasedGCTroveList:132 - nthBase must be written once: 0 GCByteList construction has ended.
2015-04-16 15:12:04 INFO  ChromosomeBasedMappabilityTroveList:62 - CHROMOSOME1
2015-04-16 15:12:04 INFO  ChromosomeBasedMappabilityTroveList:117 - numberofGaps:43
2015-04-16 15:12:04 INFO  Enrichment:2011 - Filling of gcByteList or gcIntervalTree, mapabilityChromosomePositionList, mapabilityShortValueList  has taken 15.0 seconds.
2015-04-16 15:12:04 INFO  Enrichment:2024 - Generate Random Data for permutations has started.
2015-04-16 15:12:05 INFO  Enrichment:2066 - Generate Random Data for permutations has taken 0.0 seconds.
2015-04-16 15:12:05 INFO  Enrichment:2103 - Annotation of Permutations has started.
2015-04-16 15:12:13 INFO  Enrichment:2462 - Annotation of Permutations has took 8.0 seconds.
2015-04-16 15:12:13 INFO  Enrichment:2471 - RunNumber: 1 For Chromosome: chr1 Annotation of 10000 permutations where each of them has 153  intervals took  24.0 seconds.
2015-04-16 15:12:13 INFO  Enrichment:2472 - ******************************************************************************************
2015-04-16 15:12:13 INFO  Enrichment:1912 - chromosome name:chr2 chromosome size: 243199373
2015-04-16 15:12:13 INFO  Enrichment:1963 - Filling of gcByteList or gcIntervalTree, mapabilityChromosomePositionList, mapabilityShortValueList  has started.
2015-04-16 15:12:26 INFO  ChromosomeBasedGCTroveList:132 - nthBase must be written once: 0 GCByteList construction has ended.
2015-04-16 15:12:26 INFO  ChromosomeBasedMappabilityTroveList:62 - CHROMOSOME2
2015-04-16 15:12:27 INFO  ChromosomeBasedMappabilityTroveList:117 - numberofGaps:26
2015-04-16 15:12:27 INFO  Enrichment:2011 - Filling of gcByteList or gcIntervalTree, mapabilityChromosomePositionList, mapabilityShortValueList  has taken 13.0 seconds.
2015-04-16 15:12:27 INFO  Enrichment:2024 - Generate Random Data for permutations has started.
2015-04-16 15:12:28 INFO  Enrichment:2066 - Generate Random Data for permutations has taken 0.0 seconds.
2015-04-16 15:12:28 INFO  Enrichment:2103 - Annotation of Permutations has started.
2015-04-16 15:12:35 INFO  Enrichment:2462 - Annotation of Permutations has took 6.0 seconds.
2015-04-16 15:12:35 INFO  Enrichment:2471 - RunNumber: 1 For Chromosome: chr2 Annotation of 10000 permutations where each of them has 201  intervals took  21.0 seconds.
2015-04-16 15:12:35 INFO  Enrichment:2472 - ******************************************************************************************
2015-04-16 15:12:35 INFO  Enrichment:1912 - chromosome name:chr3 chromosome size: 198022430
2015-04-16 15:12:35 INFO  Enrichment:1963 - Filling of gcByteList or gcIntervalTree, mapabilityChromosomePositionList, mapabilityShortValueList  has started.
2015-04-16 15:12:44 INFO  ChromosomeBasedGCTroveList:132 - nthBase must be written once: 0 GCByteList construction has ended.
2015-04-16 15:12:44 INFO  ChromosomeBasedMappabilityTroveList:62 - CHROMOSOME3
2015-04-16 15:12:45 INFO  ChromosomeBasedMappabilityTroveList:117 - numberofGaps:7
2015-04-16 15:12:45 INFO  Enrichment:2011 - Filling of gcByteList or gcIntervalTree, mapabilityChromosomePositionList, mapabilityShortValueList  has taken 10.0 seconds.
2015-04-16 15:12:45 INFO  Enrichment:2024 - Generate Random Data for permutations has started.
2015-04-16 15:12:45 INFO  Enrichment:2066 - Generate Random Data for permutations has taken 0.0 seconds.
2015-04-16 15:12:45 INFO  Enrichment:2103 - Annotation of Permutations has started.
2015-04-16 15:12:51 INFO  Enrichment:2462 - Annotation of Permutations has took 5.0 seconds.
2015-04-16 15:12:51 INFO  Enrichment:2471 - RunNumber: 1 For Chromosome: chr3 Annotation of 10000 permutations where each of them has 154  intervals took  16.0 seconds.
2015-04-16 15:12:51 INFO  Enrichment:2472 - ******************************************************************************************
2015-04-16 15:12:51 INFO  Enrichment:1912 - chromosome name:chr4 chromosome size: 191154276
2015-04-16 15:12:51 INFO  Enrichment:1963 - Filling of gcByteList or gcIntervalTree, mapabilityChromosomePositionList, mapabilityShortValueList  has started.
2015-04-16 15:13:01 INFO  ChromosomeBasedGCTroveList:132 - nthBase must be written once: 0 GCByteList construction has ended.
2015-04-16 15:13:01 INFO  ChromosomeBasedMappabilityTroveList:62 - CHROMOSOME4
2015-04-16 15:13:01 INFO  ChromosomeBasedMappabilityTroveList:117 - numberofGaps:16
2015-04-16 15:13:01 INFO  Enrichment:2011 - Filling of gcByteList or gcIntervalTree, mapabilityChromosomePositionList, mapabilityShortValueList  has taken 10.0 seconds.
2015-04-16 15:13:01 INFO  Enrichment:2024 - Generate Random Data for permutations has started.
2015-04-16 15:13:02 INFO  Enrichment:2066 - Generate Random Data for permutations has taken 0.0 seconds.
2015-04-16 15:13:02 INFO  Enrichment:2103 - Annotation of Permutations has started.
2015-04-16 15:13:06 INFO  Enrichment:2462 - Annotation of Permutations has took 3.0 seconds.
2015-04-16 15:13:06 INFO  Enrichment:2471 - RunNumber: 1 For Chromosome: chr4 Annotation of 10000 permutations where each of them has 126  intervals took  14.0 seconds.
2015-04-16 15:13:06 INFO  Enrichment:2472 - ******************************************************************************************
2015-04-16 15:13:06 INFO  Enrichment:1912 - chromosome name:chr5 chromosome size: 180915260
2015-04-16 15:13:06 INFO  Enrichment:1963 - Filling of gcByteList or gcIntervalTree, mapabilityChromosomePositionList, mapabilityShortValueList  has started.
2015-04-16 15:13:15 INFO  ChromosomeBasedGCTroveList:132 - nthBase must be written once: 0 GCByteList construction has ended.
2015-04-16 15:13:15 INFO  ChromosomeBasedMappabilityTroveList:62 - CHROMOSOME5
2015-04-16 15:13:15 INFO  ChromosomeBasedMappabilityTroveList:117 - numberofGaps:10
2015-04-16 15:13:15 INFO  Enrichment:2011 - Filling of gcByteList or gcIntervalTree, mapabilityChromosomePositionList, mapabilityShortValueList  has taken 9.0 seconds.
2015-04-16 15:13:15 INFO  Enrichment:2024 - Generate Random Data for permutations has started.
2015-04-16 15:13:16 INFO  Enrichment:2066 - Generate Random Data for permutations has taken 0.0 seconds.
2015-04-16 15:13:16 INFO  Enrichment:2103 - Annotation of Permutations has started.
2015-04-16 15:13:21 INFO  Enrichment:2462 - Annotation of Permutations has took 5.0 seconds.
2015-04-16 15:13:21 INFO  Enrichment:2471 - RunNumber: 1 For Chromosome: chr5 Annotation of 10000 permutations where each of them has 143  intervals took  15.0 seconds.
2015-04-16 15:13:21 INFO  Enrichment:2472 - ******************************************************************************************
2015-04-16 15:13:21 INFO  Enrichment:1912 - chromosome name:chr6 chromosome size: 171115067
2015-04-16 15:13:21 INFO  Enrichment:1963 - Filling of gcByteList or gcIntervalTree, mapabilityChromosomePositionList, mapabilityShortValueList  has started.
2015-04-16 15:13:30 INFO  ChromosomeBasedGCTroveList:132 - nthBase must be written once: 0 GCByteList construction has ended.
2015-04-16 15:13:30 INFO  ChromosomeBasedMappabilityTroveList:62 - CHROMOSOME6
2015-04-16 15:13:30 INFO  ChromosomeBasedMappabilityTroveList:117 - numberofGaps:9
2015-04-16 15:13:30 INFO  Enrichment:2011 - Filling of gcByteList or gcIntervalTree, mapabilityChromosomePositionList, mapabilityShortValueList  has taken 9.0 seconds.
2015-04-16 15:13:30 INFO  Enrichment:2024 - Generate Random Data for permutations has started.
2015-04-16 15:13:30 INFO  Enrichment:2066 - Generate Random Data for permutations has taken 0.0 seconds.
2015-04-16 15:13:31 INFO  Enrichment:2103 - Annotation of Permutations has started.
2015-04-16 15:13:36 INFO  Enrichment:2462 - Annotation of Permutations has took 5.0 seconds.
2015-04-16 15:13:36 INFO  Enrichment:2471 - RunNumber: 1 For Chromosome: chr6 Annotation of 10000 permutations where each of them has 149  intervals took  15.0 seconds.
2015-04-16 15:13:36 INFO  Enrichment:2472 - ******************************************************************************************
2015-04-16 15:13:36 INFO  Enrichment:1912 - chromosome name:chr7 chromosome size: 159138663
2015-04-16 15:13:36 INFO  Enrichment:1963 - Filling of gcByteList or gcIntervalTree, mapabilityChromosomePositionList, mapabilityShortValueList  has started.
2015-04-16 15:13:44 INFO  ChromosomeBasedGCTroveList:132 - nthBase must be written once: 0 GCByteList construction has ended.
2015-04-16 15:13:44 INFO  ChromosomeBasedMappabilityTroveList:62 - CHROMOSOME7
2015-04-16 15:13:45 INFO  ChromosomeBasedMappabilityTroveList:117 - numberofGaps:21
2015-04-16 15:13:45 INFO  Enrichment:2011 - Filling of gcByteList or gcIntervalTree, mapabilityChromosomePositionList, mapabilityShortValueList  has taken 8.0 seconds.
2015-04-16 15:13:45 INFO  Enrichment:2024 - Generate Random Data for permutations has started.
2015-04-16 15:13:45 INFO  Enrichment:2066 - Generate Random Data for permutations has taken 0.0 seconds.
2015-04-16 15:13:45 INFO  Enrichment:2103 - Annotation of Permutations has started.
2015-04-16 15:13:50 INFO  Enrichment:2462 - Annotation of Permutations has took 4.0 seconds.
2015-04-16 15:13:50 INFO  Enrichment:2471 - RunNumber: 1 For Chromosome: chr7 Annotation of 10000 permutations where each of them has 111  intervals took  13.0 seconds.
2015-04-16 15:13:50 INFO  Enrichment:2472 - ******************************************************************************************
2015-04-16 15:13:50 INFO  Enrichment:1912 - chromosome name:chr8 chromosome size: 146364022
2015-04-16 15:13:50 INFO  Enrichment:1963 - Filling of gcByteList or gcIntervalTree, mapabilityChromosomePositionList, mapabilityShortValueList  has started.
2015-04-16 15:13:57 INFO  ChromosomeBasedGCTroveList:132 - nthBase must be written once: 0 GCByteList construction has ended.
2015-04-16 15:13:57 INFO  ChromosomeBasedMappabilityTroveList:62 - CHROMOSOME8
2015-04-16 15:13:57 INFO  ChromosomeBasedMappabilityTroveList:117 - numberofGaps:7
2015-04-16 15:13:57 INFO  Enrichment:2011 - Filling of gcByteList or gcIntervalTree, mapabilityChromosomePositionList, mapabilityShortValueList  has taken 7.0 seconds.
2015-04-16 15:13:57 INFO  Enrichment:2024 - Generate Random Data for permutations has started.
2015-04-16 15:13:58 INFO  Enrichment:2066 - Generate Random Data for permutations has taken 0.0 seconds.
2015-04-16 15:13:58 INFO  Enrichment:2103 - Annotation of Permutations has started.
2015-04-16 15:14:02 INFO  Enrichment:2462 - Annotation of Permutations has took 4.0 seconds.
2015-04-16 15:14:02 INFO  Enrichment:2471 - RunNumber: 1 For Chromosome: chr8 Annotation of 10000 permutations where each of them has 165  intervals took  12.0 seconds.
2015-04-16 15:14:02 INFO  Enrichment:2472 - ******************************************************************************************
2015-04-16 15:14:02 INFO  Enrichment:1912 - chromosome name:chr9 chromosome size: 141213431
2015-04-16 15:14:02 INFO  Enrichment:1963 - Filling of gcByteList or gcIntervalTree, mapabilityChromosomePositionList, mapabilityShortValueList  has started.
2015-04-16 15:14:09 INFO  ChromosomeBasedGCTroveList:132 - nthBase must be written once: 0 GCByteList construction has ended.
2015-04-16 15:14:09 INFO  ChromosomeBasedMappabilityTroveList:62 - CHROMOSOME9
2015-04-16 15:14:10 INFO  ChromosomeBasedMappabilityTroveList:117 - numberofGaps:42
2015-04-16 15:14:10 INFO  Enrichment:2011 - Filling of gcByteList or gcIntervalTree, mapabilityChromosomePositionList, mapabilityShortValueList  has taken 7.0 seconds.
2015-04-16 15:14:10 INFO  Enrichment:2024 - Generate Random Data for permutations has started.
2015-04-16 15:14:10 INFO  Enrichment:2066 - Generate Random Data for permutations has taken 0.0 seconds.
2015-04-16 15:14:10 INFO  Enrichment:2103 - Annotation of Permutations has started.
2015-04-16 15:14:14 INFO  Enrichment:2462 - Annotation of Permutations has took 3.0 seconds.
2015-04-16 15:14:14 INFO  Enrichment:2471 - RunNumber: 1 For Chromosome: chr9 Annotation of 10000 permutations where each of them has 89  intervals took  11.0 seconds.
2015-04-16 15:14:14 INFO  Enrichment:2472 - ******************************************************************************************
2015-04-16 15:14:14 INFO  Enrichment:1912 - chromosome name:chr10 chromosome size: 135534747
2015-04-16 15:14:14 INFO  Enrichment:1963 - Filling of gcByteList or gcIntervalTree, mapabilityChromosomePositionList, mapabilityShortValueList  has started.
2015-04-16 15:14:21 INFO  ChromosomeBasedGCTroveList:132 - nthBase must be written once: 0 GCByteList construction has ended.
2015-04-16 15:14:21 INFO  ChromosomeBasedMappabilityTroveList:62 - CHROMOSOME10
2015-04-16 15:14:21 INFO  ChromosomeBasedMappabilityTroveList:117 - numberofGaps:27
2015-04-16 15:14:21 INFO  Enrichment:2011 - Filling of gcByteList or gcIntervalTree, mapabilityChromosomePositionList, mapabilityShortValueList  has taken 7.0 seconds.
2015-04-16 15:14:21 INFO  Enrichment:2024 - Generate Random Data for permutations has started.
2015-04-16 15:14:21 INFO  Enrichment:2066 - Generate Random Data for permutations has taken 0.0 seconds.
2015-04-16 15:14:21 INFO  Enrichment:2103 - Annotation of Permutations has started.
2015-04-16 15:14:26 INFO  Enrichment:2462 - Annotation of Permutations has took 4.0 seconds.
2015-04-16 15:14:26 INFO  Enrichment:2471 - RunNumber: 1 For Chromosome: chr10 Annotation of 10000 permutations where each of them has 151  intervals took  12.0 seconds.
2015-04-16 15:14:26 INFO  Enrichment:2472 - ******************************************************************************************
2015-04-16 15:14:26 INFO  Enrichment:1912 - chromosome name:chr11 chromosome size: 135006516
2015-04-16 15:14:26 INFO  Enrichment:1963 - Filling of gcByteList or gcIntervalTree, mapabilityChromosomePositionList, mapabilityShortValueList  has started.
2015-04-16 15:14:33 INFO  ChromosomeBasedGCTroveList:132 - nthBase must be written once: 0 GCByteList construction has ended.
2015-04-16 15:14:33 INFO  ChromosomeBasedMappabilityTroveList:62 - CHROMOSOME11
2015-04-16 15:14:34 INFO  ChromosomeBasedMappabilityTroveList:117 - numberofGaps:8
2015-04-16 15:14:34 INFO  Enrichment:2011 - Filling of gcByteList or gcIntervalTree, mapabilityChromosomePositionList, mapabilityShortValueList  has taken 7.0 seconds.
2015-04-16 15:14:34 INFO  Enrichment:2024 - Generate Random Data for permutations has started.
2015-04-16 15:14:34 INFO  Enrichment:2066 - Generate Random Data for permutations has taken 0.0 seconds.
2015-04-16 15:14:34 INFO  Enrichment:2103 - Annotation of Permutations has started.
2015-04-16 15:14:38 INFO  Enrichment:2462 - Annotation of Permutations has took 4.0 seconds.
2015-04-16 15:14:38 INFO  Enrichment:2471 - RunNumber: 1 For Chromosome: chr11 Annotation of 10000 permutations where each of them has 93  intervals took  12.0 seconds.
2015-04-16 15:14:38 INFO  Enrichment:2472 - ******************************************************************************************
2015-04-16 15:14:38 INFO  Enrichment:1912 - chromosome name:chr12 chromosome size: 133851895
2015-04-16 15:14:38 INFO  Enrichment:1963 - Filling of gcByteList or gcIntervalTree, mapabilityChromosomePositionList, mapabilityShortValueList  has started.
2015-04-16 15:14:45 INFO  ChromosomeBasedGCTroveList:132 - nthBase must be written once: 0 GCByteList construction has ended.
2015-04-16 15:14:45 INFO  ChromosomeBasedMappabilityTroveList:62 - CHROMOSOME12
2015-04-16 15:14:46 INFO  ChromosomeBasedMappabilityTroveList:117 - numberofGaps:17
2015-04-16 15:14:46 INFO  Enrichment:2011 - Filling of gcByteList or gcIntervalTree, mapabilityChromosomePositionList, mapabilityShortValueList  has taken 7.0 seconds.
2015-04-16 15:14:46 INFO  Enrichment:2024 - Generate Random Data for permutations has started.
2015-04-16 15:14:46 INFO  Enrichment:2066 - Generate Random Data for permutations has taken 0.0 seconds.
2015-04-16 15:14:46 INFO  Enrichment:2103 - Annotation of Permutations has started.
2015-04-16 15:14:50 INFO  Enrichment:2462 - Annotation of Permutations has took 4.0 seconds.
2015-04-16 15:14:50 INFO  Enrichment:2471 - RunNumber: 1 For Chromosome: chr12 Annotation of 10000 permutations where each of them has 104  intervals took  11.0 seconds.
2015-04-16 15:14:50 INFO  Enrichment:2472 - ******************************************************************************************
2015-04-16 15:14:50 INFO  Enrichment:1912 - chromosome name:chr13 chromosome size: 115169878
2015-04-16 15:14:50 INFO  Enrichment:1963 - Filling of gcByteList or gcIntervalTree, mapabilityChromosomePositionList, mapabilityShortValueList  has started.
2015-04-16 15:14:56 INFO  ChromosomeBasedGCTroveList:132 - nthBase must be written once: 0 GCByteList construction has ended.
2015-04-16 15:14:56 INFO  ChromosomeBasedMappabilityTroveList:62 - CHROMOSOME13
2015-04-16 15:14:56 INFO  ChromosomeBasedMappabilityTroveList:117 - numberofGaps:4
2015-04-16 15:14:56 INFO  Enrichment:2011 - Filling of gcByteList or gcIntervalTree, mapabilityChromosomePositionList, mapabilityShortValueList  has taken 5.0 seconds.
2015-04-16 15:14:56 INFO  Enrichment:2024 - Generate Random Data for permutations has started.
2015-04-16 15:14:56 INFO  Enrichment:2066 - Generate Random Data for permutations has taken 0.0 seconds.
2015-04-16 15:14:56 INFO  Enrichment:2103 - Annotation of Permutations has started.
2015-04-16 15:14:59 INFO  Enrichment:2462 - Annotation of Permutations has took 2.0 seconds.
2015-04-16 15:14:59 INFO  Enrichment:2471 - RunNumber: 1 For Chromosome: chr13 Annotation of 10000 permutations where each of them has 109  intervals took  8.0 seconds.
2015-04-16 15:14:59 INFO  Enrichment:2472 - ******************************************************************************************
2015-04-16 15:14:59 INFO  Enrichment:1912 - chromosome name:chr14 chromosome size: 107349540
2015-04-16 15:14:59 INFO  Enrichment:1963 - Filling of gcByteList or gcIntervalTree, mapabilityChromosomePositionList, mapabilityShortValueList  has started.
2015-04-16 15:15:05 INFO  ChromosomeBasedGCTroveList:132 - nthBase must be written once: 0 GCByteList construction has ended.
2015-04-16 15:15:05 INFO  ChromosomeBasedMappabilityTroveList:62 - CHROMOSOME14
2015-04-16 15:15:05 INFO  ChromosomeBasedMappabilityTroveList:117 - numberofGaps:0
2015-04-16 15:15:05 INFO  Enrichment:2011 - Filling of gcByteList or gcIntervalTree, mapabilityChromosomePositionList, mapabilityShortValueList  has taken 5.0 seconds.
2015-04-16 15:15:05 INFO  Enrichment:2024 - Generate Random Data for permutations has started.
2015-04-16 15:15:05 INFO  Enrichment:2066 - Generate Random Data for permutations has taken 0.0 seconds.
2015-04-16 15:15:05 INFO  Enrichment:2103 - Annotation of Permutations has started.
2015-04-16 15:15:09 INFO  Enrichment:2462 - Annotation of Permutations has took 3.0 seconds.
2015-04-16 15:15:09 INFO  Enrichment:2471 - RunNumber: 1 For Chromosome: chr14 Annotation of 10000 permutations where each of them has 101  intervals took  9.0 seconds.
2015-04-16 15:15:09 INFO  Enrichment:2472 - ******************************************************************************************
2015-04-16 15:15:09 INFO  Enrichment:1912 - chromosome name:chr15 chromosome size: 102531392
2015-04-16 15:15:09 INFO  Enrichment:1963 - Filling of gcByteList or gcIntervalTree, mapabilityChromosomePositionList, mapabilityShortValueList  has started.
2015-04-16 15:15:14 INFO  ChromosomeBasedGCTroveList:132 - nthBase must be written once: 0 GCByteList construction has ended.
2015-04-16 15:15:14 INFO  ChromosomeBasedMappabilityTroveList:62 - CHROMOSOME15
2015-04-16 15:15:14 INFO  ChromosomeBasedMappabilityTroveList:117 - numberofGaps:10
2015-04-16 15:15:14 INFO  Enrichment:2011 - Filling of gcByteList or gcIntervalTree, mapabilityChromosomePositionList, mapabilityShortValueList  has taken 5.0 seconds.
2015-04-16 15:15:14 INFO  Enrichment:2024 - Generate Random Data for permutations has started.
2015-04-16 15:15:14 INFO  Enrichment:2066 - Generate Random Data for permutations has taken 0.0 seconds.
2015-04-16 15:15:14 INFO  Enrichment:2103 - Annotation of Permutations has started.
2015-04-16 15:15:17 INFO  Enrichment:2462 - Annotation of Permutations has took 3.0 seconds.
2015-04-16 15:15:17 INFO  Enrichment:2471 - RunNumber: 1 For Chromosome: chr15 Annotation of 10000 permutations where each of them has 63  intervals took  8.0 seconds.
2015-04-16 15:15:17 INFO  Enrichment:2472 - ******************************************************************************************
2015-04-16 15:15:17 INFO  Enrichment:1912 - chromosome name:chr16 chromosome size: 90354753
2015-04-16 15:15:17 INFO  Enrichment:1963 - Filling of gcByteList or gcIntervalTree, mapabilityChromosomePositionList, mapabilityShortValueList  has started.
2015-04-16 15:15:22 INFO  ChromosomeBasedGCTroveList:132 - nthBase must be written once: 0 GCByteList construction has ended.
2015-04-16 15:15:22 INFO  ChromosomeBasedMappabilityTroveList:62 - CHROMOSOME16
2015-04-16 15:15:22 INFO  ChromosomeBasedMappabilityTroveList:117 - numberofGaps:4
2015-04-16 15:15:22 INFO  Enrichment:2011 - Filling of gcByteList or gcIntervalTree, mapabilityChromosomePositionList, mapabilityShortValueList  has taken 4.0 seconds.
2015-04-16 15:15:22 INFO  Enrichment:2024 - Generate Random Data for permutations has started.
2015-04-16 15:15:22 INFO  Enrichment:2066 - Generate Random Data for permutations has taken 0.0 seconds.
2015-04-16 15:15:22 INFO  Enrichment:2103 - Annotation of Permutations has started.
2015-04-16 15:15:25 INFO  Enrichment:2462 - Annotation of Permutations has took 3.0 seconds.
2015-04-16 15:15:25 INFO  Enrichment:2471 - RunNumber: 1 For Chromosome: chr16 Annotation of 10000 permutations where each of them has 51  intervals took  7.0 seconds.
2015-04-16 15:15:25 INFO  Enrichment:2472 - ******************************************************************************************
2015-04-16 15:15:25 INFO  Enrichment:1912 - chromosome name:chr17 chromosome size: 81195210
2015-04-16 15:15:25 INFO  Enrichment:1963 - Filling of gcByteList or gcIntervalTree, mapabilityChromosomePositionList, mapabilityShortValueList  has started.
2015-04-16 15:15:29 INFO  ChromosomeBasedGCTroveList:132 - nthBase must be written once: 0 GCByteList construction has ended.
2015-04-16 15:15:29 INFO  ChromosomeBasedMappabilityTroveList:62 - CHROMOSOME17
2015-04-16 15:15:30 INFO  ChromosomeBasedMappabilityTroveList:117 - numberofGaps:7
2015-04-16 15:15:30 INFO  Enrichment:2011 - Filling of gcByteList or gcIntervalTree, mapabilityChromosomePositionList, mapabilityShortValueList  has taken 4.0 seconds.
2015-04-16 15:15:30 INFO  Enrichment:2024 - Generate Random Data for permutations has started.
2015-04-16 15:15:30 INFO  Enrichment:2066 - Generate Random Data for permutations has taken 0.0 seconds.
2015-04-16 15:15:30 INFO  Enrichment:2103 - Annotation of Permutations has started.
2015-04-16 15:15:34 INFO  Enrichment:2462 - Annotation of Permutations has took 4.0 seconds.
2015-04-16 15:15:34 INFO  Enrichment:2471 - RunNumber: 1 For Chromosome: chr17 Annotation of 10000 permutations where each of them has 77  intervals took  8.0 seconds.
2015-04-16 15:15:34 INFO  Enrichment:2472 - ******************************************************************************************
2015-04-16 15:15:34 INFO  Enrichment:1912 - chromosome name:chr18 chromosome size: 78077248
2015-04-16 15:15:34 INFO  Enrichment:1963 - Filling of gcByteList or gcIntervalTree, mapabilityChromosomePositionList, mapabilityShortValueList  has started.
2015-04-16 15:15:38 INFO  ChromosomeBasedGCTroveList:132 - nthBase must be written once: 0 GCByteList construction has ended.
2015-04-16 15:15:38 INFO  ChromosomeBasedMappabilityTroveList:62 - CHROMOSOME18
2015-04-16 15:15:38 INFO  ChromosomeBasedMappabilityTroveList:117 - numberofGaps:5
2015-04-16 15:15:38 INFO  Enrichment:2011 - Filling of gcByteList or gcIntervalTree, mapabilityChromosomePositionList, mapabilityShortValueList  has taken 4.0 seconds.
2015-04-16 15:15:38 INFO  Enrichment:2024 - Generate Random Data for permutations has started.
2015-04-16 15:15:38 INFO  Enrichment:2066 - Generate Random Data for permutations has taken 0.0 seconds.
2015-04-16 15:15:38 INFO  Enrichment:2103 - Annotation of Permutations has started.
2015-04-16 15:15:41 INFO  Enrichment:2462 - Annotation of Permutations has took 2.0 seconds.
2015-04-16 15:15:41 INFO  Enrichment:2471 - RunNumber: 1 For Chromosome: chr18 Annotation of 10000 permutations where each of them has 85  intervals took  6.0 seconds.
2015-04-16 15:15:41 INFO  Enrichment:2472 - ******************************************************************************************
2015-04-16 15:15:41 INFO  Enrichment:1912 - chromosome name:chr19 chromosome size: 59128983
2015-04-16 15:15:41 INFO  Enrichment:1963 - Filling of gcByteList or gcIntervalTree, mapabilityChromosomePositionList, mapabilityShortValueList  has started.
2015-04-16 15:15:44 INFO  ChromosomeBasedGCTroveList:132 - nthBase must be written once: 0 GCByteList construction has ended.
2015-04-16 15:15:44 INFO  ChromosomeBasedMappabilityTroveList:62 - CHROMOSOME19
2015-04-16 15:15:44 INFO  ChromosomeBasedMappabilityTroveList:117 - numberofGaps:6
2015-04-16 15:15:44 INFO  Enrichment:2011 - Filling of gcByteList or gcIntervalTree, mapabilityChromosomePositionList, mapabilityShortValueList  has taken 3.0 seconds.
2015-04-16 15:15:44 INFO  Enrichment:2024 - Generate Random Data for permutations has started.
2015-04-16 15:15:44 INFO  Enrichment:2066 - Generate Random Data for permutations has taken 0.0 seconds.
2015-04-16 15:15:44 INFO  Enrichment:2103 - Annotation of Permutations has started.
2015-04-16 15:15:47 INFO  Enrichment:2462 - Annotation of Permutations has took 3.0 seconds.
2015-04-16 15:15:47 INFO  Enrichment:2471 - RunNumber: 1 For Chromosome: chr19 Annotation of 10000 permutations where each of them has 41  intervals took  6.0 seconds.
2015-04-16 15:15:47 INFO  Enrichment:2472 - ******************************************************************************************
2015-04-16 15:15:47 INFO  Enrichment:1912 - chromosome name:chr20 chromosome size: 63025520
2015-04-16 15:15:47 INFO  Enrichment:1963 - Filling of gcByteList or gcIntervalTree, mapabilityChromosomePositionList, mapabilityShortValueList  has started.
2015-04-16 15:15:51 INFO  ChromosomeBasedGCTroveList:132 - nthBase must be written once: 0 GCByteList construction has ended.
2015-04-16 15:15:51 INFO  ChromosomeBasedMappabilityTroveList:62 - CHROMOSOME20
2015-04-16 15:15:51 INFO  ChromosomeBasedMappabilityTroveList:117 - numberofGaps:5
2015-04-16 15:15:51 INFO  Enrichment:2011 - Filling of gcByteList or gcIntervalTree, mapabilityChromosomePositionList, mapabilityShortValueList  has taken 3.0 seconds.
2015-04-16 15:15:51 INFO  Enrichment:2024 - Generate Random Data for permutations has started.
2015-04-16 15:15:51 INFO  Enrichment:2066 - Generate Random Data for permutations has taken 0.0 seconds.
2015-04-16 15:15:51 INFO  Enrichment:2103 - Annotation of Permutations has started.
2015-04-16 15:15:53 INFO  Enrichment:2462 - Annotation of Permutations has took 2.0 seconds.
2015-04-16 15:15:53 INFO  Enrichment:2471 - RunNumber: 1 For Chromosome: chr20 Annotation of 10000 permutations where each of them has 42  intervals took  6.0 seconds.
2015-04-16 15:15:53 INFO  Enrichment:2472 - ******************************************************************************************
2015-04-16 15:15:53 INFO  Enrichment:1912 - chromosome name:chr21 chromosome size: 48129895
2015-04-16 15:15:53 INFO  Enrichment:1963 - Filling of gcByteList or gcIntervalTree, mapabilityChromosomePositionList, mapabilityShortValueList  has started.
2015-04-16 15:15:56 INFO  ChromosomeBasedGCTroveList:132 - nthBase must be written once: 0 GCByteList construction has ended.
2015-04-16 15:15:56 INFO  ChromosomeBasedMappabilityTroveList:62 - CHROMOSOME21
2015-04-16 15:15:56 INFO  ChromosomeBasedMappabilityTroveList:117 - numberofGaps:17
2015-04-16 15:15:56 INFO  Enrichment:2011 - Filling of gcByteList or gcIntervalTree, mapabilityChromosomePositionList, mapabilityShortValueList  has taken 2.0 seconds.
2015-04-16 15:15:56 INFO  Enrichment:2024 - Generate Random Data for permutations has started.
2015-04-16 15:15:56 INFO  Enrichment:2066 - Generate Random Data for permutations has taken 0.0 seconds.
2015-04-16 15:15:56 INFO  Enrichment:2103 - Annotation of Permutations has started.
2015-04-16 15:15:57 INFO  Enrichment:2462 - Annotation of Permutations has took 1.0 seconds.
2015-04-16 15:15:57 INFO  Enrichment:2471 - RunNumber: 1 For Chromosome: chr21 Annotation of 10000 permutations where each of them has 43  intervals took  4.0 seconds.
2015-04-16 15:15:57 INFO  Enrichment:2472 - ******************************************************************************************
2015-04-16 15:15:57 INFO  Enrichment:1912 - chromosome name:chr22 chromosome size: 51304566
2015-04-16 15:15:57 INFO  Enrichment:1963 - Filling of gcByteList or gcIntervalTree, mapabilityChromosomePositionList, mapabilityShortValueList  has started.
2015-04-16 15:16:00 INFO  ChromosomeBasedGCTroveList:132 - nthBase must be written once: 0 GCByteList construction has ended.
2015-04-16 15:16:00 INFO  ChromosomeBasedMappabilityTroveList:62 - CHROMOSOME22
2015-04-16 15:16:00 INFO  ChromosomeBasedMappabilityTroveList:117 - numberofGaps:16
2015-04-16 15:16:00 INFO  Enrichment:2011 - Filling of gcByteList or gcIntervalTree, mapabilityChromosomePositionList, mapabilityShortValueList  has taken 2.0 seconds.
2015-04-16 15:16:00 INFO  Enrichment:2024 - Generate Random Data for permutations has started.
2015-04-16 15:16:00 INFO  Enrichment:2066 - Generate Random Data for permutations has taken 0.0 seconds.
2015-04-16 15:16:00 INFO  Enrichment:2103 - Annotation of Permutations has started.
2015-04-16 15:16:02 INFO  Enrichment:2462 - Annotation of Permutations has took 1.0 seconds.
2015-04-16 15:16:02 INFO  Enrichment:2471 - RunNumber: 1 For Chromosome: chr22 Annotation of 10000 permutations where each of them has 18  intervals took  4.0 seconds.
2015-04-16 15:16:02 INFO  Enrichment:2472 - ******************************************************************************************
2015-04-16 15:16:02 INFO  Enrichment:1912 - chromosome name:chrX chromosome size: 155270560
2015-04-16 15:16:02 INFO  Enrichment:1963 - Filling of gcByteList or gcIntervalTree, mapabilityChromosomePositionList, mapabilityShortValueList  has started.
2015-04-16 15:16:10 INFO  ChromosomeBasedGCTroveList:132 - nthBase must be written once: 0 GCByteList construction has ended.
2015-04-16 15:16:10 INFO  ChromosomeBasedMappabilityTroveList:62 - CHROMOSOMEX
2015-04-16 15:16:10 INFO  ChromosomeBasedMappabilityTroveList:117 - numberofGaps:31
2015-04-16 15:16:10 INFO  Enrichment:2011 - Filling of gcByteList or gcIntervalTree, mapabilityChromosomePositionList, mapabilityShortValueList  has taken 8.0 seconds.
2015-04-16 15:16:10 INFO  Enrichment:2024 - Generate Random Data for permutations has started.
2015-04-16 15:16:11 INFO  Enrichment:2066 - Generate Random Data for permutations has taken 0.0 seconds.
2015-04-16 15:16:11 INFO  Enrichment:2103 - Annotation of Permutations has started.
2015-04-16 15:16:13 INFO  Enrichment:2462 - Annotation of Permutations has took 2.0 seconds.
2015-04-16 15:16:13 INFO  Enrichment:2471 - RunNumber: 1 For Chromosome: chrX Annotation of 10000 permutations where each of them has 71  intervals took  11.0 seconds.
2015-04-16 15:16:13 INFO  Enrichment:2472 - ******************************************************************************************
2015-04-16 15:16:13 INFO  Enrichment:1912 - chromosome name:chrY chromosome size: 59373566
2015-04-16 15:16:13 INFO  Enrichment:2507 - RUN_NUMBER: 1 NUMBER_OF_PERMUTATIONS:  10000 took 263.0 seconds.
2015-04-16 15:16:14 INFO  Enrichment:3567 - Concurrent programming has ended.
2015-04-16 15:16:14 INFO  Enrichment:3772 - **************	1. Run	******************	ends
