2015-04-14 08:38:00 INFO  InputDataRemoveOverlaps:319 - *****************************************************************
2015-04-14 08:38:00 INFO  InputDataRemoveOverlaps:320 - GLANET Parameters starts
2015-04-14 08:38:00 INFO  InputDataRemoveOverlaps:324 - C:\Users\Burçak\Google Drive\Data\demo_input_data\UmutToprak_eDMRs2_05.bed\
2015-04-14 08:38:00 INFO  InputDataRemoveOverlaps:324 - GRCh37.p13
2015-04-14 08:38:00 INFO  InputDataRemoveOverlaps:324 - C:\Users\Burçak\Google Drive\
2015-04-14 08:38:00 INFO  InputDataRemoveOverlaps:324 - BED
2015-04-14 08:38:00 INFO  InputDataRemoveOverlaps:324 - 1
2015-04-14 08:38:00 INFO  InputDataRemoveOverlaps:324 - DO_ENRICH
2015-04-14 08:38:00 INFO  InputDataRemoveOverlaps:324 - With GC and Mappability
2015-04-14 08:38:00 INFO  InputDataRemoveOverlaps:324 - Benjamini Hochberg FDR
2015-04-14 08:38:00 INFO  InputDataRemoveOverlaps:324 - 0.05
2015-04-14 08:38:00 INFO  InputDataRemoveOverlaps:324 - 0.05
2015-04-14 08:38:00 INFO  InputDataRemoveOverlaps:324 - 10000
2015-04-14 08:38:00 INFO  InputDataRemoveOverlaps:324 - DO_DNASE_ANNOTATION
2015-04-14 08:38:00 INFO  InputDataRemoveOverlaps:324 - DO_HISTONE_ANNOTATION
2015-04-14 08:38:00 INFO  InputDataRemoveOverlaps:324 - DO_TF_ANNOTATION
2015-04-14 08:38:00 INFO  InputDataRemoveOverlaps:324 - DO_NOT_GENE_ANNOTATION
2015-04-14 08:38:00 INFO  InputDataRemoveOverlaps:324 - DO_NOT_KEGGPATHWAY_ANNOTATION
2015-04-14 08:38:00 INFO  InputDataRemoveOverlaps:324 - DO_NOT_TF_KEGGPATHWAY_ANNOTATION
2015-04-14 08:38:00 INFO  InputDataRemoveOverlaps:324 - DO_NOT_TF_CELLLINE_KEGGPATHWAY_ANNOTATION
2015-04-14 08:38:00 INFO  InputDataRemoveOverlaps:324 - DO_NOT_REGULATORY_SEQUENCE_ANALYSIS_USING_RSAT
2015-04-14 08:38:00 INFO  InputDataRemoveOverlaps:324 - testMapabilityTree
2015-04-14 08:38:00 INFO  InputDataRemoveOverlaps:324 - DO_NOT_WRITE_ELEMENT_BASED_ANNOTATION_FOUND_OVERLAPS
2015-04-14 08:38:00 INFO  InputDataRemoveOverlaps:324 - DO_NOT_WRITE_ANNOTATION_BINARY_MATRIX
2015-04-14 08:38:00 INFO  InputDataRemoveOverlaps:324 - DO_NOT_WRITE_GENERATED_RANDOM_DATA
2015-04-14 08:38:00 INFO  InputDataRemoveOverlaps:324 - DO_NOT_WRITE_PERMUTATION_BASED_AND_PARAMETRIC_BASED_ANNOTATION_RESULT
2015-04-14 08:38:00 INFO  InputDataRemoveOverlaps:324 - DO_NOT_WRITE_PERMUTATION_BASED_ANNOTATION_RESULT
2015-04-14 08:38:00 INFO  InputDataRemoveOverlaps:324 - 10000
2015-04-14 08:38:00 INFO  InputDataRemoveOverlaps:324 - DO_NOT_USER_DEFINED_GENESET_ANNOTATION
2015-04-14 08:38:00 INFO  InputDataRemoveOverlaps:324 - 
2015-04-14 08:38:00 INFO  InputDataRemoveOverlaps:324 - GENE SYMBOL
2015-04-14 08:38:00 INFO  InputDataRemoveOverlaps:324 - NoName
2015-04-14 08:38:00 INFO  InputDataRemoveOverlaps:324 - NO_OPTIONAL_USERDEFINEDGENESET_DESCRIPTION_FILE_PROVIDED
2015-04-14 08:38:00 INFO  InputDataRemoveOverlaps:324 - DO_NOT_USER_DEFINED_LIBRARY_ANNOTATION
2015-04-14 08:38:00 INFO  InputDataRemoveOverlaps:324 - 
2015-04-14 08:38:00 INFO  InputDataRemoveOverlaps:324 - 0-based coordinates (End Exclusive)
2015-04-14 08:38:00 INFO  InputDataRemoveOverlaps:324 - GIVEN_INPUT_DATA_CONSISTS_OF_MIXED_LENGTH_INTERVALS
2015-04-14 08:38:00 INFO  InputDataRemoveOverlaps:327 - GLANET Parameters ends
2015-04-14 08:38:00 INFO  InputDataRemoveOverlaps:328 - *****************************************************************
2015-04-14 08:42:45 INFO  Enrichment:2973 - Java runtime max memory: 4094	MBs
2015-04-14 08:42:45 INFO  Enrichment:2974 - Java runtime total memory: 4094	MBs
2015-04-14 08:42:45 INFO  Enrichment:2975 - Java runtime free memory: 4042	MBs
2015-04-14 08:42:45 INFO  Enrichment:2976 - Java runtime available processors: 8
2015-04-14 08:42:45 INFO  Enrichment:896 - Input data file name is: C:\Users\Burçak\Google Drive\Output\testMapabilityTree\GivenInputData\Input_Data_Processed_OverlapsRemoved_0Based_Start_End_GRCh37_p13_coordinates.txt
2015-04-14 08:42:45 INFO  Enrichment:3285 - **************	1. Run	******************	starts
2015-04-14 08:42:45 INFO  Enrichment:3486 - Concurrent programming has started.
2015-04-14 08:42:45 INFO  Enrichment:1843 - Run Number: 1
2015-04-14 08:42:45 INFO  Enrichment:1851 - PermutationNumberList is filled.
2015-04-14 08:42:45 INFO  Enrichment:1881 - chromosome name:chr1 chromosome size: 249250621
2015-04-14 08:42:45 INFO  Enrichment:1915 - Filling of gcByteList, mapabilityChromosomePositionList, mapabilityShortValueList  has started.
2015-04-14 08:43:01 INFO  Enrichment:1940 - Filling of gcByteList, mapabilityChromosomePositionList, mapabilityShortValueList  has taken 15.0 seconds.
2015-04-14 08:43:01 INFO  Enrichment:1953 - Generate Random Data for permutations has started.
2015-04-14 08:44:04 INFO  Enrichment:1995 - Generate Random Data for permutations has taken 63.0 seconds.
2015-04-14 08:44:05 INFO  Enrichment:2035 - Annotation of Permutations has started.
2015-04-14 08:44:17 INFO  Enrichment:2394 - Annotation of Permutations has took 12.0 seconds.
2015-04-14 08:44:17 INFO  Enrichment:2403 - RunNumber: 1 For Chromosome: chr1 Annotation of 10000 permutations where each of them has 156  intervals took  91.0 seconds.
2015-04-14 08:44:17 INFO  Enrichment:2404 - ******************************************************************************************
2015-04-14 08:44:17 INFO  Enrichment:1881 - chromosome name:chr2 chromosome size: 243199373
2015-04-14 08:44:17 INFO  Enrichment:1915 - Filling of gcByteList, mapabilityChromosomePositionList, mapabilityShortValueList  has started.
2015-04-14 08:44:31 INFO  Enrichment:1940 - Filling of gcByteList, mapabilityChromosomePositionList, mapabilityShortValueList  has taken 14.0 seconds.
2015-04-14 08:44:31 INFO  Enrichment:1953 - Generate Random Data for permutations has started.
2015-04-14 08:45:34 INFO  Enrichment:1995 - Generate Random Data for permutations has taken 63.0 seconds.
2015-04-14 08:45:35 INFO  Enrichment:2035 - Annotation of Permutations has started.
2015-04-14 08:45:43 INFO  Enrichment:2394 - Annotation of Permutations has took 8.0 seconds.
2015-04-14 08:45:43 INFO  Enrichment:2403 - RunNumber: 1 For Chromosome: chr2 Annotation of 10000 permutations where each of them has 98  intervals took  86.0 seconds.
2015-04-14 08:45:43 INFO  Enrichment:2404 - ******************************************************************************************
2015-04-14 08:45:43 INFO  Enrichment:1881 - chromosome name:chr3 chromosome size: 198022430
2015-04-14 08:45:43 INFO  Enrichment:1915 - Filling of gcByteList, mapabilityChromosomePositionList, mapabilityShortValueList  has started.
2015-04-14 08:45:57 INFO  Enrichment:1940 - Filling of gcByteList, mapabilityChromosomePositionList, mapabilityShortValueList  has taken 14.0 seconds.
2015-04-14 08:45:57 INFO  Enrichment:1953 - Generate Random Data for permutations has started.
2015-04-14 08:46:48 INFO  Enrichment:1995 - Generate Random Data for permutations has taken 50.0 seconds.
2015-04-14 08:46:49 INFO  Enrichment:2035 - Annotation of Permutations has started.
2015-04-14 08:46:56 INFO  Enrichment:2394 - Annotation of Permutations has took 7.0 seconds.
2015-04-14 08:46:56 INFO  Enrichment:2403 - RunNumber: 1 For Chromosome: chr3 Annotation of 10000 permutations where each of them has 117  intervals took  72.0 seconds.
2015-04-14 08:46:56 INFO  Enrichment:2404 - ******************************************************************************************
2015-04-14 08:46:56 INFO  Enrichment:1881 - chromosome name:chr4 chromosome size: 191154276
2015-04-14 08:46:56 INFO  Enrichment:1915 - Filling of gcByteList, mapabilityChromosomePositionList, mapabilityShortValueList  has started.
2015-04-14 08:47:00 INFO  Enrichment:1940 - Filling of gcByteList, mapabilityChromosomePositionList, mapabilityShortValueList  has taken 4.0 seconds.
2015-04-14 08:47:00 INFO  Enrichment:1953 - Generate Random Data for permutations has started.
2015-04-14 08:47:32 INFO  Enrichment:1995 - Generate Random Data for permutations has taken 32.0 seconds.
2015-04-14 08:47:33 INFO  Enrichment:2035 - Annotation of Permutations has started.
2015-04-14 08:47:39 INFO  Enrichment:2394 - Annotation of Permutations has took 5.0 seconds.
2015-04-14 08:47:39 INFO  Enrichment:2403 - RunNumber: 1 For Chromosome: chr4 Annotation of 10000 permutations where each of them has 98  intervals took  43.0 seconds.
2015-04-14 08:47:39 INFO  Enrichment:2404 - ******************************************************************************************
2015-04-14 08:47:39 INFO  Enrichment:1881 - chromosome name:chr5 chromosome size: 180915260
2015-04-14 08:47:39 INFO  Enrichment:1915 - Filling of gcByteList, mapabilityChromosomePositionList, mapabilityShortValueList  has started.
2015-04-14 08:47:43 INFO  Enrichment:1940 - Filling of gcByteList, mapabilityChromosomePositionList, mapabilityShortValueList  has taken 4.0 seconds.
2015-04-14 08:47:43 INFO  Enrichment:1953 - Generate Random Data for permutations has started.
2015-04-14 08:48:38 INFO  Enrichment:1995 - Generate Random Data for permutations has taken 55.0 seconds.
2015-04-14 08:48:39 INFO  Enrichment:2035 - Annotation of Permutations has started.
2015-04-14 08:48:45 INFO  Enrichment:2394 - Annotation of Permutations has took 6.0 seconds.
2015-04-14 08:48:45 INFO  Enrichment:2403 - RunNumber: 1 For Chromosome: chr5 Annotation of 10000 permutations where each of them has 86  intervals took  66.0 seconds.
2015-04-14 08:48:45 INFO  Enrichment:2404 - ******************************************************************************************
2015-04-14 08:48:45 INFO  Enrichment:1881 - chromosome name:chr6 chromosome size: 171115067
2015-04-14 08:48:45 INFO  Enrichment:1915 - Filling of gcByteList, mapabilityChromosomePositionList, mapabilityShortValueList  has started.
2015-04-14 08:48:49 INFO  Enrichment:1940 - Filling of gcByteList, mapabilityChromosomePositionList, mapabilityShortValueList  has taken 3.0 seconds.
2015-04-14 08:48:49 INFO  Enrichment:1953 - Generate Random Data for permutations has started.
2015-04-14 08:49:28 INFO  Enrichment:1995 - Generate Random Data for permutations has taken 38.0 seconds.
2015-04-14 08:49:29 INFO  Enrichment:2035 - Annotation of Permutations has started.
2015-04-14 08:49:36 INFO  Enrichment:2394 - Annotation of Permutations has took 7.0 seconds.
2015-04-14 08:49:36 INFO  Enrichment:2403 - RunNumber: 1 For Chromosome: chr6 Annotation of 10000 permutations where each of them has 114  intervals took  50.0 seconds.
2015-04-14 08:49:36 INFO  Enrichment:2404 - ******************************************************************************************
2015-04-14 08:49:36 INFO  Enrichment:1881 - chromosome name:chr7 chromosome size: 159138663
2015-04-14 08:49:36 INFO  Enrichment:1915 - Filling of gcByteList, mapabilityChromosomePositionList, mapabilityShortValueList  has started.
2015-04-14 08:49:39 INFO  Enrichment:1940 - Filling of gcByteList, mapabilityChromosomePositionList, mapabilityShortValueList  has taken 2.0 seconds.
2015-04-14 08:49:39 INFO  Enrichment:1953 - Generate Random Data for permutations has started.
2015-04-14 08:52:03 INFO  Enrichment:1995 - Generate Random Data for permutations has taken 144.0 seconds.
2015-04-14 08:52:05 INFO  Enrichment:2035 - Annotation of Permutations has started.
2015-04-14 08:52:12 INFO  Enrichment:2394 - Annotation of Permutations has took 7.0 seconds.
2015-04-14 08:52:12 INFO  Enrichment:2403 - RunNumber: 1 For Chromosome: chr7 Annotation of 10000 permutations where each of them has 163  intervals took  155.0 seconds.
2015-04-14 08:52:12 INFO  Enrichment:2404 - ******************************************************************************************
2015-04-14 08:52:12 INFO  Enrichment:1881 - chromosome name:chr8 chromosome size: 146364022
2015-04-14 08:52:12 INFO  Enrichment:1915 - Filling of gcByteList, mapabilityChromosomePositionList, mapabilityShortValueList  has started.
2015-04-14 08:52:15 INFO  Enrichment:1940 - Filling of gcByteList, mapabilityChromosomePositionList, mapabilityShortValueList  has taken 3.0 seconds.
2015-04-14 08:52:15 INFO  Enrichment:1953 - Generate Random Data for permutations has started.
2015-04-14 08:53:07 INFO  Enrichment:1995 - Generate Random Data for permutations has taken 51.0 seconds.
2015-04-14 08:53:08 INFO  Enrichment:2035 - Annotation of Permutations has started.
2015-04-14 08:53:14 INFO  Enrichment:2394 - Annotation of Permutations has took 5.0 seconds.
2015-04-14 08:53:14 INFO  Enrichment:2403 - RunNumber: 1 For Chromosome: chr8 Annotation of 10000 permutations where each of them has 90  intervals took  62.0 seconds.
2015-04-14 08:53:14 INFO  Enrichment:2404 - ******************************************************************************************
2015-04-14 08:53:14 INFO  Enrichment:1881 - chromosome name:chr9 chromosome size: 141213431
2015-04-14 08:53:14 INFO  Enrichment:1915 - Filling of gcByteList, mapabilityChromosomePositionList, mapabilityShortValueList  has started.
2015-04-14 08:53:17 INFO  Enrichment:1940 - Filling of gcByteList, mapabilityChromosomePositionList, mapabilityShortValueList  has taken 2.0 seconds.
2015-04-14 08:53:17 INFO  Enrichment:1953 - Generate Random Data for permutations has started.
2015-04-14 08:53:56 INFO  Enrichment:1995 - Generate Random Data for permutations has taken 39.0 seconds.
2015-04-14 08:53:57 INFO  Enrichment:2035 - Annotation of Permutations has started.
2015-04-14 08:54:03 INFO  Enrichment:2394 - Annotation of Permutations has took 5.0 seconds.
2015-04-14 08:54:03 INFO  Enrichment:2403 - RunNumber: 1 For Chromosome: chr9 Annotation of 10000 permutations where each of them has 62  intervals took  49.0 seconds.
2015-04-14 08:54:03 INFO  Enrichment:2404 - ******************************************************************************************
2015-04-14 08:54:03 INFO  Enrichment:1881 - chromosome name:chr10 chromosome size: 135534747
2015-04-14 08:54:03 INFO  Enrichment:1915 - Filling of gcByteList, mapabilityChromosomePositionList, mapabilityShortValueList  has started.
2015-04-14 08:54:07 INFO  Enrichment:1940 - Filling of gcByteList, mapabilityChromosomePositionList, mapabilityShortValueList  has taken 3.0 seconds.
2015-04-14 08:54:07 INFO  Enrichment:1953 - Generate Random Data for permutations has started.
2015-04-14 08:54:54 INFO  Enrichment:1995 - Generate Random Data for permutations has taken 47.0 seconds.
2015-04-14 08:54:55 INFO  Enrichment:2035 - Annotation of Permutations has started.
2015-04-14 08:55:02 INFO  Enrichment:2394 - Annotation of Permutations has took 7.0 seconds.
2015-04-14 08:55:02 INFO  Enrichment:2403 - RunNumber: 1 For Chromosome: chr10 Annotation of 10000 permutations where each of them has 153  intervals took  59.0 seconds.
2015-04-14 08:55:02 INFO  Enrichment:2404 - ******************************************************************************************
2015-04-14 08:55:02 INFO  Enrichment:1881 - chromosome name:chr11 chromosome size: 135006516
2015-04-14 08:55:02 INFO  Enrichment:1915 - Filling of gcByteList, mapabilityChromosomePositionList, mapabilityShortValueList  has started.
2015-04-14 08:55:06 INFO  Enrichment:1940 - Filling of gcByteList, mapabilityChromosomePositionList, mapabilityShortValueList  has taken 3.0 seconds.
2015-04-14 08:55:06 INFO  Enrichment:1953 - Generate Random Data for permutations has started.
2015-04-14 08:56:09 INFO  Enrichment:1995 - Generate Random Data for permutations has taken 63.0 seconds.
2015-04-14 08:56:10 INFO  Enrichment:2035 - Annotation of Permutations has started.
2015-04-14 08:56:18 INFO  Enrichment:2394 - Annotation of Permutations has took 8.0 seconds.
2015-04-14 08:56:18 INFO  Enrichment:2403 - RunNumber: 1 For Chromosome: chr11 Annotation of 10000 permutations where each of them has 208  intervals took  75.0 seconds.
2015-04-14 08:56:18 INFO  Enrichment:2404 - ******************************************************************************************
2015-04-14 08:56:18 INFO  Enrichment:1881 - chromosome name:chr12 chromosome size: 133851895
2015-04-14 08:56:18 INFO  Enrichment:1915 - Filling of gcByteList, mapabilityChromosomePositionList, mapabilityShortValueList  has started.
2015-04-14 08:56:22 INFO  Enrichment:1940 - Filling of gcByteList, mapabilityChromosomePositionList, mapabilityShortValueList  has taken 3.0 seconds.
2015-04-14 08:56:22 INFO  Enrichment:1953 - Generate Random Data for permutations has started.
2015-04-14 08:57:29 INFO  Enrichment:1995 - Generate Random Data for permutations has taken 67.0 seconds.
2015-04-14 08:57:30 INFO  Enrichment:2035 - Annotation of Permutations has started.
2015-04-14 08:57:38 INFO  Enrichment:2394 - Annotation of Permutations has took 7.0 seconds.
2015-04-14 08:57:38 INFO  Enrichment:2403 - RunNumber: 1 For Chromosome: chr12 Annotation of 10000 permutations where each of them has 146  intervals took  79.0 seconds.
2015-04-14 08:57:38 INFO  Enrichment:2404 - ******************************************************************************************
2015-04-14 08:57:38 INFO  Enrichment:1881 - chromosome name:chr13 chromosome size: 115169878
2015-04-14 08:57:38 INFO  Enrichment:1915 - Filling of gcByteList, mapabilityChromosomePositionList, mapabilityShortValueList  has started.
2015-04-14 08:57:40 INFO  Enrichment:1940 - Filling of gcByteList, mapabilityChromosomePositionList, mapabilityShortValueList  has taken 2.0 seconds.
2015-04-14 08:57:40 INFO  Enrichment:1953 - Generate Random Data for permutations has started.
2015-04-14 08:57:46 INFO  Enrichment:1995 - Generate Random Data for permutations has taken 5.0 seconds.
2015-04-14 08:57:47 INFO  Enrichment:2035 - Annotation of Permutations has started.
2015-04-14 08:57:50 INFO  Enrichment:2394 - Annotation of Permutations has took 3.0 seconds.
2015-04-14 08:57:50 INFO  Enrichment:2403 - RunNumber: 1 For Chromosome: chr13 Annotation of 10000 permutations where each of them has 58  intervals took  12.0 seconds.
2015-04-14 08:57:50 INFO  Enrichment:2404 - ******************************************************************************************
2015-04-14 08:57:50 INFO  Enrichment:1881 - chromosome name:chr14 chromosome size: 107349540
2015-04-14 08:57:50 INFO  Enrichment:1915 - Filling of gcByteList, mapabilityChromosomePositionList, mapabilityShortValueList  has started.
2015-04-14 08:57:53 INFO  Enrichment:1940 - Filling of gcByteList, mapabilityChromosomePositionList, mapabilityShortValueList  has taken 2.0 seconds.
2015-04-14 08:57:53 INFO  Enrichment:1953 - Generate Random Data for permutations has started.
2015-04-14 08:58:34 INFO  Enrichment:1995 - Generate Random Data for permutations has taken 41.0 seconds.
2015-04-14 08:58:35 INFO  Enrichment:2035 - Annotation of Permutations has started.
2015-04-14 08:58:40 INFO  Enrichment:2394 - Annotation of Permutations has took 4.0 seconds.
2015-04-14 08:58:40 INFO  Enrichment:2403 - RunNumber: 1 For Chromosome: chr14 Annotation of 10000 permutations where each of them has 80  intervals took  49.0 seconds.
2015-04-14 08:58:40 INFO  Enrichment:2404 - ******************************************************************************************
2015-04-14 08:58:40 INFO  Enrichment:1881 - chromosome name:chr15 chromosome size: 102531392
2015-04-14 08:58:40 INFO  Enrichment:1915 - Filling of gcByteList, mapabilityChromosomePositionList, mapabilityShortValueList  has started.
2015-04-14 08:58:42 INFO  Enrichment:1940 - Filling of gcByteList, mapabilityChromosomePositionList, mapabilityShortValueList  has taken 2.0 seconds.
2015-04-14 08:58:42 INFO  Enrichment:1953 - Generate Random Data for permutations has started.
2015-04-14 08:59:29 INFO  Enrichment:1995 - Generate Random Data for permutations has taken 47.0 seconds.
2015-04-14 08:59:30 INFO  Enrichment:2035 - Annotation of Permutations has started.
2015-04-14 08:59:34 INFO  Enrichment:2394 - Annotation of Permutations has took 4.0 seconds.
2015-04-14 08:59:34 INFO  Enrichment:2403 - RunNumber: 1 For Chromosome: chr15 Annotation of 10000 permutations where each of them has 70  intervals took  54.0 seconds.
2015-04-14 08:59:34 INFO  Enrichment:2404 - ******************************************************************************************
2015-04-14 08:59:35 INFO  Enrichment:1881 - chromosome name:chr16 chromosome size: 90354753
2015-04-14 08:59:35 INFO  Enrichment:1915 - Filling of gcByteList, mapabilityChromosomePositionList, mapabilityShortValueList  has started.
2015-04-14 08:59:37 INFO  Enrichment:1940 - Filling of gcByteList, mapabilityChromosomePositionList, mapabilityShortValueList  has taken 2.0 seconds.
2015-04-14 08:59:37 INFO  Enrichment:1953 - Generate Random Data for permutations has started.
2015-04-14 09:01:11 INFO  Enrichment:1995 - Generate Random Data for permutations has taken 93.0 seconds.
2015-04-14 09:01:11 INFO  Enrichment:2035 - Annotation of Permutations has started.
2015-04-14 09:01:17 INFO  Enrichment:2394 - Annotation of Permutations has took 6.0 seconds.
2015-04-14 09:01:17 INFO  Enrichment:2403 - RunNumber: 1 For Chromosome: chr16 Annotation of 10000 permutations where each of them has 125  intervals took  102.0 seconds.
2015-04-14 09:01:17 INFO  Enrichment:2404 - ******************************************************************************************
2015-04-14 09:01:17 INFO  Enrichment:1881 - chromosome name:chr17 chromosome size: 81195210
2015-04-14 09:01:17 INFO  Enrichment:1915 - Filling of gcByteList, mapabilityChromosomePositionList, mapabilityShortValueList  has started.
2015-04-14 09:01:19 INFO  Enrichment:1940 - Filling of gcByteList, mapabilityChromosomePositionList, mapabilityShortValueList  has taken 1.0 seconds.
2015-04-14 09:01:19 INFO  Enrichment:1953 - Generate Random Data for permutations has started.
2015-04-14 09:03:13 INFO  Enrichment:1995 - Generate Random Data for permutations has taken 113.0 seconds.
2015-04-14 09:03:13 INFO  Enrichment:2035 - Annotation of Permutations has started.
2015-04-14 09:03:21 INFO  Enrichment:2394 - Annotation of Permutations has took 8.0 seconds.
2015-04-14 09:03:21 INFO  Enrichment:2403 - RunNumber: 1 For Chromosome: chr17 Annotation of 10000 permutations where each of them has 181  intervals took  124.0 seconds.
2015-04-14 09:03:21 INFO  Enrichment:2404 - ******************************************************************************************
2015-04-14 09:03:22 INFO  Enrichment:1881 - chromosome name:chr18 chromosome size: 78077248
2015-04-14 09:03:22 INFO  Enrichment:1915 - Filling of gcByteList, mapabilityChromosomePositionList, mapabilityShortValueList  has started.
2015-04-14 09:03:23 INFO  Enrichment:1940 - Filling of gcByteList, mapabilityChromosomePositionList, mapabilityShortValueList  has taken 1.0 seconds.
2015-04-14 09:03:23 INFO  Enrichment:1953 - Generate Random Data for permutations has started.
2015-04-14 09:03:27 INFO  Enrichment:1995 - Generate Random Data for permutations has taken 3.0 seconds.
2015-04-14 09:03:27 INFO  Enrichment:2035 - Annotation of Permutations has started.
2015-04-14 09:03:29 INFO  Enrichment:2394 - Annotation of Permutations has took 2.0 seconds.
2015-04-14 09:03:29 INFO  Enrichment:2403 - RunNumber: 1 For Chromosome: chr18 Annotation of 10000 permutations where each of them has 22  intervals took  7.0 seconds.
2015-04-14 09:03:29 INFO  Enrichment:2404 - ******************************************************************************************
2015-04-14 09:03:29 INFO  Enrichment:1881 - chromosome name:chr19 chromosome size: 59128983
2015-04-14 09:03:29 INFO  Enrichment:1915 - Filling of gcByteList, mapabilityChromosomePositionList, mapabilityShortValueList  has started.
2015-04-14 09:03:31 INFO  Enrichment:1940 - Filling of gcByteList, mapabilityChromosomePositionList, mapabilityShortValueList  has taken 1.0 seconds.
2015-04-14 09:03:31 INFO  Enrichment:1953 - Generate Random Data for permutations has started.
2015-04-14 09:04:01 INFO  Enrichment:1995 - Generate Random Data for permutations has taken 30.0 seconds.
2015-04-14 09:04:01 INFO  Enrichment:2035 - Annotation of Permutations has started.
2015-04-14 09:04:07 INFO  Enrichment:2394 - Annotation of Permutations has took 5.0 seconds.
2015-04-14 09:04:07 INFO  Enrichment:2403 - RunNumber: 1 For Chromosome: chr19 Annotation of 10000 permutations where each of them has 66  intervals took  37.0 seconds.
2015-04-14 09:04:07 INFO  Enrichment:2404 - ******************************************************************************************
2015-04-14 09:04:07 INFO  Enrichment:1881 - chromosome name:chr20 chromosome size: 63025520
2015-04-14 09:04:07 INFO  Enrichment:1915 - Filling of gcByteList, mapabilityChromosomePositionList, mapabilityShortValueList  has started.
2015-04-14 09:04:08 INFO  Enrichment:1940 - Filling of gcByteList, mapabilityChromosomePositionList, mapabilityShortValueList  has taken 1.0 seconds.
2015-04-14 09:04:08 INFO  Enrichment:1953 - Generate Random Data for permutations has started.
2015-04-14 09:04:38 INFO  Enrichment:1995 - Generate Random Data for permutations has taken 29.0 seconds.
2015-04-14 09:04:38 INFO  Enrichment:2035 - Annotation of Permutations has started.
2015-04-14 09:04:41 INFO  Enrichment:2394 - Annotation of Permutations has took 2.0 seconds.
2015-04-14 09:04:41 INFO  Enrichment:2403 - RunNumber: 1 For Chromosome: chr20 Annotation of 10000 permutations where each of them has 31  intervals took  33.0 seconds.
2015-04-14 09:04:41 INFO  Enrichment:2404 - ******************************************************************************************
2015-04-14 09:04:41 INFO  Enrichment:1881 - chromosome name:chr21 chromosome size: 48129895
2015-04-14 09:04:41 INFO  Enrichment:1915 - Filling of gcByteList, mapabilityChromosomePositionList, mapabilityShortValueList  has started.
2015-04-14 09:04:42 INFO  Enrichment:1940 - Filling of gcByteList, mapabilityChromosomePositionList, mapabilityShortValueList  has taken 0.0 seconds.
2015-04-14 09:04:42 INFO  Enrichment:1953 - Generate Random Data for permutations has started.
2015-04-14 09:05:00 INFO  Enrichment:1995 - Generate Random Data for permutations has taken 18.0 seconds.
2015-04-14 09:05:00 INFO  Enrichment:2035 - Annotation of Permutations has started.
2015-04-14 09:05:02 INFO  Enrichment:2394 - Annotation of Permutations has took 1.0 seconds.
2015-04-14 09:05:02 INFO  Enrichment:2403 - RunNumber: 1 For Chromosome: chr21 Annotation of 10000 permutations where each of them has 32  intervals took  21.0 seconds.
2015-04-14 09:05:02 INFO  Enrichment:2404 - ******************************************************************************************
2015-04-14 09:05:02 INFO  Enrichment:1881 - chromosome name:chr22 chromosome size: 51304566
2015-04-14 09:05:02 INFO  Enrichment:1915 - Filling of gcByteList, mapabilityChromosomePositionList, mapabilityShortValueList  has started.
2015-04-14 09:05:03 INFO  Enrichment:1940 - Filling of gcByteList, mapabilityChromosomePositionList, mapabilityShortValueList  has taken 0.0 seconds.
2015-04-14 09:05:03 INFO  Enrichment:1953 - Generate Random Data for permutations has started.
2015-04-14 09:05:24 INFO  Enrichment:1995 - Generate Random Data for permutations has taken 21.0 seconds.
2015-04-14 09:05:25 INFO  Enrichment:2035 - Annotation of Permutations has started.
2015-04-14 09:05:28 INFO  Enrichment:2394 - Annotation of Permutations has took 3.0 seconds.
2015-04-14 09:05:28 INFO  Enrichment:2403 - RunNumber: 1 For Chromosome: chr22 Annotation of 10000 permutations where each of them has 57  intervals took  25.0 seconds.
2015-04-14 09:05:28 INFO  Enrichment:2404 - ******************************************************************************************
2015-04-14 09:05:28 INFO  Enrichment:1881 - chromosome name:chrX chromosome size: 155270560
2015-04-14 09:05:28 INFO  Enrichment:1881 - chromosome name:chrY chromosome size: 59373566
2015-04-14 09:05:28 INFO  Enrichment:2432 - ForkJoinPool is terminated 
2015-04-14 09:05:28 INFO  Enrichment:2438 - RUN_NUMBER: 1 NUMBER_OF_PERMUTATIONS:  10000 took 1362.0 seconds.
2015-04-14 09:05:29 INFO  Enrichment:3497 - Concurrent programming has ended.
2015-04-14 09:05:29 INFO  Enrichment:3702 - **************	1. Run	******************	ends
