2015-04-03 16:37:29 INFO  InputDataRemoveOverlaps:319 - *****************************************************************
2015-04-03 16:37:29 INFO  InputDataRemoveOverlaps:320 - GLANET Parameters starts
2015-04-03 16:37:29 INFO  InputDataRemoveOverlaps:324 - C:\Users\Burçak\Google Drive\Data\demo_input_data\UmutToprak_eDMRs2_05.bed\
2015-04-03 16:37:29 INFO  InputDataRemoveOverlaps:324 - GRCh37.p13
2015-04-03 16:37:29 INFO  InputDataRemoveOverlaps:324 - C:\Users\Burçak\Google Drive\
2015-04-03 16:37:29 INFO  InputDataRemoveOverlaps:324 - BED
2015-04-03 16:37:29 INFO  InputDataRemoveOverlaps:324 - 1
2015-04-03 16:37:29 INFO  InputDataRemoveOverlaps:324 - DO_ENRICH
2015-04-03 16:37:29 INFO  InputDataRemoveOverlaps:324 - With GC and Mappability
2015-04-03 16:37:29 INFO  InputDataRemoveOverlaps:324 - Benjamini Hochberg FDR
2015-04-03 16:37:29 INFO  InputDataRemoveOverlaps:324 - 0.05
2015-04-03 16:37:29 INFO  InputDataRemoveOverlaps:324 - 0.05
2015-04-03 16:37:29 INFO  InputDataRemoveOverlaps:324 - 10000
2015-04-03 16:37:29 INFO  InputDataRemoveOverlaps:324 - DO_DNASE_ANNOTATION
2015-04-03 16:37:29 INFO  InputDataRemoveOverlaps:324 - DO_HISTONE_ANNOTATION
2015-04-03 16:37:29 INFO  InputDataRemoveOverlaps:324 - DO_TF_ANNOTATION
2015-04-03 16:37:29 INFO  InputDataRemoveOverlaps:324 - DO_NOT_GENE_ANNOTATION
2015-04-03 16:37:29 INFO  InputDataRemoveOverlaps:324 - DO_NOT_KEGGPATHWAY_ANNOTATION
2015-04-03 16:37:29 INFO  InputDataRemoveOverlaps:324 - DO_NOT_TF_KEGGPATHWAY_ANNOTATION
2015-04-03 16:37:29 INFO  InputDataRemoveOverlaps:324 - DO_NOT_TF_CELLLINE_KEGGPATHWAY_ANNOTATION
2015-04-03 16:37:29 INFO  InputDataRemoveOverlaps:324 - DO_NOT_REGULATORY_SEQUENCE_ANALYSIS_USING_RSAT
2015-04-03 16:37:29 INFO  InputDataRemoveOverlaps:324 - testAllMapsUMUTData4GB
2015-04-03 16:37:29 INFO  InputDataRemoveOverlaps:324 - DO_NOT_WRITE_ELEMENT_BASED_ANNOTATION_FOUND_OVERLAPS
2015-04-03 16:37:29 INFO  InputDataRemoveOverlaps:324 - DO_NOT_WRITE_ANNOTATION_BINARY_MATRIX
2015-04-03 16:37:29 INFO  InputDataRemoveOverlaps:324 - DO_NOT_WRITE_GENERATED_RANDOM_DATA
2015-04-03 16:37:29 INFO  InputDataRemoveOverlaps:324 - DO_NOT_WRITE_PERMUTATION_BASED_AND_PARAMETRIC_BASED_ANNOTATION_RESULT
2015-04-03 16:37:29 INFO  InputDataRemoveOverlaps:324 - DO_NOT_WRITE_PERMUTATION_BASED_ANNOTATION_RESULT
2015-04-03 16:37:29 INFO  InputDataRemoveOverlaps:324 - 10000
2015-04-03 16:37:29 INFO  InputDataRemoveOverlaps:324 - DO_NOT_USER_DEFINED_GENESET_ANNOTATION
2015-04-03 16:37:29 INFO  InputDataRemoveOverlaps:324 - 
2015-04-03 16:37:29 INFO  InputDataRemoveOverlaps:324 - GENE SYMBOL
2015-04-03 16:37:29 INFO  InputDataRemoveOverlaps:324 - NoName
2015-04-03 16:37:29 INFO  InputDataRemoveOverlaps:324 - NO_OPTIONAL_USERDEFINEDGENESET_DESCRIPTION_FILE_PROVIDED
2015-04-03 16:37:29 INFO  InputDataRemoveOverlaps:324 - DO_NOT_USER_DEFINED_LIBRARY_ANNOTATION
2015-04-03 16:37:29 INFO  InputDataRemoveOverlaps:324 - 
2015-04-03 16:37:29 INFO  InputDataRemoveOverlaps:324 - 0-based coordinates (End Exclusive)
2015-04-03 16:37:29 INFO  InputDataRemoveOverlaps:324 - GIVEN_INPUT_DATA_CONSISTS_OF_MIXED_LENGTH_INTERVALS
2015-04-03 16:37:29 INFO  InputDataRemoveOverlaps:327 - GLANET Parameters ends
2015-04-03 16:37:29 INFO  InputDataRemoveOverlaps:328 - *****************************************************************
2015-04-03 16:37:29 INFO  Annotation:7116 - Memory Used Before Annotation	368	MBs
2015-04-03 16:38:23 INFO  Annotation:8261 - Memory Used After Annotation	36	MBs
2015-04-03 16:38:23 INFO  Enrichment:3032 - Memory Used Before Enrichment	36	MBs
2015-04-03 16:38:23 INFO  Enrichment:2933 - Java runtime max memory: 3925	MBs
2015-04-03 16:38:23 INFO  Enrichment:2934 - Java runtime total memory: 3925	MBs
2015-04-03 16:38:23 INFO  Enrichment:2935 - Java runtime free memory: 3882	MBs
2015-04-03 16:38:23 INFO  Enrichment:2936 - Java runtime available processors: 8
2015-04-03 16:38:30 INFO  ChromosomeBasedGCTroveList:132 - nthBase must be written once: 0 GCByteList construction has ended.
2015-04-03 16:38:30 INFO  ChromosomeBasedMappabilityTroveList:62 - CHROMOSOME1
2015-04-03 16:38:31 INFO  ChromosomeBasedMappabilityTroveList:117 - numberofGaps:43
2015-04-03 16:40:07 INFO  ChromosomeBasedGCTroveList:132 - nthBase must be written once: 0 GCByteList construction has ended.
2015-04-03 16:40:07 INFO  ChromosomeBasedMappabilityTroveList:62 - CHROMOSOME2
2015-04-03 16:40:07 INFO  ChromosomeBasedMappabilityTroveList:117 - numberofGaps:26
2015-04-03 16:41:39 INFO  ChromosomeBasedGCTroveList:132 - nthBase must be written once: 0 GCByteList construction has ended.
2015-04-03 16:41:39 INFO  ChromosomeBasedMappabilityTroveList:62 - CHROMOSOME3
2015-04-03 16:41:40 INFO  ChromosomeBasedMappabilityTroveList:117 - numberofGaps:7
2015-04-03 16:42:53 INFO  ChromosomeBasedGCTroveList:132 - nthBase must be written once: 0 GCByteList construction has ended.
2015-04-03 16:42:53 INFO  ChromosomeBasedMappabilityTroveList:62 - CHROMOSOME4
2015-04-03 16:42:54 INFO  ChromosomeBasedMappabilityTroveList:117 - numberofGaps:16
2015-04-03 16:44:12 INFO  ChromosomeBasedGCTroveList:132 - nthBase must be written once: 0 GCByteList construction has ended.
2015-04-03 16:44:12 INFO  ChromosomeBasedMappabilityTroveList:62 - CHROMOSOME5
2015-04-03 16:44:13 INFO  ChromosomeBasedMappabilityTroveList:117 - numberofGaps:10
2015-04-03 16:45:55 INFO  ChromosomeBasedGCTroveList:132 - nthBase must be written once: 0 GCByteList construction has ended.
2015-04-03 16:45:55 INFO  ChromosomeBasedMappabilityTroveList:62 - CHROMOSOME6
2015-04-03 16:45:56 INFO  ChromosomeBasedMappabilityTroveList:117 - numberofGaps:9
2015-04-03 16:47:36 INFO  ChromosomeBasedGCTroveList:132 - nthBase must be written once: 0 GCByteList construction has ended.
2015-04-03 16:47:36 INFO  ChromosomeBasedMappabilityTroveList:62 - CHROMOSOME7
2015-04-03 16:47:37 INFO  ChromosomeBasedMappabilityTroveList:117 - numberofGaps:21
2015-04-03 16:49:57 INFO  ChromosomeBasedGCTroveList:132 - nthBase must be written once: 0 GCByteList construction has ended.
2015-04-03 16:49:57 INFO  ChromosomeBasedMappabilityTroveList:62 - CHROMOSOME8
2015-04-03 16:49:58 INFO  ChromosomeBasedMappabilityTroveList:117 - numberofGaps:7
2015-04-03 16:51:01 INFO  ChromosomeBasedGCTroveList:132 - nthBase must be written once: 0 GCByteList construction has ended.
2015-04-03 16:51:01 INFO  ChromosomeBasedMappabilityTroveList:62 - CHROMOSOME9
2015-04-03 16:51:02 INFO  ChromosomeBasedMappabilityTroveList:117 - numberofGaps:42
2015-04-03 16:52:09 INFO  ChromosomeBasedGCTroveList:132 - nthBase must be written once: 0 GCByteList construction has ended.
2015-04-03 16:52:09 INFO  ChromosomeBasedMappabilityTroveList:62 - CHROMOSOME10
2015-04-03 16:52:09 INFO  ChromosomeBasedMappabilityTroveList:117 - numberofGaps:27
2015-04-03 16:54:56 INFO  ChromosomeBasedGCTroveList:132 - nthBase must be written once: 0 GCByteList construction has ended.
2015-04-03 16:54:56 INFO  ChromosomeBasedMappabilityTroveList:62 - CHROMOSOME11
2015-04-03 16:54:56 INFO  ChromosomeBasedMappabilityTroveList:117 - numberofGaps:8
2015-04-03 16:56:44 INFO  ChromosomeBasedGCTroveList:132 - nthBase must be written once: 0 GCByteList construction has ended.
2015-04-03 16:56:44 INFO  ChromosomeBasedMappabilityTroveList:62 - CHROMOSOME12
2015-04-03 16:56:45 INFO  ChromosomeBasedMappabilityTroveList:117 - numberofGaps:17
2015-04-03 16:59:29 INFO  ChromosomeBasedGCTroveList:132 - nthBase must be written once: 0 GCByteList construction has ended.
2015-04-03 16:59:29 INFO  ChromosomeBasedMappabilityTroveList:62 - CHROMOSOME13
2015-04-03 16:59:29 INFO  ChromosomeBasedMappabilityTroveList:117 - numberofGaps:4
2015-04-03 17:00:23 INFO  ChromosomeBasedGCTroveList:132 - nthBase must be written once: 0 GCByteList construction has ended.
2015-04-03 17:00:23 INFO  ChromosomeBasedMappabilityTroveList:62 - CHROMOSOME14
2015-04-03 17:00:23 INFO  ChromosomeBasedMappabilityTroveList:117 - numberofGaps:0
2015-04-03 17:02:21 INFO  ChromosomeBasedGCTroveList:132 - nthBase must be written once: 0 GCByteList construction has ended.
2015-04-03 17:02:21 INFO  ChromosomeBasedMappabilityTroveList:62 - CHROMOSOME15
2015-04-03 17:02:21 INFO  ChromosomeBasedMappabilityTroveList:117 - numberofGaps:10
2015-04-03 17:03:54 INFO  ChromosomeBasedGCTroveList:132 - nthBase must be written once: 0 GCByteList construction has ended.
2015-04-03 17:03:54 INFO  ChromosomeBasedMappabilityTroveList:62 - CHROMOSOME16
2015-04-03 17:03:54 INFO  ChromosomeBasedMappabilityTroveList:117 - numberofGaps:4
2015-04-03 17:05:51 INFO  ChromosomeBasedGCTroveList:132 - nthBase must be written once: 0 GCByteList construction has ended.
2015-04-03 17:05:51 INFO  ChromosomeBasedMappabilityTroveList:62 - CHROMOSOME17
2015-04-03 17:05:52 INFO  ChromosomeBasedMappabilityTroveList:117 - numberofGaps:7
2015-04-03 17:08:15 INFO  ChromosomeBasedGCTroveList:132 - nthBase must be written once: 0 GCByteList construction has ended.
2015-04-03 17:08:15 INFO  ChromosomeBasedMappabilityTroveList:62 - CHROMOSOME18
2015-04-03 17:08:15 INFO  ChromosomeBasedMappabilityTroveList:117 - numberofGaps:5
2015-04-03 17:08:41 INFO  ChromosomeBasedGCTroveList:132 - nthBase must be written once: 0 GCByteList construction has ended.
2015-04-03 17:08:41 INFO  ChromosomeBasedMappabilityTroveList:62 - CHROMOSOME19
2015-04-03 17:08:41 INFO  ChromosomeBasedMappabilityTroveList:117 - numberofGaps:6
2015-04-03 17:09:21 INFO  ChromosomeBasedGCTroveList:132 - nthBase must be written once: 0 GCByteList construction has ended.
2015-04-03 17:09:21 INFO  ChromosomeBasedMappabilityTroveList:62 - CHROMOSOME20
2015-04-03 17:09:21 INFO  ChromosomeBasedMappabilityTroveList:117 - numberofGaps:5
2015-04-03 17:09:35 INFO  ChromosomeBasedGCTroveList:132 - nthBase must be written once: 0 GCByteList construction has ended.
2015-04-03 17:09:35 INFO  ChromosomeBasedMappabilityTroveList:62 - CHROMOSOME21
2015-04-03 17:09:36 INFO  ChromosomeBasedMappabilityTroveList:117 - numberofGaps:17
2015-04-03 17:10:15 INFO  ChromosomeBasedGCTroveList:132 - nthBase must be written once: 0 GCByteList construction has ended.
2015-04-03 17:10:15 INFO  ChromosomeBasedMappabilityTroveList:62 - CHROMOSOME22
2015-04-03 17:10:15 INFO  ChromosomeBasedMappabilityTroveList:117 - numberofGaps:16
2015-04-03 17:11:02 INFO  Enrichment:3684 - Memory Used After Enrichment	9	MBs
