2015-02-18 09:31:10 INFO  InputDataProcess:194 - ******************************************************************************
2015-02-18 09:31:10 INFO  InputDataProcess:195 - Number of rsIds in the given rsID input file: 2346
2015-02-18 09:31:10 INFO  InputDataProcess:196 - Number of unique rsIds in the given rsID input file: 2346
2015-02-18 09:31:10 INFO  InputDataProcess:197 - ******************************************************************************
2015-02-18 09:32:09 INFO  AugmentationofGivenRsIdwithInformation:290 - rsId does not map to any assembly Count: 1 --- rs4959515 in the given list doesn't map to any assembly. Since It's assembly group label is null
2015-02-18 09:32:09 INFO  AugmentationofGivenRsIdwithInformation:290 - rsId does not map to any assembly Count: 2 --- rs6937363 in the given list doesn't map to any assembly. Since It's assembly group label is null
2015-02-18 09:32:52 INFO  AugmentationofGivenRsIdwithInformation:290 - rsId does not map to any assembly Count: 3 --- rs3855349 in the given list doesn't map to any assembly. Since It's assembly group label is null
2015-02-18 09:33:55 INFO  InputDataProcess:216 - ******************************************************************************
2015-02-18 09:33:55 INFO  InputDataProcess:228 - rsId Lost Count: 1 Given input rsID: rs3737959 Not found in the list returned by NCBI EUTIL
2015-02-18 09:33:55 INFO  InputDataProcess:228 - rsId Lost Count: 2 Given input rsID: rs4959515 Not found in the list returned by NCBI EUTIL
2015-02-18 09:33:55 INFO  InputDataProcess:228 - rsId Lost Count: 3 Given input rsID: rs6937363 Not found in the list returned by NCBI EUTIL
2015-02-18 09:33:55 INFO  InputDataProcess:228 - rsId Lost Count: 4 Given input rsID: rs4730283 Not found in the list returned by NCBI EUTIL
2015-02-18 09:33:55 INFO  InputDataProcess:228 - rsId Lost Count: 5 Given input rsID: rs3855349 Not found in the list returned by NCBI EUTIL
2015-02-18 09:33:55 INFO  InputDataProcess:228 - rsId Lost Count: 6 Given input rsID: rs12560420 Not found in the list returned by NCBI EUTIL
2015-02-18 09:33:55 INFO  InputDataProcess:228 - rsId Lost Count: 7 Given input rsID: rs17085433 Not found in the list returned by NCBI EUTIL
2015-02-18 09:33:55 INFO  InputDataProcess:228 - rsId Lost Count: 8 Given input rsID: rs10775043 Not found in the list returned by NCBI EUTIL
2015-02-18 09:33:56 INFO  InputDataProcess:228 - rsId Lost Count: 9 Given input rsID: rs11089853 Not found in the list returned by NCBI EUTIL
2015-02-18 09:33:56 INFO  InputDataProcess:232 - ******************************************************************************
2015-02-18 09:33:56 INFO  InputDataProcess:246 - rsId Gained By Merge Count: 1 NCBI EUTIL returned rsID: 2230622 Not found in the given rsIDList
2015-02-18 09:33:56 INFO  InputDataProcess:246 - rsId Gained By Merge Count: 2 NCBI EUTIL returned rsID: 20556 Not found in the given rsIDList
2015-02-18 09:33:56 INFO  InputDataProcess:246 - rsId Gained By Merge Count: 3 NCBI EUTIL returned rsID: 3848003 Not found in the given rsIDList
2015-02-18 09:33:56 INFO  InputDataProcess:246 - rsId Gained By Merge Count: 4 NCBI EUTIL returned rsID: 9518775 Not found in the given rsIDList
2015-02-18 09:33:56 INFO  InputDataProcess:246 - rsId Gained By Merge Count: 5 NCBI EUTIL returned rsID: 9619704 Not found in the given rsIDList
2015-02-18 09:33:56 INFO  InputDataProcess:249 - ******************************************************************************
2015-02-18 09:33:56 INFO  InputDataProcess:250 - We have 2346 rsIds at hand before NCBI EUTIL EFETCH
2015-02-18 09:33:56 INFO  InputDataProcess:252 - Number of given rsIds that are lost 9
2015-02-18 09:33:56 INFO  InputDataProcess:253 - Number of NCBI EUTIL returned rsIds that are gained 5
2015-02-18 09:33:56 INFO  InputDataProcess:255 - Number of given rsIds  does not map to any assembly 3
2015-02-18 09:33:56 INFO  InputDataProcess:256 - Number of given rsIds  does not return any rsID 0
2015-02-18 09:33:56 INFO  InputDataProcess:258 - We have 2342 rsIds remained after NCBI EUTIL EFETCH
2015-02-18 09:33:56 INFO  InputDataProcess:262 - We might have lost 1 rsIDs after NCBI EUTIL
2015-02-18 09:33:56 INFO  InputDataProcess:263 - ******************************************************************************
2015-02-18 09:33:56 INFO  InputDataProcess:301 - ******************************************************************************
2015-02-18 09:33:56 INFO  InputDataProcess:302 - Number of genomic loci is 2342 in NCBI REMAP input file in sourceAssembly GRCh38
2015-02-18 09:33:56 INFO  InputDataProcess:303 - ******************************************************************************
2015-02-18 09:33:59 INFO  Remap:176 - NCBI REMAP Show Batches Exit status = 1
2015-02-18 09:33:59 INFO  InputDataProcess:343 - ******************************************************************************
2015-02-18 09:34:18 INFO  Remap:400 - NCBI REMAP Exit status = 0	REMAP_DBSNP_IDS_COORDINATES_FROM_LATEST_ASSEMBLY_TO_GRCH37P13
2015-02-18 09:34:18 INFO  Remap:731 - Number of Lines In lineNumber2SourceGenomicLociMap : 2342 for file: remap_reportFile_chrName_1Based_Start_End_coordinates.xls
2015-02-18 09:34:18 INFO  Remap:732 - Number of Lines In lineNumber2TargetGenomicLociMap : 2340 for file: remap_reportFile_chrName_1Based_Start_End_coordinates.xls
2015-02-18 09:34:18 WARN  Remap:478 - Please notice that there is an unconverted genomic loci during NCBI REMAP API
2015-02-18 09:34:18 WARN  Remap:479 - rsId: rs2135787 To be Remapped: chr3	11936077	11936077 Mapped: null
2015-02-18 09:34:18 WARN  Remap:478 - Please notice that there is an unconverted genomic loci during NCBI REMAP API
2015-02-18 09:34:18 WARN  Remap:479 - rsId: rs9812594 To be Remapped: chr3	11919091	11919091 Mapped: null
2015-02-18 09:34:18 WARN  Remap:493 - Number of unremapped lines is: 2
2015-02-18 09:34:18 INFO  InputDataProcess:372 - ******************************************************************************
2015-02-18 09:34:18 INFO  FileOperations:777 - ******************************************************************************
2015-02-18 09:34:18 INFO  FileOperations:778 - Number of given input lines ready for GLANET execution: 2340
2015-02-18 09:34:18 INFO  FileOperations:779 - ******************************************************************************
2015-02-18 09:34:18 INFO  InputDataRemoveOverlaps:330 - *****************************************************************
2015-02-18 09:34:18 INFO  InputDataRemoveOverlaps:331 - GLANET Parameters starts
2015-02-18 09:34:18 INFO  InputDataRemoveOverlaps:335 - C:\Users\Burçak\Google Drive\Data\demo_input_data\OCD_GWAS_SIGNIFICANT_SNP_RSIDs_all.txt\
2015-02-18 09:34:18 INFO  InputDataRemoveOverlaps:335 - GRCh37.p13
2015-02-18 09:34:18 INFO  InputDataRemoveOverlaps:335 - C:\Users\Burçak\Google Drive\
2015-02-18 09:34:18 INFO  InputDataRemoveOverlaps:335 - dbSNP IDs
2015-02-18 09:34:18 INFO  InputDataRemoveOverlaps:335 - 1
2015-02-18 09:34:18 INFO  InputDataRemoveOverlaps:335 - DO_NOT_ENRICH
2015-02-18 09:34:18 INFO  InputDataRemoveOverlaps:335 - With GC and Mappability
2015-02-18 09:34:18 INFO  InputDataRemoveOverlaps:335 - Benjamini Hochberg FDR
2015-02-18 09:34:18 INFO  InputDataRemoveOverlaps:335 - 0.05
2015-02-18 09:34:18 INFO  InputDataRemoveOverlaps:335 - 0.05
2015-02-18 09:34:18 INFO  InputDataRemoveOverlaps:335 - 10000
2015-02-18 09:34:18 INFO  InputDataRemoveOverlaps:335 - DO_DNASE_ENRICHMENT
2015-02-18 09:34:18 INFO  InputDataRemoveOverlaps:335 - DO_HISTONE_ENRICHMENT
2015-02-18 09:34:18 INFO  InputDataRemoveOverlaps:335 - DO_TF_ENRICHMENT
2015-02-18 09:34:18 INFO  InputDataRemoveOverlaps:335 - DO_KEGGPATHWAY_ENRICHMENT
2015-02-18 09:34:18 INFO  InputDataRemoveOverlaps:335 - DO_NOT_TF_KEGGPATHWAY_ENRICHMENT
2015-02-18 09:34:18 INFO  InputDataRemoveOverlaps:335 - DO_NOT_TF_CELLLINE_KEGGPATHWAY_ENRICHMENT
2015-02-18 09:34:18 INFO  InputDataRemoveOverlaps:335 - DO_NOT_REGULATORY_SEQUENCE_ANALYSIS_USING_RSAT
2015-02-18 09:34:18 INFO  InputDataRemoveOverlaps:335 - OCD-test
2015-02-18 09:34:18 INFO  InputDataRemoveOverlaps:335 - DO_NOT_WRITE_GENERATED_RANDOM_DATA
2015-02-18 09:34:18 INFO  InputDataRemoveOverlaps:335 - DO_NOT_WRITE_PERMUTATION_BASED_AND_PARAMETRIC_BASED_ANNOTATION_RESULT
2015-02-18 09:34:18 INFO  InputDataRemoveOverlaps:335 - DO_NOT_WRITE_PERMUTATION_BASED_ANNOTATION_RESULT
2015-02-18 09:34:18 INFO  InputDataRemoveOverlaps:335 - 5000
2015-02-18 09:34:18 INFO  InputDataRemoveOverlaps:335 - DO_NOT_USER_DEFINED_GENESET_ENRICHMENT
2015-02-18 09:34:18 INFO  InputDataRemoveOverlaps:335 - 
2015-02-18 09:34:18 INFO  InputDataRemoveOverlaps:335 - GENE SYMBOL
2015-02-18 09:34:18 INFO  InputDataRemoveOverlaps:335 - NoName
2015-02-18 09:34:18 INFO  InputDataRemoveOverlaps:335 - NO_OPTIONAL_USERDEFINEDGENESET_DESCRIPTION_FILE_PROVIDED
2015-02-18 09:34:18 INFO  InputDataRemoveOverlaps:335 - DO_NOT_USER_DEFINED_LIBRARY_ENRICHMENT
2015-02-18 09:34:18 INFO  InputDataRemoveOverlaps:335 - 
2015-02-18 09:34:18 INFO  InputDataRemoveOverlaps:335 - 0-based coordinates (End Exclusive)
2015-02-18 09:34:18 INFO  InputDataRemoveOverlaps:335 - GIVEN_INPUT_DATA_CONSISTS_OF_SNPS
2015-02-18 09:34:18 INFO  InputDataRemoveOverlaps:338 - GLANET Parameters ends
2015-02-18 09:34:18 INFO  InputDataRemoveOverlaps:339 - *****************************************************************
