2015-04-13 16:06:26 INFO  InputDataRemoveOverlaps:319 - *****************************************************************
2015-04-13 16:06:26 INFO  InputDataRemoveOverlaps:320 - GLANET Parameters starts
2015-04-13 16:06:26 INFO  InputDataRemoveOverlaps:324 - C:\Users\Burçak\Google Drive\Data\demo_input_data\UmutToprak_eDMRs2_05.bed\
2015-04-13 16:06:26 INFO  InputDataRemoveOverlaps:324 - GRCh37.p13
2015-04-13 16:06:26 INFO  InputDataRemoveOverlaps:324 - C:\Users\Burçak\Google Drive\
2015-04-13 16:06:26 INFO  InputDataRemoveOverlaps:324 - BED
2015-04-13 16:06:26 INFO  InputDataRemoveOverlaps:324 - 1
2015-04-13 16:06:26 INFO  InputDataRemoveOverlaps:324 - DO_ENRICH
2015-04-13 16:06:26 INFO  InputDataRemoveOverlaps:324 - With GC and Mappability
2015-04-13 16:06:26 INFO  InputDataRemoveOverlaps:324 - Benjamini Hochberg FDR
2015-04-13 16:06:26 INFO  InputDataRemoveOverlaps:324 - 0.05
2015-04-13 16:06:26 INFO  InputDataRemoveOverlaps:324 - 0.05
2015-04-13 16:06:26 INFO  InputDataRemoveOverlaps:324 - 10000
2015-04-13 16:06:26 INFO  InputDataRemoveOverlaps:324 - DO_DNASE_ANNOTATION
2015-04-13 16:06:26 INFO  InputDataRemoveOverlaps:324 - DO_HISTONE_ANNOTATION
2015-04-13 16:06:26 INFO  InputDataRemoveOverlaps:324 - DO_TF_ANNOTATION
2015-04-13 16:06:26 INFO  InputDataRemoveOverlaps:324 - DO_NOT_GENE_ANNOTATION
2015-04-13 16:06:26 INFO  InputDataRemoveOverlaps:324 - DO_NOT_KEGGPATHWAY_ANNOTATION
2015-04-13 16:06:26 INFO  InputDataRemoveOverlaps:324 - DO_NOT_TF_KEGGPATHWAY_ANNOTATION
2015-04-13 16:06:26 INFO  InputDataRemoveOverlaps:324 - DO_NOT_TF_CELLLINE_KEGGPATHWAY_ANNOTATION
2015-04-13 16:06:26 INFO  InputDataRemoveOverlaps:324 - DO_NOT_REGULATORY_SEQUENCE_ANALYSIS_USING_RSAT
2015-04-13 16:06:26 INFO  InputDataRemoveOverlaps:324 - TestUmutGCIntervalTree
2015-04-13 16:06:26 INFO  InputDataRemoveOverlaps:324 - DO_NOT_WRITE_ELEMENT_BASED_ANNOTATION_FOUND_OVERLAPS
2015-04-13 16:06:26 INFO  InputDataRemoveOverlaps:324 - DO_NOT_WRITE_ANNOTATION_BINARY_MATRIX
2015-04-13 16:06:26 INFO  InputDataRemoveOverlaps:324 - DO_NOT_WRITE_GENERATED_RANDOM_DATA
2015-04-13 16:06:26 INFO  InputDataRemoveOverlaps:324 - DO_NOT_WRITE_PERMUTATION_BASED_AND_PARAMETRIC_BASED_ANNOTATION_RESULT
2015-04-13 16:06:26 INFO  InputDataRemoveOverlaps:324 - DO_NOT_WRITE_PERMUTATION_BASED_ANNOTATION_RESULT
2015-04-13 16:06:26 INFO  InputDataRemoveOverlaps:324 - 10000
2015-04-13 16:06:26 INFO  InputDataRemoveOverlaps:324 - DO_NOT_USER_DEFINED_GENESET_ANNOTATION
2015-04-13 16:06:26 INFO  InputDataRemoveOverlaps:324 - 
2015-04-13 16:06:26 INFO  InputDataRemoveOverlaps:324 - GENE SYMBOL
2015-04-13 16:06:26 INFO  InputDataRemoveOverlaps:324 - NoName
2015-04-13 16:06:26 INFO  InputDataRemoveOverlaps:324 - NO_OPTIONAL_USERDEFINEDGENESET_DESCRIPTION_FILE_PROVIDED
2015-04-13 16:06:26 INFO  InputDataRemoveOverlaps:324 - DO_NOT_USER_DEFINED_LIBRARY_ANNOTATION
2015-04-13 16:06:26 INFO  InputDataRemoveOverlaps:324 - 
2015-04-13 16:06:26 INFO  InputDataRemoveOverlaps:324 - 0-based coordinates (End Exclusive)
2015-04-13 16:06:26 INFO  InputDataRemoveOverlaps:324 - GIVEN_INPUT_DATA_CONSISTS_OF_MIXED_LENGTH_INTERVALS
2015-04-13 16:06:26 INFO  InputDataRemoveOverlaps:327 - GLANET Parameters ends
2015-04-13 16:06:26 INFO  InputDataRemoveOverlaps:328 - *****************************************************************
2015-04-13 16:07:14 INFO  Enrichment:2951 - Java runtime max memory: 4094	MBs
2015-04-13 16:07:14 INFO  Enrichment:2952 - Java runtime total memory: 4094	MBs
2015-04-13 16:07:14 INFO  Enrichment:2953 - Java runtime free memory: 4051	MBs
2015-04-13 16:07:14 INFO  Enrichment:2954 - Java runtime available processors: 8
2015-04-13 16:07:14 INFO  Enrichment:889 - Input data file name is: C:\Users\Burçak\Google Drive\Output\TestUmutGCIntervalTree\GivenInputData\Input_Data_Processed_OverlapsRemoved_0Based_Start_End_GRCh37_p13_coordinates.txt
2015-04-13 16:07:14 INFO  Enrichment:3262 - **************	1. Run	******************	starts
2015-04-13 16:07:14 INFO  Enrichment:3463 - Concurrent programming has started.
2015-04-13 16:07:14 INFO  Enrichment:1833 - Run Number: 1
2015-04-13 16:07:14 INFO  Enrichment:1841 - PermutationNumberList is filled.
2015-04-13 16:07:14 INFO  Enrichment:1871 - chromosome name:chr1 chromosome size: 249250621
2015-04-13 16:07:14 INFO  Enrichment:1900 - Filling of gcByteList, mapabilityChromosomePositionList, mapabilityShortValueList  has started.
2015-04-13 16:07:16 INFO  ChromosomeBasedMappabilityTroveList:62 - CHROMOSOME1
2015-04-13 16:07:16 INFO  ChromosomeBasedMappabilityTroveList:117 - numberofGaps:43
2015-04-13 16:07:16 INFO  Enrichment:1921 - Filling of gcByteList, mapabilityChromosomePositionList, mapabilityShortValueList  has taken 2.0 seconds.
2015-04-13 16:07:16 INFO  Enrichment:1934 - Generate Random Data for permutations has started.
2015-04-13 16:08:04 INFO  Enrichment:1976 - Generate Random Data for permutations has taken 47.0 seconds.
2015-04-13 16:08:04 INFO  Enrichment:2013 - Annotation of Permutations has started.
2015-04-13 16:08:15 INFO  Enrichment:2372 - Annotation of Permutations has took 11.0 seconds.
2015-04-13 16:08:15 INFO  Enrichment:2381 - RunNumber: 1 For Chromosome: chr1 Annotation of 10000 permutations where each of them has 156  intervals took  61.0 seconds.
2015-04-13 16:08:15 INFO  Enrichment:2382 - ******************************************************************************************
2015-04-13 16:08:15 INFO  Enrichment:1871 - chromosome name:chr2 chromosome size: 243199373
2015-04-13 16:08:15 INFO  Enrichment:1900 - Filling of gcByteList, mapabilityChromosomePositionList, mapabilityShortValueList  has started.
2015-04-13 16:08:17 INFO  ChromosomeBasedMappabilityTroveList:62 - CHROMOSOME2
2015-04-13 16:08:21 INFO  ChromosomeBasedMappabilityTroveList:117 - numberofGaps:26
2015-04-13 16:08:21 INFO  Enrichment:1921 - Filling of gcByteList, mapabilityChromosomePositionList, mapabilityShortValueList  has taken 5.0 seconds.
2015-04-13 16:08:21 INFO  Enrichment:1934 - Generate Random Data for permutations has started.
2015-04-13 16:09:00 INFO  Enrichment:1976 - Generate Random Data for permutations has taken 39.0 seconds.
2015-04-13 16:09:01 INFO  Enrichment:2013 - Annotation of Permutations has started.
2015-04-13 16:09:09 INFO  Enrichment:2372 - Annotation of Permutations has took 8.0 seconds.
2015-04-13 16:09:09 INFO  Enrichment:2381 - RunNumber: 1 For Chromosome: chr2 Annotation of 10000 permutations where each of them has 98  intervals took  53.0 seconds.
2015-04-13 16:09:09 INFO  Enrichment:2382 - ******************************************************************************************
2015-04-13 16:09:09 INFO  Enrichment:1871 - chromosome name:chr3 chromosome size: 198022430
2015-04-13 16:09:09 INFO  Enrichment:1900 - Filling of gcByteList, mapabilityChromosomePositionList, mapabilityShortValueList  has started.
2015-04-13 16:09:10 INFO  ChromosomeBasedMappabilityTroveList:62 - CHROMOSOME3
2015-04-13 16:09:13 INFO  ChromosomeBasedMappabilityTroveList:117 - numberofGaps:7
2015-04-13 16:09:13 INFO  Enrichment:1921 - Filling of gcByteList, mapabilityChromosomePositionList, mapabilityShortValueList  has taken 3.0 seconds.
2015-04-13 16:09:13 INFO  Enrichment:1934 - Generate Random Data for permutations has started.
2015-04-13 16:09:48 INFO  Enrichment:1976 - Generate Random Data for permutations has taken 35.0 seconds.
2015-04-13 16:09:49 INFO  Enrichment:2013 - Annotation of Permutations has started.
2015-04-13 16:09:55 INFO  Enrichment:2372 - Annotation of Permutations has took 6.0 seconds.
2015-04-13 16:09:55 INFO  Enrichment:2381 - RunNumber: 1 For Chromosome: chr3 Annotation of 10000 permutations where each of them has 117  intervals took  46.0 seconds.
2015-04-13 16:09:55 INFO  Enrichment:2382 - ******************************************************************************************
2015-04-13 16:09:56 INFO  Enrichment:1871 - chromosome name:chr4 chromosome size: 191154276
2015-04-13 16:09:56 INFO  Enrichment:1900 - Filling of gcByteList, mapabilityChromosomePositionList, mapabilityShortValueList  has started.
2015-04-13 16:09:57 INFO  ChromosomeBasedMappabilityTroveList:62 - CHROMOSOME4
2015-04-13 16:10:00 INFO  ChromosomeBasedMappabilityTroveList:117 - numberofGaps:16
2015-04-13 16:10:00 INFO  Enrichment:1921 - Filling of gcByteList, mapabilityChromosomePositionList, mapabilityShortValueList  has taken 3.0 seconds.
2015-04-13 16:10:00 INFO  Enrichment:1934 - Generate Random Data for permutations has started.
2015-04-13 16:10:24 INFO  Enrichment:1976 - Generate Random Data for permutations has taken 23.0 seconds.
2015-04-13 16:10:24 INFO  Enrichment:2013 - Annotation of Permutations has started.
2015-04-13 16:10:30 INFO  Enrichment:2372 - Annotation of Permutations has took 5.0 seconds.
2015-04-13 16:10:30 INFO  Enrichment:2381 - RunNumber: 1 For Chromosome: chr4 Annotation of 10000 permutations where each of them has 98  intervals took  33.0 seconds.
2015-04-13 16:10:30 INFO  Enrichment:2382 - ******************************************************************************************
2015-04-13 16:10:30 INFO  Enrichment:1871 - chromosome name:chr5 chromosome size: 180915260
2015-04-13 16:10:30 INFO  Enrichment:1900 - Filling of gcByteList, mapabilityChromosomePositionList, mapabilityShortValueList  has started.
2015-04-13 16:10:31 INFO  ChromosomeBasedMappabilityTroveList:62 - CHROMOSOME5
2015-04-13 16:10:34 INFO  ChromosomeBasedMappabilityTroveList:117 - numberofGaps:10
2015-04-13 16:10:34 INFO  Enrichment:1921 - Filling of gcByteList, mapabilityChromosomePositionList, mapabilityShortValueList  has taken 3.0 seconds.
2015-04-13 16:10:34 INFO  Enrichment:1934 - Generate Random Data for permutations has started.
2015-04-13 16:11:17 INFO  Enrichment:1976 - Generate Random Data for permutations has taken 42.0 seconds.
2015-04-13 16:11:17 INFO  Enrichment:2013 - Annotation of Permutations has started.
2015-04-13 16:11:23 INFO  Enrichment:2372 - Annotation of Permutations has took 6.0 seconds.
2015-04-13 16:11:23 INFO  Enrichment:2381 - RunNumber: 1 For Chromosome: chr5 Annotation of 10000 permutations where each of them has 86  intervals took  53.0 seconds.
2015-04-13 16:11:23 INFO  Enrichment:2382 - ******************************************************************************************
2015-04-13 16:11:23 INFO  Enrichment:1871 - chromosome name:chr6 chromosome size: 171115067
2015-04-13 16:11:23 INFO  Enrichment:1900 - Filling of gcByteList, mapabilityChromosomePositionList, mapabilityShortValueList  has started.
2015-04-13 16:11:24 INFO  ChromosomeBasedMappabilityTroveList:62 - CHROMOSOME6
2015-04-13 16:11:27 INFO  ChromosomeBasedMappabilityTroveList:117 - numberofGaps:9
2015-04-13 16:11:27 INFO  Enrichment:1921 - Filling of gcByteList, mapabilityChromosomePositionList, mapabilityShortValueList  has taken 3.0 seconds.
2015-04-13 16:11:27 INFO  Enrichment:1934 - Generate Random Data for permutations has started.
2015-04-13 16:11:53 INFO  Enrichment:1976 - Generate Random Data for permutations has taken 25.0 seconds.
2015-04-13 16:11:53 INFO  Enrichment:2013 - Annotation of Permutations has started.
2015-04-13 16:12:00 INFO  Enrichment:2372 - Annotation of Permutations has took 6.0 seconds.
2015-04-13 16:12:00 INFO  Enrichment:2381 - RunNumber: 1 For Chromosome: chr6 Annotation of 10000 permutations where each of them has 114  intervals took  36.0 seconds.
2015-04-13 16:12:00 INFO  Enrichment:2382 - ******************************************************************************************
2015-04-13 16:12:00 INFO  Enrichment:1871 - chromosome name:chr7 chromosome size: 159138663
2015-04-13 16:12:00 INFO  Enrichment:1900 - Filling of gcByteList, mapabilityChromosomePositionList, mapabilityShortValueList  has started.
2015-04-13 16:12:01 INFO  ChromosomeBasedMappabilityTroveList:62 - CHROMOSOME7
2015-04-13 16:12:03 INFO  ChromosomeBasedMappabilityTroveList:117 - numberofGaps:21
2015-04-13 16:12:03 INFO  Enrichment:1921 - Filling of gcByteList, mapabilityChromosomePositionList, mapabilityShortValueList  has taken 2.0 seconds.
2015-04-13 16:12:03 INFO  Enrichment:1934 - Generate Random Data for permutations has started.
2015-04-13 16:13:16 INFO  Enrichment:1976 - Generate Random Data for permutations has taken 73.0 seconds.
2015-04-13 16:13:16 INFO  Enrichment:2013 - Annotation of Permutations has started.
2015-04-13 16:13:23 INFO  Enrichment:2372 - Annotation of Permutations has took 7.0 seconds.
2015-04-13 16:13:23 INFO  Enrichment:2381 - RunNumber: 1 For Chromosome: chr7 Annotation of 10000 permutations where each of them has 163  intervals took  83.0 seconds.
2015-04-13 16:13:23 INFO  Enrichment:2382 - ******************************************************************************************
2015-04-13 16:13:24 INFO  Enrichment:1871 - chromosome name:chr8 chromosome size: 146364022
2015-04-13 16:13:24 INFO  Enrichment:1900 - Filling of gcByteList, mapabilityChromosomePositionList, mapabilityShortValueList  has started.
2015-04-13 16:13:25 INFO  ChromosomeBasedMappabilityTroveList:62 - CHROMOSOME8
2015-04-13 16:13:26 INFO  ChromosomeBasedMappabilityTroveList:117 - numberofGaps:7
2015-04-13 16:13:26 INFO  Enrichment:1921 - Filling of gcByteList, mapabilityChromosomePositionList, mapabilityShortValueList  has taken 2.0 seconds.
2015-04-13 16:13:26 INFO  Enrichment:1934 - Generate Random Data for permutations has started.
2015-04-13 16:13:54 INFO  Enrichment:1976 - Generate Random Data for permutations has taken 27.0 seconds.
2015-04-13 16:13:54 INFO  Enrichment:2013 - Annotation of Permutations has started.
2015-04-13 16:14:00 INFO  Enrichment:2372 - Annotation of Permutations has took 5.0 seconds.
2015-04-13 16:14:00 INFO  Enrichment:2381 - RunNumber: 1 For Chromosome: chr8 Annotation of 10000 permutations where each of them has 90  intervals took  36.0 seconds.
2015-04-13 16:14:00 INFO  Enrichment:2382 - ******************************************************************************************
2015-04-13 16:14:00 INFO  Enrichment:1871 - chromosome name:chr9 chromosome size: 141213431
2015-04-13 16:14:00 INFO  Enrichment:1900 - Filling of gcByteList, mapabilityChromosomePositionList, mapabilityShortValueList  has started.
2015-04-13 16:14:01 INFO  ChromosomeBasedMappabilityTroveList:62 - CHROMOSOME9
2015-04-13 16:14:03 INFO  ChromosomeBasedMappabilityTroveList:117 - numberofGaps:42
2015-04-13 16:14:03 INFO  Enrichment:1921 - Filling of gcByteList, mapabilityChromosomePositionList, mapabilityShortValueList  has taken 2.0 seconds.
2015-04-13 16:14:03 INFO  Enrichment:1934 - Generate Random Data for permutations has started.
2015-04-13 16:14:26 INFO  Enrichment:1976 - Generate Random Data for permutations has taken 23.0 seconds.
2015-04-13 16:14:26 INFO  Enrichment:2013 - Annotation of Permutations has started.
2015-04-13 16:14:31 INFO  Enrichment:2372 - Annotation of Permutations has took 5.0 seconds.
2015-04-13 16:14:31 INFO  Enrichment:2381 - RunNumber: 1 For Chromosome: chr9 Annotation of 10000 permutations where each of them has 62  intervals took  31.0 seconds.
2015-04-13 16:14:31 INFO  Enrichment:2382 - ******************************************************************************************
2015-04-13 16:14:31 INFO  Enrichment:1871 - chromosome name:chr10 chromosome size: 135534747
2015-04-13 16:14:31 INFO  Enrichment:1900 - Filling of gcByteList, mapabilityChromosomePositionList, mapabilityShortValueList  has started.
2015-04-13 16:14:32 INFO  ChromosomeBasedMappabilityTroveList:62 - CHROMOSOME10
2015-04-13 16:14:35 INFO  ChromosomeBasedMappabilityTroveList:117 - numberofGaps:27
2015-04-13 16:14:35 INFO  Enrichment:1921 - Filling of gcByteList, mapabilityChromosomePositionList, mapabilityShortValueList  has taken 3.0 seconds.
2015-04-13 16:14:35 INFO  Enrichment:1934 - Generate Random Data for permutations has started.
2015-04-13 16:15:03 INFO  Enrichment:1976 - Generate Random Data for permutations has taken 28.0 seconds.
2015-04-13 16:15:03 INFO  Enrichment:2013 - Annotation of Permutations has started.
2015-04-13 16:15:10 INFO  Enrichment:2372 - Annotation of Permutations has took 6.0 seconds.
2015-04-13 16:15:10 INFO  Enrichment:2381 - RunNumber: 1 For Chromosome: chr10 Annotation of 10000 permutations where each of them has 153  intervals took  38.0 seconds.
2015-04-13 16:15:10 INFO  Enrichment:2382 - ******************************************************************************************
2015-04-13 16:15:10 INFO  Enrichment:1871 - chromosome name:chr11 chromosome size: 135006516
2015-04-13 16:15:10 INFO  Enrichment:1900 - Filling of gcByteList, mapabilityChromosomePositionList, mapabilityShortValueList  has started.
2015-04-13 16:15:11 INFO  ChromosomeBasedMappabilityTroveList:62 - CHROMOSOME11
2015-04-13 16:15:13 INFO  ChromosomeBasedMappabilityTroveList:117 - numberofGaps:8
2015-04-13 16:15:13 INFO  Enrichment:1921 - Filling of gcByteList, mapabilityChromosomePositionList, mapabilityShortValueList  has taken 2.0 seconds.
2015-04-13 16:15:13 INFO  Enrichment:1934 - Generate Random Data for permutations has started.
2015-04-13 16:15:47 INFO  Enrichment:1976 - Generate Random Data for permutations has taken 34.0 seconds.
2015-04-13 16:15:48 INFO  Enrichment:2013 - Annotation of Permutations has started.
2015-04-13 16:15:56 INFO  Enrichment:2372 - Annotation of Permutations has took 8.0 seconds.
2015-04-13 16:15:56 INFO  Enrichment:2381 - RunNumber: 1 For Chromosome: chr11 Annotation of 10000 permutations where each of them has 208  intervals took  45.0 seconds.
2015-04-13 16:15:56 INFO  Enrichment:2382 - ******************************************************************************************
2015-04-13 16:15:56 INFO  Enrichment:1871 - chromosome name:chr12 chromosome size: 133851895
2015-04-13 16:15:56 INFO  Enrichment:1900 - Filling of gcByteList, mapabilityChromosomePositionList, mapabilityShortValueList  has started.
2015-04-13 16:15:57 INFO  ChromosomeBasedMappabilityTroveList:62 - CHROMOSOME12
2015-04-13 16:15:59 INFO  ChromosomeBasedMappabilityTroveList:117 - numberofGaps:17
2015-04-13 16:15:59 INFO  Enrichment:1921 - Filling of gcByteList, mapabilityChromosomePositionList, mapabilityShortValueList  has taken 3.0 seconds.
2015-04-13 16:15:59 INFO  Enrichment:1934 - Generate Random Data for permutations has started.
2015-04-13 16:16:32 INFO  Enrichment:1976 - Generate Random Data for permutations has taken 32.0 seconds.
2015-04-13 16:16:32 INFO  Enrichment:2013 - Annotation of Permutations has started.
2015-04-13 16:16:39 INFO  Enrichment:2372 - Annotation of Permutations has took 7.0 seconds.
2015-04-13 16:16:39 INFO  Enrichment:2381 - RunNumber: 1 For Chromosome: chr12 Annotation of 10000 permutations where each of them has 146  intervals took  43.0 seconds.
2015-04-13 16:16:39 INFO  Enrichment:2382 - ******************************************************************************************
2015-04-13 16:16:40 INFO  Enrichment:1871 - chromosome name:chr13 chromosome size: 115169878
2015-04-13 16:16:40 INFO  Enrichment:1900 - Filling of gcByteList, mapabilityChromosomePositionList, mapabilityShortValueList  has started.
2015-04-13 16:16:40 INFO  ChromosomeBasedMappabilityTroveList:62 - CHROMOSOME13
2015-04-13 16:16:42 INFO  ChromosomeBasedMappabilityTroveList:117 - numberofGaps:4
2015-04-13 16:16:42 INFO  Enrichment:1921 - Filling of gcByteList, mapabilityChromosomePositionList, mapabilityShortValueList  has taken 1.0 seconds.
2015-04-13 16:16:42 INFO  Enrichment:1934 - Generate Random Data for permutations has started.
2015-04-13 16:16:48 INFO  Enrichment:1976 - Generate Random Data for permutations has taken 6.0 seconds.
2015-04-13 16:16:48 INFO  Enrichment:2013 - Annotation of Permutations has started.
2015-04-13 16:16:51 INFO  Enrichment:2372 - Annotation of Permutations has took 2.0 seconds.
2015-04-13 16:16:51 INFO  Enrichment:2381 - RunNumber: 1 For Chromosome: chr13 Annotation of 10000 permutations where each of them has 58  intervals took  11.0 seconds.
2015-04-13 16:16:51 INFO  Enrichment:2382 - ******************************************************************************************
2015-04-13 16:16:51 INFO  Enrichment:1871 - chromosome name:chr14 chromosome size: 107349540
2015-04-13 16:16:51 INFO  Enrichment:1900 - Filling of gcByteList, mapabilityChromosomePositionList, mapabilityShortValueList  has started.
2015-04-13 16:16:52 INFO  ChromosomeBasedMappabilityTroveList:62 - CHROMOSOME14
2015-04-13 16:16:53 INFO  ChromosomeBasedMappabilityTroveList:117 - numberofGaps:0
2015-04-13 16:16:53 INFO  Enrichment:1921 - Filling of gcByteList, mapabilityChromosomePositionList, mapabilityShortValueList  has taken 2.0 seconds.
2015-04-13 16:16:53 INFO  Enrichment:1934 - Generate Random Data for permutations has started.
2015-04-13 16:17:43 INFO  Enrichment:1976 - Generate Random Data for permutations has taken 49.0 seconds.
2015-04-13 16:17:43 INFO  Enrichment:2013 - Annotation of Permutations has started.
2015-04-13 16:17:48 INFO  Enrichment:2372 - Annotation of Permutations has took 4.0 seconds.
2015-04-13 16:17:48 INFO  Enrichment:2381 - RunNumber: 1 For Chromosome: chr14 Annotation of 10000 permutations where each of them has 80  intervals took  56.0 seconds.
2015-04-13 16:17:48 INFO  Enrichment:2382 - ******************************************************************************************
2015-04-13 16:17:48 INFO  Enrichment:1871 - chromosome name:chr15 chromosome size: 102531392
2015-04-13 16:17:48 INFO  Enrichment:1900 - Filling of gcByteList, mapabilityChromosomePositionList, mapabilityShortValueList  has started.
2015-04-13 16:17:48 INFO  ChromosomeBasedMappabilityTroveList:62 - CHROMOSOME15
2015-04-13 16:17:50 INFO  ChromosomeBasedMappabilityTroveList:117 - numberofGaps:10
2015-04-13 16:17:50 INFO  Enrichment:1921 - Filling of gcByteList, mapabilityChromosomePositionList, mapabilityShortValueList  has taken 1.0 seconds.
2015-04-13 16:17:50 INFO  Enrichment:1934 - Generate Random Data for permutations has started.
2015-04-13 16:18:20 INFO  Enrichment:1976 - Generate Random Data for permutations has taken 30.0 seconds.
2015-04-13 16:18:20 INFO  Enrichment:2013 - Annotation of Permutations has started.
2015-04-13 16:18:25 INFO  Enrichment:2372 - Annotation of Permutations has took 4.0 seconds.
2015-04-13 16:18:25 INFO  Enrichment:2381 - RunNumber: 1 For Chromosome: chr15 Annotation of 10000 permutations where each of them has 70  intervals took  37.0 seconds.
2015-04-13 16:18:25 INFO  Enrichment:2382 - ******************************************************************************************
2015-04-13 16:18:25 INFO  Enrichment:1871 - chromosome name:chr16 chromosome size: 90354753
2015-04-13 16:18:25 INFO  Enrichment:1900 - Filling of gcByteList, mapabilityChromosomePositionList, mapabilityShortValueList  has started.
2015-04-13 16:18:26 INFO  ChromosomeBasedMappabilityTroveList:62 - CHROMOSOME16
2015-04-13 16:18:27 INFO  ChromosomeBasedMappabilityTroveList:117 - numberofGaps:4
2015-04-13 16:18:27 INFO  Enrichment:1921 - Filling of gcByteList, mapabilityChromosomePositionList, mapabilityShortValueList  has taken 2.0 seconds.
2015-04-13 16:18:27 INFO  Enrichment:1934 - Generate Random Data for permutations has started.
2015-04-13 16:19:26 INFO  Enrichment:1976 - Generate Random Data for permutations has taken 58.0 seconds.
2015-04-13 16:19:26 INFO  Enrichment:2013 - Annotation of Permutations has started.
2015-04-13 16:19:33 INFO  Enrichment:2372 - Annotation of Permutations has took 6.0 seconds.
2015-04-13 16:19:33 INFO  Enrichment:2381 - RunNumber: 1 For Chromosome: chr16 Annotation of 10000 permutations where each of them has 125  intervals took  67.0 seconds.
2015-04-13 16:19:33 INFO  Enrichment:2382 - ******************************************************************************************
2015-04-13 16:19:33 INFO  Enrichment:1871 - chromosome name:chr17 chromosome size: 81195210
2015-04-13 16:19:33 INFO  Enrichment:1900 - Filling of gcByteList, mapabilityChromosomePositionList, mapabilityShortValueList  has started.
2015-04-13 16:19:33 INFO  ChromosomeBasedMappabilityTroveList:62 - CHROMOSOME17
2015-04-13 16:19:35 INFO  ChromosomeBasedMappabilityTroveList:117 - numberofGaps:7
2015-04-13 16:19:35 INFO  Enrichment:1921 - Filling of gcByteList, mapabilityChromosomePositionList, mapabilityShortValueList  has taken 1.0 seconds.
2015-04-13 16:19:35 INFO  Enrichment:1934 - Generate Random Data for permutations has started.
2015-04-13 16:20:46 INFO  Enrichment:1976 - Generate Random Data for permutations has taken 71.0 seconds.
2015-04-13 16:20:46 INFO  Enrichment:2013 - Annotation of Permutations has started.
2015-04-13 16:20:55 INFO  Enrichment:2372 - Annotation of Permutations has took 8.0 seconds.
2015-04-13 16:20:55 INFO  Enrichment:2381 - RunNumber: 1 For Chromosome: chr17 Annotation of 10000 permutations where each of them has 181  intervals took  81.0 seconds.
2015-04-13 16:20:55 INFO  Enrichment:2382 - ******************************************************************************************
2015-04-13 16:20:55 INFO  Enrichment:1871 - chromosome name:chr18 chromosome size: 78077248
2015-04-13 16:20:55 INFO  Enrichment:1900 - Filling of gcByteList, mapabilityChromosomePositionList, mapabilityShortValueList  has started.
2015-04-13 16:20:56 INFO  ChromosomeBasedMappabilityTroveList:62 - CHROMOSOME18
2015-04-13 16:20:56 INFO  ChromosomeBasedMappabilityTroveList:117 - numberofGaps:5
2015-04-13 16:20:56 INFO  Enrichment:1921 - Filling of gcByteList, mapabilityChromosomePositionList, mapabilityShortValueList  has taken 1.0 seconds.
2015-04-13 16:20:56 INFO  Enrichment:1934 - Generate Random Data for permutations has started.
2015-04-13 16:20:59 INFO  Enrichment:1976 - Generate Random Data for permutations has taken 2.0 seconds.
2015-04-13 16:20:59 INFO  Enrichment:2013 - Annotation of Permutations has started.
2015-04-13 16:21:01 INFO  Enrichment:2372 - Annotation of Permutations has took 2.0 seconds.
2015-04-13 16:21:01 INFO  Enrichment:2381 - RunNumber: 1 For Chromosome: chr18 Annotation of 10000 permutations where each of them has 22  intervals took  5.0 seconds.
2015-04-13 16:21:01 INFO  Enrichment:2382 - ******************************************************************************************
2015-04-13 16:21:01 INFO  Enrichment:1871 - chromosome name:chr19 chromosome size: 59128983
2015-04-13 16:21:01 INFO  Enrichment:1900 - Filling of gcByteList, mapabilityChromosomePositionList, mapabilityShortValueList  has started.
2015-04-13 16:21:02 INFO  ChromosomeBasedMappabilityTroveList:62 - CHROMOSOME19
2015-04-13 16:21:02 INFO  ChromosomeBasedMappabilityTroveList:117 - numberofGaps:6
2015-04-13 16:21:02 INFO  Enrichment:1921 - Filling of gcByteList, mapabilityChromosomePositionList, mapabilityShortValueList  has taken 1.0 seconds.
2015-04-13 16:21:02 INFO  Enrichment:1934 - Generate Random Data for permutations has started.
2015-04-13 16:21:20 INFO  Enrichment:1976 - Generate Random Data for permutations has taken 18.0 seconds.
2015-04-13 16:21:20 INFO  Enrichment:2013 - Annotation of Permutations has started.
2015-04-13 16:21:26 INFO  Enrichment:2372 - Annotation of Permutations has took 5.0 seconds.
2015-04-13 16:21:26 INFO  Enrichment:2381 - RunNumber: 1 For Chromosome: chr19 Annotation of 10000 permutations where each of them has 66  intervals took  25.0 seconds.
2015-04-13 16:21:26 INFO  Enrichment:2382 - ******************************************************************************************
2015-04-13 16:21:26 INFO  Enrichment:1871 - chromosome name:chr20 chromosome size: 63025520
2015-04-13 16:21:26 INFO  Enrichment:1900 - Filling of gcByteList, mapabilityChromosomePositionList, mapabilityShortValueList  has started.
2015-04-13 16:21:27 INFO  ChromosomeBasedMappabilityTroveList:62 - CHROMOSOME20
2015-04-13 16:21:27 INFO  ChromosomeBasedMappabilityTroveList:117 - numberofGaps:5
2015-04-13 16:21:27 INFO  Enrichment:1921 - Filling of gcByteList, mapabilityChromosomePositionList, mapabilityShortValueList  has taken 1.0 seconds.
2015-04-13 16:21:27 INFO  Enrichment:1934 - Generate Random Data for permutations has started.
2015-04-13 16:21:46 INFO  Enrichment:1976 - Generate Random Data for permutations has taken 19.0 seconds.
2015-04-13 16:21:47 INFO  Enrichment:2013 - Annotation of Permutations has started.
2015-04-13 16:21:50 INFO  Enrichment:2372 - Annotation of Permutations has took 3.0 seconds.
2015-04-13 16:21:50 INFO  Enrichment:2381 - RunNumber: 1 For Chromosome: chr20 Annotation of 10000 permutations where each of them has 31  intervals took  23.0 seconds.
2015-04-13 16:21:50 INFO  Enrichment:2382 - ******************************************************************************************
2015-04-13 16:21:50 INFO  Enrichment:1871 - chromosome name:chr21 chromosome size: 48129895
2015-04-13 16:21:50 INFO  Enrichment:1900 - Filling of gcByteList, mapabilityChromosomePositionList, mapabilityShortValueList  has started.
2015-04-13 16:21:50 INFO  ChromosomeBasedMappabilityTroveList:62 - CHROMOSOME21
2015-04-13 16:21:50 INFO  ChromosomeBasedMappabilityTroveList:117 - numberofGaps:17
2015-04-13 16:21:50 INFO  Enrichment:1921 - Filling of gcByteList, mapabilityChromosomePositionList, mapabilityShortValueList  has taken 0.0 seconds.
2015-04-13 16:21:50 INFO  Enrichment:1934 - Generate Random Data for permutations has started.
2015-04-13 16:22:04 INFO  Enrichment:1976 - Generate Random Data for permutations has taken 13.0 seconds.
2015-04-13 16:22:04 INFO  Enrichment:2013 - Annotation of Permutations has started.
2015-04-13 16:22:06 INFO  Enrichment:2372 - Annotation of Permutations has took 2.0 seconds.
2015-04-13 16:22:06 INFO  Enrichment:2381 - RunNumber: 1 For Chromosome: chr21 Annotation of 10000 permutations where each of them has 32  intervals took  16.0 seconds.
2015-04-13 16:22:06 INFO  Enrichment:2382 - ******************************************************************************************
2015-04-13 16:22:06 INFO  Enrichment:1871 - chromosome name:chr22 chromosome size: 51304566
2015-04-13 16:22:06 INFO  Enrichment:1900 - Filling of gcByteList, mapabilityChromosomePositionList, mapabilityShortValueList  has started.
2015-04-13 16:22:07 INFO  ChromosomeBasedMappabilityTroveList:62 - CHROMOSOME22
2015-04-13 16:22:07 INFO  ChromosomeBasedMappabilityTroveList:117 - numberofGaps:16
2015-04-13 16:22:07 INFO  Enrichment:1921 - Filling of gcByteList, mapabilityChromosomePositionList, mapabilityShortValueList  has taken 1.0 seconds.
2015-04-13 16:22:07 INFO  Enrichment:1934 - Generate Random Data for permutations has started.
2015-04-13 16:22:23 INFO  Enrichment:1976 - Generate Random Data for permutations has taken 15.0 seconds.
2015-04-13 16:22:23 INFO  Enrichment:2013 - Annotation of Permutations has started.
2015-04-13 16:22:27 INFO  Enrichment:2372 - Annotation of Permutations has took 4.0 seconds.
2015-04-13 16:22:27 INFO  Enrichment:2381 - RunNumber: 1 For Chromosome: chr22 Annotation of 10000 permutations where each of them has 57  intervals took  21.0 seconds.
2015-04-13 16:22:27 INFO  Enrichment:2382 - ******************************************************************************************
2015-04-13 16:22:28 INFO  Enrichment:1871 - chromosome name:chrX chromosome size: 155270560
2015-04-13 16:22:28 INFO  Enrichment:1871 - chromosome name:chrY chromosome size: 59373566
2015-04-13 16:22:28 INFO  Enrichment:2416 - RUN_NUMBER: 1 NUMBER_OF_PERMUTATIONS:  10000 took 913.0 seconds.
2015-04-13 16:22:28 INFO  Enrichment:3474 - Concurrent programming has ended.
2015-04-13 16:22:29 INFO  Enrichment:3679 - **************	1. Run	******************	ends
