2015-04-15 13:08:09 INFO  InputDataRemoveOverlaps:319 - *****************************************************************
2015-04-15 13:08:09 INFO  InputDataRemoveOverlaps:320 - GLANET Parameters starts
2015-04-15 13:08:09 INFO  InputDataRemoveOverlaps:324 - C:\Users\Burçak\Google Drive\Data\demo_input_data\OCD_GWAS_chrNumber_1Based_GRCh37_p13_Coordinates.txt\
2015-04-15 13:08:09 INFO  InputDataRemoveOverlaps:324 - GRCh37.p13
2015-04-15 13:08:09 INFO  InputDataRemoveOverlaps:324 - C:\Users\Burçak\Google Drive\
2015-04-15 13:08:09 INFO  InputDataRemoveOverlaps:324 - 1-based coordinates (End Inclusive)
2015-04-15 13:08:09 INFO  InputDataRemoveOverlaps:324 - 1
2015-04-15 13:08:09 INFO  InputDataRemoveOverlaps:324 - DO_ENRICH
2015-04-15 13:08:09 INFO  InputDataRemoveOverlaps:324 - With GC and Mappability
2015-04-15 13:08:09 INFO  InputDataRemoveOverlaps:324 - Benjamini Hochberg FDR
2015-04-15 13:08:09 INFO  InputDataRemoveOverlaps:324 - 0.05
2015-04-15 13:08:09 INFO  InputDataRemoveOverlaps:324 - 0.05
2015-04-15 13:08:09 INFO  InputDataRemoveOverlaps:324 - 10000
2015-04-15 13:08:09 INFO  InputDataRemoveOverlaps:324 - DO_DNASE_ANNOTATION
2015-04-15 13:08:09 INFO  InputDataRemoveOverlaps:324 - DO_HISTONE_ANNOTATION
2015-04-15 13:08:09 INFO  InputDataRemoveOverlaps:324 - DO_TF_ANNOTATION
2015-04-15 13:08:09 INFO  InputDataRemoveOverlaps:324 - DO_NOT_GENE_ANNOTATION
2015-04-15 13:08:09 INFO  InputDataRemoveOverlaps:324 - DO_KEGGPATHWAY_ANNOTATION
2015-04-15 13:08:09 INFO  InputDataRemoveOverlaps:324 - DO_NOT_TF_KEGGPATHWAY_ANNOTATION
2015-04-15 13:08:09 INFO  InputDataRemoveOverlaps:324 - DO_NOT_TF_CELLLINE_KEGGPATHWAY_ANNOTATION
2015-04-15 13:08:09 INFO  InputDataRemoveOverlaps:324 - DO_NOT_REGULATORY_SEQUENCE_ANALYSIS_USING_RSAT
2015-04-15 13:08:09 INFO  InputDataRemoveOverlaps:324 - testOCD
2015-04-15 13:08:09 INFO  InputDataRemoveOverlaps:324 - DO_NOT_WRITE_ELEMENT_BASED_ANNOTATION_FOUND_OVERLAPS
2015-04-15 13:08:09 INFO  InputDataRemoveOverlaps:324 - DO_NOT_WRITE_ANNOTATION_BINARY_MATRIX
2015-04-15 13:08:09 INFO  InputDataRemoveOverlaps:324 - DO_NOT_WRITE_GENERATED_RANDOM_DATA
2015-04-15 13:08:09 INFO  InputDataRemoveOverlaps:324 - DO_NOT_WRITE_PERMUTATION_BASED_AND_PARAMETRIC_BASED_ANNOTATION_RESULT
2015-04-15 13:08:09 INFO  InputDataRemoveOverlaps:324 - DO_NOT_WRITE_PERMUTATION_BASED_ANNOTATION_RESULT
2015-04-15 13:08:09 INFO  InputDataRemoveOverlaps:324 - 10000
2015-04-15 13:08:09 INFO  InputDataRemoveOverlaps:324 - DO_NOT_USER_DEFINED_GENESET_ANNOTATION
2015-04-15 13:08:09 INFO  InputDataRemoveOverlaps:324 - 
2015-04-15 13:08:09 INFO  InputDataRemoveOverlaps:324 - GENE SYMBOL
2015-04-15 13:08:09 INFO  InputDataRemoveOverlaps:324 - NoName
2015-04-15 13:08:09 INFO  InputDataRemoveOverlaps:324 - NO_OPTIONAL_USERDEFINEDGENESET_DESCRIPTION_FILE_PROVIDED
2015-04-15 13:08:09 INFO  InputDataRemoveOverlaps:324 - DO_NOT_USER_DEFINED_LIBRARY_ANNOTATION
2015-04-15 13:08:09 INFO  InputDataRemoveOverlaps:324 - 
2015-04-15 13:08:09 INFO  InputDataRemoveOverlaps:324 - 0-based coordinates (End Exclusive)
2015-04-15 13:08:09 INFO  InputDataRemoveOverlaps:324 - GIVEN_INPUT_DATA_CONSISTS_OF_SNPS
2015-04-15 13:08:09 INFO  InputDataRemoveOverlaps:327 - GLANET Parameters ends
2015-04-15 13:08:09 INFO  InputDataRemoveOverlaps:328 - *****************************************************************
2015-04-15 13:10:09 INFO  Enrichment:2975 - Java runtime max memory: 4095	MBs
2015-04-15 13:10:09 INFO  Enrichment:2976 - Java runtime total memory: 4095	MBs
2015-04-15 13:10:09 INFO  Enrichment:2977 - Java runtime free memory: 4038	MBs
2015-04-15 13:10:09 INFO  Enrichment:2978 - Java runtime available processors: 8
2015-04-15 13:10:09 INFO  Enrichment:894 - Input data file name is: C:\Users\Burçak\Google Drive\Output\testOCD\GivenInputData\Input_Data_Processed_OverlapsRemoved_0Based_Start_End_GRCh37_p13_coordinates.txt
2015-04-15 13:10:09 INFO  Enrichment:3287 - **************	1. Run	******************	starts
2015-04-15 13:10:09 INFO  Enrichment:3488 - Concurrent programming has started.
2015-04-15 13:10:09 INFO  Enrichment:1844 - Run Number: 1
2015-04-15 13:10:09 INFO  Enrichment:1852 - PermutationNumberList is filled.
2015-04-15 13:10:09 INFO  Enrichment:1882 - chromosome name:chr1 chromosome size: 249250621
2015-04-15 13:10:09 INFO  Enrichment:1916 - Filling of gcIntervalTree, mapabilityChromosomePositionList, mapabilityShortValueList  has started.
2015-04-15 13:10:11 INFO  ChromosomeBasedMappabilityTroveList:62 - CHROMOSOME1
2015-04-15 13:10:16 INFO  ChromosomeBasedMappabilityTroveList:117 - numberofGaps:43
2015-04-15 13:10:16 INFO  Enrichment:1942 - Filling of gcIntervalTree, mapabilityChromosomePositionList, mapabilityShortValueList  has taken 6.0 seconds.
2015-04-15 13:10:16 INFO  Enrichment:1955 - Generate Random Data for permutations has started.
2015-04-15 13:10:16 INFO  Enrichment:1997 - Generate Random Data for permutations has taken 0.0 seconds.
2015-04-15 13:10:17 INFO  Enrichment:2037 - Annotation of Permutations has started.
2015-04-15 13:10:30 INFO  Enrichment:2396 - Annotation of Permutations has took 12.0 seconds.
2015-04-15 13:10:30 INFO  Enrichment:2405 - RunNumber: 1 For Chromosome: chr1 Annotation of 10000 permutations where each of them has 153  intervals took  20.0 seconds.
2015-04-15 13:10:30 INFO  Enrichment:2406 - ******************************************************************************************
2015-04-15 13:10:30 INFO  Enrichment:1882 - chromosome name:chr2 chromosome size: 243199373
2015-04-15 13:10:30 INFO  Enrichment:1916 - Filling of gcIntervalTree, mapabilityChromosomePositionList, mapabilityShortValueList  has started.
2015-04-15 13:10:32 INFO  ChromosomeBasedMappabilityTroveList:62 - CHROMOSOME2
2015-04-15 13:10:36 INFO  ChromosomeBasedMappabilityTroveList:117 - numberofGaps:26
2015-04-15 13:10:36 INFO  Enrichment:1942 - Filling of gcIntervalTree, mapabilityChromosomePositionList, mapabilityShortValueList  has taken 5.0 seconds.
2015-04-15 13:10:36 INFO  Enrichment:1955 - Generate Random Data for permutations has started.
2015-04-15 13:10:36 INFO  Enrichment:1997 - Generate Random Data for permutations has taken 0.0 seconds.
2015-04-15 13:10:37 INFO  Enrichment:2037 - Annotation of Permutations has started.
2015-04-15 13:10:48 INFO  Enrichment:2396 - Annotation of Permutations has took 10.0 seconds.
2015-04-15 13:10:48 INFO  Enrichment:2405 - RunNumber: 1 For Chromosome: chr2 Annotation of 10000 permutations where each of them has 201  intervals took  17.0 seconds.
2015-04-15 13:10:48 INFO  Enrichment:2406 - ******************************************************************************************
2015-04-15 13:10:48 INFO  Enrichment:1882 - chromosome name:chr3 chromosome size: 198022430
2015-04-15 13:10:48 INFO  Enrichment:1916 - Filling of gcIntervalTree, mapabilityChromosomePositionList, mapabilityShortValueList  has started.
2015-04-15 13:10:49 INFO  ChromosomeBasedMappabilityTroveList:62 - CHROMOSOME3
2015-04-15 13:10:52 INFO  ChromosomeBasedMappabilityTroveList:117 - numberofGaps:7
2015-04-15 13:10:52 INFO  Enrichment:1942 - Filling of gcIntervalTree, mapabilityChromosomePositionList, mapabilityShortValueList  has taken 4.0 seconds.
2015-04-15 13:10:52 INFO  Enrichment:1955 - Generate Random Data for permutations has started.
2015-04-15 13:10:52 INFO  Enrichment:1997 - Generate Random Data for permutations has taken 0.0 seconds.
2015-04-15 13:10:53 INFO  Enrichment:2037 - Annotation of Permutations has started.
2015-04-15 13:11:01 INFO  Enrichment:2396 - Annotation of Permutations has took 8.0 seconds.
2015-04-15 13:11:01 INFO  Enrichment:2405 - RunNumber: 1 For Chromosome: chr3 Annotation of 10000 permutations where each of them has 154  intervals took  13.0 seconds.
2015-04-15 13:11:01 INFO  Enrichment:2406 - ******************************************************************************************
2015-04-15 13:11:01 INFO  Enrichment:1882 - chromosome name:chr4 chromosome size: 191154276
2015-04-15 13:11:01 INFO  Enrichment:1916 - Filling of gcIntervalTree, mapabilityChromosomePositionList, mapabilityShortValueList  has started.
2015-04-15 13:11:03 INFO  ChromosomeBasedMappabilityTroveList:62 - CHROMOSOME4
2015-04-15 13:11:06 INFO  ChromosomeBasedMappabilityTroveList:117 - numberofGaps:16
2015-04-15 13:11:06 INFO  Enrichment:1942 - Filling of gcIntervalTree, mapabilityChromosomePositionList, mapabilityShortValueList  has taken 4.0 seconds.
2015-04-15 13:11:06 INFO  Enrichment:1955 - Generate Random Data for permutations has started.
2015-04-15 13:11:06 INFO  Enrichment:1997 - Generate Random Data for permutations has taken 0.0 seconds.
2015-04-15 13:11:07 INFO  Enrichment:2037 - Annotation of Permutations has started.
2015-04-15 13:11:13 INFO  Enrichment:2396 - Annotation of Permutations has took 6.0 seconds.
2015-04-15 13:11:13 INFO  Enrichment:2405 - RunNumber: 1 For Chromosome: chr4 Annotation of 10000 permutations where each of them has 126  intervals took  11.0 seconds.
2015-04-15 13:11:13 INFO  Enrichment:2406 - ******************************************************************************************
2015-04-15 13:11:13 INFO  Enrichment:1882 - chromosome name:chr5 chromosome size: 180915260
2015-04-15 13:11:13 INFO  Enrichment:1916 - Filling of gcIntervalTree, mapabilityChromosomePositionList, mapabilityShortValueList  has started.
2015-04-15 13:11:15 INFO  ChromosomeBasedMappabilityTroveList:62 - CHROMOSOME5
2015-04-15 13:11:18 INFO  ChromosomeBasedMappabilityTroveList:117 - numberofGaps:10
2015-04-15 13:11:18 INFO  Enrichment:1942 - Filling of gcIntervalTree, mapabilityChromosomePositionList, mapabilityShortValueList  has taken 4.0 seconds.
2015-04-15 13:11:18 INFO  Enrichment:1955 - Generate Random Data for permutations has started.
2015-04-15 13:11:18 INFO  Enrichment:1997 - Generate Random Data for permutations has taken 0.0 seconds.
2015-04-15 13:11:19 INFO  Enrichment:2037 - Annotation of Permutations has started.
2015-04-15 13:11:26 INFO  Enrichment:2396 - Annotation of Permutations has took 7.0 seconds.
2015-04-15 13:11:26 INFO  Enrichment:2405 - RunNumber: 1 For Chromosome: chr5 Annotation of 10000 permutations where each of them has 143  intervals took  12.0 seconds.
2015-04-15 13:11:26 INFO  Enrichment:2406 - ******************************************************************************************
2015-04-15 13:11:26 INFO  Enrichment:1882 - chromosome name:chr6 chromosome size: 171115067
2015-04-15 13:11:26 INFO  Enrichment:1916 - Filling of gcIntervalTree, mapabilityChromosomePositionList, mapabilityShortValueList  has started.
2015-04-15 13:11:28 INFO  ChromosomeBasedMappabilityTroveList:62 - CHROMOSOME6
2015-04-15 13:11:30 INFO  ChromosomeBasedMappabilityTroveList:117 - numberofGaps:9
2015-04-15 13:11:30 INFO  Enrichment:1942 - Filling of gcIntervalTree, mapabilityChromosomePositionList, mapabilityShortValueList  has taken 3.0 seconds.
2015-04-15 13:11:30 INFO  Enrichment:1955 - Generate Random Data for permutations has started.
2015-04-15 13:11:31 INFO  Enrichment:1997 - Generate Random Data for permutations has taken 0.0 seconds.
2015-04-15 13:11:32 INFO  Enrichment:2037 - Annotation of Permutations has started.
2015-04-15 13:11:40 INFO  Enrichment:2396 - Annotation of Permutations has took 8.0 seconds.
2015-04-15 13:11:40 INFO  Enrichment:2405 - RunNumber: 1 For Chromosome: chr6 Annotation of 10000 permutations where each of them has 149  intervals took  13.0 seconds.
2015-04-15 13:11:40 INFO  Enrichment:2406 - ******************************************************************************************
2015-04-15 13:11:40 INFO  Enrichment:1882 - chromosome name:chr7 chromosome size: 159138663
2015-04-15 13:11:40 INFO  Enrichment:1916 - Filling of gcIntervalTree, mapabilityChromosomePositionList, mapabilityShortValueList  has started.
2015-04-15 13:11:41 INFO  ChromosomeBasedMappabilityTroveList:62 - CHROMOSOME7
2015-04-15 13:11:42 INFO  ChromosomeBasedMappabilityTroveList:117 - numberofGaps:21
2015-04-15 13:11:42 INFO  Enrichment:1942 - Filling of gcIntervalTree, mapabilityChromosomePositionList, mapabilityShortValueList  has taken 2.0 seconds.
2015-04-15 13:11:42 INFO  Enrichment:1955 - Generate Random Data for permutations has started.
2015-04-15 13:11:43 INFO  Enrichment:1997 - Generate Random Data for permutations has taken 0.0 seconds.
2015-04-15 13:11:44 INFO  Enrichment:2037 - Annotation of Permutations has started.
2015-04-15 13:11:51 INFO  Enrichment:2396 - Annotation of Permutations has took 6.0 seconds.
2015-04-15 13:11:51 INFO  Enrichment:2405 - RunNumber: 1 For Chromosome: chr7 Annotation of 10000 permutations where each of them has 111  intervals took  11.0 seconds.
2015-04-15 13:11:51 INFO  Enrichment:2406 - ******************************************************************************************
2015-04-15 13:11:51 INFO  Enrichment:1882 - chromosome name:chr8 chromosome size: 146364022
2015-04-15 13:11:51 INFO  Enrichment:1916 - Filling of gcIntervalTree, mapabilityChromosomePositionList, mapabilityShortValueList  has started.
2015-04-15 13:11:52 INFO  ChromosomeBasedMappabilityTroveList:62 - CHROMOSOME8
2015-04-15 13:11:54 INFO  ChromosomeBasedMappabilityTroveList:117 - numberofGaps:7
2015-04-15 13:11:54 INFO  Enrichment:1942 - Filling of gcIntervalTree, mapabilityChromosomePositionList, mapabilityShortValueList  has taken 2.0 seconds.
2015-04-15 13:11:54 INFO  Enrichment:1955 - Generate Random Data for permutations has started.
2015-04-15 13:11:54 INFO  Enrichment:1997 - Generate Random Data for permutations has taken 0.0 seconds.
2015-04-15 13:11:55 INFO  Enrichment:2037 - Annotation of Permutations has started.
2015-04-15 13:12:02 INFO  Enrichment:2396 - Annotation of Permutations has took 7.0 seconds.
2015-04-15 13:12:02 INFO  Enrichment:2405 - RunNumber: 1 For Chromosome: chr8 Annotation of 10000 permutations where each of them has 165  intervals took  11.0 seconds.
2015-04-15 13:12:02 INFO  Enrichment:2406 - ******************************************************************************************
2015-04-15 13:12:02 INFO  Enrichment:1882 - chromosome name:chr9 chromosome size: 141213431
2015-04-15 13:12:02 INFO  Enrichment:1916 - Filling of gcIntervalTree, mapabilityChromosomePositionList, mapabilityShortValueList  has started.
2015-04-15 13:12:03 INFO  ChromosomeBasedMappabilityTroveList:62 - CHROMOSOME9
2015-04-15 13:12:05 INFO  ChromosomeBasedMappabilityTroveList:117 - numberofGaps:42
2015-04-15 13:12:05 INFO  Enrichment:1942 - Filling of gcIntervalTree, mapabilityChromosomePositionList, mapabilityShortValueList  has taken 2.0 seconds.
2015-04-15 13:12:05 INFO  Enrichment:1955 - Generate Random Data for permutations has started.
2015-04-15 13:12:06 INFO  Enrichment:1997 - Generate Random Data for permutations has taken 0.0 seconds.
2015-04-15 13:12:06 INFO  Enrichment:2037 - Annotation of Permutations has started.
2015-04-15 13:12:13 INFO  Enrichment:2396 - Annotation of Permutations has took 6.0 seconds.
2015-04-15 13:12:13 INFO  Enrichment:2405 - RunNumber: 1 For Chromosome: chr9 Annotation of 10000 permutations where each of them has 89  intervals took  10.0 seconds.
2015-04-15 13:12:13 INFO  Enrichment:2406 - ******************************************************************************************
2015-04-15 13:12:13 INFO  Enrichment:1882 - chromosome name:chr10 chromosome size: 135534747
2015-04-15 13:12:13 INFO  Enrichment:1916 - Filling of gcIntervalTree, mapabilityChromosomePositionList, mapabilityShortValueList  has started.
2015-04-15 13:12:14 INFO  ChromosomeBasedMappabilityTroveList:62 - CHROMOSOME10
2015-04-15 13:12:16 INFO  ChromosomeBasedMappabilityTroveList:117 - numberofGaps:27
2015-04-15 13:12:16 INFO  Enrichment:1942 - Filling of gcIntervalTree, mapabilityChromosomePositionList, mapabilityShortValueList  has taken 3.0 seconds.
2015-04-15 13:12:16 INFO  Enrichment:1955 - Generate Random Data for permutations has started.
2015-04-15 13:12:17 INFO  Enrichment:1997 - Generate Random Data for permutations has taken 0.0 seconds.
2015-04-15 13:12:17 INFO  Enrichment:2037 - Annotation of Permutations has started.
2015-04-15 13:12:24 INFO  Enrichment:2396 - Annotation of Permutations has took 7.0 seconds.
2015-04-15 13:12:24 INFO  Enrichment:2405 - RunNumber: 1 For Chromosome: chr10 Annotation of 10000 permutations where each of them has 151  intervals took  11.0 seconds.
2015-04-15 13:12:24 INFO  Enrichment:2406 - ******************************************************************************************
2015-04-15 13:12:24 INFO  Enrichment:1882 - chromosome name:chr11 chromosome size: 135006516
2015-04-15 13:12:24 INFO  Enrichment:1916 - Filling of gcIntervalTree, mapabilityChromosomePositionList, mapabilityShortValueList  has started.
2015-04-15 13:12:26 INFO  ChromosomeBasedMappabilityTroveList:62 - CHROMOSOME11
2015-04-15 13:12:28 INFO  ChromosomeBasedMappabilityTroveList:117 - numberofGaps:8
2015-04-15 13:12:28 INFO  Enrichment:1942 - Filling of gcIntervalTree, mapabilityChromosomePositionList, mapabilityShortValueList  has taken 3.0 seconds.
2015-04-15 13:12:28 INFO  Enrichment:1955 - Generate Random Data for permutations has started.
2015-04-15 13:12:28 INFO  Enrichment:1997 - Generate Random Data for permutations has taken 0.0 seconds.
2015-04-15 13:12:29 INFO  Enrichment:2037 - Annotation of Permutations has started.
2015-04-15 13:12:36 INFO  Enrichment:2396 - Annotation of Permutations has took 7.0 seconds.
2015-04-15 13:12:36 INFO  Enrichment:2405 - RunNumber: 1 For Chromosome: chr11 Annotation of 10000 permutations where each of them has 93  intervals took  11.0 seconds.
2015-04-15 13:12:36 INFO  Enrichment:2406 - ******************************************************************************************
2015-04-15 13:12:36 INFO  Enrichment:1882 - chromosome name:chr12 chromosome size: 133851895
2015-04-15 13:12:36 INFO  Enrichment:1916 - Filling of gcIntervalTree, mapabilityChromosomePositionList, mapabilityShortValueList  has started.
2015-04-15 13:12:38 INFO  ChromosomeBasedMappabilityTroveList:62 - CHROMOSOME12
2015-04-15 13:12:40 INFO  ChromosomeBasedMappabilityTroveList:117 - numberofGaps:17
2015-04-15 13:12:40 INFO  Enrichment:1942 - Filling of gcIntervalTree, mapabilityChromosomePositionList, mapabilityShortValueList  has taken 3.0 seconds.
2015-04-15 13:12:40 INFO  Enrichment:1955 - Generate Random Data for permutations has started.
2015-04-15 13:12:40 INFO  Enrichment:1997 - Generate Random Data for permutations has taken 0.0 seconds.
2015-04-15 13:12:41 INFO  Enrichment:2037 - Annotation of Permutations has started.
2015-04-15 13:12:49 INFO  Enrichment:2396 - Annotation of Permutations has took 7.0 seconds.
2015-04-15 13:12:49 INFO  Enrichment:2405 - RunNumber: 1 For Chromosome: chr12 Annotation of 10000 permutations where each of them has 104  intervals took  12.0 seconds.
2015-04-15 13:12:49 INFO  Enrichment:2406 - ******************************************************************************************
2015-04-15 13:12:49 INFO  Enrichment:1882 - chromosome name:chr13 chromosome size: 115169878
2015-04-15 13:12:49 INFO  Enrichment:1916 - Filling of gcIntervalTree, mapabilityChromosomePositionList, mapabilityShortValueList  has started.
2015-04-15 13:12:50 INFO  ChromosomeBasedMappabilityTroveList:62 - CHROMOSOME13
2015-04-15 13:12:52 INFO  ChromosomeBasedMappabilityTroveList:117 - numberofGaps:4
2015-04-15 13:12:52 INFO  Enrichment:1942 - Filling of gcIntervalTree, mapabilityChromosomePositionList, mapabilityShortValueList  has taken 2.0 seconds.
2015-04-15 13:12:52 INFO  Enrichment:1955 - Generate Random Data for permutations has started.
2015-04-15 13:12:52 INFO  Enrichment:1997 - Generate Random Data for permutations has taken 0.0 seconds.
2015-04-15 13:12:52 INFO  Enrichment:2037 - Annotation of Permutations has started.
2015-04-15 13:12:57 INFO  Enrichment:2396 - Annotation of Permutations has took 4.0 seconds.
2015-04-15 13:12:57 INFO  Enrichment:2405 - RunNumber: 1 For Chromosome: chr13 Annotation of 10000 permutations where each of them has 109  intervals took  7.0 seconds.
2015-04-15 13:12:57 INFO  Enrichment:2406 - ******************************************************************************************
2015-04-15 13:12:57 INFO  Enrichment:1882 - chromosome name:chr14 chromosome size: 107349540
2015-04-15 13:12:57 INFO  Enrichment:1916 - Filling of gcIntervalTree, mapabilityChromosomePositionList, mapabilityShortValueList  has started.
2015-04-15 13:12:58 INFO  ChromosomeBasedMappabilityTroveList:62 - CHROMOSOME14
2015-04-15 13:13:02 INFO  ChromosomeBasedMappabilityTroveList:117 - numberofGaps:0
2015-04-15 13:13:02 INFO  Enrichment:1942 - Filling of gcIntervalTree, mapabilityChromosomePositionList, mapabilityShortValueList  has taken 5.0 seconds.
2015-04-15 13:13:02 INFO  Enrichment:1955 - Generate Random Data for permutations has started.
2015-04-15 13:13:02 INFO  Enrichment:1997 - Generate Random Data for permutations has taken 0.0 seconds.
2015-04-15 13:13:03 INFO  Enrichment:2037 - Annotation of Permutations has started.
2015-04-15 13:13:08 INFO  Enrichment:2396 - Annotation of Permutations has took 5.0 seconds.
2015-04-15 13:13:08 INFO  Enrichment:2405 - RunNumber: 1 For Chromosome: chr14 Annotation of 10000 permutations where each of them has 101  intervals took  11.0 seconds.
2015-04-15 13:13:08 INFO  Enrichment:2406 - ******************************************************************************************
2015-04-15 13:13:08 INFO  Enrichment:1882 - chromosome name:chr15 chromosome size: 102531392
2015-04-15 13:13:08 INFO  Enrichment:1916 - Filling of gcIntervalTree, mapabilityChromosomePositionList, mapabilityShortValueList  has started.
2015-04-15 13:13:09 INFO  ChromosomeBasedMappabilityTroveList:62 - CHROMOSOME15
2015-04-15 13:13:11 INFO  ChromosomeBasedMappabilityTroveList:117 - numberofGaps:10
2015-04-15 13:13:11 INFO  Enrichment:1942 - Filling of gcIntervalTree, mapabilityChromosomePositionList, mapabilityShortValueList  has taken 2.0 seconds.
2015-04-15 13:13:11 INFO  Enrichment:1955 - Generate Random Data for permutations has started.
2015-04-15 13:13:11 INFO  Enrichment:1997 - Generate Random Data for permutations has taken 0.0 seconds.
2015-04-15 13:13:11 INFO  Enrichment:2037 - Annotation of Permutations has started.
2015-04-15 13:13:16 INFO  Enrichment:2396 - Annotation of Permutations has took 5.0 seconds.
2015-04-15 13:13:16 INFO  Enrichment:2405 - RunNumber: 1 For Chromosome: chr15 Annotation of 10000 permutations where each of them has 63  intervals took  8.0 seconds.
2015-04-15 13:13:16 INFO  Enrichment:2406 - ******************************************************************************************
2015-04-15 13:13:17 INFO  Enrichment:1882 - chromosome name:chr16 chromosome size: 90354753
2015-04-15 13:13:17 INFO  Enrichment:1916 - Filling of gcIntervalTree, mapabilityChromosomePositionList, mapabilityShortValueList  has started.
2015-04-15 13:13:17 INFO  ChromosomeBasedMappabilityTroveList:62 - CHROMOSOME16
2015-04-15 13:13:19 INFO  ChromosomeBasedMappabilityTroveList:117 - numberofGaps:4
2015-04-15 13:13:19 INFO  Enrichment:1942 - Filling of gcIntervalTree, mapabilityChromosomePositionList, mapabilityShortValueList  has taken 2.0 seconds.
2015-04-15 13:13:19 INFO  Enrichment:1955 - Generate Random Data for permutations has started.
2015-04-15 13:13:20 INFO  Enrichment:1997 - Generate Random Data for permutations has taken 0.0 seconds.
2015-04-15 13:13:20 INFO  Enrichment:2037 - Annotation of Permutations has started.
2015-04-15 13:13:24 INFO  Enrichment:2396 - Annotation of Permutations has took 4.0 seconds.
2015-04-15 13:13:24 INFO  Enrichment:2405 - RunNumber: 1 For Chromosome: chr16 Annotation of 10000 permutations where each of them has 51  intervals took  7.0 seconds.
2015-04-15 13:13:24 INFO  Enrichment:2406 - ******************************************************************************************
2015-04-15 13:13:24 INFO  Enrichment:1882 - chromosome name:chr17 chromosome size: 81195210
2015-04-15 13:13:24 INFO  Enrichment:1916 - Filling of gcIntervalTree, mapabilityChromosomePositionList, mapabilityShortValueList  has started.
2015-04-15 13:13:25 INFO  ChromosomeBasedMappabilityTroveList:62 - CHROMOSOME17
2015-04-15 13:13:26 INFO  ChromosomeBasedMappabilityTroveList:117 - numberofGaps:7
2015-04-15 13:13:26 INFO  Enrichment:1942 - Filling of gcIntervalTree, mapabilityChromosomePositionList, mapabilityShortValueList  has taken 2.0 seconds.
2015-04-15 13:13:26 INFO  Enrichment:1955 - Generate Random Data for permutations has started.
2015-04-15 13:13:27 INFO  Enrichment:1997 - Generate Random Data for permutations has taken 0.0 seconds.
2015-04-15 13:13:27 INFO  Enrichment:2037 - Annotation of Permutations has started.
2015-04-15 13:13:34 INFO  Enrichment:2396 - Annotation of Permutations has took 7.0 seconds.
2015-04-15 13:13:34 INFO  Enrichment:2405 - RunNumber: 1 For Chromosome: chr17 Annotation of 10000 permutations where each of them has 77  intervals took  9.0 seconds.
2015-04-15 13:13:34 INFO  Enrichment:2406 - ******************************************************************************************
2015-04-15 13:13:34 INFO  Enrichment:1882 - chromosome name:chr18 chromosome size: 78077248
2015-04-15 13:13:34 INFO  Enrichment:1916 - Filling of gcIntervalTree, mapabilityChromosomePositionList, mapabilityShortValueList  has started.
2015-04-15 13:13:35 INFO  ChromosomeBasedMappabilityTroveList:62 - CHROMOSOME18
2015-04-15 13:13:36 INFO  ChromosomeBasedMappabilityTroveList:117 - numberofGaps:5
2015-04-15 13:13:36 INFO  Enrichment:1942 - Filling of gcIntervalTree, mapabilityChromosomePositionList, mapabilityShortValueList  has taken 1.0 seconds.
2015-04-15 13:13:36 INFO  Enrichment:1955 - Generate Random Data for permutations has started.
2015-04-15 13:13:36 INFO  Enrichment:1997 - Generate Random Data for permutations has taken 0.0 seconds.
2015-04-15 13:13:36 INFO  Enrichment:2037 - Annotation of Permutations has started.
2015-04-15 13:13:40 INFO  Enrichment:2396 - Annotation of Permutations has took 3.0 seconds.
2015-04-15 13:13:40 INFO  Enrichment:2405 - RunNumber: 1 For Chromosome: chr18 Annotation of 10000 permutations where each of them has 85  intervals took  5.0 seconds.
2015-04-15 13:13:40 INFO  Enrichment:2406 - ******************************************************************************************
2015-04-15 13:13:40 INFO  Enrichment:1882 - chromosome name:chr19 chromosome size: 59128983
2015-04-15 13:13:40 INFO  Enrichment:1916 - Filling of gcIntervalTree, mapabilityChromosomePositionList, mapabilityShortValueList  has started.
2015-04-15 13:13:41 INFO  ChromosomeBasedMappabilityTroveList:62 - CHROMOSOME19
2015-04-15 13:13:41 INFO  ChromosomeBasedMappabilityTroveList:117 - numberofGaps:6
2015-04-15 13:13:41 INFO  Enrichment:1942 - Filling of gcIntervalTree, mapabilityChromosomePositionList, mapabilityShortValueList  has taken 1.0 seconds.
2015-04-15 13:13:41 INFO  Enrichment:1955 - Generate Random Data for permutations has started.
2015-04-15 13:13:41 INFO  Enrichment:1997 - Generate Random Data for permutations has taken 0.0 seconds.
2015-04-15 13:13:41 INFO  Enrichment:2037 - Annotation of Permutations has started.
2015-04-15 13:13:47 INFO  Enrichment:2396 - Annotation of Permutations has took 5.0 seconds.
2015-04-15 13:13:47 INFO  Enrichment:2405 - RunNumber: 1 For Chromosome: chr19 Annotation of 10000 permutations where each of them has 41  intervals took  7.0 seconds.
2015-04-15 13:13:47 INFO  Enrichment:2406 - ******************************************************************************************
2015-04-15 13:13:47 INFO  Enrichment:1882 - chromosome name:chr20 chromosome size: 63025520
2015-04-15 13:13:47 INFO  Enrichment:1916 - Filling of gcIntervalTree, mapabilityChromosomePositionList, mapabilityShortValueList  has started.
2015-04-15 13:13:48 INFO  ChromosomeBasedMappabilityTroveList:62 - CHROMOSOME20
2015-04-15 13:13:48 INFO  ChromosomeBasedMappabilityTroveList:117 - numberofGaps:5
2015-04-15 13:13:48 INFO  Enrichment:1942 - Filling of gcIntervalTree, mapabilityChromosomePositionList, mapabilityShortValueList  has taken 1.0 seconds.
2015-04-15 13:13:48 INFO  Enrichment:1955 - Generate Random Data for permutations has started.
2015-04-15 13:13:48 INFO  Enrichment:1997 - Generate Random Data for permutations has taken 0.0 seconds.
2015-04-15 13:13:48 INFO  Enrichment:2037 - Annotation of Permutations has started.
2015-04-15 13:13:52 INFO  Enrichment:2396 - Annotation of Permutations has took 3.0 seconds.
2015-04-15 13:13:52 INFO  Enrichment:2405 - RunNumber: 1 For Chromosome: chr20 Annotation of 10000 permutations where each of them has 42  intervals took  5.0 seconds.
2015-04-15 13:13:52 INFO  Enrichment:2406 - ******************************************************************************************
2015-04-15 13:13:52 INFO  Enrichment:1882 - chromosome name:chr21 chromosome size: 48129895
2015-04-15 13:13:52 INFO  Enrichment:1916 - Filling of gcIntervalTree, mapabilityChromosomePositionList, mapabilityShortValueList  has started.
2015-04-15 13:13:53 INFO  ChromosomeBasedMappabilityTroveList:62 - CHROMOSOME21
2015-04-15 13:13:53 INFO  ChromosomeBasedMappabilityTroveList:117 - numberofGaps:17
2015-04-15 13:13:53 INFO  Enrichment:1942 - Filling of gcIntervalTree, mapabilityChromosomePositionList, mapabilityShortValueList  has taken 0.0 seconds.
2015-04-15 13:13:53 INFO  Enrichment:1955 - Generate Random Data for permutations has started.
2015-04-15 13:13:53 INFO  Enrichment:1997 - Generate Random Data for permutations has taken 0.0 seconds.
2015-04-15 13:13:53 INFO  Enrichment:2037 - Annotation of Permutations has started.
2015-04-15 13:13:55 INFO  Enrichment:2396 - Annotation of Permutations has took 2.0 seconds.
2015-04-15 13:13:55 INFO  Enrichment:2405 - RunNumber: 1 For Chromosome: chr21 Annotation of 10000 permutations where each of them has 43  intervals took  3.0 seconds.
2015-04-15 13:13:55 INFO  Enrichment:2406 - ******************************************************************************************
2015-04-15 13:13:55 INFO  Enrichment:1882 - chromosome name:chr22 chromosome size: 51304566
2015-04-15 13:13:55 INFO  Enrichment:1916 - Filling of gcIntervalTree, mapabilityChromosomePositionList, mapabilityShortValueList  has started.
2015-04-15 13:13:56 INFO  ChromosomeBasedMappabilityTroveList:62 - CHROMOSOME22
2015-04-15 13:13:56 INFO  ChromosomeBasedMappabilityTroveList:117 - numberofGaps:16
2015-04-15 13:13:56 INFO  Enrichment:1942 - Filling of gcIntervalTree, mapabilityChromosomePositionList, mapabilityShortValueList  has taken 0.0 seconds.
2015-04-15 13:13:56 INFO  Enrichment:1955 - Generate Random Data for permutations has started.
2015-04-15 13:13:56 INFO  Enrichment:1997 - Generate Random Data for permutations has taken 0.0 seconds.
2015-04-15 13:13:57 INFO  Enrichment:2037 - Annotation of Permutations has started.
2015-04-15 13:13:59 INFO  Enrichment:2396 - Annotation of Permutations has took 2.0 seconds.
2015-04-15 13:13:59 INFO  Enrichment:2405 - RunNumber: 1 For Chromosome: chr22 Annotation of 10000 permutations where each of them has 18  intervals took  3.0 seconds.
2015-04-15 13:13:59 INFO  Enrichment:2406 - ******************************************************************************************
2015-04-15 13:13:59 INFO  Enrichment:1882 - chromosome name:chrX chromosome size: 155270560
2015-04-15 13:13:59 INFO  Enrichment:1916 - Filling of gcIntervalTree, mapabilityChromosomePositionList, mapabilityShortValueList  has started.
2015-04-15 13:14:00 INFO  ChromosomeBasedMappabilityTroveList:62 - CHROMOSOMEX
2015-04-15 13:14:03 INFO  ChromosomeBasedMappabilityTroveList:117 - numberofGaps:31
2015-04-15 13:14:03 INFO  Enrichment:1942 - Filling of gcIntervalTree, mapabilityChromosomePositionList, mapabilityShortValueList  has taken 3.0 seconds.
2015-04-15 13:14:03 INFO  Enrichment:1955 - Generate Random Data for permutations has started.
2015-04-15 13:14:03 INFO  Enrichment:1997 - Generate Random Data for permutations has taken 0.0 seconds.
2015-04-15 13:14:04 INFO  Enrichment:2037 - Annotation of Permutations has started.
2015-04-15 13:14:08 INFO  Enrichment:2396 - Annotation of Permutations has took 3.0 seconds.
2015-04-15 13:14:08 INFO  Enrichment:2405 - RunNumber: 1 For Chromosome: chrX Annotation of 10000 permutations where each of them has 71  intervals took  8.0 seconds.
2015-04-15 13:14:08 INFO  Enrichment:2406 - ******************************************************************************************
2015-04-15 13:14:08 INFO  Enrichment:1882 - chromosome name:chrY chromosome size: 59373566
2015-04-15 13:14:08 INFO  Enrichment:2434 - ForkJoinPool is terminated 
2015-04-15 13:14:08 INFO  Enrichment:2440 - RUN_NUMBER: 1 NUMBER_OF_PERMUTATIONS:  10000 took 238.0 seconds.
2015-04-15 13:14:09 INFO  Enrichment:3499 - Concurrent programming has ended.
2015-04-15 13:14:09 INFO  Enrichment:3704 - **************	1. Run	******************	ends
