2015-03-23 16:25:38 INFO  InputDataRemoveOverlaps:319 - *****************************************************************
2015-03-23 16:25:38 INFO  InputDataRemoveOverlaps:320 - GLANET Parameters starts
2015-03-23 16:25:38 INFO  InputDataRemoveOverlaps:324 - C:\Users\Burçak\Google Drive\Data\demo_input_data\OCD_GWAS_chrNumber_1Based_GRCh37_p13_Coordinates.txt\
2015-03-23 16:25:38 INFO  InputDataRemoveOverlaps:324 - GRCh37.p13
2015-03-23 16:25:38 INFO  InputDataRemoveOverlaps:324 - C:\Users\Burçak\Google Drive\
2015-03-23 16:25:38 INFO  InputDataRemoveOverlaps:324 - 1-based coordinates (End Inclusive)
2015-03-23 16:25:38 INFO  InputDataRemoveOverlaps:324 - 1
2015-03-23 16:25:38 INFO  InputDataRemoveOverlaps:324 - DO_ENRICH
2015-03-23 16:25:38 INFO  InputDataRemoveOverlaps:324 - With GC and Mappability
2015-03-23 16:25:38 INFO  InputDataRemoveOverlaps:324 - Benjamini Hochberg FDR
2015-03-23 16:25:38 INFO  InputDataRemoveOverlaps:324 - 0.05
2015-03-23 16:25:38 INFO  InputDataRemoveOverlaps:324 - 0.05
2015-03-23 16:25:38 INFO  InputDataRemoveOverlaps:324 - 5000
2015-03-23 16:25:38 INFO  InputDataRemoveOverlaps:324 - DO_DNASE_ANNOTATION
2015-03-23 16:25:38 INFO  InputDataRemoveOverlaps:324 - DO_NOT_HISTONE_ANNOTATION
2015-03-23 16:25:38 INFO  InputDataRemoveOverlaps:324 - DO_NOT_TF_ANNOTATION
2015-03-23 16:25:38 INFO  InputDataRemoveOverlaps:324 - DO_GENE_ANNOTATION
2015-03-23 16:25:38 INFO  InputDataRemoveOverlaps:324 - DO_NOT_KEGGPATHWAY_ANNOTATION
2015-03-23 16:25:38 INFO  InputDataRemoveOverlaps:324 - DO_NOT_TF_KEGGPATHWAY_ANNOTATION
2015-03-23 16:25:38 INFO  InputDataRemoveOverlaps:324 - DO_NOT_TF_CELLLINE_KEGGPATHWAY_ANNOTATION
2015-03-23 16:25:38 INFO  InputDataRemoveOverlaps:324 - DO_NOT_REGULATORY_SEQUENCE_ANALYSIS_USING_RSAT
2015-03-23 16:25:38 INFO  InputDataRemoveOverlaps:324 - test
2015-03-23 16:25:38 INFO  InputDataRemoveOverlaps:324 - DO_WRITE_ELEMENT_BASED_ANNOTATION_FOUND_OVERLAPS
2015-03-23 16:25:38 INFO  InputDataRemoveOverlaps:324 - DO_NOT_WRITE_ANNOTATION_BINARY_MATRIX
2015-03-23 16:25:38 INFO  InputDataRemoveOverlaps:324 - DO_NOT_WRITE_GENERATED_RANDOM_DATA
2015-03-23 16:25:38 INFO  InputDataRemoveOverlaps:324 - DO_NOT_WRITE_PERMUTATION_BASED_AND_PARAMETRIC_BASED_ANNOTATION_RESULT
2015-03-23 16:25:38 INFO  InputDataRemoveOverlaps:324 - DO_NOT_WRITE_PERMUTATION_BASED_ANNOTATION_RESULT
2015-03-23 16:25:38 INFO  InputDataRemoveOverlaps:324 - 5000
2015-03-23 16:25:38 INFO  InputDataRemoveOverlaps:324 - DO_NOT_USER_DEFINED_GENESET_ANNOTATION
2015-03-23 16:25:38 INFO  InputDataRemoveOverlaps:324 - 
2015-03-23 16:25:38 INFO  InputDataRemoveOverlaps:324 - GENE SYMBOL
2015-03-23 16:25:38 INFO  InputDataRemoveOverlaps:324 - NoName
2015-03-23 16:25:38 INFO  InputDataRemoveOverlaps:324 - NO_OPTIONAL_USERDEFINEDGENESET_DESCRIPTION_FILE_PROVIDED
2015-03-23 16:25:38 INFO  InputDataRemoveOverlaps:324 - DO_NOT_USER_DEFINED_LIBRARY_ANNOTATION
2015-03-23 16:25:38 INFO  InputDataRemoveOverlaps:324 - 
2015-03-23 16:25:38 INFO  InputDataRemoveOverlaps:324 - 0-based coordinates (End Exclusive)
2015-03-23 16:25:38 INFO  InputDataRemoveOverlaps:324 - GIVEN_INPUT_DATA_CONSISTS_OF_SNPS
2015-03-23 16:25:38 INFO  InputDataRemoveOverlaps:327 - GLANET Parameters ends
2015-03-23 16:25:38 INFO  InputDataRemoveOverlaps:328 - *****************************************************************
2015-03-23 16:26:21 INFO  Enrichment:2364 - Java runtime max memory: 8232370176
2015-03-23 16:26:21 INFO  Enrichment:2365 - Java runtime total memory: 8232370176
2015-03-23 16:26:21 INFO  Enrichment:2366 - Java runtime available processors: 8
2015-03-23 16:26:39 INFO  ChromosomeBasedGCTroveList:141 - nthBase must be written once: 0 gcCharArray construction has ended.
2015-03-23 16:26:40 INFO  ChromosomeBasedMappabilityTroveList:55 - CHROMOSOME1
2015-03-23 16:26:40 INFO  ChromosomeBasedMappabilityTroveList:78 - There is a situation! low: 227417 high: 177368
2015-03-23 16:26:40 INFO  ChromosomeBasedMappabilityTroveList:78 - There is a situation! low: 267628 high: 267627
2015-03-23 16:26:40 INFO  ChromosomeBasedMappabilityTroveList:78 - There is a situation! low: 267642 high: 267633
2015-03-23 16:26:40 INFO  ChromosomeBasedMappabilityTroveList:78 - There is a situation! low: 267661 high: 267660
2015-03-23 16:26:40 INFO  ChromosomeBasedMappabilityTroveList:78 - There is a situation! low: 317719 high: 267670
2015-03-23 16:26:40 INFO  ChromosomeBasedMappabilityTroveList:78 - There is a situation! low: 521368 high: 471319
2015-03-23 16:26:40 INFO  ChromosomeBasedMappabilityTroveList:78 - There is a situation! low: 2634131 high: 2634121
2015-03-23 16:26:40 INFO  ChromosomeBasedMappabilityTroveList:78 - There is a situation! low: 2684220 high: 2634171
2015-03-23 16:26:40 INFO  ChromosomeBasedMappabilityTroveList:78 - There is a situation! low: 3995268 high: 3845219
2015-03-23 16:26:40 INFO  ChromosomeBasedMappabilityTroveList:78 - There is a situation! low: 13102998 high: 13052949
2015-03-23 16:26:40 INFO  ChromosomeBasedMappabilityTroveList:78 - There is a situation! low: 13319912 high: 13219863
2015-03-23 16:26:40 INFO  ChromosomeBasedMappabilityTroveList:78 - There is a situation! low: 13557092 high: 13557063
2015-03-23 16:26:40 INFO  ChromosomeBasedMappabilityTroveList:78 - There is a situation! low: 13607162 high: 13557095
2015-03-23 16:26:40 INFO  ChromosomeBasedMappabilityTroveList:78 - There is a situation! low: 17175658 high: 17125609
2015-03-23 16:26:40 INFO  ChromosomeBasedMappabilityTroveList:78 - There is a situation! low: 30028082 high: 29878033
2015-03-23 16:26:40 INFO  ChromosomeBasedMappabilityTroveList:78 - There is a situation! low: 103913906 high: 103863857
2015-03-23 16:26:40 INFO  ChromosomeBasedMappabilityTroveList:78 - There is a situation! low: 120747156 high: 120697107
2015-03-23 16:26:40 INFO  ChromosomeBasedMappabilityTroveList:78 - There is a situation! low: 121086695 high: 120936646
2015-03-23 16:26:40 INFO  ChromosomeBasedMappabilityTroveList:78 - There is a situation! low: 142535434 high: 121485385
2015-03-23 16:26:40 INFO  ChromosomeBasedMappabilityTroveList:78 - There is a situation! low: 142781022 high: 142730973
2015-03-23 16:26:40 INFO  ChromosomeBasedMappabilityTroveList:78 - There is a situation! low: 143117761 high: 142967712
2015-03-23 16:26:40 INFO  ChromosomeBasedMappabilityTroveList:78 - There is a situation! low: 143342816 high: 143292767
2015-03-23 16:26:40 INFO  ChromosomeBasedMappabilityTroveList:78 - There is a situation! low: 143644525 high: 143544476
2015-03-23 16:26:40 INFO  ChromosomeBasedMappabilityTroveList:78 - There is a situation! low: 143871002 high: 143770953
2015-03-23 16:26:40 INFO  ChromosomeBasedMappabilityTroveList:78 - There is a situation! low: 144145783 high: 144095734
2015-03-23 16:26:40 INFO  ChromosomeBasedMappabilityTroveList:78 - There is a situation! low: 144274481 high: 144224432
2015-03-23 16:26:40 INFO  ChromosomeBasedMappabilityTroveList:78 - There is a situation! low: 144451744 high: 144401695
2015-03-23 16:26:40 INFO  ChromosomeBasedMappabilityTroveList:78 - There is a situation! low: 144672413 high: 144622364
2015-03-23 16:26:40 INFO  ChromosomeBasedMappabilityTroveList:78 - There is a situation! low: 144810724 high: 144710675
2015-03-23 16:26:40 INFO  ChromosomeBasedMappabilityTroveList:78 - There is a situation! low: 145883118 high: 145833069
2015-03-23 16:26:40 INFO  ChromosomeBasedMappabilityTroveList:78 - There is a situation! low: 146214650 high: 146164601
2015-03-23 16:26:40 INFO  ChromosomeBasedMappabilityTroveList:78 - There is a situation! low: 146303299 high: 146253250
2015-03-23 16:26:40 INFO  ChromosomeBasedMappabilityTroveList:78 - There is a situation! low: 148176038 high: 148025989
2015-03-23 16:26:40 INFO  ChromosomeBasedMappabilityTroveList:78 - There is a situation! low: 148511358 high: 148361309
2015-03-23 16:26:40 INFO  ChromosomeBasedMappabilityTroveList:78 - There is a situation! low: 148734147 high: 148684098
2015-03-23 16:26:40 INFO  ChromosomeBasedMappabilityTroveList:78 - There is a situation! low: 149004460 high: 148954411
2015-03-23 16:26:40 INFO  ChromosomeBasedMappabilityTroveList:78 - There is a situation! low: 149509645 high: 149459596
2015-03-23 16:26:41 INFO  ChromosomeBasedMappabilityTroveList:78 - There is a situation! low: 206072707 high: 205922658
2015-03-23 16:26:41 INFO  ChromosomeBasedMappabilityTroveList:78 - There is a situation! low: 206482221 high: 206332172
2015-03-23 16:26:41 INFO  ChromosomeBasedMappabilityTroveList:78 - There is a situation! low: 223797846 high: 223747797
2015-03-23 16:26:41 INFO  ChromosomeBasedMappabilityTroveList:78 - There is a situation! low: 235242211 high: 235192162
2015-03-23 16:26:41 INFO  ChromosomeBasedMappabilityTroveList:78 - There is a situation! low: 249058210 high: 248908161
2015-03-23 16:26:41 INFO  ChromosomeBasedMappabilityTroveList:78 - There is a situation! low: 249240540 high: 249240522
2015-03-23 16:26:41 INFO  ChromosomeBasedMappabilityTroveList:105 - numberofGaps:43
2015-03-23 16:38:56 INFO  ChromosomeBasedGCTroveList:141 - nthBase must be written once: 0 gcCharArray construction has ended.
2015-03-23 16:38:57 INFO  ChromosomeBasedMappabilityTroveList:55 - CHROMOSOME2
2015-03-23 16:38:57 INFO  ChromosomeBasedMappabilityTroveList:78 - There is a situation! low: 3579312 high: 3529263
2015-03-23 16:38:57 INFO  ChromosomeBasedMappabilityTroveList:78 - There is a situation! low: 5118788 high: 5018739
2015-03-23 16:38:57 INFO  ChromosomeBasedMappabilityTroveList:78 - There is a situation! low: 16329724 high: 16279675
2015-03-23 16:38:57 INFO  ChromosomeBasedMappabilityTroveList:78 - There is a situation! low: 21178113 high: 21153064
2015-03-23 16:38:57 INFO  ChromosomeBasedMappabilityTroveList:78 - There is a situation! low: 31726790 high: 31725890
2015-03-23 16:38:57 INFO  ChromosomeBasedMappabilityTroveList:78 - There is a situation! low: 31816830 high: 31816817
2015-03-23 16:38:57 INFO  ChromosomeBasedMappabilityTroveList:78 - There is a situation! low: 31816859 high: 31816850
2015-03-23 16:38:57 INFO  ChromosomeBasedMappabilityTroveList:78 - There is a situation! low: 33092110 high: 33092105
2015-03-23 16:38:57 INFO  ChromosomeBasedMappabilityTroveList:78 - There is a situation! low: 33092130 high: 33092126
2015-03-23 16:38:57 INFO  ChromosomeBasedMappabilityTroveList:78 - There is a situation! low: 33093197 high: 33092148
2015-03-23 16:38:57 INFO  ChromosomeBasedMappabilityTroveList:78 - There is a situation! low: 33142692 high: 33141643
2015-03-23 16:38:57 INFO  ChromosomeBasedMappabilityTroveList:78 - There is a situation! low: 87718206 high: 87668157
2015-03-23 16:38:57 INFO  ChromosomeBasedMappabilityTroveList:78 - There is a situation! low: 89830436 high: 89630387
2015-03-23 16:38:57 INFO  ChromosomeBasedMappabilityTroveList:78 - There is a situation! low: 90371525 high: 90321476
2015-03-23 16:38:57 INFO  ChromosomeBasedMappabilityTroveList:78 - There is a situation! low: 91595103 high: 90545054
2015-03-23 16:38:57 INFO  ChromosomeBasedMappabilityTroveList:78 - There is a situation! low: 95326171 high: 92326122
2015-03-23 16:38:57 INFO  ChromosomeBasedMappabilityTroveList:78 - There is a situation! low: 110251337 high: 110109288
2015-03-23 16:38:57 INFO  ChromosomeBasedMappabilityTroveList:78 - There is a situation! low: 149790582 high: 149690533
2015-03-23 16:38:57 INFO  ChromosomeBasedMappabilityTroveList:78 - There is a situation! low: 234003644 high: 234003642
2015-03-23 16:38:57 INFO  ChromosomeBasedMappabilityTroveList:78 - There is a situation! low: 234003657 high: 234003654
2015-03-23 16:38:57 INFO  ChromosomeBasedMappabilityTroveList:78 - There is a situation! low: 234003677 high: 234003667
2015-03-23 16:38:57 INFO  ChromosomeBasedMappabilityTroveList:78 - There is a situation! low: 234003690 high: 234003688
2015-03-23 16:38:57 INFO  ChromosomeBasedMappabilityTroveList:78 - There is a situation! low: 234053741 high: 234003692
2015-03-23 16:38:57 INFO  ChromosomeBasedMappabilityTroveList:78 - There is a situation! low: 239831978 high: 239801929
2015-03-23 16:38:57 INFO  ChromosomeBasedMappabilityTroveList:78 - There is a situation! low: 240809132 high: 240784083
2015-03-23 16:38:57 INFO  ChromosomeBasedMappabilityTroveList:78 - There is a situation! low: 243152476 high: 243102427
2015-03-23 16:38:57 INFO  ChromosomeBasedMappabilityTroveList:105 - numberofGaps:26
2015-03-23 16:39:18 INFO  ChromosomeBasedGCTroveList:141 - nthBase must be written once: 0 gcCharArray construction has ended.
2015-03-23 16:39:19 INFO  ChromosomeBasedMappabilityTroveList:55 - CHROMOSOME3
2015-03-23 16:39:19 INFO  ChromosomeBasedMappabilityTroveList:78 - There is a situation! low: 60104757 high: 60104747
2015-03-23 16:39:19 INFO  ChromosomeBasedMappabilityTroveList:78 - There is a situation! low: 60104761 high: 60104759
2015-03-23 16:39:19 INFO  ChromosomeBasedMappabilityTroveList:78 - There is a situation! low: 60190035 high: 60190034
2015-03-23 16:39:19 INFO  ChromosomeBasedMappabilityTroveList:78 - There is a situation! low: 66270270 high: 66170221
2015-03-23 16:39:19 INFO  ChromosomeBasedMappabilityTroveList:78 - There is a situation! low: 90504788 high: 90504780
2015-03-23 16:39:19 INFO  ChromosomeBasedMappabilityTroveList:78 - There is a situation! low: 93504854 high: 90504805
2015-03-23 16:39:20 INFO  ChromosomeBasedMappabilityTroveList:78 - There is a situation! low: 194047251 high: 194041912
2015-03-23 16:39:20 INFO  ChromosomeBasedMappabilityTroveList:105 - numberofGaps:7
2015-03-23 16:40:57 INFO  ChromosomeBasedGCTroveList:141 - nthBase must be written once: 0 gcCharArray construction has ended.
2015-03-23 16:40:58 INFO  ChromosomeBasedMappabilityTroveList:55 - CHROMOSOME4
2015-03-23 16:40:58 INFO  ChromosomeBasedMappabilityTroveList:78 - There is a situation! low: 1478646 high: 1423097
2015-03-23 16:40:58 INFO  ChromosomeBasedMappabilityTroveList:78 - There is a situation! low: 8818203 high: 8799154
2015-03-23 16:40:58 INFO  ChromosomeBasedMappabilityTroveList:78 - There is a situation! low: 9324642 high: 9274593
2015-03-23 16:40:58 INFO  ChromosomeBasedMappabilityTroveList:78 - There is a situation! low: 31837417 high: 31820868
2015-03-23 16:40:58 INFO  ChromosomeBasedMappabilityTroveList:78 - There is a situation! low: 32840638 high: 32834589
2015-03-23 16:40:58 INFO  ChromosomeBasedMappabilityTroveList:78 - There is a situation! low: 40297096 high: 40296347
2015-03-23 16:40:58 INFO  ChromosomeBasedMappabilityTroveList:78 - There is a situation! low: 49488941 high: 49338892
2015-03-23 16:40:58 INFO  ChromosomeBasedMappabilityTroveList:78 - There is a situation! low: 49660027 high: 49660018
2015-03-23 16:40:58 INFO  ChromosomeBasedMappabilityTroveList:78 - There is a situation! low: 52660117 high: 49660068
2015-03-23 16:40:59 INFO  ChromosomeBasedMappabilityTroveList:78 - There is a situation! low: 59789333 high: 59739284
2015-03-23 16:40:59 INFO  ChromosomeBasedMappabilityTroveList:78 - There is a situation! low: 75427294 high: 75427293
2015-03-23 16:40:59 INFO  ChromosomeBasedMappabilityTroveList:78 - There is a situation! low: 75427301 high: 75427299
2015-03-23 16:40:59 INFO  ChromosomeBasedMappabilityTroveList:78 - There is a situation! low: 75427308 high: 75427306
2015-03-23 16:40:59 INFO  ChromosomeBasedMappabilityTroveList:78 - There is a situation! low: 75427327 high: 75427326
2015-03-23 16:40:59 INFO  ChromosomeBasedMappabilityTroveList:78 - There is a situation! low: 75452279 high: 75427330
2015-03-23 16:40:59 INFO  ChromosomeBasedMappabilityTroveList:78 - There is a situation! low: 191044199 high: 191044177
2015-03-23 16:40:59 INFO  ChromosomeBasedMappabilityTroveList:105 - numberofGaps:16
2015-03-23 16:41:16 INFO  ChromosomeBasedGCTroveList:141 - nthBase must be written once: 0 gcCharArray construction has ended.
2015-03-23 16:41:16 INFO  ChromosomeBasedMappabilityTroveList:55 - CHROMOSOME5
2015-03-23 16:41:16 INFO  ChromosomeBasedMappabilityTroveList:78 - There is a situation! low: 17580657 high: 17530608
2015-03-23 16:41:16 INFO  ChromosomeBasedMappabilityTroveList:78 - There is a situation! low: 46405576 high: 46405575
2015-03-23 16:41:16 INFO  ChromosomeBasedMappabilityTroveList:78 - There is a situation! low: 49405641 high: 46405592
2015-03-23 16:41:17 INFO  ChromosomeBasedMappabilityTroveList:78 - There is a situation! low: 91686128 high: 91636079
2015-03-23 16:41:17 INFO  ChromosomeBasedMappabilityTroveList:78 - There is a situation! low: 138837073 high: 138787024
2015-03-23 16:41:17 INFO  ChromosomeBasedMappabilityTroveList:78 - There is a situation! low: 155138636 high: 155138630
2015-03-23 16:41:17 INFO  ChromosomeBasedMappabilityTroveList:78 - There is a situation! low: 155138639 high: 155138637
2015-03-23 16:41:17 INFO  ChromosomeBasedMappabilityTroveList:78 - There is a situation! low: 155138669 high: 155138667
2015-03-23 16:41:17 INFO  ChromosomeBasedMappabilityTroveList:78 - There is a situation! low: 155138672 high: 155138670
2015-03-23 16:41:17 INFO  ChromosomeBasedMappabilityTroveList:78 - There is a situation! low: 155188727 high: 155138678
2015-03-23 16:41:17 INFO  ChromosomeBasedMappabilityTroveList:105 - numberofGaps:10
2015-03-23 16:41:34 INFO  ChromosomeBasedGCTroveList:141 - nthBase must be written once: 0 gcCharArray construction has ended.
2015-03-23 16:41:35 INFO  ChromosomeBasedMappabilityTroveList:55 - CHROMOSOME6
2015-03-23 16:41:35 INFO  ChromosomeBasedMappabilityTroveList:78 - There is a situation! low: 58137659 high: 58087610
2015-03-23 16:41:35 INFO  ChromosomeBasedMappabilityTroveList:78 - There is a situation! low: 61880166 high: 58780117
2015-03-23 16:41:35 INFO  ChromosomeBasedMappabilityTroveList:78 - There is a situation! low: 62128524 high: 62128515
2015-03-23 16:41:35 INFO  ChromosomeBasedMappabilityTroveList:78 - There is a situation! low: 62178589 high: 62128540
2015-03-23 16:41:35 INFO  ChromosomeBasedMappabilityTroveList:78 - There is a situation! low: 95830543 high: 95680494
2015-03-23 16:41:35 INFO  ChromosomeBasedMappabilityTroveList:78 - There is a situation! low: 157609467 high: 157559418
2015-03-23 16:41:35 INFO  ChromosomeBasedMappabilityTroveList:78 - There is a situation! low: 157691300 high: 157641251
2015-03-23 16:41:35 INFO  ChromosomeBasedMappabilityTroveList:78 - There is a situation! low: 168042073 high: 167942024
2015-03-23 16:41:35 INFO  ChromosomeBasedMappabilityTroveList:78 - There is a situation! low: 170329972 high: 170279923
2015-03-23 16:41:35 INFO  ChromosomeBasedMappabilityTroveList:105 - numberofGaps:9
2015-03-23 16:41:51 INFO  ChromosomeBasedGCTroveList:141 - nthBase must be written once: 0 gcCharArray construction has ended.
2015-03-23 16:41:52 INFO  ChromosomeBasedMappabilityTroveList:55 - CHROMOSOME7
2015-03-23 16:41:52 INFO  ChromosomeBasedMappabilityTroveList:78 - There is a situation! low: 282484 high: 232435
2015-03-23 16:41:52 INFO  ChromosomeBasedMappabilityTroveList:78 - There is a situation! low: 50410631 high: 50370582
2015-03-23 16:41:52 INFO  ChromosomeBasedMappabilityTroveList:78 - There is a situation! low: 58054250 high: 58054232
2015-03-23 16:41:52 INFO  ChromosomeBasedMappabilityTroveList:78 - There is a situation! low: 61054331 high: 58054262
2015-03-23 16:41:52 INFO  ChromosomeBasedMappabilityTroveList:78 - There is a situation! low: 61360513 high: 61310464
2015-03-23 16:41:52 INFO  ChromosomeBasedMappabilityTroveList:78 - There is a situation! low: 61460381 high: 61460372
2015-03-23 16:41:52 INFO  ChromosomeBasedMappabilityTroveList:78 - There is a situation! low: 61510465 high: 61460416
2015-03-23 16:41:52 INFO  ChromosomeBasedMappabilityTroveList:78 - There is a situation! low: 61727020 high: 61676971
2015-03-23 16:41:52 INFO  ChromosomeBasedMappabilityTroveList:78 - There is a situation! low: 61967157 high: 61917108
2015-03-23 16:41:52 INFO  ChromosomeBasedMappabilityTroveList:78 - There is a situation! low: 74715650 high: 74715625
2015-03-23 16:41:52 INFO  ChromosomeBasedMappabilityTroveList:78 - There is a situation! low: 74715652 high: 74715651
2015-03-23 16:41:52 INFO  ChromosomeBasedMappabilityTroveList:78 - There is a situation! low: 74715659 high: 74715654
2015-03-23 16:41:52 INFO  ChromosomeBasedMappabilityTroveList:78 - There is a situation! low: 74765724 high: 74715675
2015-03-23 16:41:52 INFO  ChromosomeBasedMappabilityTroveList:78 - There is a situation! low: 100606043 high: 100555994
2015-03-23 16:41:53 INFO  ChromosomeBasedMappabilityTroveList:78 - There is a situation! low: 130254523 high: 130154474
2015-03-23 16:41:53 INFO  ChromosomeBasedMappabilityTroveList:78 - There is a situation! low: 139404377 high: 139379328
2015-03-23 16:41:53 INFO  ChromosomeBasedMappabilityTroveList:78 - There is a situation! low: 142098195 high: 142048146
2015-03-23 16:41:53 INFO  ChromosomeBasedMappabilityTroveList:78 - There is a situation! low: 142326197 high: 142276148
2015-03-23 16:41:53 INFO  ChromosomeBasedMappabilityTroveList:78 - There is a situation! low: 143397897 high: 143347848
2015-03-23 16:41:53 INFO  ChromosomeBasedMappabilityTroveList:78 - There is a situation! low: 154370634 high: 154270585
2015-03-23 16:41:53 INFO  ChromosomeBasedMappabilityTroveList:78 - There is a situation! low: 159128608 high: 159128564
2015-03-23 16:41:53 INFO  ChromosomeBasedMappabilityTroveList:105 - numberofGaps:21
2015-03-23 16:42:07 INFO  ChromosomeBasedGCTroveList:141 - nthBase must be written once: 0 gcCharArray construction has ended.
2015-03-23 16:42:08 INFO  ChromosomeBasedMappabilityTroveList:55 - CHROMOSOME8
2015-03-23 16:42:08 INFO  ChromosomeBasedMappabilityTroveList:78 - There is a situation! low: 7524649 high: 7474600
2015-03-23 16:42:08 INFO  ChromosomeBasedMappabilityTroveList:78 - There is a situation! low: 12141854 high: 12091805
2015-03-23 16:42:08 INFO  ChromosomeBasedMappabilityTroveList:78 - There is a situation! low: 46838887 high: 43838838
2015-03-23 16:42:08 INFO  ChromosomeBasedMappabilityTroveList:78 - There is a situation! low: 48135599 high: 48130450
2015-03-23 16:42:08 INFO  ChromosomeBasedMappabilityTroveList:78 - There is a situation! low: 86726451 high: 86576402
2015-03-23 16:42:08 INFO  ChromosomeBasedMappabilityTroveList:78 - There is a situation! low: 142816515 high: 142766466
2015-03-23 16:42:08 INFO  ChromosomeBasedMappabilityTroveList:78 - There is a situation! low: 145432588 high: 145332539
2015-03-23 16:42:08 INFO  ChromosomeBasedMappabilityTroveList:105 - numberofGaps:7
2015-03-23 16:42:22 INFO  ChromosomeBasedGCTroveList:141 - nthBase must be written once: 0 gcCharArray construction has ended.
2015-03-23 16:42:22 INFO  ChromosomeBasedMappabilityTroveList:55 - CHROMOSOME9
2015-03-23 16:42:23 INFO  ChromosomeBasedMappabilityTroveList:78 - There is a situation! low: 39713686 high: 39663637
2015-03-23 16:42:23 INFO  ChromosomeBasedMappabilityTroveList:78 - There is a situation! low: 40024796 high: 39974747
2015-03-23 16:42:23 INFO  ChromosomeBasedMappabilityTroveList:78 - There is a situation! low: 40283029 high: 40232980
2015-03-23 16:42:23 INFO  ChromosomeBasedMappabilityTroveList:78 - There is a situation! low: 40475834 high: 40425785
2015-03-23 16:42:23 INFO  ChromosomeBasedMappabilityTroveList:78 - There is a situation! low: 40990341 high: 40940292
2015-03-23 16:42:23 INFO  ChromosomeBasedMappabilityTroveList:78 - There is a situation! low: 41193214 high: 41143165
2015-03-23 16:42:23 INFO  ChromosomeBasedMappabilityTroveList:78 - There is a situation! low: 41415793 high: 41365744
2015-03-23 16:42:23 INFO  ChromosomeBasedMappabilityTroveList:78 - There is a situation! low: 42613871 high: 42613870
2015-03-23 16:42:23 INFO  ChromosomeBasedMappabilityTroveList:78 - There is a situation! low: 42663955 high: 42613906
2015-03-23 16:42:23 INFO  ChromosomeBasedMappabilityTroveList:78 - There is a situation! low: 43313698 high: 43213649
2015-03-23 16:42:23 INFO  ChromosomeBasedMappabilityTroveList:78 - There is a situation! low: 43996569 high: 43946520
2015-03-23 16:42:23 INFO  ChromosomeBasedMappabilityTroveList:78 - There is a situation! low: 44726646 high: 44676597
2015-03-23 16:42:23 INFO  ChromosomeBasedMappabilityTroveList:78 - There is a situation! low: 44958293 high: 44908244
2015-03-23 16:42:23 INFO  ChromosomeBasedMappabilityTroveList:78 - There is a situation! low: 45350203 high: 45250154
2015-03-23 16:42:23 INFO  ChromosomeBasedMappabilityTroveList:78 - There is a situation! low: 45815442 high: 45815440
2015-03-23 16:42:23 INFO  ChromosomeBasedMappabilityTroveList:78 - There is a situation! low: 45865521 high: 45815472
2015-03-23 16:42:23 INFO  ChromosomeBasedMappabilityTroveList:78 - There is a situation! low: 46266430 high: 46216381
2015-03-23 16:42:23 INFO  ChromosomeBasedMappabilityTroveList:78 - There is a situation! low: 46561039 high: 46460990
2015-03-23 16:42:23 INFO  ChromosomeBasedMappabilityTroveList:78 - There is a situation! low: 47060035 high: 47060034
2015-03-23 16:42:23 INFO  ChromosomeBasedMappabilityTroveList:78 - There is a situation! low: 47060042 high: 47060040
2015-03-23 16:42:23 INFO  ChromosomeBasedMappabilityTroveList:78 - There is a situation! low: 47160133 high: 47060084
2015-03-23 16:42:23 INFO  ChromosomeBasedMappabilityTroveList:78 - There is a situation! low: 65467679 high: 47317630
2015-03-23 16:42:23 INFO  ChromosomeBasedMappabilityTroveList:78 - There is a situation! low: 65968360 high: 65918311
2015-03-23 16:42:23 INFO  ChromosomeBasedMappabilityTroveList:78 - There is a situation! low: 66242215 high: 66192166
2015-03-23 16:42:23 INFO  ChromosomeBasedMappabilityTroveList:78 - There is a situation! low: 66454656 high: 66404607
2015-03-23 16:42:23 INFO  ChromosomeBasedMappabilityTroveList:78 - There is a situation! low: 66664195 high: 66614146
2015-03-23 16:42:23 INFO  ChromosomeBasedMappabilityTroveList:78 - There is a situation! low: 66913343 high: 66863294
2015-03-23 16:42:23 INFO  ChromosomeBasedMappabilityTroveList:78 - There is a situation! low: 67207834 high: 67107785
2015-03-23 16:42:23 INFO  ChromosomeBasedMappabilityTroveList:78 - There is a situation! low: 67516296 high: 67366247
2015-03-23 16:42:23 INFO  ChromosomeBasedMappabilityTroveList:78 - There is a situation! low: 68137998 high: 67987949
2015-03-23 16:42:23 INFO  ChromosomeBasedMappabilityTroveList:78 - There is a situation! low: 68664181 high: 68514132
2015-03-23 16:42:23 INFO  ChromosomeBasedMappabilityTroveList:78 - There is a situation! low: 68988946 high: 68838897
2015-03-23 16:42:23 INFO  ChromosomeBasedMappabilityTroveList:78 - There is a situation! low: 69328385 high: 69278336
2015-03-23 16:42:23 INFO  ChromosomeBasedMappabilityTroveList:78 - There is a situation! low: 70060542 high: 70010493
2015-03-23 16:42:23 INFO  ChromosomeBasedMappabilityTroveList:78 - There is a situation! low: 70318729 high: 70218680
2015-03-23 16:42:23 INFO  ChromosomeBasedMappabilityTroveList:78 - There is a situation! low: 70556535 high: 70506486
2015-03-23 16:42:23 INFO  ChromosomeBasedMappabilityTroveList:78 - There is a situation! low: 70835468 high: 70735419
2015-03-23 16:42:23 INFO  ChromosomeBasedMappabilityTroveList:78 - There is a situation! low: 92443416 high: 92343367
2015-03-23 16:42:23 INFO  ChromosomeBasedMappabilityTroveList:78 - There is a situation! low: 92678796 high: 92528747
2015-03-23 16:42:23 INFO  ChromosomeBasedMappabilityTroveList:78 - There is a situation! low: 133223060 high: 133073011
2015-03-23 16:42:23 INFO  ChromosomeBasedMappabilityTroveList:78 - There is a situation! low: 137091193 high: 137041144
2015-03-23 16:42:23 INFO  ChromosomeBasedMappabilityTroveList:78 - There is a situation! low: 139216997 high: 139166948
2015-03-23 16:42:23 INFO  ChromosomeBasedMappabilityTroveList:105 - numberofGaps:42
2015-03-23 16:42:36 INFO  ChromosomeBasedGCTroveList:141 - nthBase must be written once: 0 gcCharArray construction has ended.
2015-03-23 16:42:37 INFO  ChromosomeBasedMappabilityTroveList:55 - CHROMOSOME10
2015-03-23 16:42:37 INFO  ChromosomeBasedMappabilityTroveList:78 - There is a situation! low: 18024675 high: 17974626
2015-03-23 16:42:37 INFO  ChromosomeBasedMappabilityTroveList:78 - There is a situation! low: 37412154 high: 37412153
2015-03-23 16:42:37 INFO  ChromosomeBasedMappabilityTroveList:78 - There is a situation! low: 37412167 high: 37412155
2015-03-23 16:42:37 INFO  ChromosomeBasedMappabilityTroveList:78 - There is a situation! low: 37412174 high: 37412170
2015-03-23 16:42:37 INFO  ChromosomeBasedMappabilityTroveList:78 - There is a situation! low: 38868835 high: 38818786
2015-03-23 16:42:37 INFO  ChromosomeBasedMappabilityTroveList:78 - There is a situation! low: 42354935 high: 39154886
2015-03-23 16:42:37 INFO  ChromosomeBasedMappabilityTroveList:78 - There is a situation! low: 42596687 high: 42546638
2015-03-23 16:42:37 INFO  ChromosomeBasedMappabilityTroveList:78 - There is a situation! low: 46476964 high: 46426915
2015-03-23 16:42:37 INFO  ChromosomeBasedMappabilityTroveList:78 - There is a situation! low: 47529169 high: 47429120
2015-03-23 16:42:37 INFO  ChromosomeBasedMappabilityTroveList:78 - There is a situation! low: 47892476 high: 47792427
2015-03-23 16:42:37 INFO  ChromosomeBasedMappabilityTroveList:78 - There is a situation! low: 48105707 high: 48055658
2015-03-23 16:42:37 INFO  ChromosomeBasedMappabilityTroveList:78 - There is a situation! low: 49195536 high: 49095487
2015-03-23 16:42:37 INFO  ChromosomeBasedMappabilityTroveList:78 - There is a situation! low: 51187410 high: 51137361
2015-03-23 16:42:37 INFO  ChromosomeBasedMappabilityTroveList:78 - There is a situation! low: 51398773 high: 51398772
2015-03-23 16:42:37 INFO  ChromosomeBasedMappabilityTroveList:78 - There is a situation! low: 51448845 high: 51398796
2015-03-23 16:42:37 INFO  ChromosomeBasedMappabilityTroveList:78 - There is a situation! low: 61482709 high: 61482708
2015-03-23 16:42:37 INFO  ChromosomeBasedMappabilityTroveList:78 - There is a situation! low: 61482731 high: 61482724
2015-03-23 16:42:37 INFO  ChromosomeBasedMappabilityTroveList:78 - There is a situation! low: 61482741 high: 61482740
2015-03-23 16:42:37 INFO  ChromosomeBasedMappabilityTroveList:78 - There is a situation! low: 61482764 high: 61482757
2015-03-23 16:42:37 INFO  ChromosomeBasedMappabilityTroveList:78 - There is a situation! low: 61482775 high: 61482773
2015-03-23 16:42:37 INFO  ChromosomeBasedMappabilityTroveList:78 - There is a situation! low: 125919472 high: 125869423
2015-03-23 16:42:37 INFO  ChromosomeBasedMappabilityTroveList:78 - There is a situation! low: 128615983 high: 128615982
2015-03-23 16:42:37 INFO  ChromosomeBasedMappabilityTroveList:78 - There is a situation! low: 128616003 high: 128616000
2015-03-23 16:42:37 INFO  ChromosomeBasedMappabilityTroveList:78 - There is a situation! low: 128616016 high: 128616015
2015-03-23 16:42:37 INFO  ChromosomeBasedMappabilityTroveList:78 - There is a situation! low: 128766069 high: 128616020
2015-03-23 16:42:37 INFO  ChromosomeBasedMappabilityTroveList:78 - There is a situation! low: 133431404 high: 133381355
2015-03-23 16:42:37 INFO  ChromosomeBasedMappabilityTroveList:78 - There is a situation! low: 133727527 high: 133677478
2015-03-23 16:42:37 INFO  ChromosomeBasedMappabilityTroveList:105 - numberofGaps:27
2015-03-23 16:42:51 INFO  ChromosomeBasedGCTroveList:141 - nthBase must be written once: 0 gcCharArray construction has ended.
2015-03-23 16:42:52 INFO  ChromosomeBasedMappabilityTroveList:55 - CHROMOSOME11
2015-03-23 16:42:52 INFO  ChromosomeBasedMappabilityTroveList:78 - There is a situation! low: 1212759 high: 1162710
2015-03-23 16:42:52 INFO  ChromosomeBasedMappabilityTroveList:78 - There is a situation! low: 51090853 high: 50783804
2015-03-23 16:42:52 INFO  ChromosomeBasedMappabilityTroveList:78 - There is a situation! low: 54694205 high: 51594156
2015-03-23 16:42:52 INFO  ChromosomeBasedMappabilityTroveList:78 - There is a situation! low: 69139801 high: 69089752
2015-03-23 16:42:52 INFO  ChromosomeBasedMappabilityTroveList:78 - There is a situation! low: 69774695 high: 69724646
2015-03-23 16:42:52 INFO  ChromosomeBasedMappabilityTroveList:78 - There is a situation! low: 87738378 high: 87688329
2015-03-23 16:42:52 INFO  ChromosomeBasedMappabilityTroveList:78 - There is a situation! low: 96437584 high: 96287535
2015-03-23 16:42:52 INFO  ChromosomeBasedMappabilityTroveList:78 - There is a situation! low: 134946451 high: 134946424
2015-03-23 16:42:52 INFO  ChromosomeBasedMappabilityTroveList:105 - numberofGaps:8
2015-03-23 16:43:06 INFO  ChromosomeBasedGCTroveList:141 - nthBase must be written once: 0 gcCharArray construction has ended.
2015-03-23 16:43:07 INFO  ChromosomeBasedMappabilityTroveList:55 - CHROMOSOME12
2015-03-23 16:43:07 INFO  ChromosomeBasedMappabilityTroveList:78 - There is a situation! low: 145739 high: 95640
2015-03-23 16:43:07 INFO  ChromosomeBasedMappabilityTroveList:78 - There is a situation! low: 6910411 high: 6910402
2015-03-23 16:43:07 INFO  ChromosomeBasedMappabilityTroveList:78 - There is a situation! low: 6910450 high: 6910423
2015-03-23 16:43:07 INFO  ChromosomeBasedMappabilityTroveList:78 - There is a situation! low: 6910468 high: 6910456
2015-03-23 16:43:07 INFO  ChromosomeBasedMappabilityTroveList:78 - There is a situation! low: 6910665 high: 6910604
2015-03-23 16:43:07 INFO  ChromosomeBasedMappabilityTroveList:78 - There is a situation! low: 6910682 high: 6910671
2015-03-23 16:43:07 INFO  ChromosomeBasedMappabilityTroveList:78 - There is a situation! low: 6910693 high: 6910692
2015-03-23 16:43:07 INFO  ChromosomeBasedMappabilityTroveList:78 - There is a situation! low: 6910702 high: 6910701
2015-03-23 16:43:07 INFO  ChromosomeBasedMappabilityTroveList:78 - There is a situation! low: 7239876 high: 7189777
2015-03-23 16:43:07 INFO  ChromosomeBasedMappabilityTroveList:78 - There is a situation! low: 37856694 high: 34856645
2015-03-23 16:43:07 INFO  ChromosomeBasedMappabilityTroveList:78 - There is a situation! low: 109423470 high: 109373421
2015-03-23 16:43:07 INFO  ChromosomeBasedMappabilityTroveList:78 - There is a situation! low: 121965236 high: 121964987
2015-03-23 16:43:07 INFO  ChromosomeBasedMappabilityTroveList:78 - There is a situation! low: 122580623 high: 122530574
2015-03-23 16:43:07 INFO  ChromosomeBasedMappabilityTroveList:78 - There is a situation! low: 123928280 high: 123927981
2015-03-23 16:43:07 INFO  ChromosomeBasedMappabilityTroveList:78 - There is a situation! low: 123960657 high: 123960622
2015-03-23 16:43:07 INFO  ChromosomeBasedMappabilityTroveList:78 - There is a situation! low: 123960821 high: 123960672
2015-03-23 16:43:07 INFO  ChromosomeBasedMappabilityTroveList:78 - There is a situation! low: 132806992 high: 132706943
2015-03-23 16:43:07 INFO  ChromosomeBasedMappabilityTroveList:105 - numberofGaps:17
2015-03-23 16:43:19 INFO  ChromosomeBasedGCTroveList:141 - nthBase must be written once: 0 gcCharArray construction has ended.
2015-03-23 16:43:19 INFO  ChromosomeBasedMappabilityTroveList:55 - CHROMOSOME13
2015-03-23 16:43:19 INFO  ChromosomeBasedMappabilityTroveList:78 - There is a situation! low: 86910324 high: 86760275
2015-03-23 16:43:19 INFO  ChromosomeBasedMappabilityTroveList:78 - There is a situation! low: 112503994 high: 112353945
2015-03-23 16:43:19 INFO  ChromosomeBasedMappabilityTroveList:78 - There is a situation! low: 114425993 high: 114325944
2015-03-23 16:43:19 INFO  ChromosomeBasedMappabilityTroveList:78 - There is a situation! low: 114739948 high: 114639899
2015-03-23 16:43:19 INFO  ChromosomeBasedMappabilityTroveList:105 - numberofGaps:4
2015-03-23 16:43:29 INFO  ChromosomeBasedGCTroveList:141 - nthBase must be written once: 0 gcCharArray construction has ended.
2015-03-23 16:43:30 INFO  ChromosomeBasedMappabilityTroveList:55 - CHROMOSOME14
2015-03-23 16:43:30 INFO  ChromosomeBasedMappabilityTroveList:105 - numberofGaps:0
2015-03-23 16:43:40 INFO  ChromosomeBasedGCTroveList:141 - nthBase must be written once: 0 gcCharArray construction has ended.
2015-03-23 16:43:40 INFO  ChromosomeBasedMappabilityTroveList:55 - CHROMOSOME15
2015-03-23 16:43:40 INFO  ChromosomeBasedMappabilityTroveList:78 - There is a situation! low: 20935075 high: 20894584
2015-03-23 16:43:40 INFO  ChromosomeBasedMappabilityTroveList:78 - There is a situation! low: 21885000 high: 21398770
2015-03-23 16:43:40 INFO  ChromosomeBasedMappabilityTroveList:78 - There is a situation! low: 22262114 high: 22212065
2015-03-23 16:43:40 INFO  ChromosomeBasedMappabilityTroveList:78 - There is a situation! low: 22646193 high: 22596144
2015-03-23 16:43:40 INFO  ChromosomeBasedMappabilityTroveList:78 - There is a situation! low: 23564853 high: 23514804
2015-03-23 16:43:40 INFO  ChromosomeBasedMappabilityTroveList:78 - There is a situation! low: 27591121 high: 27591118
2015-03-23 16:43:40 INFO  ChromosomeBasedMappabilityTroveList:78 - There is a situation! low: 29209443 high: 29159394
2015-03-23 16:43:41 INFO  ChromosomeBasedMappabilityTroveList:78 - There is a situation! low: 82879645 high: 82829596
2015-03-23 16:43:41 INFO  ChromosomeBasedMappabilityTroveList:78 - There is a situation! low: 85034473 high: 84984424
2015-03-23 16:43:41 INFO  ChromosomeBasedMappabilityTroveList:78 - There is a situation! low: 102521334 high: 102521293
2015-03-23 16:43:41 INFO  ChromosomeBasedMappabilityTroveList:105 - numberofGaps:10
2015-03-23 16:43:49 INFO  ChromosomeBasedGCTroveList:141 - nthBase must be written once: 0 gcCharArray construction has ended.
2015-03-23 16:43:50 INFO  ChromosomeBasedMappabilityTroveList:55 - CHROMOSOME16
2015-03-23 16:43:50 INFO  ChromosomeBasedMappabilityTroveList:78 - There is a situation! low: 8686921 high: 8636872
2015-03-23 16:43:50 INFO  ChromosomeBasedMappabilityTroveList:78 - There is a situation! low: 34173150 high: 34023101
2015-03-23 16:43:50 INFO  ChromosomeBasedMappabilityTroveList:78 - There is a situation! low: 46385801 high: 35285752
2015-03-23 16:43:50 INFO  ChromosomeBasedMappabilityTroveList:78 - There is a situation! low: 88439383 high: 88389334
2015-03-23 16:43:50 INFO  ChromosomeBasedMappabilityTroveList:105 - numberofGaps:4
2015-03-23 16:43:58 INFO  ChromosomeBasedGCTroveList:141 - nthBase must be written once: 0 gcCharArray construction has ended.
2015-03-23 16:43:59 INFO  ChromosomeBasedMappabilityTroveList:55 - CHROMOSOME17
2015-03-23 16:43:59 INFO  ChromosomeBasedMappabilityTroveList:78 - There is a situation! low: 396626 high: 296577
2015-03-23 16:43:59 INFO  ChromosomeBasedMappabilityTroveList:78 - There is a situation! low: 21666608 high: 21566559
2015-03-23 16:43:59 INFO  ChromosomeBasedMappabilityTroveList:78 - There is a situation! low: 25263006 high: 22262957
2015-03-23 16:43:59 INFO  ChromosomeBasedMappabilityTroveList:78 - There is a situation! low: 34725848 high: 34675799
2015-03-23 16:43:59 INFO  ChromosomeBasedMappabilityTroveList:78 - There is a situation! low: 62460760 high: 62410711
2015-03-23 16:43:59 INFO  ChromosomeBasedMappabilityTroveList:78 - There is a situation! low: 77596461 high: 77546412
2015-03-23 16:43:59 INFO  ChromosomeBasedMappabilityTroveList:78 - There is a situation! low: 79759049 high: 79709000
2015-03-23 16:43:59 INFO  ChromosomeBasedMappabilityTroveList:105 - numberofGaps:7
2015-03-23 16:44:08 INFO  ChromosomeBasedGCTroveList:141 - nthBase must be written once: 0 gcCharArray construction has ended.
2015-03-23 16:44:09 INFO  ChromosomeBasedMappabilityTroveList:55 - CHROMOSOME18
2015-03-23 16:44:09 INFO  ChromosomeBasedMappabilityTroveList:78 - There is a situation! low: 18510898 high: 15410849
2015-03-23 16:44:09 INFO  ChromosomeBasedMappabilityTroveList:78 - There is a situation! low: 52209136 high: 52059087
2015-03-23 16:44:09 INFO  ChromosomeBasedMappabilityTroveList:78 - There is a situation! low: 72333353 high: 72283304
2015-03-23 16:44:09 INFO  ChromosomeBasedMappabilityTroveList:78 - There is a situation! low: 75771820 high: 75721771
2015-03-23 16:44:09 INFO  ChromosomeBasedMappabilityTroveList:78 - There is a situation! low: 78013474 high: 78013413
2015-03-23 16:44:09 INFO  ChromosomeBasedMappabilityTroveList:105 - numberofGaps:5
2015-03-23 16:44:15 INFO  ChromosomeBasedGCTroveList:141 - nthBase must be written once: 0 gcCharArray construction has ended.
2015-03-23 16:44:15 INFO  ChromosomeBasedMappabilityTroveList:55 - CHROMOSOME19
2015-03-23 16:44:15 INFO  ChromosomeBasedMappabilityTroveList:78 - There is a situation! low: 7396004 high: 7345955
2015-03-23 16:44:15 INFO  ChromosomeBasedMappabilityTroveList:78 - There is a situation! low: 8687143 high: 8687099
2015-03-23 16:44:15 INFO  ChromosomeBasedMappabilityTroveList:78 - There is a situation! low: 8737198 high: 8687149
2015-03-23 16:44:15 INFO  ChromosomeBasedMappabilityTroveList:78 - There is a situation! low: 20573415 high: 20523366
2015-03-23 16:44:15 INFO  ChromosomeBasedMappabilityTroveList:78 - There is a situation! low: 24631712 high: 24631710
2015-03-23 16:44:15 INFO  ChromosomeBasedMappabilityTroveList:78 - There is a situation! low: 27731782 high: 24631733
2015-03-23 16:44:15 INFO  ChromosomeBasedMappabilityTroveList:105 - numberofGaps:6
2015-03-23 16:44:23 INFO  ChromosomeBasedGCTroveList:141 - nthBase must be written once: 0 gcCharArray construction has ended.
2015-03-23 16:44:23 INFO  ChromosomeBasedMappabilityTroveList:55 - CHROMOSOME20
2015-03-23 16:44:23 INFO  ChromosomeBasedMappabilityTroveList:78 - There is a situation! low: 29419569 high: 26319520
2015-03-23 16:44:23 INFO  ChromosomeBasedMappabilityTroveList:78 - There is a situation! low: 29803908 high: 29653859
2015-03-23 16:44:23 INFO  ChromosomeBasedMappabilityTroveList:78 - There is a situation! low: 34947085 high: 34897036
2015-03-23 16:44:23 INFO  ChromosomeBasedMappabilityTroveList:78 - There is a situation! low: 61141437 high: 61091388
2015-03-23 16:44:23 INFO  ChromosomeBasedMappabilityTroveList:78 - There is a situation! low: 61263369 high: 61213320
2015-03-23 16:44:23 INFO  ChromosomeBasedMappabilityTroveList:105 - numberofGaps:5
2015-03-23 16:44:28 INFO  ChromosomeBasedGCTroveList:141 - nthBase must be written once: 0 gcCharArray construction has ended.
2015-03-23 16:44:28 INFO  ChromosomeBasedMappabilityTroveList:55 - CHROMOSOME21
2015-03-23 16:44:28 INFO  ChromosomeBasedMappabilityTroveList:78 - There is a situation! low: 9645548 high: 9595499
2015-03-23 16:44:28 INFO  ChromosomeBasedMappabilityTroveList:78 - There is a situation! low: 9825437 high: 9775388
2015-03-23 16:44:28 INFO  ChromosomeBasedMappabilityTroveList:78 - There is a situation! low: 10084920 high: 10034871
2015-03-23 16:44:28 INFO  ChromosomeBasedMappabilityTroveList:78 - There is a situation! low: 10215889 high: 10215885
2015-03-23 16:44:28 INFO  ChromosomeBasedMappabilityTroveList:78 - There is a situation! low: 10215922 high: 10215918
2015-03-23 16:44:28 INFO  ChromosomeBasedMappabilityTroveList:78 - There is a situation! low: 10365976 high: 10215927
2015-03-23 16:44:28 INFO  ChromosomeBasedMappabilityTroveList:78 - There is a situation! low: 10697896 high: 10647847
2015-03-23 16:44:28 INFO  ChromosomeBasedMappabilityTroveList:78 - There is a situation! low: 14338129 high: 11188080
2015-03-23 16:44:28 INFO  ChromosomeBasedMappabilityTroveList:78 - There is a situation! low: 33157011 high: 33156989
2015-03-23 16:44:28 INFO  ChromosomeBasedMappabilityTroveList:78 - There is a situation! low: 33157055 high: 33157022
2015-03-23 16:44:28 INFO  ChromosomeBasedMappabilityTroveList:78 - There is a situation! low: 33157298 high: 33157280
2015-03-23 16:44:28 INFO  ChromosomeBasedMappabilityTroveList:78 - There is a situation! low: 33157331 high: 33157330
2015-03-23 16:44:28 INFO  ChromosomeBasedMappabilityTroveList:78 - There is a situation! low: 43005559 high: 42955510
2015-03-23 16:44:28 INFO  ChromosomeBasedMappabilityTroveList:78 - There is a situation! low: 43227328 high: 43226779
2015-03-23 16:44:28 INFO  ChromosomeBasedMappabilityTroveList:78 - There is a situation! low: 43250842 high: 43249293
2015-03-23 16:44:28 INFO  ChromosomeBasedMappabilityTroveList:78 - There is a situation! low: 44682664 high: 44632615
2015-03-23 16:44:28 INFO  ChromosomeBasedMappabilityTroveList:78 - There is a situation! low: 48119836 high: 48119796
2015-03-23 16:44:28 INFO  ChromosomeBasedMappabilityTroveList:105 - numberofGaps:17
2015-03-23 16:44:33 INFO  ChromosomeBasedGCTroveList:141 - nthBase must be written once: 0 gcCharArray construction has ended.
2015-03-23 16:44:33 INFO  ChromosomeBasedMappabilityTroveList:55 - CHROMOSOME22
2015-03-23 16:44:33 INFO  ChromosomeBasedMappabilityTroveList:78 - There is a situation! low: 16847850 high: 16697801
2015-03-23 16:44:33 INFO  ChromosomeBasedMappabilityTroveList:78 - There is a situation! low: 19178069 high: 19178049
2015-03-23 16:44:33 INFO  ChromosomeBasedMappabilityTroveList:78 - There is a situation! low: 19178102 high: 19178082
2015-03-23 16:44:33 INFO  ChromosomeBasedMappabilityTroveList:78 - There is a situation! low: 19178252 high: 19178231
2015-03-23 16:44:33 INFO  ChromosomeBasedMappabilityTroveList:78 - There is a situation! low: 19178269 high: 19178255
2015-03-23 16:44:33 INFO  ChromosomeBasedMappabilityTroveList:78 - There is a situation! low: 19178286 high: 19178282
2015-03-23 16:44:33 INFO  ChromosomeBasedMappabilityTroveList:78 - There is a situation! low: 19178303 high: 19178288
2015-03-23 16:44:33 INFO  ChromosomeBasedMappabilityTroveList:78 - There is a situation! low: 19178315 high: 19178308
2015-03-23 16:44:33 INFO  ChromosomeBasedMappabilityTroveList:78 - There is a situation! low: 19179519 high: 19179506
2015-03-23 16:44:33 INFO  ChromosomeBasedMappabilityTroveList:78 - There is a situation! low: 19193827 high: 19193826
2015-03-23 16:44:33 INFO  ChromosomeBasedMappabilityTroveList:78 - There is a situation! low: 19193900 high: 19193879
2015-03-23 16:44:33 INFO  ChromosomeBasedMappabilityTroveList:78 - There is a situation! low: 19193926 high: 19193912
2015-03-23 16:44:33 INFO  ChromosomeBasedMappabilityTroveList:78 - There is a situation! low: 19205301 high: 19205297
2015-03-23 16:44:33 INFO  ChromosomeBasedMappabilityTroveList:78 - There is a situation! low: 19205368 high: 19205364
2015-03-23 16:44:33 INFO  ChromosomeBasedMappabilityTroveList:78 - There is a situation! low: 20609431 high: 20509382
2015-03-23 16:44:34 INFO  ChromosomeBasedMappabilityTroveList:78 - There is a situation! low: 50414777 high: 50364728
2015-03-23 16:44:34 INFO  ChromosomeBasedMappabilityTroveList:105 - numberofGaps:16
2015-03-23 16:44:47 INFO  ChromosomeBasedGCTroveList:141 - nthBase must be written once: 0 gcCharArray construction has ended.
2015-03-23 16:44:47 INFO  ChromosomeBasedMappabilityTroveList:55 - CHROMOSOMEX
2015-03-23 16:44:47 INFO  ChromosomeBasedMappabilityTroveList:78 - There is a situation! low: 94756 high: 94740
2015-03-23 16:44:47 INFO  ChromosomeBasedMappabilityTroveList:78 - There is a situation! low: 144821 high: 94772
2015-03-23 16:44:47 INFO  ChromosomeBasedMappabilityTroveList:78 - There is a situation! low: 231305 high: 231296
2015-03-23 16:44:47 INFO  ChromosomeBasedMappabilityTroveList:78 - There is a situation! low: 231317 high: 231314
2015-03-23 16:44:47 INFO  ChromosomeBasedMappabilityTroveList:78 - There is a situation! low: 281384 high: 231329
2015-03-23 16:44:47 INFO  ChromosomeBasedMappabilityTroveList:78 - There is a situation! low: 1097557 high: 1047508
2015-03-23 16:44:47 INFO  ChromosomeBasedMappabilityTroveList:78 - There is a situation! low: 1184113 high: 1134064
2015-03-23 16:44:47 INFO  ChromosomeBasedMappabilityTroveList:78 - There is a situation! low: 1264161 high: 1264135
2015-03-23 16:44:47 INFO  ChromosomeBasedMappabilityTroveList:78 - There is a situation! low: 1264169 high: 1264164
2015-03-23 16:44:47 INFO  ChromosomeBasedMappabilityTroveList:78 - There is a situation! low: 1314234 high: 1264180
2015-03-23 16:44:47 INFO  ChromosomeBasedMappabilityTroveList:78 - There is a situation! low: 2118238 high: 2068189
2015-03-23 16:44:47 INFO  ChromosomeBasedMappabilityTroveList:78 - There is a situation! low: 7673882 high: 7623833
2015-03-23 16:44:47 INFO  ChromosomeBasedMappabilityTroveList:78 - There is a situation! low: 10788674 high: 10738625
2015-03-23 16:44:47 INFO  ChromosomeBasedMappabilityTroveList:78 - There is a situation! low: 37148256 high: 37098207
2015-03-23 16:44:48 INFO  ChromosomeBasedMappabilityTroveList:78 - There is a situation! low: 49292997 high: 49242948
2015-03-23 16:44:48 INFO  ChromosomeBasedMappabilityTroveList:78 - There is a situation! low: 49974118 high: 49974074
2015-03-23 16:44:48 INFO  ChromosomeBasedMappabilityTroveList:78 - There is a situation! low: 50024173 high: 49974124
2015-03-23 16:44:48 INFO  ChromosomeBasedMappabilityTroveList:78 - There is a situation! low: 52445914 high: 52395865
2015-03-23 16:44:48 INFO  ChromosomeBasedMappabilityTroveList:78 - There is a situation! low: 61682012 high: 58581963
2015-03-23 16:44:48 INFO  ChromosomeBasedMappabilityTroveList:78 - There is a situation! low: 76703692 high: 76653643
2015-03-23 16:44:48 INFO  ChromosomeBasedMappabilityTroveList:78 - There is a situation! low: 113567668 high: 113517619
2015-03-23 16:44:48 INFO  ChromosomeBasedMappabilityTroveList:78 - There is a situation! low: 115732290 high: 115682241
2015-03-23 16:44:48 INFO  ChromosomeBasedMappabilityTroveList:78 - There is a situation! low: 120063235 high: 120013186
2015-03-23 16:44:48 INFO  ChromosomeBasedMappabilityTroveList:78 - There is a situation! low: 143557324 high: 143507275
2015-03-23 16:44:48 INFO  ChromosomeBasedMappabilityTroveList:78 - There is a situation! low: 148906359 high: 148906354
2015-03-23 16:44:48 INFO  ChromosomeBasedMappabilityTroveList:78 - There is a situation! low: 148956424 high: 148906375
2015-03-23 16:44:48 INFO  ChromosomeBasedMappabilityTroveList:78 - There is a situation! low: 149031978 high: 149031964
2015-03-23 16:44:48 INFO  ChromosomeBasedMappabilityTroveList:78 - There is a situation! low: 149031990 high: 149031984
2015-03-23 16:44:48 INFO  ChromosomeBasedMappabilityTroveList:78 - There is a situation! low: 149032011 high: 149031997
2015-03-23 16:44:48 INFO  ChromosomeBasedMappabilityTroveList:78 - There is a situation! low: 149082062 high: 149032013
2015-03-23 16:44:48 INFO  ChromosomeBasedMappabilityTroveList:78 - There is a situation! low: 152327099 high: 152277050
2015-03-23 16:44:48 INFO  ChromosomeBasedMappabilityTroveList:105 - numberofGaps:31
