2015-02-16 17:46:57 INFO  GlanetRunner:237 - C:\Users\Burçak\Google Drive\Data\demo_input_data\CVD_Mediation_0Based_Start_End_GRCh37_p13_coordinates.txt\
2015-02-16 17:46:57 INFO  GlanetRunner:237 - GRCh37.p13
2015-02-16 17:46:57 INFO  GlanetRunner:237 - C:\Users\Burçak\Google Drive\
2015-02-16 17:46:57 INFO  GlanetRunner:237 - 0-based coordinates (End Inclusive)
2015-02-16 17:46:57 INFO  GlanetRunner:237 - 1
2015-02-16 17:46:57 INFO  GlanetRunner:237 - DO_NOT_ENRICH
2015-02-16 17:46:57 INFO  GlanetRunner:237 - With GC and Mappability
2015-02-16 17:46:57 INFO  GlanetRunner:237 - Benjamini Hochberg FDR
2015-02-16 17:46:57 INFO  GlanetRunner:237 - 0.05
2015-02-16 17:46:57 INFO  GlanetRunner:237 - 0.05
2015-02-16 17:46:57 INFO  GlanetRunner:237 - 10000
2015-02-16 17:46:57 INFO  GlanetRunner:237 - DO_NOT_DNASE_ENRICHMENT
2015-02-16 17:46:57 INFO  GlanetRunner:237 - DO_NOT_HISTONE_ENRICHMENT
2015-02-16 17:46:57 INFO  GlanetRunner:237 - DO_TF_ENRICHMENT
2015-02-16 17:46:57 INFO  GlanetRunner:237 - DO_NOT_KEGGPATHWAY_ENRICHMENT
2015-02-16 17:46:57 INFO  GlanetRunner:237 - DO_NOT_TF_KEGGPATHWAY_ENRICHMENT
2015-02-16 17:46:57 INFO  GlanetRunner:237 - DO_NOT_TF_CELLLINE_KEGGPATHWAY_ENRICHMENT
2015-02-16 17:46:57 INFO  GlanetRunner:237 - DO_NOT_REGULATORY_SEQUENCE_ANALYSIS_USING_RSAT
2015-02-16 17:46:57 INFO  GlanetRunner:237 - test
2015-02-16 17:46:57 INFO  GlanetRunner:237 - DO_NOT_WRITE_GENERATED_RANDOM_DATA
2015-02-16 17:46:57 INFO  GlanetRunner:237 - DO_NOT_WRITE_PERMUTATION_BASED_AND_PARAMETRIC_BASED_ANNOTATION_RESULT
2015-02-16 17:46:57 INFO  GlanetRunner:237 - DO_NOT_WRITE_PERMUTATION_BASED_ANNOTATION_RESULT
2015-02-16 17:46:57 INFO  GlanetRunner:237 - 5000
2015-02-16 17:46:57 INFO  GlanetRunner:237 - DO_NOT_USER_DEFINED_GENESET_ENRICHMENT
2015-02-16 17:46:57 INFO  GlanetRunner:237 - 
2015-02-16 17:46:57 INFO  GlanetRunner:237 - GENE SYMBOL
2015-02-16 17:46:57 INFO  GlanetRunner:237 - NoName
2015-02-16 17:46:57 INFO  GlanetRunner:237 - NO_OPTIONAL_USERDEFINEDGENESET_DESCRIPTION_FILE_PROVIDED
2015-02-16 17:46:57 INFO  GlanetRunner:237 - DO_NOT_USER_DEFINED_LIBRARY_ENRICHMENT
2015-02-16 17:46:57 INFO  GlanetRunner:237 - 
2015-02-16 17:46:57 INFO  GlanetRunner:237 - 0-based coordinates (End Exclusive)
2015-02-16 17:46:57 INFO  GlanetRunner:237 - GIVEN_INPUT_DATA_CONSISTS_OF_SNPS
