2015-04-03 13:07:34 INFO  InputDataRemoveOverlaps:319 - *****************************************************************
2015-04-03 13:07:34 INFO  InputDataRemoveOverlaps:320 - GLANET Parameters starts
2015-04-03 13:07:34 INFO  InputDataRemoveOverlaps:324 - C:\Users\Burçak\Google Drive\Data\demo_input_data\UmutToprak_eDMRs2_05.bed\
2015-04-03 13:07:34 INFO  InputDataRemoveOverlaps:324 - GRCh37.p13
2015-04-03 13:07:34 INFO  InputDataRemoveOverlaps:324 - C:\Users\Burçak\Google Drive\
2015-04-03 13:07:34 INFO  InputDataRemoveOverlaps:324 - BED
2015-04-03 13:07:34 INFO  InputDataRemoveOverlaps:324 - 1
2015-04-03 13:07:34 INFO  InputDataRemoveOverlaps:324 - DO_ENRICH
2015-04-03 13:07:34 INFO  InputDataRemoveOverlaps:324 - With GC and Mappability
2015-04-03 13:07:34 INFO  InputDataRemoveOverlaps:324 - Benjamini Hochberg FDR
2015-04-03 13:07:34 INFO  InputDataRemoveOverlaps:324 - 0.05
2015-04-03 13:07:34 INFO  InputDataRemoveOverlaps:324 - 0.05
2015-04-03 13:07:34 INFO  InputDataRemoveOverlaps:324 - 10000
2015-04-03 13:07:34 INFO  InputDataRemoveOverlaps:324 - DO_DNASE_ANNOTATION
2015-04-03 13:07:34 INFO  InputDataRemoveOverlaps:324 - DO_HISTONE_ANNOTATION
2015-04-03 13:07:34 INFO  InputDataRemoveOverlaps:324 - DO_TF_ANNOTATION
2015-04-03 13:07:34 INFO  InputDataRemoveOverlaps:324 - DO_GENE_ANNOTATION
2015-04-03 13:07:34 INFO  InputDataRemoveOverlaps:324 - DO_NOT_KEGGPATHWAY_ANNOTATION
2015-04-03 13:07:34 INFO  InputDataRemoveOverlaps:324 - DO_NOT_TF_KEGGPATHWAY_ANNOTATION
2015-04-03 13:07:34 INFO  InputDataRemoveOverlaps:324 - DO_NOT_TF_CELLLINE_KEGGPATHWAY_ANNOTATION
2015-04-03 13:07:34 INFO  InputDataRemoveOverlaps:324 - DO_NOT_REGULATORY_SEQUENCE_ANALYSIS_USING_RSAT
2015-04-03 13:07:34 INFO  InputDataRemoveOverlaps:324 - testUMUTMapabilityShortList
2015-04-03 13:07:34 INFO  InputDataRemoveOverlaps:324 - DO_NOT_WRITE_ELEMENT_BASED_ANNOTATION_FOUND_OVERLAPS
2015-04-03 13:07:34 INFO  InputDataRemoveOverlaps:324 - DO_NOT_WRITE_ANNOTATION_BINARY_MATRIX
2015-04-03 13:07:34 INFO  InputDataRemoveOverlaps:324 - DO_NOT_WRITE_GENERATED_RANDOM_DATA
2015-04-03 13:07:34 INFO  InputDataRemoveOverlaps:324 - DO_NOT_WRITE_PERMUTATION_BASED_AND_PARAMETRIC_BASED_ANNOTATION_RESULT
2015-04-03 13:07:34 INFO  InputDataRemoveOverlaps:324 - DO_NOT_WRITE_PERMUTATION_BASED_ANNOTATION_RESULT
2015-04-03 13:07:34 INFO  InputDataRemoveOverlaps:324 - 10000
2015-04-03 13:07:34 INFO  InputDataRemoveOverlaps:324 - DO_NOT_USER_DEFINED_GENESET_ANNOTATION
2015-04-03 13:07:34 INFO  InputDataRemoveOverlaps:324 - 
2015-04-03 13:07:34 INFO  InputDataRemoveOverlaps:324 - GENE SYMBOL
2015-04-03 13:07:34 INFO  InputDataRemoveOverlaps:324 - NoName
2015-04-03 13:07:34 INFO  InputDataRemoveOverlaps:324 - NO_OPTIONAL_USERDEFINEDGENESET_DESCRIPTION_FILE_PROVIDED
2015-04-03 13:07:34 INFO  InputDataRemoveOverlaps:324 - DO_NOT_USER_DEFINED_LIBRARY_ANNOTATION
2015-04-03 13:07:34 INFO  InputDataRemoveOverlaps:324 - 
2015-04-03 13:07:34 INFO  InputDataRemoveOverlaps:324 - 0-based coordinates (End Exclusive)
2015-04-03 13:07:34 INFO  InputDataRemoveOverlaps:324 - GIVEN_INPUT_DATA_CONSISTS_OF_MIXED_LENGTH_INTERVALS
2015-04-03 13:07:34 INFO  InputDataRemoveOverlaps:327 - GLANET Parameters ends
2015-04-03 13:07:34 INFO  InputDataRemoveOverlaps:328 - *****************************************************************
2015-04-03 13:07:34 INFO  Annotation:7116 - Memory Used Before Annotation	737	MBs
2015-04-03 13:08:30 INFO  Annotation:8263 - Memory Used After Annotation	90	MBs
2015-04-03 13:08:30 INFO  Enrichment:2949 - Memory Used Before Enrichment	90	MBs
2015-04-03 13:08:30 INFO  Enrichment:2850 - Java runtime max memory: 7851	MBs
2015-04-03 13:08:30 INFO  Enrichment:2851 - Java runtime total memory: 7851	MBs
2015-04-03 13:08:30 INFO  Enrichment:2852 - Java runtime free memory: 7740	MBs
2015-04-03 13:08:30 INFO  Enrichment:2853 - Java runtime available processors: 8
2015-04-03 13:08:37 INFO  ChromosomeBasedGCTroveList:132 - nthBase must be written once: 0 GCByteList construction has ended.
2015-04-03 13:08:37 INFO  ChromosomeBasedMappabilityTroveList:62 - CHROMOSOME1
2015-04-03 13:08:37 INFO  ChromosomeBasedMappabilityTroveList:84 - There is a gap in the given mapability file! next low: 227417 previous high: 177368
2015-04-03 13:08:37 INFO  ChromosomeBasedMappabilityTroveList:84 - There is a gap in the given mapability file! next low: 267628 previous high: 267627
2015-04-03 13:08:37 INFO  ChromosomeBasedMappabilityTroveList:84 - There is a gap in the given mapability file! next low: 267642 previous high: 267633
2015-04-03 13:08:37 INFO  ChromosomeBasedMappabilityTroveList:84 - There is a gap in the given mapability file! next low: 267661 previous high: 267660
2015-04-03 13:08:37 INFO  ChromosomeBasedMappabilityTroveList:84 - There is a gap in the given mapability file! next low: 317719 previous high: 267670
2015-04-03 13:08:37 INFO  ChromosomeBasedMappabilityTroveList:84 - There is a gap in the given mapability file! next low: 521368 previous high: 471319
2015-04-03 13:08:37 INFO  ChromosomeBasedMappabilityTroveList:84 - There is a gap in the given mapability file! next low: 2634131 previous high: 2634121
2015-04-03 13:08:37 INFO  ChromosomeBasedMappabilityTroveList:84 - There is a gap in the given mapability file! next low: 2684220 previous high: 2634171
2015-04-03 13:08:37 INFO  ChromosomeBasedMappabilityTroveList:84 - There is a gap in the given mapability file! next low: 3995268 previous high: 3845219
2015-04-03 13:08:37 INFO  ChromosomeBasedMappabilityTroveList:84 - There is a gap in the given mapability file! next low: 13102998 previous high: 13052949
2015-04-03 13:08:37 INFO  ChromosomeBasedMappabilityTroveList:84 - There is a gap in the given mapability file! next low: 13319912 previous high: 13219863
2015-04-03 13:08:37 INFO  ChromosomeBasedMappabilityTroveList:84 - There is a gap in the given mapability file! next low: 13557092 previous high: 13557063
2015-04-03 13:08:37 INFO  ChromosomeBasedMappabilityTroveList:84 - There is a gap in the given mapability file! next low: 13607162 previous high: 13557095
2015-04-03 13:08:37 INFO  ChromosomeBasedMappabilityTroveList:84 - There is a gap in the given mapability file! next low: 17175658 previous high: 17125609
2015-04-03 13:08:37 INFO  ChromosomeBasedMappabilityTroveList:84 - There is a gap in the given mapability file! next low: 30028082 previous high: 29878033
2015-04-03 13:08:37 INFO  ChromosomeBasedMappabilityTroveList:84 - There is a gap in the given mapability file! next low: 103913906 previous high: 103863857
2015-04-03 13:08:37 INFO  ChromosomeBasedMappabilityTroveList:84 - There is a gap in the given mapability file! next low: 120747156 previous high: 120697107
2015-04-03 13:08:37 INFO  ChromosomeBasedMappabilityTroveList:84 - There is a gap in the given mapability file! next low: 121086695 previous high: 120936646
2015-04-03 13:08:37 INFO  ChromosomeBasedMappabilityTroveList:84 - There is a gap in the given mapability file! next low: 142535434 previous high: 121485385
2015-04-03 13:08:37 INFO  ChromosomeBasedMappabilityTroveList:84 - There is a gap in the given mapability file! next low: 142781022 previous high: 142730973
2015-04-03 13:08:37 INFO  ChromosomeBasedMappabilityTroveList:84 - There is a gap in the given mapability file! next low: 143117761 previous high: 142967712
2015-04-03 13:08:37 INFO  ChromosomeBasedMappabilityTroveList:84 - There is a gap in the given mapability file! next low: 143342816 previous high: 143292767
2015-04-03 13:08:37 INFO  ChromosomeBasedMappabilityTroveList:84 - There is a gap in the given mapability file! next low: 143644525 previous high: 143544476
2015-04-03 13:08:37 INFO  ChromosomeBasedMappabilityTroveList:84 - There is a gap in the given mapability file! next low: 143871002 previous high: 143770953
2015-04-03 13:08:37 INFO  ChromosomeBasedMappabilityTroveList:84 - There is a gap in the given mapability file! next low: 144145783 previous high: 144095734
2015-04-03 13:08:37 INFO  ChromosomeBasedMappabilityTroveList:84 - There is a gap in the given mapability file! next low: 144274481 previous high: 144224432
2015-04-03 13:08:37 INFO  ChromosomeBasedMappabilityTroveList:84 - There is a gap in the given mapability file! next low: 144451744 previous high: 144401695
2015-04-03 13:08:37 INFO  ChromosomeBasedMappabilityTroveList:84 - There is a gap in the given mapability file! next low: 144672413 previous high: 144622364
2015-04-03 13:08:37 INFO  ChromosomeBasedMappabilityTroveList:84 - There is a gap in the given mapability file! next low: 144810724 previous high: 144710675
2015-04-03 13:08:37 INFO  ChromosomeBasedMappabilityTroveList:84 - There is a gap in the given mapability file! next low: 145883118 previous high: 145833069
2015-04-03 13:08:37 INFO  ChromosomeBasedMappabilityTroveList:84 - There is a gap in the given mapability file! next low: 146214650 previous high: 146164601
2015-04-03 13:08:37 INFO  ChromosomeBasedMappabilityTroveList:84 - There is a gap in the given mapability file! next low: 146303299 previous high: 146253250
2015-04-03 13:08:37 INFO  ChromosomeBasedMappabilityTroveList:84 - There is a gap in the given mapability file! next low: 148176038 previous high: 148025989
2015-04-03 13:08:37 INFO  ChromosomeBasedMappabilityTroveList:84 - There is a gap in the given mapability file! next low: 148511358 previous high: 148361309
2015-04-03 13:08:37 INFO  ChromosomeBasedMappabilityTroveList:84 - There is a gap in the given mapability file! next low: 148734147 previous high: 148684098
2015-04-03 13:08:37 INFO  ChromosomeBasedMappabilityTroveList:84 - There is a gap in the given mapability file! next low: 149004460 previous high: 148954411
2015-04-03 13:08:37 INFO  ChromosomeBasedMappabilityTroveList:84 - There is a gap in the given mapability file! next low: 149509645 previous high: 149459596
2015-04-03 13:08:37 INFO  ChromosomeBasedMappabilityTroveList:84 - There is a gap in the given mapability file! next low: 206072707 previous high: 205922658
2015-04-03 13:08:37 INFO  ChromosomeBasedMappabilityTroveList:84 - There is a gap in the given mapability file! next low: 206482221 previous high: 206332172
2015-04-03 13:08:37 INFO  ChromosomeBasedMappabilityTroveList:84 - There is a gap in the given mapability file! next low: 223797846 previous high: 223747797
2015-04-03 13:08:37 INFO  ChromosomeBasedMappabilityTroveList:84 - There is a gap in the given mapability file! next low: 235242211 previous high: 235192162
2015-04-03 13:08:37 INFO  ChromosomeBasedMappabilityTroveList:84 - There is a gap in the given mapability file! next low: 249058210 previous high: 248908161
2015-04-03 13:08:37 INFO  ChromosomeBasedMappabilityTroveList:84 - There is a gap in the given mapability file! next low: 249240540 previous high: 249240522
2015-04-03 13:08:37 INFO  ChromosomeBasedMappabilityTroveList:117 - numberofGaps:43
2015-04-03 13:09:48 INFO  Enrichment:1952 - averageNumberofTrialsForAllPermutation	251.15701
2015-04-03 13:10:11 INFO  ChromosomeBasedGCTroveList:132 - nthBase must be written once: 0 GCByteList construction has ended.
2015-04-03 13:10:11 INFO  ChromosomeBasedMappabilityTroveList:62 - CHROMOSOME2
2015-04-03 13:10:11 INFO  ChromosomeBasedMappabilityTroveList:84 - There is a gap in the given mapability file! next low: 3579312 previous high: 3529263
2015-04-03 13:10:11 INFO  ChromosomeBasedMappabilityTroveList:84 - There is a gap in the given mapability file! next low: 5118788 previous high: 5018739
2015-04-03 13:10:11 INFO  ChromosomeBasedMappabilityTroveList:84 - There is a gap in the given mapability file! next low: 16329724 previous high: 16279675
2015-04-03 13:10:11 INFO  ChromosomeBasedMappabilityTroveList:84 - There is a gap in the given mapability file! next low: 21178113 previous high: 21153064
2015-04-03 13:10:11 INFO  ChromosomeBasedMappabilityTroveList:84 - There is a gap in the given mapability file! next low: 31726790 previous high: 31725890
2015-04-03 13:10:11 INFO  ChromosomeBasedMappabilityTroveList:84 - There is a gap in the given mapability file! next low: 31816830 previous high: 31816817
2015-04-03 13:10:11 INFO  ChromosomeBasedMappabilityTroveList:84 - There is a gap in the given mapability file! next low: 31816859 previous high: 31816850
2015-04-03 13:10:11 INFO  ChromosomeBasedMappabilityTroveList:84 - There is a gap in the given mapability file! next low: 33092110 previous high: 33092105
2015-04-03 13:10:11 INFO  ChromosomeBasedMappabilityTroveList:84 - There is a gap in the given mapability file! next low: 33092130 previous high: 33092126
2015-04-03 13:10:11 INFO  ChromosomeBasedMappabilityTroveList:84 - There is a gap in the given mapability file! next low: 33093197 previous high: 33092148
2015-04-03 13:10:11 INFO  ChromosomeBasedMappabilityTroveList:84 - There is a gap in the given mapability file! next low: 33142692 previous high: 33141643
2015-04-03 13:10:11 INFO  ChromosomeBasedMappabilityTroveList:84 - There is a gap in the given mapability file! next low: 87718206 previous high: 87668157
2015-04-03 13:10:11 INFO  ChromosomeBasedMappabilityTroveList:84 - There is a gap in the given mapability file! next low: 89830436 previous high: 89630387
2015-04-03 13:10:11 INFO  ChromosomeBasedMappabilityTroveList:84 - There is a gap in the given mapability file! next low: 90371525 previous high: 90321476
2015-04-03 13:10:11 INFO  ChromosomeBasedMappabilityTroveList:84 - There is a gap in the given mapability file! next low: 91595103 previous high: 90545054
2015-04-03 13:10:11 INFO  ChromosomeBasedMappabilityTroveList:84 - There is a gap in the given mapability file! next low: 95326171 previous high: 92326122
2015-04-03 13:10:11 INFO  ChromosomeBasedMappabilityTroveList:84 - There is a gap in the given mapability file! next low: 110251337 previous high: 110109288
2015-04-03 13:10:11 INFO  ChromosomeBasedMappabilityTroveList:84 - There is a gap in the given mapability file! next low: 149790582 previous high: 149690533
2015-04-03 13:10:12 INFO  ChromosomeBasedMappabilityTroveList:84 - There is a gap in the given mapability file! next low: 234003644 previous high: 234003642
2015-04-03 13:10:12 INFO  ChromosomeBasedMappabilityTroveList:84 - There is a gap in the given mapability file! next low: 234003657 previous high: 234003654
2015-04-03 13:10:12 INFO  ChromosomeBasedMappabilityTroveList:84 - There is a gap in the given mapability file! next low: 234003677 previous high: 234003667
2015-04-03 13:10:12 INFO  ChromosomeBasedMappabilityTroveList:84 - There is a gap in the given mapability file! next low: 234003690 previous high: 234003688
2015-04-03 13:10:12 INFO  ChromosomeBasedMappabilityTroveList:84 - There is a gap in the given mapability file! next low: 234053741 previous high: 234003692
2015-04-03 13:10:12 INFO  ChromosomeBasedMappabilityTroveList:84 - There is a gap in the given mapability file! next low: 239831978 previous high: 239801929
2015-04-03 13:10:12 INFO  ChromosomeBasedMappabilityTroveList:84 - There is a gap in the given mapability file! next low: 240809132 previous high: 240784083
2015-04-03 13:10:12 INFO  ChromosomeBasedMappabilityTroveList:84 - There is a gap in the given mapability file! next low: 243152476 previous high: 243102427
2015-04-03 13:10:12 INFO  ChromosomeBasedMappabilityTroveList:117 - numberofGaps:26
2015-04-03 13:11:21 INFO  Enrichment:1952 - averageNumberofTrialsForAllPermutation	289.7377
2015-04-03 13:11:39 INFO  ChromosomeBasedGCTroveList:132 - nthBase must be written once: 0 GCByteList construction has ended.
2015-04-03 13:11:39 INFO  ChromosomeBasedMappabilityTroveList:62 - CHROMOSOME3
2015-04-03 13:11:39 INFO  ChromosomeBasedMappabilityTroveList:84 - There is a gap in the given mapability file! next low: 60104757 previous high: 60104747
2015-04-03 13:11:39 INFO  ChromosomeBasedMappabilityTroveList:84 - There is a gap in the given mapability file! next low: 60104761 previous high: 60104759
2015-04-03 13:11:39 INFO  ChromosomeBasedMappabilityTroveList:84 - There is a gap in the given mapability file! next low: 60190035 previous high: 60190034
2015-04-03 13:11:39 INFO  ChromosomeBasedMappabilityTroveList:84 - There is a gap in the given mapability file! next low: 66270270 previous high: 66170221
2015-04-03 13:11:39 INFO  ChromosomeBasedMappabilityTroveList:84 - There is a gap in the given mapability file! next low: 90504788 previous high: 90504780
2015-04-03 13:11:39 INFO  ChromosomeBasedMappabilityTroveList:84 - There is a gap in the given mapability file! next low: 93504854 previous high: 90504805
2015-04-03 13:11:39 INFO  ChromosomeBasedMappabilityTroveList:84 - There is a gap in the given mapability file! next low: 194047251 previous high: 194041912
2015-04-03 13:11:39 INFO  ChromosomeBasedMappabilityTroveList:117 - numberofGaps:7
2015-04-03 13:12:36 INFO  Enrichment:1952 - averageNumberofTrialsForAllPermutation	214.11452
2015-04-03 13:12:51 INFO  ChromosomeBasedGCTroveList:132 - nthBase must be written once: 0 GCByteList construction has ended.
2015-04-03 13:12:51 INFO  ChromosomeBasedMappabilityTroveList:62 - CHROMOSOME4
2015-04-03 13:12:51 INFO  ChromosomeBasedMappabilityTroveList:84 - There is a gap in the given mapability file! next low: 1478646 previous high: 1423097
2015-04-03 13:12:51 INFO  ChromosomeBasedMappabilityTroveList:84 - There is a gap in the given mapability file! next low: 8818203 previous high: 8799154
2015-04-03 13:12:51 INFO  ChromosomeBasedMappabilityTroveList:84 - There is a gap in the given mapability file! next low: 9324642 previous high: 9274593
2015-04-03 13:12:51 INFO  ChromosomeBasedMappabilityTroveList:84 - There is a gap in the given mapability file! next low: 31837417 previous high: 31820868
2015-04-03 13:12:51 INFO  ChromosomeBasedMappabilityTroveList:84 - There is a gap in the given mapability file! next low: 32840638 previous high: 32834589
2015-04-03 13:12:51 INFO  ChromosomeBasedMappabilityTroveList:84 - There is a gap in the given mapability file! next low: 40297096 previous high: 40296347
2015-04-03 13:12:52 INFO  ChromosomeBasedMappabilityTroveList:84 - There is a gap in the given mapability file! next low: 49488941 previous high: 49338892
2015-04-03 13:12:52 INFO  ChromosomeBasedMappabilityTroveList:84 - There is a gap in the given mapability file! next low: 49660027 previous high: 49660018
2015-04-03 13:12:52 INFO  ChromosomeBasedMappabilityTroveList:84 - There is a gap in the given mapability file! next low: 52660117 previous high: 49660068
2015-04-03 13:12:52 INFO  ChromosomeBasedMappabilityTroveList:84 - There is a gap in the given mapability file! next low: 59789333 previous high: 59739284
2015-04-03 13:12:52 INFO  ChromosomeBasedMappabilityTroveList:84 - There is a gap in the given mapability file! next low: 75427294 previous high: 75427293
2015-04-03 13:12:52 INFO  ChromosomeBasedMappabilityTroveList:84 - There is a gap in the given mapability file! next low: 75427301 previous high: 75427299
2015-04-03 13:12:52 INFO  ChromosomeBasedMappabilityTroveList:84 - There is a gap in the given mapability file! next low: 75427308 previous high: 75427306
2015-04-03 13:12:52 INFO  ChromosomeBasedMappabilityTroveList:84 - There is a gap in the given mapability file! next low: 75427327 previous high: 75427326
2015-04-03 13:12:52 INFO  ChromosomeBasedMappabilityTroveList:84 - There is a gap in the given mapability file! next low: 75452279 previous high: 75427330
2015-04-03 13:12:52 INFO  ChromosomeBasedMappabilityTroveList:84 - There is a gap in the given mapability file! next low: 191044199 previous high: 191044177
2015-04-03 13:12:52 INFO  ChromosomeBasedMappabilityTroveList:117 - numberofGaps:16
2015-04-03 13:13:54 INFO  Enrichment:1952 - averageNumberofTrialsForAllPermutation	307.3068
2015-04-03 13:14:07 INFO  ChromosomeBasedGCTroveList:132 - nthBase must be written once: 0 GCByteList construction has ended.
2015-04-03 13:14:07 INFO  ChromosomeBasedMappabilityTroveList:62 - CHROMOSOME5
2015-04-03 13:14:07 INFO  ChromosomeBasedMappabilityTroveList:84 - There is a gap in the given mapability file! next low: 17580657 previous high: 17530608
2015-04-03 13:14:08 INFO  ChromosomeBasedMappabilityTroveList:84 - There is a gap in the given mapability file! next low: 46405576 previous high: 46405575
2015-04-03 13:14:08 INFO  ChromosomeBasedMappabilityTroveList:84 - There is a gap in the given mapability file! next low: 49405641 previous high: 46405592
2015-04-03 13:14:08 INFO  ChromosomeBasedMappabilityTroveList:84 - There is a gap in the given mapability file! next low: 91686128 previous high: 91636079
2015-04-03 13:14:08 INFO  ChromosomeBasedMappabilityTroveList:84 - There is a gap in the given mapability file! next low: 138837073 previous high: 138787024
2015-04-03 13:14:08 INFO  ChromosomeBasedMappabilityTroveList:84 - There is a gap in the given mapability file! next low: 155138636 previous high: 155138630
2015-04-03 13:14:08 INFO  ChromosomeBasedMappabilityTroveList:84 - There is a gap in the given mapability file! next low: 155138639 previous high: 155138637
2015-04-03 13:14:08 INFO  ChromosomeBasedMappabilityTroveList:84 - There is a gap in the given mapability file! next low: 155138669 previous high: 155138667
2015-04-03 13:14:08 INFO  ChromosomeBasedMappabilityTroveList:84 - There is a gap in the given mapability file! next low: 155138672 previous high: 155138670
2015-04-03 13:14:08 INFO  ChromosomeBasedMappabilityTroveList:84 - There is a gap in the given mapability file! next low: 155188727 previous high: 155138678
2015-04-03 13:14:08 INFO  ChromosomeBasedMappabilityTroveList:117 - numberofGaps:10
2015-04-03 13:15:34 INFO  Enrichment:1952 - averageNumberofTrialsForAllPermutation	418.54263
2015-04-03 13:15:50 INFO  ChromosomeBasedGCTroveList:132 - nthBase must be written once: 0 GCByteList construction has ended.
2015-04-03 13:15:50 INFO  ChromosomeBasedMappabilityTroveList:62 - CHROMOSOME6
2015-04-03 13:15:50 INFO  ChromosomeBasedMappabilityTroveList:84 - There is a gap in the given mapability file! next low: 58137659 previous high: 58087610
2015-04-03 13:15:50 INFO  ChromosomeBasedMappabilityTroveList:84 - There is a gap in the given mapability file! next low: 61880166 previous high: 58780117
2015-04-03 13:15:50 INFO  ChromosomeBasedMappabilityTroveList:84 - There is a gap in the given mapability file! next low: 62128524 previous high: 62128515
2015-04-03 13:15:50 INFO  ChromosomeBasedMappabilityTroveList:84 - There is a gap in the given mapability file! next low: 62178589 previous high: 62128540
2015-04-03 13:15:50 INFO  ChromosomeBasedMappabilityTroveList:84 - There is a gap in the given mapability file! next low: 95830543 previous high: 95680494
2015-04-03 13:15:50 INFO  ChromosomeBasedMappabilityTroveList:84 - There is a gap in the given mapability file! next low: 157609467 previous high: 157559418
2015-04-03 13:15:50 INFO  ChromosomeBasedMappabilityTroveList:84 - There is a gap in the given mapability file! next low: 157691300 previous high: 157641251
2015-04-03 13:15:50 INFO  ChromosomeBasedMappabilityTroveList:84 - There is a gap in the given mapability file! next low: 168042073 previous high: 167942024
2015-04-03 13:15:50 INFO  ChromosomeBasedMappabilityTroveList:84 - There is a gap in the given mapability file! next low: 170329972 previous high: 170279923
2015-04-03 13:15:50 INFO  ChromosomeBasedMappabilityTroveList:117 - numberofGaps:9
2015-04-03 13:16:57 INFO  Enrichment:1952 - averageNumberofTrialsForAllPermutation	223.13449
2015-04-03 13:17:14 INFO  ChromosomeBasedGCTroveList:132 - nthBase must be written once: 0 GCByteList construction has ended.
2015-04-03 13:17:14 INFO  ChromosomeBasedMappabilityTroveList:62 - CHROMOSOME7
2015-04-03 13:17:14 INFO  ChromosomeBasedMappabilityTroveList:84 - There is a gap in the given mapability file! next low: 282484 previous high: 232435
2015-04-03 13:17:14 INFO  ChromosomeBasedMappabilityTroveList:84 - There is a gap in the given mapability file! next low: 50410631 previous high: 50370582
2015-04-03 13:17:14 INFO  ChromosomeBasedMappabilityTroveList:84 - There is a gap in the given mapability file! next low: 58054250 previous high: 58054232
2015-04-03 13:17:14 INFO  ChromosomeBasedMappabilityTroveList:84 - There is a gap in the given mapability file! next low: 61054331 previous high: 58054262
2015-04-03 13:17:14 INFO  ChromosomeBasedMappabilityTroveList:84 - There is a gap in the given mapability file! next low: 61360513 previous high: 61310464
2015-04-03 13:17:14 INFO  ChromosomeBasedMappabilityTroveList:84 - There is a gap in the given mapability file! next low: 61460381 previous high: 61460372
2015-04-03 13:17:14 INFO  ChromosomeBasedMappabilityTroveList:84 - There is a gap in the given mapability file! next low: 61510465 previous high: 61460416
2015-04-03 13:17:14 INFO  ChromosomeBasedMappabilityTroveList:84 - There is a gap in the given mapability file! next low: 61727020 previous high: 61676971
2015-04-03 13:17:14 INFO  ChromosomeBasedMappabilityTroveList:84 - There is a gap in the given mapability file! next low: 61967157 previous high: 61917108
2015-04-03 13:17:14 INFO  ChromosomeBasedMappabilityTroveList:84 - There is a gap in the given mapability file! next low: 74715650 previous high: 74715625
2015-04-03 13:17:14 INFO  ChromosomeBasedMappabilityTroveList:84 - There is a gap in the given mapability file! next low: 74715652 previous high: 74715651
2015-04-03 13:17:14 INFO  ChromosomeBasedMappabilityTroveList:84 - There is a gap in the given mapability file! next low: 74715659 previous high: 74715654
2015-04-03 13:17:14 INFO  ChromosomeBasedMappabilityTroveList:84 - There is a gap in the given mapability file! next low: 74765724 previous high: 74715675
2015-04-03 13:17:14 INFO  ChromosomeBasedMappabilityTroveList:84 - There is a gap in the given mapability file! next low: 100606043 previous high: 100555994
2015-04-03 13:17:14 INFO  ChromosomeBasedMappabilityTroveList:84 - There is a gap in the given mapability file! next low: 130254523 previous high: 130154474
2015-04-03 13:17:14 INFO  ChromosomeBasedMappabilityTroveList:84 - There is a gap in the given mapability file! next low: 139404377 previous high: 139379328
2015-04-03 13:17:14 INFO  ChromosomeBasedMappabilityTroveList:84 - There is a gap in the given mapability file! next low: 142098195 previous high: 142048146
2015-04-03 13:17:14 INFO  ChromosomeBasedMappabilityTroveList:84 - There is a gap in the given mapability file! next low: 142326197 previous high: 142276148
2015-04-03 13:17:14 INFO  ChromosomeBasedMappabilityTroveList:84 - There is a gap in the given mapability file! next low: 143397897 previous high: 143347848
2015-04-03 13:17:15 INFO  ChromosomeBasedMappabilityTroveList:84 - There is a gap in the given mapability file! next low: 154370634 previous high: 154270585
2015-04-03 13:17:15 INFO  ChromosomeBasedMappabilityTroveList:84 - There is a gap in the given mapability file! next low: 159128608 previous high: 159128564
2015-04-03 13:17:15 INFO  ChromosomeBasedMappabilityTroveList:117 - numberofGaps:21
2015-04-03 13:18:59 INFO  Enrichment:1952 - averageNumberofTrialsForAllPermutation	317.08594
2015-04-03 13:19:15 INFO  ChromosomeBasedGCTroveList:132 - nthBase must be written once: 0 GCByteList construction has ended.
2015-04-03 13:19:15 INFO  ChromosomeBasedMappabilityTroveList:62 - CHROMOSOME8
2015-04-03 13:19:15 INFO  ChromosomeBasedMappabilityTroveList:84 - There is a gap in the given mapability file! next low: 7524649 previous high: 7474600
2015-04-03 13:19:15 INFO  ChromosomeBasedMappabilityTroveList:84 - There is a gap in the given mapability file! next low: 12141854 previous high: 12091805
2015-04-03 13:19:15 INFO  ChromosomeBasedMappabilityTroveList:84 - There is a gap in the given mapability file! next low: 46838887 previous high: 43838838
2015-04-03 13:19:15 INFO  ChromosomeBasedMappabilityTroveList:84 - There is a gap in the given mapability file! next low: 48135599 previous high: 48130450
2015-04-03 13:19:15 INFO  ChromosomeBasedMappabilityTroveList:84 - There is a gap in the given mapability file! next low: 86726451 previous high: 86576402
2015-04-03 13:19:16 INFO  ChromosomeBasedMappabilityTroveList:84 - There is a gap in the given mapability file! next low: 142816515 previous high: 142766466
2015-04-03 13:19:16 INFO  ChromosomeBasedMappabilityTroveList:84 - There is a gap in the given mapability file! next low: 145432588 previous high: 145332539
2015-04-03 13:19:16 INFO  ChromosomeBasedMappabilityTroveList:117 - numberofGaps:7
2015-04-03 13:20:07 INFO  Enrichment:1952 - averageNumberofTrialsForAllPermutation	254.20406
2015-04-03 13:20:21 INFO  ChromosomeBasedGCTroveList:132 - nthBase must be written once: 0 GCByteList construction has ended.
2015-04-03 13:20:21 INFO  ChromosomeBasedMappabilityTroveList:62 - CHROMOSOME9
2015-04-03 13:20:21 INFO  ChromosomeBasedMappabilityTroveList:84 - There is a gap in the given mapability file! next low: 39713686 previous high: 39663637
2015-04-03 13:20:21 INFO  ChromosomeBasedMappabilityTroveList:84 - There is a gap in the given mapability file! next low: 40024796 previous high: 39974747
2015-04-03 13:20:21 INFO  ChromosomeBasedMappabilityTroveList:84 - There is a gap in the given mapability file! next low: 40283029 previous high: 40232980
2015-04-03 13:20:21 INFO  ChromosomeBasedMappabilityTroveList:84 - There is a gap in the given mapability file! next low: 40475834 previous high: 40425785
2015-04-03 13:20:21 INFO  ChromosomeBasedMappabilityTroveList:84 - There is a gap in the given mapability file! next low: 40990341 previous high: 40940292
2015-04-03 13:20:21 INFO  ChromosomeBasedMappabilityTroveList:84 - There is a gap in the given mapability file! next low: 41193214 previous high: 41143165
2015-04-03 13:20:21 INFO  ChromosomeBasedMappabilityTroveList:84 - There is a gap in the given mapability file! next low: 41415793 previous high: 41365744
2015-04-03 13:20:21 INFO  ChromosomeBasedMappabilityTroveList:84 - There is a gap in the given mapability file! next low: 42613871 previous high: 42613870
2015-04-03 13:20:21 INFO  ChromosomeBasedMappabilityTroveList:84 - There is a gap in the given mapability file! next low: 42663955 previous high: 42613906
2015-04-03 13:20:21 INFO  ChromosomeBasedMappabilityTroveList:84 - There is a gap in the given mapability file! next low: 43313698 previous high: 43213649
2015-04-03 13:20:21 INFO  ChromosomeBasedMappabilityTroveList:84 - There is a gap in the given mapability file! next low: 43996569 previous high: 43946520
2015-04-03 13:20:21 INFO  ChromosomeBasedMappabilityTroveList:84 - There is a gap in the given mapability file! next low: 44726646 previous high: 44676597
2015-04-03 13:20:21 INFO  ChromosomeBasedMappabilityTroveList:84 - There is a gap in the given mapability file! next low: 44958293 previous high: 44908244
2015-04-03 13:20:21 INFO  ChromosomeBasedMappabilityTroveList:84 - There is a gap in the given mapability file! next low: 45350203 previous high: 45250154
2015-04-03 13:20:21 INFO  ChromosomeBasedMappabilityTroveList:84 - There is a gap in the given mapability file! next low: 45815442 previous high: 45815440
2015-04-03 13:20:21 INFO  ChromosomeBasedMappabilityTroveList:84 - There is a gap in the given mapability file! next low: 45865521 previous high: 45815472
2015-04-03 13:20:21 INFO  ChromosomeBasedMappabilityTroveList:84 - There is a gap in the given mapability file! next low: 46266430 previous high: 46216381
2015-04-03 13:20:21 INFO  ChromosomeBasedMappabilityTroveList:84 - There is a gap in the given mapability file! next low: 46561039 previous high: 46460990
2015-04-03 13:20:21 INFO  ChromosomeBasedMappabilityTroveList:84 - There is a gap in the given mapability file! next low: 47060035 previous high: 47060034
2015-04-03 13:20:21 INFO  ChromosomeBasedMappabilityTroveList:84 - There is a gap in the given mapability file! next low: 47060042 previous high: 47060040
2015-04-03 13:20:21 INFO  ChromosomeBasedMappabilityTroveList:84 - There is a gap in the given mapability file! next low: 47160133 previous high: 47060084
2015-04-03 13:20:21 INFO  ChromosomeBasedMappabilityTroveList:84 - There is a gap in the given mapability file! next low: 65467679 previous high: 47317630
2015-04-03 13:20:21 INFO  ChromosomeBasedMappabilityTroveList:84 - There is a gap in the given mapability file! next low: 65968360 previous high: 65918311
2015-04-03 13:20:21 INFO  ChromosomeBasedMappabilityTroveList:84 - There is a gap in the given mapability file! next low: 66242215 previous high: 66192166
2015-04-03 13:20:21 INFO  ChromosomeBasedMappabilityTroveList:84 - There is a gap in the given mapability file! next low: 66454656 previous high: 66404607
2015-04-03 13:20:21 INFO  ChromosomeBasedMappabilityTroveList:84 - There is a gap in the given mapability file! next low: 66664195 previous high: 66614146
2015-04-03 13:20:21 INFO  ChromosomeBasedMappabilityTroveList:84 - There is a gap in the given mapability file! next low: 66913343 previous high: 66863294
2015-04-03 13:20:21 INFO  ChromosomeBasedMappabilityTroveList:84 - There is a gap in the given mapability file! next low: 67207834 previous high: 67107785
2015-04-03 13:20:21 INFO  ChromosomeBasedMappabilityTroveList:84 - There is a gap in the given mapability file! next low: 67516296 previous high: 67366247
2015-04-03 13:20:21 INFO  ChromosomeBasedMappabilityTroveList:84 - There is a gap in the given mapability file! next low: 68137998 previous high: 67987949
2015-04-03 13:20:21 INFO  ChromosomeBasedMappabilityTroveList:84 - There is a gap in the given mapability file! next low: 68664181 previous high: 68514132
2015-04-03 13:20:21 INFO  ChromosomeBasedMappabilityTroveList:84 - There is a gap in the given mapability file! next low: 68988946 previous high: 68838897
2015-04-03 13:20:21 INFO  ChromosomeBasedMappabilityTroveList:84 - There is a gap in the given mapability file! next low: 69328385 previous high: 69278336
2015-04-03 13:20:21 INFO  ChromosomeBasedMappabilityTroveList:84 - There is a gap in the given mapability file! next low: 70060542 previous high: 70010493
2015-04-03 13:20:21 INFO  ChromosomeBasedMappabilityTroveList:84 - There is a gap in the given mapability file! next low: 70318729 previous high: 70218680
2015-04-03 13:20:21 INFO  ChromosomeBasedMappabilityTroveList:84 - There is a gap in the given mapability file! next low: 70556535 previous high: 70506486
2015-04-03 13:20:21 INFO  ChromosomeBasedMappabilityTroveList:84 - There is a gap in the given mapability file! next low: 70835468 previous high: 70735419
2015-04-03 13:20:21 INFO  ChromosomeBasedMappabilityTroveList:84 - There is a gap in the given mapability file! next low: 92443416 previous high: 92343367
2015-04-03 13:20:21 INFO  ChromosomeBasedMappabilityTroveList:84 - There is a gap in the given mapability file! next low: 92678796 previous high: 92528747
2015-04-03 13:20:22 INFO  ChromosomeBasedMappabilityTroveList:84 - There is a gap in the given mapability file! next low: 133223060 previous high: 133073011
2015-04-03 13:20:22 INFO  ChromosomeBasedMappabilityTroveList:84 - There is a gap in the given mapability file! next low: 137091193 previous high: 137041144
2015-04-03 13:20:22 INFO  ChromosomeBasedMappabilityTroveList:84 - There is a gap in the given mapability file! next low: 139216997 previous high: 139166948
2015-04-03 13:20:22 INFO  ChromosomeBasedMappabilityTroveList:117 - numberofGaps:42
2015-04-03 13:21:05 INFO  Enrichment:1952 - averageNumberofTrialsForAllPermutation	281.91547
2015-04-03 13:21:18 INFO  ChromosomeBasedGCTroveList:132 - nthBase must be written once: 0 GCByteList construction has ended.
2015-04-03 13:21:18 INFO  ChromosomeBasedMappabilityTroveList:62 - CHROMOSOME10
2015-04-03 13:21:18 INFO  ChromosomeBasedMappabilityTroveList:84 - There is a gap in the given mapability file! next low: 18024675 previous high: 17974626
2015-04-03 13:21:19 INFO  ChromosomeBasedMappabilityTroveList:84 - There is a gap in the given mapability file! next low: 37412154 previous high: 37412153
2015-04-03 13:21:19 INFO  ChromosomeBasedMappabilityTroveList:84 - There is a gap in the given mapability file! next low: 37412167 previous high: 37412155
2015-04-03 13:21:19 INFO  ChromosomeBasedMappabilityTroveList:84 - There is a gap in the given mapability file! next low: 37412174 previous high: 37412170
2015-04-03 13:21:19 INFO  ChromosomeBasedMappabilityTroveList:84 - There is a gap in the given mapability file! next low: 38868835 previous high: 38818786
2015-04-03 13:21:19 INFO  ChromosomeBasedMappabilityTroveList:84 - There is a gap in the given mapability file! next low: 42354935 previous high: 39154886
2015-04-03 13:21:19 INFO  ChromosomeBasedMappabilityTroveList:84 - There is a gap in the given mapability file! next low: 42596687 previous high: 42546638
2015-04-03 13:21:19 INFO  ChromosomeBasedMappabilityTroveList:84 - There is a gap in the given mapability file! next low: 46476964 previous high: 46426915
2015-04-03 13:21:19 INFO  ChromosomeBasedMappabilityTroveList:84 - There is a gap in the given mapability file! next low: 47529169 previous high: 47429120
2015-04-03 13:21:19 INFO  ChromosomeBasedMappabilityTroveList:84 - There is a gap in the given mapability file! next low: 47892476 previous high: 47792427
2015-04-03 13:21:19 INFO  ChromosomeBasedMappabilityTroveList:84 - There is a gap in the given mapability file! next low: 48105707 previous high: 48055658
2015-04-03 13:21:19 INFO  ChromosomeBasedMappabilityTroveList:84 - There is a gap in the given mapability file! next low: 49195536 previous high: 49095487
2015-04-03 13:21:19 INFO  ChromosomeBasedMappabilityTroveList:84 - There is a gap in the given mapability file! next low: 51187410 previous high: 51137361
2015-04-03 13:21:19 INFO  ChromosomeBasedMappabilityTroveList:84 - There is a gap in the given mapability file! next low: 51398773 previous high: 51398772
2015-04-03 13:21:19 INFO  ChromosomeBasedMappabilityTroveList:84 - There is a gap in the given mapability file! next low: 51448845 previous high: 51398796
2015-04-03 13:21:19 INFO  ChromosomeBasedMappabilityTroveList:84 - There is a gap in the given mapability file! next low: 61482709 previous high: 61482708
2015-04-03 13:21:19 INFO  ChromosomeBasedMappabilityTroveList:84 - There is a gap in the given mapability file! next low: 61482731 previous high: 61482724
2015-04-03 13:21:19 INFO  ChromosomeBasedMappabilityTroveList:84 - There is a gap in the given mapability file! next low: 61482741 previous high: 61482740
2015-04-03 13:21:19 INFO  ChromosomeBasedMappabilityTroveList:84 - There is a gap in the given mapability file! next low: 61482764 previous high: 61482757
2015-04-03 13:21:19 INFO  ChromosomeBasedMappabilityTroveList:84 - There is a gap in the given mapability file! next low: 61482775 previous high: 61482773
2015-04-03 13:21:20 INFO  ChromosomeBasedMappabilityTroveList:84 - There is a gap in the given mapability file! next low: 125919472 previous high: 125869423
2015-04-03 13:21:20 INFO  ChromosomeBasedMappabilityTroveList:84 - There is a gap in the given mapability file! next low: 128615983 previous high: 128615982
2015-04-03 13:21:20 INFO  ChromosomeBasedMappabilityTroveList:84 - There is a gap in the given mapability file! next low: 128616003 previous high: 128616000
2015-04-03 13:21:20 INFO  ChromosomeBasedMappabilityTroveList:84 - There is a gap in the given mapability file! next low: 128616016 previous high: 128616015
2015-04-03 13:21:20 INFO  ChromosomeBasedMappabilityTroveList:84 - There is a gap in the given mapability file! next low: 128766069 previous high: 128616020
2015-04-03 13:21:20 INFO  ChromosomeBasedMappabilityTroveList:84 - There is a gap in the given mapability file! next low: 133431404 previous high: 133381355
2015-04-03 13:21:20 INFO  ChromosomeBasedMappabilityTroveList:84 - There is a gap in the given mapability file! next low: 133727527 previous high: 133677478
2015-04-03 13:21:20 INFO  ChromosomeBasedMappabilityTroveList:117 - numberofGaps:27
2015-04-03 13:23:38 INFO  Enrichment:1952 - averageNumberofTrialsForAllPermutation	329.2915
2015-04-03 13:23:58 INFO  ChromosomeBasedGCTroveList:132 - nthBase must be written once: 0 GCByteList construction has ended.
2015-04-03 13:23:58 INFO  ChromosomeBasedMappabilityTroveList:62 - CHROMOSOME11
2015-04-03 13:23:58 INFO  ChromosomeBasedMappabilityTroveList:84 - There is a gap in the given mapability file! next low: 1212759 previous high: 1162710
2015-04-03 13:23:59 INFO  ChromosomeBasedMappabilityTroveList:84 - There is a gap in the given mapability file! next low: 51090853 previous high: 50783804
2015-04-03 13:23:59 INFO  ChromosomeBasedMappabilityTroveList:84 - There is a gap in the given mapability file! next low: 54694205 previous high: 51594156
2015-04-03 13:23:59 INFO  ChromosomeBasedMappabilityTroveList:84 - There is a gap in the given mapability file! next low: 69139801 previous high: 69089752
2015-04-03 13:23:59 INFO  ChromosomeBasedMappabilityTroveList:84 - There is a gap in the given mapability file! next low: 69774695 previous high: 69724646
2015-04-03 13:23:59 INFO  ChromosomeBasedMappabilityTroveList:84 - There is a gap in the given mapability file! next low: 87738378 previous high: 87688329
2015-04-03 13:23:59 INFO  ChromosomeBasedMappabilityTroveList:84 - There is a gap in the given mapability file! next low: 96437584 previous high: 96287535
2015-04-03 13:23:59 INFO  ChromosomeBasedMappabilityTroveList:84 - There is a gap in the given mapability file! next low: 134946451 previous high: 134946424
2015-04-03 13:23:59 INFO  ChromosomeBasedMappabilityTroveList:117 - numberofGaps:8
2015-04-03 13:25:37 INFO  Enrichment:1952 - averageNumberofTrialsForAllPermutation	169.73387
2015-04-03 13:25:59 INFO  ChromosomeBasedGCTroveList:132 - nthBase must be written once: 0 GCByteList construction has ended.
2015-04-03 13:25:59 INFO  ChromosomeBasedMappabilityTroveList:62 - CHROMOSOME12
2015-04-03 13:25:59 INFO  ChromosomeBasedMappabilityTroveList:84 - There is a gap in the given mapability file! next low: 145739 previous high: 95640
2015-04-03 13:25:59 INFO  ChromosomeBasedMappabilityTroveList:84 - There is a gap in the given mapability file! next low: 6910411 previous high: 6910402
2015-04-03 13:25:59 INFO  ChromosomeBasedMappabilityTroveList:84 - There is a gap in the given mapability file! next low: 6910450 previous high: 6910423
2015-04-03 13:25:59 INFO  ChromosomeBasedMappabilityTroveList:84 - There is a gap in the given mapability file! next low: 6910468 previous high: 6910456
2015-04-03 13:25:59 INFO  ChromosomeBasedMappabilityTroveList:84 - There is a gap in the given mapability file! next low: 6910665 previous high: 6910604
2015-04-03 13:25:59 INFO  ChromosomeBasedMappabilityTroveList:84 - There is a gap in the given mapability file! next low: 6910682 previous high: 6910671
2015-04-03 13:25:59 INFO  ChromosomeBasedMappabilityTroveList:84 - There is a gap in the given mapability file! next low: 6910693 previous high: 6910692
2015-04-03 13:25:59 INFO  ChromosomeBasedMappabilityTroveList:84 - There is a gap in the given mapability file! next low: 6910702 previous high: 6910701
2015-04-03 13:25:59 INFO  ChromosomeBasedMappabilityTroveList:84 - There is a gap in the given mapability file! next low: 7239876 previous high: 7189777
2015-04-03 13:25:59 INFO  ChromosomeBasedMappabilityTroveList:84 - There is a gap in the given mapability file! next low: 37856694 previous high: 34856645
2015-04-03 13:26:01 INFO  ChromosomeBasedMappabilityTroveList:84 - There is a gap in the given mapability file! next low: 109423470 previous high: 109373421
2015-04-03 13:26:01 INFO  ChromosomeBasedMappabilityTroveList:84 - There is a gap in the given mapability file! next low: 121965236 previous high: 121964987
2015-04-03 13:26:01 INFO  ChromosomeBasedMappabilityTroveList:84 - There is a gap in the given mapability file! next low: 122580623 previous high: 122530574
2015-04-03 13:26:01 INFO  ChromosomeBasedMappabilityTroveList:84 - There is a gap in the given mapability file! next low: 123928280 previous high: 123927981
2015-04-03 13:26:01 INFO  ChromosomeBasedMappabilityTroveList:84 - There is a gap in the given mapability file! next low: 123960657 previous high: 123960622
2015-04-03 13:26:01 INFO  ChromosomeBasedMappabilityTroveList:84 - There is a gap in the given mapability file! next low: 123960821 previous high: 123960672
2015-04-03 13:26:01 INFO  ChromosomeBasedMappabilityTroveList:84 - There is a gap in the given mapability file! next low: 132806992 previous high: 132706943
2015-04-03 13:26:01 INFO  ChromosomeBasedMappabilityTroveList:117 - numberofGaps:17
2015-04-03 13:28:26 INFO  Enrichment:1952 - averageNumberofTrialsForAllPermutation	289.4156
2015-04-03 13:28:44 INFO  ChromosomeBasedGCTroveList:132 - nthBase must be written once: 0 GCByteList construction has ended.
2015-04-03 13:28:44 INFO  ChromosomeBasedMappabilityTroveList:62 - CHROMOSOME13
2015-04-03 13:28:45 INFO  ChromosomeBasedMappabilityTroveList:84 - There is a gap in the given mapability file! next low: 86910324 previous high: 86760275
2015-04-03 13:28:45 INFO  ChromosomeBasedMappabilityTroveList:84 - There is a gap in the given mapability file! next low: 112503994 previous high: 112353945
2015-04-03 13:28:45 INFO  ChromosomeBasedMappabilityTroveList:84 - There is a gap in the given mapability file! next low: 114425993 previous high: 114325944
2015-04-03 13:28:45 INFO  ChromosomeBasedMappabilityTroveList:84 - There is a gap in the given mapability file! next low: 114739948 previous high: 114639899
2015-04-03 13:28:45 INFO  ChromosomeBasedMappabilityTroveList:117 - numberofGaps:4
2015-04-03 13:29:29 INFO  Enrichment:1952 - averageNumberofTrialsForAllPermutation	281.33118
2015-04-03 13:29:37 INFO  ChromosomeBasedGCTroveList:132 - nthBase must be written once: 0 GCByteList construction has ended.
2015-04-03 13:29:38 INFO  ChromosomeBasedMappabilityTroveList:62 - CHROMOSOME14
2015-04-03 13:29:39 INFO  ChromosomeBasedMappabilityTroveList:117 - numberofGaps:0
2015-04-03 13:31:16 INFO  Enrichment:1952 - averageNumberofTrialsForAllPermutation	410.0209
2015-04-03 13:31:27 INFO  ChromosomeBasedGCTroveList:132 - nthBase must be written once: 0 GCByteList construction has ended.
2015-04-03 13:31:27 INFO  ChromosomeBasedMappabilityTroveList:62 - CHROMOSOME15
2015-04-03 13:31:27 INFO  ChromosomeBasedMappabilityTroveList:84 - There is a gap in the given mapability file! next low: 20935075 previous high: 20894584
2015-04-03 13:31:27 INFO  ChromosomeBasedMappabilityTroveList:84 - There is a gap in the given mapability file! next low: 21885000 previous high: 21398770
2015-04-03 13:31:27 INFO  ChromosomeBasedMappabilityTroveList:84 - There is a gap in the given mapability file! next low: 22262114 previous high: 22212065
2015-04-03 13:31:27 INFO  ChromosomeBasedMappabilityTroveList:84 - There is a gap in the given mapability file! next low: 22646193 previous high: 22596144
2015-04-03 13:31:27 INFO  ChromosomeBasedMappabilityTroveList:84 - There is a gap in the given mapability file! next low: 23564853 previous high: 23514804
2015-04-03 13:31:27 INFO  ChromosomeBasedMappabilityTroveList:84 - There is a gap in the given mapability file! next low: 27591121 previous high: 27591118
2015-04-03 13:31:27 INFO  ChromosomeBasedMappabilityTroveList:84 - There is a gap in the given mapability file! next low: 29209443 previous high: 29159394
2015-04-03 13:31:28 INFO  ChromosomeBasedMappabilityTroveList:84 - There is a gap in the given mapability file! next low: 82879645 previous high: 82829596
2015-04-03 13:31:28 INFO  ChromosomeBasedMappabilityTroveList:84 - There is a gap in the given mapability file! next low: 85034473 previous high: 84984424
2015-04-03 13:31:28 INFO  ChromosomeBasedMappabilityTroveList:84 - There is a gap in the given mapability file! next low: 102521334 previous high: 102521293
2015-04-03 13:31:28 INFO  ChromosomeBasedMappabilityTroveList:117 - numberofGaps:10
2015-04-03 13:32:31 INFO  Enrichment:1952 - averageNumberofTrialsForAllPermutation	530.8699
2015-04-03 13:32:42 INFO  ChromosomeBasedGCTroveList:132 - nthBase must be written once: 0 GCByteList construction has ended.
2015-04-03 13:32:42 INFO  ChromosomeBasedMappabilityTroveList:62 - CHROMOSOME16
2015-04-03 13:32:42 INFO  ChromosomeBasedMappabilityTroveList:84 - There is a gap in the given mapability file! next low: 8686921 previous high: 8636872
2015-04-03 13:32:43 INFO  ChromosomeBasedMappabilityTroveList:84 - There is a gap in the given mapability file! next low: 34173150 previous high: 34023101
2015-04-03 13:32:43 INFO  ChromosomeBasedMappabilityTroveList:84 - There is a gap in the given mapability file! next low: 46385801 previous high: 35285752
2015-04-03 13:32:43 INFO  ChromosomeBasedMappabilityTroveList:84 - There is a gap in the given mapability file! next low: 88439383 previous high: 88389334
2015-04-03 13:32:43 INFO  ChromosomeBasedMappabilityTroveList:117 - numberofGaps:4
2015-04-03 13:34:31 INFO  Enrichment:1952 - averageNumberofTrialsForAllPermutation	286.31097
2015-04-03 13:34:46 INFO  ChromosomeBasedGCTroveList:132 - nthBase must be written once: 0 GCByteList construction has ended.
2015-04-03 13:34:46 INFO  ChromosomeBasedMappabilityTroveList:62 - CHROMOSOME17
2015-04-03 13:34:46 INFO  ChromosomeBasedMappabilityTroveList:84 - There is a gap in the given mapability file! next low: 396626 previous high: 296577
2015-04-03 13:34:46 INFO  ChromosomeBasedMappabilityTroveList:84 - There is a gap in the given mapability file! next low: 21666608 previous high: 21566559
2015-04-03 13:34:46 INFO  ChromosomeBasedMappabilityTroveList:84 - There is a gap in the given mapability file! next low: 25263006 previous high: 22262957
2015-04-03 13:34:46 INFO  ChromosomeBasedMappabilityTroveList:84 - There is a gap in the given mapability file! next low: 34725848 previous high: 34675799
2015-04-03 13:34:47 INFO  ChromosomeBasedMappabilityTroveList:84 - There is a gap in the given mapability file! next low: 62460760 previous high: 62410711
2015-04-03 13:34:47 INFO  ChromosomeBasedMappabilityTroveList:84 - There is a gap in the given mapability file! next low: 77596461 previous high: 77546412
2015-04-03 13:34:47 INFO  ChromosomeBasedMappabilityTroveList:84 - There is a gap in the given mapability file! next low: 79759049 previous high: 79709000
2015-04-03 13:34:47 INFO  ChromosomeBasedMappabilityTroveList:117 - numberofGaps:7
2015-04-03 13:36:53 INFO  Enrichment:1952 - averageNumberofTrialsForAllPermutation	250.11969
2015-04-03 13:37:17 INFO  ChromosomeBasedGCTroveList:132 - nthBase must be written once: 0 GCByteList construction has ended.
2015-04-03 13:37:18 INFO  ChromosomeBasedMappabilityTroveList:62 - CHROMOSOME18
2015-04-03 13:37:18 INFO  ChromosomeBasedMappabilityTroveList:84 - There is a gap in the given mapability file! next low: 18510898 previous high: 15410849
2015-04-03 13:37:18 INFO  ChromosomeBasedMappabilityTroveList:84 - There is a gap in the given mapability file! next low: 52209136 previous high: 52059087
2015-04-03 13:37:18 INFO  ChromosomeBasedMappabilityTroveList:84 - There is a gap in the given mapability file! next low: 72333353 previous high: 72283304
2015-04-03 13:37:18 INFO  ChromosomeBasedMappabilityTroveList:84 - There is a gap in the given mapability file! next low: 75771820 previous high: 75721771
2015-04-03 13:37:18 INFO  ChromosomeBasedMappabilityTroveList:84 - There is a gap in the given mapability file! next low: 78013474 previous high: 78013413
2015-04-03 13:37:18 INFO  ChromosomeBasedMappabilityTroveList:117 - numberofGaps:5
2015-04-03 13:37:39 INFO  Enrichment:1952 - averageNumberofTrialsForAllPermutation	292.63315
2015-04-03 13:37:47 INFO  ChromosomeBasedGCTroveList:132 - nthBase must be written once: 0 GCByteList construction has ended.
2015-04-03 13:37:47 INFO  ChromosomeBasedMappabilityTroveList:62 - CHROMOSOME19
2015-04-03 13:37:47 INFO  ChromosomeBasedMappabilityTroveList:84 - There is a gap in the given mapability file! next low: 7396004 previous high: 7345955
2015-04-03 13:37:47 INFO  ChromosomeBasedMappabilityTroveList:84 - There is a gap in the given mapability file! next low: 8687143 previous high: 8687099
2015-04-03 13:37:47 INFO  ChromosomeBasedMappabilityTroveList:84 - There is a gap in the given mapability file! next low: 8737198 previous high: 8687149
2015-04-03 13:37:47 INFO  ChromosomeBasedMappabilityTroveList:84 - There is a gap in the given mapability file! next low: 20573415 previous high: 20523366
2015-04-03 13:37:47 INFO  ChromosomeBasedMappabilityTroveList:84 - There is a gap in the given mapability file! next low: 24631712 previous high: 24631710
2015-04-03 13:37:47 INFO  ChromosomeBasedMappabilityTroveList:84 - There is a gap in the given mapability file! next low: 27731782 previous high: 24631733
2015-04-03 13:37:47 INFO  ChromosomeBasedMappabilityTroveList:117 - numberofGaps:6
2015-04-03 13:38:11 INFO  Enrichment:1952 - averageNumberofTrialsForAllPermutation	146.57152
2015-04-03 13:38:28 INFO  ChromosomeBasedGCTroveList:132 - nthBase must be written once: 0 GCByteList construction has ended.
2015-04-03 13:38:28 INFO  ChromosomeBasedMappabilityTroveList:62 - CHROMOSOME20
2015-04-03 13:38:28 INFO  ChromosomeBasedMappabilityTroveList:84 - There is a gap in the given mapability file! next low: 29419569 previous high: 26319520
2015-04-03 13:38:28 INFO  ChromosomeBasedMappabilityTroveList:84 - There is a gap in the given mapability file! next low: 29803908 previous high: 29653859
2015-04-03 13:38:28 INFO  ChromosomeBasedMappabilityTroveList:84 - There is a gap in the given mapability file! next low: 34947085 previous high: 34897036
2015-04-03 13:38:28 INFO  ChromosomeBasedMappabilityTroveList:84 - There is a gap in the given mapability file! next low: 61141437 previous high: 61091388
2015-04-03 13:38:28 INFO  ChromosomeBasedMappabilityTroveList:84 - There is a gap in the given mapability file! next low: 61263369 previous high: 61213320
2015-04-03 13:38:28 INFO  ChromosomeBasedMappabilityTroveList:117 - numberofGaps:5
2015-04-03 13:38:39 INFO  Enrichment:1952 - averageNumberofTrialsForAllPermutation	228.74068
2015-04-03 13:38:48 INFO  ChromosomeBasedGCTroveList:132 - nthBase must be written once: 0 GCByteList construction has ended.
2015-04-03 13:38:49 INFO  ChromosomeBasedMappabilityTroveList:62 - CHROMOSOME21
2015-04-03 13:38:49 INFO  ChromosomeBasedMappabilityTroveList:84 - There is a gap in the given mapability file! next low: 9645548 previous high: 9595499
2015-04-03 13:38:49 INFO  ChromosomeBasedMappabilityTroveList:84 - There is a gap in the given mapability file! next low: 9825437 previous high: 9775388
2015-04-03 13:38:49 INFO  ChromosomeBasedMappabilityTroveList:84 - There is a gap in the given mapability file! next low: 10084920 previous high: 10034871
2015-04-03 13:38:49 INFO  ChromosomeBasedMappabilityTroveList:84 - There is a gap in the given mapability file! next low: 10215889 previous high: 10215885
2015-04-03 13:38:49 INFO  ChromosomeBasedMappabilityTroveList:84 - There is a gap in the given mapability file! next low: 10215922 previous high: 10215918
2015-04-03 13:38:49 INFO  ChromosomeBasedMappabilityTroveList:84 - There is a gap in the given mapability file! next low: 10365976 previous high: 10215927
2015-04-03 13:38:49 INFO  ChromosomeBasedMappabilityTroveList:84 - There is a gap in the given mapability file! next low: 10697896 previous high: 10647847
2015-04-03 13:38:49 INFO  ChromosomeBasedMappabilityTroveList:84 - There is a gap in the given mapability file! next low: 14338129 previous high: 11188080
2015-04-03 13:38:49 INFO  ChromosomeBasedMappabilityTroveList:84 - There is a gap in the given mapability file! next low: 33157011 previous high: 33156989
2015-04-03 13:38:49 INFO  ChromosomeBasedMappabilityTroveList:84 - There is a gap in the given mapability file! next low: 33157055 previous high: 33157022
2015-04-03 13:38:49 INFO  ChromosomeBasedMappabilityTroveList:84 - There is a gap in the given mapability file! next low: 33157298 previous high: 33157280
2015-04-03 13:38:49 INFO  ChromosomeBasedMappabilityTroveList:84 - There is a gap in the given mapability file! next low: 33157331 previous high: 33157330
2015-04-03 13:38:49 INFO  ChromosomeBasedMappabilityTroveList:84 - There is a gap in the given mapability file! next low: 43005559 previous high: 42955510
2015-04-03 13:38:49 INFO  ChromosomeBasedMappabilityTroveList:84 - There is a gap in the given mapability file! next low: 43227328 previous high: 43226779
2015-04-03 13:38:49 INFO  ChromosomeBasedMappabilityTroveList:84 - There is a gap in the given mapability file! next low: 43250842 previous high: 43249293
2015-04-03 13:38:49 INFO  ChromosomeBasedMappabilityTroveList:84 - There is a gap in the given mapability file! next low: 44682664 previous high: 44632615
2015-04-03 13:38:49 INFO  ChromosomeBasedMappabilityTroveList:84 - There is a gap in the given mapability file! next low: 48119836 previous high: 48119796
2015-04-03 13:38:49 INFO  ChromosomeBasedMappabilityTroveList:117 - numberofGaps:17
2015-04-03 13:39:19 INFO  Enrichment:1952 - averageNumberofTrialsForAllPermutation	461.79514
2015-04-03 13:39:26 INFO  ChromosomeBasedGCTroveList:132 - nthBase must be written once: 0 GCByteList construction has ended.
2015-04-03 13:39:27 INFO  ChromosomeBasedMappabilityTroveList:62 - CHROMOSOME22
2015-04-03 13:39:27 INFO  ChromosomeBasedMappabilityTroveList:84 - There is a gap in the given mapability file! next low: 16847850 previous high: 16697801
2015-04-03 13:39:27 INFO  ChromosomeBasedMappabilityTroveList:84 - There is a gap in the given mapability file! next low: 19178069 previous high: 19178049
2015-04-03 13:39:27 INFO  ChromosomeBasedMappabilityTroveList:84 - There is a gap in the given mapability file! next low: 19178102 previous high: 19178082
2015-04-03 13:39:27 INFO  ChromosomeBasedMappabilityTroveList:84 - There is a gap in the given mapability file! next low: 19178252 previous high: 19178231
2015-04-03 13:39:27 INFO  ChromosomeBasedMappabilityTroveList:84 - There is a gap in the given mapability file! next low: 19178269 previous high: 19178255
2015-04-03 13:39:27 INFO  ChromosomeBasedMappabilityTroveList:84 - There is a gap in the given mapability file! next low: 19178286 previous high: 19178282
2015-04-03 13:39:27 INFO  ChromosomeBasedMappabilityTroveList:84 - There is a gap in the given mapability file! next low: 19178303 previous high: 19178288
2015-04-03 13:39:27 INFO  ChromosomeBasedMappabilityTroveList:84 - There is a gap in the given mapability file! next low: 19178315 previous high: 19178308
2015-04-03 13:39:27 INFO  ChromosomeBasedMappabilityTroveList:84 - There is a gap in the given mapability file! next low: 19179519 previous high: 19179506
2015-04-03 13:39:27 INFO  ChromosomeBasedMappabilityTroveList:84 - There is a gap in the given mapability file! next low: 19193827 previous high: 19193826
2015-04-03 13:39:27 INFO  ChromosomeBasedMappabilityTroveList:84 - There is a gap in the given mapability file! next low: 19193900 previous high: 19193879
2015-04-03 13:39:27 INFO  ChromosomeBasedMappabilityTroveList:84 - There is a gap in the given mapability file! next low: 19193926 previous high: 19193912
2015-04-03 13:39:27 INFO  ChromosomeBasedMappabilityTroveList:84 - There is a gap in the given mapability file! next low: 19205301 previous high: 19205297
2015-04-03 13:39:27 INFO  ChromosomeBasedMappabilityTroveList:84 - There is a gap in the given mapability file! next low: 19205368 previous high: 19205364
2015-04-03 13:39:27 INFO  ChromosomeBasedMappabilityTroveList:84 - There is a gap in the given mapability file! next low: 20609431 previous high: 20509382
2015-04-03 13:39:27 INFO  ChromosomeBasedMappabilityTroveList:84 - There is a gap in the given mapability file! next low: 50414777 previous high: 50364728
2015-04-03 13:39:27 INFO  ChromosomeBasedMappabilityTroveList:117 - numberofGaps:16
2015-04-03 13:40:04 INFO  Enrichment:1952 - averageNumberofTrialsForAllPermutation	281.3168
2015-04-03 13:40:34 INFO  Enrichment:3601 - Memory Used After Enrichment	39	MBs
